TpTrace Verbose: 0 : 10772, 1, 2021/11/18, 04:22:04.655, 390125245084, testhost.net48.x86.exe, Version: 16.11.0
TpTrace Information: 0 : 10772, 1, 2021/11/18, 04:22:04.658, 390125268559, testhost.net48.x86.exe, DefaultEngineInvoker.Invoke: Testhost process started with args :[--port, 52256],[--endpoint, 127.0.0.1:052256],[--role, client],[--parentprocessid, 19796],[--diag, C:\Users\weiya\source\repos\AVENSYSTRG\AvensysTRG\FinalProj\SmartBasket\unittesting\bin\Debug\net48\fine-code-coverage\coverage-tool-output\diagnostics.host.21-11-18_04-22-04_54183_1.log],[--tracelevel, 4],[--datacollectionport, 52255],[--telemetryoptedin, false]
TpTrace Information: 0 : 10772, 1, 2021/11/18, 04:22:04.658, 390125273184, testhost.net48.x86.exe, DefaultEngineInvoker: Using Application Configuration: '<?xml version="1.0" encoding="utf-8"?>
<configuration>
  <startup useLegacyV2RuntimeActivationPolicy="true">
    <supportedRuntime version="v4.0" sku=".NETFramework,Version=v4.0" />
  </startup>
  <runtime>
    <legacyUnhandledExceptionPolicy enabled="1" />
    <legacyCorruptedStateExceptionsPolicy enabled="true" />
    <!-- To get stacktrace information for portable and embedded pdbs when net472 installed on machine.
          More details https://github.com/dotnet/designs/blob/master/accepted/diagnostics/debugging-with-symbols-and-sources.md#stack-traces -->
    <AppContextSwitchOverrides value="Switch.System.Diagnostics.IgnorePortablePDBsInStackTraces=false" />
    <assemblyBinding xmlns="urn:schemas-microsoft-com:asm.v1">
      <probing privatePath="Extensions" />
      <!-- Test adapters compiled against version 11-14, need to be redirected to version 15. -->
      <dependentAssembly>
        <assemblyIdentity name="Microsoft.VisualStudio.TestPlatform.ObjectModel" publicKeyToken="b03f5f7f11d50a3a" culture="neutral" />
        <bindingRedirect oldVersion="11.0.0.0-14.0.0.0" newVersion="15.0.0.0" />
      </dependentAssembly>
      <dependentAssembly>
        <assemblyIdentity name="Microsoft.VisualStudio.TestWindow.Interfaces" publicKeyToken="b03f5f7f11d50a3a" culture="neutral" />
        <bindingRedirect oldVersion="11.0.0.0-15.0.0.0" newVersion="16.0.0.0" />
      </dependentAssembly>
      <dependentAssembly>
        <assemblyIdentity name="Microsoft.VisualStudio.QualityTools.UnitTestFramework" publicKeyToken="b03f5f7f11d50a3a" culture="neutral" />
        <bindingRedirect oldVersion="10.1.0.0" newVersion="10.0.0.0" />
      </dependentAssembly>
      <dependentAssembly>
        <assemblyIdentity name="Microsoft.VisualStudio.QualityTools.Resource" publicKeyToken="b03f5f7f11d50a3a" culture="neutral" />
        <bindingRedirect oldVersion="10.0.0.0-15.0.0.0" newVersion="16.0.0.0" />
      </dependentAssembly>
      <dependentAssembly>
        <assemblyIdentity name="Microsoft.VisualStudio.QualityTools.ControllerObject" publicKeyToken="b03f5f7f11d50a3a" culture="neutral" />
        <bindingRedirect oldVersion="10.0.0.0-15.0.0.0" newVersion="16.0.0.0" />
      </dependentAssembly>
      <dependentAssembly>
        <assemblyIdentity name="Microsoft.VisualStudio.QualityTools.ExecutionCommon" publicKeyToken="b03f5f7f11d50a3a" culture="neutral" />
        <bindingRedirect oldVersion="10.0.0.0-15.0.0.0" newVersion="16.0.0.0" />
      </dependentAssembly>
      <dependentAssembly>
        <assemblyIdentity name="Microsoft.VisualStudio.QualityTools.Common" publicKeyToken="b03f5f7f11d50a3a" culture="neutral" />
        <bindingRedirect oldVersion="10.0.0.0-15.0.0.0" newVersion="16.0.0.0" />
      </dependentAssembly>
      <dependentAssembly>
        <assemblyIdentity name="Microsoft.VisualStudio.QualityTools.Tips.UnitTest.ObjectModel" publicKeyToken="b03f5f7f11d50a3a" culture="neutral" />
        <bindingRedirect oldVersion="10.0.0.0-15.0.0.0" newVersion="16.0.0.0" />
      </dependentAssembly>
    </assemblyBinding>
  </runtime>
  <system.diagnostics>
    <switches>
      <add name="TpTraceLevel" value="0" />
    </switches>
  </system.diagnostics>
  <appSettings>
    <!--<add key="ExecutionThreadApartmentState" value ="MTA"/>-->
    <!--<add key="TraceLogMaxFileSizeInKb" value ="10240"/>-->
    <!-- MsTest Adapter Specific AppSettings -->
    <!-- This flag is added to support test execution for net35 tests through TMI adapter. -->
    <add key="TestProjectRetargetTo35Allowed" value="true" />
  </appSettings>
</configuration>'
TpTrace Information: 0 : 10772, 1, 2021/11/18, 04:22:04.659, 390125278743, testhost.net48.x86.exe, DefaultEngineInvoker.SetParentProcessExitCallback: Monitoring parent process with id: '19796'
TpTrace Information: 0 : 10772, 1, 2021/11/18, 04:22:04.668, 390125373080, testhost.net48.x86.exe, DefaultEngineInvoker.GetConnectionInfo: Initialize communication on endpoint address: '127.0.0.1:052256'
TpTrace Information: 0 : 10772, 1, 2021/11/18, 04:22:04.674, 390125424843, testhost.net48.x86.exe, SocketClient.Start: connecting to server endpoint: 127.0.0.1:052256
TpTrace Information: 0 : 10772, 1, 2021/11/18, 04:22:04.676, 390125448725, testhost.net48.x86.exe, DefaultEngineInvoker.ConnectToDatacollector: Connecting to datacollector, port: 52255
TpTrace Information: 0 : 10772, 7, 2021/11/18, 04:22:04.677, 390125462356, testhost.net48.x86.exe, SocketClient.OnServerConnected: connected to server endpoint: 127.0.0.1:052256
TpTrace Verbose: 0 : 10772, 7, 2021/11/18, 04:22:04.679, 390125475391, testhost.net48.x86.exe, Connected to server, and starting MessageLoopAsync
TpTrace Information: 0 : 10772, 1, 2021/11/18, 04:22:04.679, 390125476952, testhost.net48.x86.exe, Trying to connect to server on socket : 127.0.0.1:52255 
TpTrace Verbose: 0 : 10772, 1, 2021/11/18, 04:22:04.679, 390125482310, testhost.net48.x86.exe, SocketCommunicationManager : SetupClientAsync : Attempting to connect to the server.
TpTrace Information: 0 : 10772, 7, 2021/11/18, 04:22:04.681, 390125496506, testhost.net48.x86.exe, Connected to the server successfully 
TpTrace Information: 0 : 10772, 7, 2021/11/18, 04:22:04.681, 390125498543, testhost.net48.x86.exe, Using the buffer size of 16384 bytes
TpTrace Verbose: 0 : 10772, 8, 2021/11/18, 04:22:04.681, 390125500198, testhost.net48.x86.exe, TcpClientExtensions.MessageLoopAsync: Polling on remoteEndPoint: 127.0.0.1:52256 localEndPoint: 127.0.0.1:52257
TpTrace Verbose: 0 : 10772, 8, 2021/11/18, 04:22:04.681, 390125501816, testhost.net48.x86.exe, TcpClientExtensions.MessageLoopAsync: NotifyDataAvailable remoteEndPoint: 127.0.0.1:52256 localEndPoint: 127.0.0.1:52257
TpTrace Information: 0 : 10772, 1, 2021/11/18, 04:22:04.682, 390125507236, testhost.net48.x86.exe, DefaultEngineInvoker.Invoke: Start Request Processing.
TpTrace Information: 0 : 10772, 10, 2021/11/18, 04:22:04.683, 390125517565, testhost.net48.x86.exe, DefaultEngineInvoker.StartProcessingAsync: Connected to vstest.console, Starting process requests.
TpTrace Information: 0 : 10772, 8, 2021/11/18, 04:22:04.699, 390125674097, testhost.net48.x86.exe, TestRequestHandler.OnMessageReceived: received message: (ProtocolVersion) -> 5
TpTrace Verbose: 0 : 10772, 8, 2021/11/18, 04:22:04.706, 390125751518, testhost.net48.x86.exe, TestRequestHandler.SendData:  sending data from testhost: {"Version":5,"MessageType":"TestSession.Message","Payload":{"MessageLevel":0,"Message":"Logging TestHost Diagnostics in file: C:\\Users\\weiya\\source\\repos\\AVENSYSTRG\\AvensysTRG\\FinalProj\\SmartBasket\\unittesting\\bin\\Debug\\net48\\fine-code-coverage\\coverage-tool-output\\diagnostics.host.21-11-18_04-22-04_54183_1.log"}}
TpTrace Verbose: 0 : 10772, 8, 2021/11/18, 04:22:04.707, 390125753789, testhost.net48.x86.exe, TcpClientExtensions.MessageLoopAsync: Polling on remoteEndPoint: 127.0.0.1:52256 localEndPoint: 127.0.0.1:52257
TpTrace Verbose: 0 : 10772, 8, 2021/11/18, 04:22:04.707, 390125760581, testhost.net48.x86.exe, TcpClientExtensions.MessageLoopAsync: NotifyDataAvailable remoteEndPoint: 127.0.0.1:52256 localEndPoint: 127.0.0.1:52257
TpTrace Information: 0 : 10772, 8, 2021/11/18, 04:22:04.708, 390125764582, testhost.net48.x86.exe, TestRequestHandler.OnMessageReceived: received message: (TestExecution.Initialize) -> [
  "C:\\Program Files\\dotnet\\sdk\\5.0.402\\Extensions\\Microsoft.Diagnostics.NETCore.Client.dll",
  "C:\\Program Files\\dotnet\\sdk\\5.0.402\\Extensions\\Microsoft.TestPlatform.Extensions.BlameDataCollector.dll",
  "C:\\Program Files\\dotnet\\sdk\\5.0.402\\Extensions\\Microsoft.TestPlatform.Extensions.EventLogCollector.dll",
  "C:\\Program Files\\dotnet\\sdk\\5.0.402\\Extensions\\Microsoft.TestPlatform.TestHostRuntimeProvider.dll",
  "C:\\Program Files\\dotnet\\sdk\\5.0.402\\Extensions\\Microsoft.VisualStudio.TestPlatform.Extensions.Html.TestLogger.dll",
  "C:\\Program Files\\dotnet\\sdk\\5.0.402\\Extensions\\Microsoft.VisualStudio.TestPlatform.Extensions.Trx.TestLogger.dll",
  "C:\\Users\\weiya\\source\\repos\\AVENSYSTRG\\AvensysTRG\\FinalProj\\SmartBasket\\unittesting\\bin\\Debug\\net48\\fine-code-coverage\\build-output\\xunit.runner.visualstudio.testadapter.dll"
]
TpTrace Verbose: 0 : 10772, 8, 2021/11/18, 04:22:04.709, 390125779573, testhost.net48.x86.exe, TcpClientExtensions.MessageLoopAsync: Polling on remoteEndPoint: 127.0.0.1:52256 localEndPoint: 127.0.0.1:52257
TpTrace Information: 0 : 10772, 3, 2021/11/18, 04:22:04.710, 390125785835, testhost.net48.x86.exe, TestRequestHandler.OnMessageReceived: Running job 'TestExecution.Initialize'.
TpTrace Verbose: 0 : 10772, 8, 2021/11/18, 04:22:04.714, 390125830584, testhost.net48.x86.exe, TcpClientExtensions.MessageLoopAsync: NotifyDataAvailable remoteEndPoint: 127.0.0.1:52256 localEndPoint: 127.0.0.1:52257
TpTrace Information: 0 : 10772, 8, 2021/11/18, 04:22:04.715, 390125834730, testhost.net48.x86.exe, TestRequestHandler.OnMessageReceived: received message: (TestExecution.StartWithSources) -> {
  "AdapterSourceMap": {
    "_none_": [
      "C:\\Users\\weiya\\source\\repos\\AVENSYSTRG\\AvensysTRG\\FinalProj\\SmartBasket\\unittesting\\bin\\Debug\\net48\\fine-code-coverage\\build-output\\unittesting.dll"
    ]
  },
  "RunSettings": "<RunSettings>\r\n  <RunConfiguration>\r\n    <ResultsDirectory>C:\\Users\\weiya\\source\\repos\\AVENSYSTRG\\AvensysTRG\\FinalProj\\SmartBasket\\unittesting\\bin\\Debug\\net48\\fine-code-coverage\\coverage-tool-output</ResultsDirectory>\r\n    <TargetPlatform>X86</TargetPlatform>\r\n    <TargetFrameworkVersion>.NETFramework,Version=v4.8</TargetFrameworkVersion>\r\n    <DesignMode>False</DesignMode>\r\n    <CollectSourceInformation>False</CollectSourceInformation>\r\n  </RunConfiguration>\r\n  <LoggerRunSettings>\r\n    <Loggers>\r\n      <Logger friendlyName=\"blame\" enabled=\"True\" />\r\n      <Logger friendlyName=\"Console\" uri=\"logger://microsoft/TestPlatform/ConsoleLogger/v1\" assemblyQualifiedName=\"Microsoft.VisualStudio.TestPlatform.CommandLine.Internal.ConsoleLogger, vstest.console, Version=15.0.0.0, Culture=neutral, PublicKeyToken=b03f5f7f11d50a3a\" codeBase=\"C:\\Program Files\\dotnet\\sdk\\5.0.402\\vstest.console.dll\" enabled=\"True\" />\r\n    </Loggers>\r\n  </LoggerRunSettings>\r\n  <DataCollectionRunSettings>\r\n    <DataCollectors>\r\n      <DataCollector friendlyName=\"blame\" enabled=\"True\">\r\n        <Configuration>\r\n          <ResultsDirectory>C:\\Users\\weiya\\source\\repos\\AVENSYSTRG\\AvensysTRG\\FinalProj\\SmartBasket\\unittesting\\bin\\Debug\\net48\\fine-code-coverage\\coverage-tool-output</ResultsDirectory>\r\n        </Configuration>\r\n      </DataCollector>\r\n    </DataCollectors>\r\n  </DataCollectionRunSettings>\r\n</RunSettings>",
  "TestExecutionContext": {
    "FrequencyOfRunStatsChangeEvent": 10,
    "RunStatsChangeEventTimeout": "00:00:01.5000000",
    "InIsolation": false,
    "KeepAlive": false,
    "AreTestCaseLevelEventsRequired": false,
    "IsDebug": false,
    "TestCaseFilter": null,
    "FilterOptions": null
  },
  "Package": null
}
TpTrace Verbose: 0 : 10772, 3, 2021/11/18, 04:22:04.718, 390125868232, testhost.net48.x86.exe, TestExecutorService: Loading the extensions
TpTrace Verbose: 0 : 10772, 3, 2021/11/18, 04:22:04.720, 390125891007, testhost.net48.x86.exe, TestPluginCache.DiscoverTestExtensions: finding test extensions in assemblies ends with: TestAdapter.dll TPluginInfo: Microsoft.VisualStudio.TestPlatform.Common.ExtensionFramework.Utilities.TestExecutorPluginInformation TExtension: Microsoft.VisualStudio.TestPlatform.ObjectModel.Adapter.ITestExecutor
TpTrace Verbose: 0 : 10772, 8, 2021/11/18, 04:22:04.721, 390125895590, testhost.net48.x86.exe, TcpClientExtensions.MessageLoopAsync: Polling on remoteEndPoint: 127.0.0.1:52256 localEndPoint: 127.0.0.1:52257
TpTrace Verbose: 0 : 10772, 3, 2021/11/18, 04:22:04.722, 390125905862, testhost.net48.x86.exe, TestPluginCache.GetExtensionPaths: Filtered extension paths: 
TpTrace Verbose: 0 : 10772, 3, 2021/11/18, 04:22:04.722, 390125906939, testhost.net48.x86.exe, TestPluginCache.GetExtensionPaths: Added default extension paths: C:\Program Files\dotnet\sdk\5.0.402\Extensions\Microsoft.Diagnostics.NETCore.Client.dll
C:\Program Files\dotnet\sdk\5.0.402\Extensions\Microsoft.TestPlatform.Extensions.BlameDataCollector.dll
C:\Program Files\dotnet\sdk\5.0.402\Extensions\Microsoft.TestPlatform.Extensions.EventLogCollector.dll
C:\Program Files\dotnet\sdk\5.0.402\Extensions\Microsoft.TestPlatform.TestHostRuntimeProvider.dll
C:\Program Files\dotnet\sdk\5.0.402\Extensions\Microsoft.VisualStudio.TestPlatform.Extensions.Html.TestLogger.dll
C:\Program Files\dotnet\sdk\5.0.402\Extensions\Microsoft.VisualStudio.TestPlatform.Extensions.Trx.TestLogger.dll
C:\Users\weiya\source\repos\AVENSYSTRG\AvensysTRG\FinalProj\SmartBasket\unittesting\bin\Debug\net48\fine-code-coverage\build-output\xunit.runner.visualstudio.testadapter.dll
TpTrace Verbose: 0 : 10772, 3, 2021/11/18, 04:22:04.722, 390125907672, testhost.net48.x86.exe, TestPluginCache.GetExtensionPaths: Added unfilterableExtensionPaths: 
TpTrace Information: 0 : 10772, 3, 2021/11/18, 04:22:04.723, 390125918610, testhost.net48.x86.exe, AssemblyResolver.ctor: Creating AssemblyResolver with searchDirectories C:\Program Files\dotnet\sdk\5.0.402\Extensions,C:\Users\weiya\source\repos\AVENSYSTRG\AvensysTRG\FinalProj\SmartBasket\unittesting\bin\Debug\net48\fine-code-coverage\build-output,C:\Program Files\dotnet\sdk\5.0.402\TestHost
TpTrace Verbose: 0 : 10772, 3, 2021/11/18, 04:22:04.724, 390125923140, testhost.net48.x86.exe, TestPluginCache.DiscoverTestExtensions: Discovering the extensions using extension path.
TpTrace Verbose: 0 : 10772, 3, 2021/11/18, 04:22:04.724, 390125924191, testhost.net48.x86.exe, TestPluginCache.GetExtensionPaths: Filtered extension paths: 
TpTrace Verbose: 0 : 10772, 3, 2021/11/18, 04:22:04.724, 390125924877, testhost.net48.x86.exe, TestPluginCache.GetExtensionPaths: Added default extension paths: C:\Program Files\dotnet\sdk\5.0.402\Extensions\Microsoft.Diagnostics.NETCore.Client.dll
C:\Program Files\dotnet\sdk\5.0.402\Extensions\Microsoft.TestPlatform.Extensions.BlameDataCollector.dll
C:\Program Files\dotnet\sdk\5.0.402\Extensions\Microsoft.TestPlatform.Extensions.EventLogCollector.dll
C:\Program Files\dotnet\sdk\5.0.402\Extensions\Microsoft.TestPlatform.TestHostRuntimeProvider.dll
C:\Program Files\dotnet\sdk\5.0.402\Extensions\Microsoft.VisualStudio.TestPlatform.Extensions.Html.TestLogger.dll
C:\Program Files\dotnet\sdk\5.0.402\Extensions\Microsoft.VisualStudio.TestPlatform.Extensions.Trx.TestLogger.dll
C:\Users\weiya\source\repos\AVENSYSTRG\AvensysTRG\FinalProj\SmartBasket\unittesting\bin\Debug\net48\fine-code-coverage\build-output\xunit.runner.visualstudio.testadapter.dll
TpTrace Verbose: 0 : 10772, 3, 2021/11/18, 04:22:04.724, 390125925532, testhost.net48.x86.exe, TestPluginCache.GetExtensionPaths: Added unfilterableExtensionPaths: 
TpTrace Verbose: 0 : 10772, 3, 2021/11/18, 04:22:04.724, 390125926277, testhost.net48.x86.exe, TestPluginCache.DiscoverTestExtensions: Discovering the extensions using allExtensionPaths: C:\Program Files\dotnet\sdk\5.0.402\Extensions\Microsoft.Diagnostics.NETCore.Client.dll
C:\Program Files\dotnet\sdk\5.0.402\Extensions\Microsoft.TestPlatform.Extensions.BlameDataCollector.dll
C:\Program Files\dotnet\sdk\5.0.402\Extensions\Microsoft.TestPlatform.Extensions.EventLogCollector.dll
C:\Program Files\dotnet\sdk\5.0.402\Extensions\Microsoft.TestPlatform.TestHostRuntimeProvider.dll
C:\Program Files\dotnet\sdk\5.0.402\Extensions\Microsoft.VisualStudio.TestPlatform.Extensions.Html.TestLogger.dll
C:\Program Files\dotnet\sdk\5.0.402\Extensions\Microsoft.VisualStudio.TestPlatform.Extensions.Trx.TestLogger.dll
C:\Users\weiya\source\repos\AVENSYSTRG\AvensysTRG\FinalProj\SmartBasket\unittesting\bin\Debug\net48\fine-code-coverage\build-output\xunit.runner.visualstudio.testadapter.dll
TpTrace Information: 0 : 10772, 3, 2021/11/18, 04:22:04.725, 390125933798, testhost.net48.x86.exe, AssemblyResolver.AddSearchDirectories: Adding more searchDirectories C:\Program Files\dotnet\sdk\5.0.402\Extensions,C:\Program Files\dotnet\sdk\5.0.402\TestHost
TpTrace Information: 0 : 10772, 3, 2021/11/18, 04:22:04.725, 390125934812, testhost.net48.x86.exe, AssemblyResolver.AddSearchDirectories: Adding more searchDirectories C:\Program Files\dotnet\sdk\5.0.402\Extensions,C:\Program Files\dotnet\sdk\5.0.402\TestHost
TpTrace Information: 0 : 10772, 3, 2021/11/18, 04:22:04.725, 390125935516, testhost.net48.x86.exe, AssemblyResolver.AddSearchDirectories: Adding more searchDirectories C:\Program Files\dotnet\sdk\5.0.402\Extensions,C:\Program Files\dotnet\sdk\5.0.402\TestHost
TpTrace Information: 0 : 10772, 3, 2021/11/18, 04:22:04.725, 390125936405, testhost.net48.x86.exe, AssemblyResolver.AddSearchDirectories: Adding more searchDirectories C:\Program Files\dotnet\sdk\5.0.402\Extensions,C:\Program Files\dotnet\sdk\5.0.402\TestHost
TpTrace Information: 0 : 10772, 3, 2021/11/18, 04:22:04.725, 390125937429, testhost.net48.x86.exe, AssemblyResolver.AddSearchDirectories: Adding more searchDirectories C:\Program Files\dotnet\sdk\5.0.402\Extensions,C:\Program Files\dotnet\sdk\5.0.402\TestHost
TpTrace Information: 0 : 10772, 3, 2021/11/18, 04:22:04.725, 390125938175, testhost.net48.x86.exe, AssemblyResolver.AddSearchDirectories: Adding more searchDirectories C:\Program Files\dotnet\sdk\5.0.402\Extensions,C:\Program Files\dotnet\sdk\5.0.402\TestHost
TpTrace Information: 0 : 10772, 3, 2021/11/18, 04:22:04.725, 390125938998, testhost.net48.x86.exe, AssemblyResolver.AddSearchDirectories: Adding more searchDirectories C:\Users\weiya\source\repos\AVENSYSTRG\AvensysTRG\FinalProj\SmartBasket\unittesting\bin\Debug\net48\fine-code-coverage\build-output,C:\Program Files\dotnet\sdk\5.0.402\TestHost
TpTrace Information: 0 : 10772, 3, 2021/11/18, 04:22:04.730, 390125985697, testhost.net48.x86.exe, AssemblyResolver.OnResolve: Microsoft.Diagnostics.NETCore.Client: Resolving assembly.
TpTrace Information: 0 : 10772, 3, 2021/11/18, 04:22:04.730, 390125986980, testhost.net48.x86.exe, AssemblyResolver.OnResolve: Microsoft.Diagnostics.NETCore.Client: Searching in: 'C:\Program Files\dotnet\sdk\5.0.402\Extensions'.
TpTrace Information: 0 : 10772, 3, 2021/11/18, 04:22:04.731, 390125999242, testhost.net48.x86.exe, AssemblyResolver.OnResolve: Microsoft.Diagnostics.NETCore.Client: Loading assembly 'C:\Program Files\dotnet\sdk\5.0.402\Extensions\Microsoft.Diagnostics.NETCore.Client.dll'.
TpTrace Information: 0 : 10772, 3, 2021/11/18, 04:22:04.749, 390126172292, testhost.net48.x86.exe, AssemblyResolver.OnResolve: Microsoft.Diagnostics.NETCore.Client: Failed to load assembly. Reason:System.BadImageFormatException: Could not load file or assembly 'Microsoft.Diagnostics.NETCore.Client, Version=0.2.2.41902, Culture=neutral, PublicKeyToken=31bf3856ad364e35' or one of its dependencies. An attempt was made to load a program with an incorrect format.
File name: 'Microsoft.Diagnostics.NETCore.Client, Version=0.2.2.41902, Culture=neutral, PublicKeyToken=31bf3856ad364e35'
   at System.Reflection.RuntimeAssembly._nLoad(AssemblyName fileName, String codeBase, Evidence assemblySecurity, RuntimeAssembly locationHint, StackCrawlMark& stackMark, IntPtr pPrivHostBinder, Boolean throwOnFileNotFound, Boolean forIntrospection, Boolean suppressSecurityChecks)
   at System.Reflection.RuntimeAssembly.nLoad(AssemblyName fileName, String codeBase, Evidence assemblySecurity, RuntimeAssembly locationHint, StackCrawlMark& stackMark, IntPtr pPrivHostBinder, Boolean throwOnFileNotFound, Boolean forIntrospection, Boolean suppressSecurityChecks)
   at System.Reflection.RuntimeAssembly.InternalLoadAssemblyName(AssemblyName assemblyRef, Evidence assemblySecurity, RuntimeAssembly reqAssembly, StackCrawlMark& stackMark, IntPtr pPrivHostBinder, Boolean throwOnFileNotFound, Boolean forIntrospection, Boolean suppressSecurityChecks)
   at System.Reflection.RuntimeAssembly.InternalLoadFrom(String assemblyFile, Evidence securityEvidence, Byte[] hashValue, AssemblyHashAlgorithm hashAlgorithm, Boolean forIntrospection, Boolean suppressSecurityChecks, StackCrawlMark& stackMark)
   at System.Reflection.Assembly.LoadFrom(String assemblyFile)
   at Microsoft.VisualStudio.TestPlatform.PlatformAbstractions.PlatformAssemblyLoadContext.LoadAssemblyFromPath(String assemblyPath)
   at Microsoft.VisualStudio.TestPlatform.Common.Utilities.AssemblyResolver.OnResolve(Object sender, AssemblyResolveEventArgs args)

 
TpTrace Information: 0 : 10772, 3, 2021/11/18, 04:22:04.749, 390126173932, testhost.net48.x86.exe, AssemblyResolver.OnResolve: Microsoft.Diagnostics.NETCore.Client: Assembly path does not exist: 'C:\Program Files\dotnet\sdk\5.0.402\Extensions\Microsoft.Diagnostics.NETCore.Client.exe', returning.
TpTrace Information: 0 : 10772, 3, 2021/11/18, 04:22:04.749, 390126174641, testhost.net48.x86.exe, AssemblyResolver.OnResolve: Microsoft.Diagnostics.NETCore.Client: Searching in: 'C:\Users\weiya\source\repos\AVENSYSTRG\AvensysTRG\FinalProj\SmartBasket\unittesting\bin\Debug\net48\fine-code-coverage\build-output'.
TpTrace Information: 0 : 10772, 3, 2021/11/18, 04:22:04.749, 390126175666, testhost.net48.x86.exe, AssemblyResolver.OnResolve: Microsoft.Diagnostics.NETCore.Client: Assembly path does not exist: 'C:\Users\weiya\source\repos\AVENSYSTRG\AvensysTRG\FinalProj\SmartBasket\unittesting\bin\Debug\net48\fine-code-coverage\build-output\Microsoft.Diagnostics.NETCore.Client.dll', returning.
TpTrace Information: 0 : 10772, 3, 2021/11/18, 04:22:04.749, 390126176615, testhost.net48.x86.exe, AssemblyResolver.OnResolve: Microsoft.Diagnostics.NETCore.Client: Assembly path does not exist: 'C:\Users\weiya\source\repos\AVENSYSTRG\AvensysTRG\FinalProj\SmartBasket\unittesting\bin\Debug\net48\fine-code-coverage\build-output\Microsoft.Diagnostics.NETCore.Client.exe', returning.
TpTrace Information: 0 : 10772, 3, 2021/11/18, 04:22:04.749, 390126177455, testhost.net48.x86.exe, AssemblyResolver.OnResolve: Microsoft.Diagnostics.NETCore.Client: Searching in: 'C:\Program Files\dotnet\sdk\5.0.402\TestHost'.
TpTrace Information: 0 : 10772, 3, 2021/11/18, 04:22:04.749, 390126178687, testhost.net48.x86.exe, AssemblyResolver.OnResolve: Microsoft.Diagnostics.NETCore.Client: Assembly path does not exist: 'C:\Program Files\dotnet\sdk\5.0.402\TestHost\Microsoft.Diagnostics.NETCore.Client.dll', returning.
TpTrace Information: 0 : 10772, 3, 2021/11/18, 04:22:04.749, 390126179686, testhost.net48.x86.exe, AssemblyResolver.OnResolve: Microsoft.Diagnostics.NETCore.Client: Assembly path does not exist: 'C:\Program Files\dotnet\sdk\5.0.402\TestHost\Microsoft.Diagnostics.NETCore.Client.exe', returning.
TpTrace Information: 0 : 10772, 3, 2021/11/18, 04:22:04.749, 390126180319, testhost.net48.x86.exe, AssemblyResolver.OnResolve: Microsoft.Diagnostics.NETCore.Client: Failed to load assembly.
TpTrace Verbose: 0 : 10772, 3, 2021/11/18, 04:22:04.750, 390126185670, testhost.net48.x86.exe, CurrentDomainAssemblyResolve: Resolving assembly 'Microsoft.Diagnostics.NETCore.Client'.
TpTrace Information: 0 : 10772, 3, 2021/11/18, 04:22:04.750, 390126187465, testhost.net48.x86.exe, AssemblyResolver.OnResolve: Microsoft.Diagnostics.NETCore.Client: Resolving assembly.
TpTrace Information: 0 : 10772, 3, 2021/11/18, 04:22:04.750, 390126188151, testhost.net48.x86.exe, AssemblyResolver.OnResolve: Microsoft.Diagnostics.NETCore.Client: Resolved from cache.
TpTrace Verbose: 0 : 10772, 3, 2021/11/18, 04:22:04.750, 390126188857, testhost.net48.x86.exe, CurrentDomainAssemblyResolve: Resolving assembly 'Microsoft.Diagnostics.NETCore.Client'.
TpTrace Verbose: 0 : 10772, 3, 2021/11/18, 04:22:04.750, 390126189458, testhost.net48.x86.exe, CurrentDomainAssemblyResolve: Failed to resolve assembly 'Microsoft.Diagnostics.NETCore.Client'.
TpTrace Verbose: 0 : 10772, 3, 2021/11/18, 04:22:04.751, 390126191533, testhost.net48.x86.exe, CurrentDomainAssemblyResolve: Failed to resolve assembly 'Microsoft.Diagnostics.NETCore.Client'.
TpTrace Warning: 0 : 10772, 3, 2021/11/18, 04:22:04.752, 390126204570, testhost.net48.x86.exe, TestPluginDiscoverer: Failed to load extensions from file 'C:\Program Files\dotnet\sdk\5.0.402\Extensions\Microsoft.Diagnostics.NETCore.Client.dll'.  Skipping test extension scan for this file.  Error: System.IO.FileNotFoundException: Could not load file or assembly 'Microsoft.Diagnostics.NETCore.Client' or one of its dependencies. The system cannot find the file specified.
File name: 'Microsoft.Diagnostics.NETCore.Client' ---> System.IO.FileNotFoundException: Could not load file or assembly 'Microsoft.Diagnostics.NETCore.Client' or one of its dependencies. The system cannot find the file specified.
File name: 'Microsoft.Diagnostics.NETCore.Client'
   at System.Reflection.RuntimeAssembly._nLoad(AssemblyName fileName, String codeBase, Evidence assemblySecurity, RuntimeAssembly locationHint, StackCrawlMark& stackMark, IntPtr pPrivHostBinder, Boolean throwOnFileNotFound, Boolean forIntrospection, Boolean suppressSecurityChecks)
   at System.Reflection.RuntimeAssembly.nLoad(AssemblyName fileName, String codeBase, Evidence assemblySecurity, RuntimeAssembly locationHint, StackCrawlMark& stackMark, IntPtr pPrivHostBinder, Boolean throwOnFileNotFound, Boolean forIntrospection, Boolean suppressSecurityChecks)
   at System.Reflection.RuntimeAssembly.InternalLoadAssemblyName(AssemblyName assemblyRef, Evidence assemblySecurity, RuntimeAssembly reqAssembly, StackCrawlMark& stackMark, IntPtr pPrivHostBinder, Boolean throwOnFileNotFound, Boolean forIntrospection, Boolean suppressSecurityChecks)
   at System.Reflection.Assembly.Load(AssemblyName assemblyRef)
   at Microsoft.VisualStudio.TestPlatform.Common.ExtensionFramework.TestPluginCache.CurrentDomainAssemblyResolve(Object sender, AssemblyResolveEventArgs args)
   at Microsoft.VisualStudio.TestPlatform.PlatformAbstractions.PlatformAssemblyResolver.AssemblyResolverEvent(Object sender, Object eventArgs)
   at System.AppDomain.OnAssemblyResolveEvent(RuntimeAssembly assembly, String assemblyFullName)

WRN: Assembly binding logging is turned OFF.
To enable assembly bind failure logging, set the registry value [HKLM\Software\Microsoft\Fusion!EnableLog] (DWORD) to 1.
Note: There is some performance penalty associated with assembly bind failure logging.
To turn this feature off, remove the registry value [HKLM\Software\Microsoft\Fusion!EnableLog].

   at System.Reflection.RuntimeAssembly._nLoad(AssemblyName fileName, String codeBase, Evidence assemblySecurity, RuntimeAssembly locationHint, StackCrawlMark& stackMark, IntPtr pPrivHostBinder, Boolean throwOnFileNotFound, Boolean forIntrospection, Boolean suppressSecurityChecks)
   at System.Reflection.RuntimeAssembly.nLoad(AssemblyName fileName, String codeBase, Evidence assemblySecurity, RuntimeAssembly locationHint, StackCrawlMark& stackMark, IntPtr pPrivHostBinder, Boolean throwOnFileNotFound, Boolean forIntrospection, Boolean suppressSecurityChecks)
   at System.Reflection.RuntimeAssembly.InternalLoadAssemblyName(AssemblyName assemblyRef, Evidence assemblySecurity, RuntimeAssembly reqAssembly, StackCrawlMark& stackMark, IntPtr pPrivHostBinder, Boolean throwOnFileNotFound, Boolean forIntrospection, Boolean suppressSecurityChecks)
   at System.Reflection.Assembly.Load(AssemblyName assemblyRef)
   at Microsoft.VisualStudio.TestPlatform.Common.ExtensionFramework.TestPluginDiscoverer.GetTestExtensionsFromFiles[TPluginInfo,TExtension](String[] files, Dictionary`2 pluginInfos)


TpTrace Information: 0 : 10772, 3, 2021/11/18, 04:22:04.753, 390126211509, testhost.net48.x86.exe, AssemblyResolver.OnResolve: Microsoft.TestPlatform.Extensions.BlameDataCollector: Resolving assembly.
TpTrace Information: 0 : 10772, 3, 2021/11/18, 04:22:04.753, 390126212361, testhost.net48.x86.exe, AssemblyResolver.OnResolve: Microsoft.TestPlatform.Extensions.BlameDataCollector: Searching in: 'C:\Program Files\dotnet\sdk\5.0.402\Extensions'.
TpTrace Information: 0 : 10772, 3, 2021/11/18, 04:22:04.754, 390126222714, testhost.net48.x86.exe, AssemblyResolver.OnResolve: Microsoft.TestPlatform.Extensions.BlameDataCollector: Loading assembly 'C:\Program Files\dotnet\sdk\5.0.402\Extensions\Microsoft.TestPlatform.Extensions.BlameDataCollector.dll'.
TpTrace Information: 0 : 10772, 3, 2021/11/18, 04:22:04.756, 390126242254, testhost.net48.x86.exe, AssemblyResolver.OnResolve: Microsoft.TestPlatform.Extensions.BlameDataCollector: Failed to load assembly. Reason:System.BadImageFormatException: Could not load file or assembly 'Microsoft.TestPlatform.Extensions.BlameDataCollector, Version=15.0.0.0, Culture=neutral, PublicKeyToken=b03f5f7f11d50a3a' or one of its dependencies. An attempt was made to load a program with an incorrect format.
File name: 'Microsoft.TestPlatform.Extensions.BlameDataCollector, Version=15.0.0.0, Culture=neutral, PublicKeyToken=b03f5f7f11d50a3a'
   at System.Reflection.RuntimeAssembly._nLoad(AssemblyName fileName, String codeBase, Evidence assemblySecurity, RuntimeAssembly locationHint, StackCrawlMark& stackMark, IntPtr pPrivHostBinder, Boolean throwOnFileNotFound, Boolean forIntrospection, Boolean suppressSecurityChecks)
   at System.Reflection.RuntimeAssembly.nLoad(AssemblyName fileName, String codeBase, Evidence assemblySecurity, RuntimeAssembly locationHint, StackCrawlMark& stackMark, IntPtr pPrivHostBinder, Boolean throwOnFileNotFound, Boolean forIntrospection, Boolean suppressSecurityChecks)
   at System.Reflection.RuntimeAssembly.InternalLoadAssemblyName(AssemblyName assemblyRef, Evidence assemblySecurity, RuntimeAssembly reqAssembly, StackCrawlMark& stackMark, IntPtr pPrivHostBinder, Boolean throwOnFileNotFound, Boolean forIntrospection, Boolean suppressSecurityChecks)
   at System.Reflection.RuntimeAssembly.InternalLoadFrom(String assemblyFile, Evidence securityEvidence, Byte[] hashValue, AssemblyHashAlgorithm hashAlgorithm, Boolean forIntrospection, Boolean suppressSecurityChecks, StackCrawlMark& stackMark)
   at System.Reflection.Assembly.LoadFrom(String assemblyFile)
   at Microsoft.VisualStudio.TestPlatform.PlatformAbstractions.PlatformAssemblyLoadContext.LoadAssemblyFromPath(String assemblyPath)
   at Microsoft.VisualStudio.TestPlatform.Common.Utilities.AssemblyResolver.OnResolve(Object sender, AssemblyResolveEventArgs args)

 
TpTrace Information: 0 : 10772, 3, 2021/11/18, 04:22:04.756, 390126243755, testhost.net48.x86.exe, AssemblyResolver.OnResolve: Microsoft.TestPlatform.Extensions.BlameDataCollector: Assembly path does not exist: 'C:\Program Files\dotnet\sdk\5.0.402\Extensions\Microsoft.TestPlatform.Extensions.BlameDataCollector.exe', returning.
TpTrace Information: 0 : 10772, 3, 2021/11/18, 04:22:04.756, 390126244490, testhost.net48.x86.exe, AssemblyResolver.OnResolve: Microsoft.TestPlatform.Extensions.BlameDataCollector: Searching in: 'C:\Users\weiya\source\repos\AVENSYSTRG\AvensysTRG\FinalProj\SmartBasket\unittesting\bin\Debug\net48\fine-code-coverage\build-output'.
TpTrace Information: 0 : 10772, 3, 2021/11/18, 04:22:04.756, 390126245587, testhost.net48.x86.exe, AssemblyResolver.OnResolve: Microsoft.TestPlatform.Extensions.BlameDataCollector: Assembly path does not exist: 'C:\Users\weiya\source\repos\AVENSYSTRG\AvensysTRG\FinalProj\SmartBasket\unittesting\bin\Debug\net48\fine-code-coverage\build-output\Microsoft.TestPlatform.Extensions.BlameDataCollector.dll', returning.
TpTrace Information: 0 : 10772, 3, 2021/11/18, 04:22:04.756, 390126246613, testhost.net48.x86.exe, AssemblyResolver.OnResolve: Microsoft.TestPlatform.Extensions.BlameDataCollector: Assembly path does not exist: 'C:\Users\weiya\source\repos\AVENSYSTRG\AvensysTRG\FinalProj\SmartBasket\unittesting\bin\Debug\net48\fine-code-coverage\build-output\Microsoft.TestPlatform.Extensions.BlameDataCollector.exe', returning.
TpTrace Information: 0 : 10772, 3, 2021/11/18, 04:22:04.756, 390126247748, testhost.net48.x86.exe, AssemblyResolver.OnResolve: Microsoft.TestPlatform.Extensions.BlameDataCollector: Searching in: 'C:\Program Files\dotnet\sdk\5.0.402\TestHost'.
TpTrace Information: 0 : 10772, 3, 2021/11/18, 04:22:04.756, 390126248852, testhost.net48.x86.exe, AssemblyResolver.OnResolve: Microsoft.TestPlatform.Extensions.BlameDataCollector: Assembly path does not exist: 'C:\Program Files\dotnet\sdk\5.0.402\TestHost\Microsoft.TestPlatform.Extensions.BlameDataCollector.dll', returning.
TpTrace Information: 0 : 10772, 3, 2021/11/18, 04:22:04.756, 390126249852, testhost.net48.x86.exe, AssemblyResolver.OnResolve: Microsoft.TestPlatform.Extensions.BlameDataCollector: Assembly path does not exist: 'C:\Program Files\dotnet\sdk\5.0.402\TestHost\Microsoft.TestPlatform.Extensions.BlameDataCollector.exe', returning.
TpTrace Information: 0 : 10772, 3, 2021/11/18, 04:22:04.756, 390126250541, testhost.net48.x86.exe, AssemblyResolver.OnResolve: Microsoft.TestPlatform.Extensions.BlameDataCollector: Failed to load assembly.
TpTrace Verbose: 0 : 10772, 3, 2021/11/18, 04:22:04.757, 390126251246, testhost.net48.x86.exe, CurrentDomainAssemblyResolve: Resolving assembly 'Microsoft.TestPlatform.Extensions.BlameDataCollector'.
TpTrace Information: 0 : 10772, 3, 2021/11/18, 04:22:04.757, 390126252981, testhost.net48.x86.exe, AssemblyResolver.OnResolve: Microsoft.TestPlatform.Extensions.BlameDataCollector: Resolving assembly.
TpTrace Information: 0 : 10772, 3, 2021/11/18, 04:22:04.757, 390126253634, testhost.net48.x86.exe, AssemblyResolver.OnResolve: Microsoft.TestPlatform.Extensions.BlameDataCollector: Resolved from cache.
TpTrace Verbose: 0 : 10772, 3, 2021/11/18, 04:22:04.757, 390126254279, testhost.net48.x86.exe, CurrentDomainAssemblyResolve: Resolving assembly 'Microsoft.TestPlatform.Extensions.BlameDataCollector'.
TpTrace Verbose: 0 : 10772, 3, 2021/11/18, 04:22:04.757, 390126254921, testhost.net48.x86.exe, CurrentDomainAssemblyResolve: Failed to resolve assembly 'Microsoft.TestPlatform.Extensions.BlameDataCollector'.
TpTrace Verbose: 0 : 10772, 3, 2021/11/18, 04:22:04.757, 390126256147, testhost.net48.x86.exe, CurrentDomainAssemblyResolve: Failed to resolve assembly 'Microsoft.TestPlatform.Extensions.BlameDataCollector'.
TpTrace Warning: 0 : 10772, 3, 2021/11/18, 04:22:04.757, 390126259035, testhost.net48.x86.exe, TestPluginDiscoverer: Failed to load extensions from file 'C:\Program Files\dotnet\sdk\5.0.402\Extensions\Microsoft.TestPlatform.Extensions.BlameDataCollector.dll'.  Skipping test extension scan for this file.  Error: System.IO.FileNotFoundException: Could not load file or assembly 'Microsoft.TestPlatform.Extensions.BlameDataCollector' or one of its dependencies. The system cannot find the file specified.
File name: 'Microsoft.TestPlatform.Extensions.BlameDataCollector' ---> System.IO.FileNotFoundException: Could not load file or assembly 'Microsoft.TestPlatform.Extensions.BlameDataCollector' or one of its dependencies. The system cannot find the file specified.
File name: 'Microsoft.TestPlatform.Extensions.BlameDataCollector'
   at System.Reflection.RuntimeAssembly._nLoad(AssemblyName fileName, String codeBase, Evidence assemblySecurity, RuntimeAssembly locationHint, StackCrawlMark& stackMark, IntPtr pPrivHostBinder, Boolean throwOnFileNotFound, Boolean forIntrospection, Boolean suppressSecurityChecks)
   at System.Reflection.RuntimeAssembly.nLoad(AssemblyName fileName, String codeBase, Evidence assemblySecurity, RuntimeAssembly locationHint, StackCrawlMark& stackMark, IntPtr pPrivHostBinder, Boolean throwOnFileNotFound, Boolean forIntrospection, Boolean suppressSecurityChecks)
   at System.Reflection.RuntimeAssembly.InternalLoadAssemblyName(AssemblyName assemblyRef, Evidence assemblySecurity, RuntimeAssembly reqAssembly, StackCrawlMark& stackMark, IntPtr pPrivHostBinder, Boolean throwOnFileNotFound, Boolean forIntrospection, Boolean suppressSecurityChecks)
   at System.Reflection.Assembly.Load(AssemblyName assemblyRef)
   at Microsoft.VisualStudio.TestPlatform.Common.ExtensionFramework.TestPluginCache.CurrentDomainAssemblyResolve(Object sender, AssemblyResolveEventArgs args)
   at Microsoft.VisualStudio.TestPlatform.PlatformAbstractions.PlatformAssemblyResolver.AssemblyResolverEvent(Object sender, Object eventArgs)
   at System.AppDomain.OnAssemblyResolveEvent(RuntimeAssembly assembly, String assemblyFullName)

WRN: Assembly binding logging is turned OFF.
To enable assembly bind failure logging, set the registry value [HKLM\Software\Microsoft\Fusion!EnableLog] (DWORD) to 1.
Note: There is some performance penalty associated with assembly bind failure logging.
To turn this feature off, remove the registry value [HKLM\Software\Microsoft\Fusion!EnableLog].

   at System.Reflection.RuntimeAssembly._nLoad(AssemblyName fileName, String codeBase, Evidence assemblySecurity, RuntimeAssembly locationHint, StackCrawlMark& stackMark, IntPtr pPrivHostBinder, Boolean throwOnFileNotFound, Boolean forIntrospection, Boolean suppressSecurityChecks)
   at System.Reflection.RuntimeAssembly.nLoad(AssemblyName fileName, String codeBase, Evidence assemblySecurity, RuntimeAssembly locationHint, StackCrawlMark& stackMark, IntPtr pPrivHostBinder, Boolean throwOnFileNotFound, Boolean forIntrospection, Boolean suppressSecurityChecks)
   at System.Reflection.RuntimeAssembly.InternalLoadAssemblyName(AssemblyName assemblyRef, Evidence assemblySecurity, RuntimeAssembly reqAssembly, StackCrawlMark& stackMark, IntPtr pPrivHostBinder, Boolean throwOnFileNotFound, Boolean forIntrospection, Boolean suppressSecurityChecks)
   at System.Reflection.Assembly.Load(AssemblyName assemblyRef)
   at Microsoft.VisualStudio.TestPlatform.Common.ExtensionFramework.TestPluginDiscoverer.GetTestExtensionsFromFiles[TPluginInfo,TExtension](String[] files, Dictionary`2 pluginInfos)


TpTrace Information: 0 : 10772, 3, 2021/11/18, 04:22:04.758, 390126265612, testhost.net48.x86.exe, AssemblyResolver.OnResolve: Microsoft.TestPlatform.Extensions.EventLogCollector: Resolving assembly.
TpTrace Information: 0 : 10772, 3, 2021/11/18, 04:22:04.758, 390126266471, testhost.net48.x86.exe, AssemblyResolver.OnResolve: Microsoft.TestPlatform.Extensions.EventLogCollector: Searching in: 'C:\Program Files\dotnet\sdk\5.0.402\Extensions'.
TpTrace Information: 0 : 10772, 3, 2021/11/18, 04:22:04.759, 390126270546, testhost.net48.x86.exe, AssemblyResolver.OnResolve: Microsoft.TestPlatform.Extensions.EventLogCollector: Loading assembly 'C:\Program Files\dotnet\sdk\5.0.402\Extensions\Microsoft.TestPlatform.Extensions.EventLogCollector.dll'.
TpTrace Information: 0 : 10772, 3, 2021/11/18, 04:22:04.761, 390126291262, testhost.net48.x86.exe, AssemblyResolver.OnResolve: Resolved assembly: Microsoft.TestPlatform.Extensions.EventLogCollector, from path: C:\Program Files\dotnet\sdk\5.0.402\Extensions\Microsoft.TestPlatform.Extensions.EventLogCollector.dll
TpTrace Information: 0 : 10772, 3, 2021/11/18, 04:22:04.765, 390126333525, testhost.net48.x86.exe, AssemblyResolver.OnResolve: Microsoft.TestPlatform.TestHostRuntimeProvider: Resolving assembly.
TpTrace Information: 0 : 10772, 3, 2021/11/18, 04:22:04.765, 390126334394, testhost.net48.x86.exe, AssemblyResolver.OnResolve: Microsoft.TestPlatform.TestHostRuntimeProvider: Searching in: 'C:\Program Files\dotnet\sdk\5.0.402\Extensions'.
TpTrace Information: 0 : 10772, 3, 2021/11/18, 04:22:04.765, 390126343819, testhost.net48.x86.exe, AssemblyResolver.OnResolve: Microsoft.TestPlatform.TestHostRuntimeProvider: Loading assembly 'C:\Program Files\dotnet\sdk\5.0.402\Extensions\Microsoft.TestPlatform.TestHostRuntimeProvider.dll'.
TpTrace Information: 0 : 10772, 3, 2021/11/18, 04:22:04.767, 390126364822, testhost.net48.x86.exe, AssemblyResolver.OnResolve: Microsoft.TestPlatform.TestHostRuntimeProvider: Failed to load assembly. Reason:System.BadImageFormatException: Could not load file or assembly 'Microsoft.TestPlatform.TestHostRuntimeProvider, Version=15.0.0.0, Culture=neutral, PublicKeyToken=b03f5f7f11d50a3a' or one of its dependencies. An attempt was made to load a program with an incorrect format.
File name: 'Microsoft.TestPlatform.TestHostRuntimeProvider, Version=15.0.0.0, Culture=neutral, PublicKeyToken=b03f5f7f11d50a3a'
   at System.Reflection.RuntimeAssembly._nLoad(AssemblyName fileName, String codeBase, Evidence assemblySecurity, RuntimeAssembly locationHint, StackCrawlMark& stackMark, IntPtr pPrivHostBinder, Boolean throwOnFileNotFound, Boolean forIntrospection, Boolean suppressSecurityChecks)
   at System.Reflection.RuntimeAssembly.nLoad(AssemblyName fileName, String codeBase, Evidence assemblySecurity, RuntimeAssembly locationHint, StackCrawlMark& stackMark, IntPtr pPrivHostBinder, Boolean throwOnFileNotFound, Boolean forIntrospection, Boolean suppressSecurityChecks)
   at System.Reflection.RuntimeAssembly.InternalLoadAssemblyName(AssemblyName assemblyRef, Evidence assemblySecurity, RuntimeAssembly reqAssembly, StackCrawlMark& stackMark, IntPtr pPrivHostBinder, Boolean throwOnFileNotFound, Boolean forIntrospection, Boolean suppressSecurityChecks)
   at System.Reflection.RuntimeAssembly.InternalLoadFrom(String assemblyFile, Evidence securityEvidence, Byte[] hashValue, AssemblyHashAlgorithm hashAlgorithm, Boolean forIntrospection, Boolean suppressSecurityChecks, StackCrawlMark& stackMark)
   at System.Reflection.Assembly.LoadFrom(String assemblyFile)
   at Microsoft.VisualStudio.TestPlatform.PlatformAbstractions.PlatformAssemblyLoadContext.LoadAssemblyFromPath(String assemblyPath)
   at Microsoft.VisualStudio.TestPlatform.Common.Utilities.AssemblyResolver.OnResolve(Object sender, AssemblyResolveEventArgs args)

 
TpTrace Information: 0 : 10772, 3, 2021/11/18, 04:22:04.767, 390126366378, testhost.net48.x86.exe, AssemblyResolver.OnResolve: Microsoft.TestPlatform.TestHostRuntimeProvider: Assembly path does not exist: 'C:\Program Files\dotnet\sdk\5.0.402\Extensions\Microsoft.TestPlatform.TestHostRuntimeProvider.exe', returning.
TpTrace Information: 0 : 10772, 3, 2021/11/18, 04:22:04.767, 390126367143, testhost.net48.x86.exe, AssemblyResolver.OnResolve: Microsoft.TestPlatform.TestHostRuntimeProvider: Searching in: 'C:\Users\weiya\source\repos\AVENSYSTRG\AvensysTRG\FinalProj\SmartBasket\unittesting\bin\Debug\net48\fine-code-coverage\build-output'.
TpTrace Information: 0 : 10772, 3, 2021/11/18, 04:22:04.767, 390126368216, testhost.net48.x86.exe, AssemblyResolver.OnResolve: Microsoft.TestPlatform.TestHostRuntimeProvider: Assembly path does not exist: 'C:\Users\weiya\source\repos\AVENSYSTRG\AvensysTRG\FinalProj\SmartBasket\unittesting\bin\Debug\net48\fine-code-coverage\build-output\Microsoft.TestPlatform.TestHostRuntimeProvider.dll', returning.
TpTrace Information: 0 : 10772, 3, 2021/11/18, 04:22:04.767, 390126369263, testhost.net48.x86.exe, AssemblyResolver.OnResolve: Microsoft.TestPlatform.TestHostRuntimeProvider: Assembly path does not exist: 'C:\Users\weiya\source\repos\AVENSYSTRG\AvensysTRG\FinalProj\SmartBasket\unittesting\bin\Debug\net48\fine-code-coverage\build-output\Microsoft.TestPlatform.TestHostRuntimeProvider.exe', returning.
TpTrace Information: 0 : 10772, 3, 2021/11/18, 04:22:04.767, 390126369892, testhost.net48.x86.exe, AssemblyResolver.OnResolve: Microsoft.TestPlatform.TestHostRuntimeProvider: Searching in: 'C:\Program Files\dotnet\sdk\5.0.402\TestHost'.
TpTrace Information: 0 : 10772, 3, 2021/11/18, 04:22:04.769, 390126371628, testhost.net48.x86.exe, AssemblyResolver.OnResolve: Microsoft.TestPlatform.TestHostRuntimeProvider: Assembly path does not exist: 'C:\Program Files\dotnet\sdk\5.0.402\TestHost\Microsoft.TestPlatform.TestHostRuntimeProvider.dll', returning.
TpTrace Information: 0 : 10772, 3, 2021/11/18, 04:22:04.769, 390126372583, testhost.net48.x86.exe, AssemblyResolver.OnResolve: Microsoft.TestPlatform.TestHostRuntimeProvider: Assembly path does not exist: 'C:\Program Files\dotnet\sdk\5.0.402\TestHost\Microsoft.TestPlatform.TestHostRuntimeProvider.exe', returning.
TpTrace Information: 0 : 10772, 3, 2021/11/18, 04:22:04.769, 390126373248, testhost.net48.x86.exe, AssemblyResolver.OnResolve: Microsoft.TestPlatform.TestHostRuntimeProvider: Failed to load assembly.
TpTrace Verbose: 0 : 10772, 3, 2021/11/18, 04:22:04.769, 390126373938, testhost.net48.x86.exe, CurrentDomainAssemblyResolve: Resolving assembly 'Microsoft.TestPlatform.TestHostRuntimeProvider'.
TpTrace Information: 0 : 10772, 3, 2021/11/18, 04:22:04.769, 390126375600, testhost.net48.x86.exe, AssemblyResolver.OnResolve: Microsoft.TestPlatform.TestHostRuntimeProvider: Resolving assembly.
TpTrace Information: 0 : 10772, 3, 2021/11/18, 04:22:04.769, 390126376237, testhost.net48.x86.exe, AssemblyResolver.OnResolve: Microsoft.TestPlatform.TestHostRuntimeProvider: Resolved from cache.
TpTrace Verbose: 0 : 10772, 3, 2021/11/18, 04:22:04.769, 390126376876, testhost.net48.x86.exe, CurrentDomainAssemblyResolve: Resolving assembly 'Microsoft.TestPlatform.TestHostRuntimeProvider'.
TpTrace Verbose: 0 : 10772, 3, 2021/11/18, 04:22:04.769, 390126377525, testhost.net48.x86.exe, CurrentDomainAssemblyResolve: Failed to resolve assembly 'Microsoft.TestPlatform.TestHostRuntimeProvider'.
TpTrace Verbose: 0 : 10772, 3, 2021/11/18, 04:22:04.769, 390126378811, testhost.net48.x86.exe, CurrentDomainAssemblyResolve: Failed to resolve assembly 'Microsoft.TestPlatform.TestHostRuntimeProvider'.
TpTrace Warning: 0 : 10772, 3, 2021/11/18, 04:22:04.770, 390126382406, testhost.net48.x86.exe, TestPluginDiscoverer: Failed to load extensions from file 'C:\Program Files\dotnet\sdk\5.0.402\Extensions\Microsoft.TestPlatform.TestHostRuntimeProvider.dll'.  Skipping test extension scan for this file.  Error: System.IO.FileNotFoundException: Could not load file or assembly 'Microsoft.TestPlatform.TestHostRuntimeProvider' or one of its dependencies. The system cannot find the file specified.
File name: 'Microsoft.TestPlatform.TestHostRuntimeProvider' ---> System.IO.FileNotFoundException: Could not load file or assembly 'Microsoft.TestPlatform.TestHostRuntimeProvider' or one of its dependencies. The system cannot find the file specified.
File name: 'Microsoft.TestPlatform.TestHostRuntimeProvider'
   at System.Reflection.RuntimeAssembly._nLoad(AssemblyName fileName, String codeBase, Evidence assemblySecurity, RuntimeAssembly locationHint, StackCrawlMark& stackMark, IntPtr pPrivHostBinder, Boolean throwOnFileNotFound, Boolean forIntrospection, Boolean suppressSecurityChecks)
   at System.Reflection.RuntimeAssembly.nLoad(AssemblyName fileName, String codeBase, Evidence assemblySecurity, RuntimeAssembly locationHint, StackCrawlMark& stackMark, IntPtr pPrivHostBinder, Boolean throwOnFileNotFound, Boolean forIntrospection, Boolean suppressSecurityChecks)
   at System.Reflection.RuntimeAssembly.InternalLoadAssemblyName(AssemblyName assemblyRef, Evidence assemblySecurity, RuntimeAssembly reqAssembly, StackCrawlMark& stackMark, IntPtr pPrivHostBinder, Boolean throwOnFileNotFound, Boolean forIntrospection, Boolean suppressSecurityChecks)
   at System.Reflection.Assembly.Load(AssemblyName assemblyRef)
   at Microsoft.VisualStudio.TestPlatform.Common.ExtensionFramework.TestPluginCache.CurrentDomainAssemblyResolve(Object sender, AssemblyResolveEventArgs args)
   at Microsoft.VisualStudio.TestPlatform.PlatformAbstractions.PlatformAssemblyResolver.AssemblyResolverEvent(Object sender, Object eventArgs)
   at System.AppDomain.OnAssemblyResolveEvent(RuntimeAssembly assembly, String assemblyFullName)

WRN: Assembly binding logging is turned OFF.
To enable assembly bind failure logging, set the registry value [HKLM\Software\Microsoft\Fusion!EnableLog] (DWORD) to 1.
Note: There is some performance penalty associated with assembly bind failure logging.
To turn this feature off, remove the registry value [HKLM\Software\Microsoft\Fusion!EnableLog].

   at System.Reflection.RuntimeAssembly._nLoad(AssemblyName fileName, String codeBase, Evidence assemblySecurity, RuntimeAssembly locationHint, StackCrawlMark& stackMark, IntPtr pPrivHostBinder, Boolean throwOnFileNotFound, Boolean forIntrospection, Boolean suppressSecurityChecks)
   at System.Reflection.RuntimeAssembly.nLoad(AssemblyName fileName, String codeBase, Evidence assemblySecurity, RuntimeAssembly locationHint, StackCrawlMark& stackMark, IntPtr pPrivHostBinder, Boolean throwOnFileNotFound, Boolean forIntrospection, Boolean suppressSecurityChecks)
   at System.Reflection.RuntimeAssembly.InternalLoadAssemblyName(AssemblyName assemblyRef, Evidence assemblySecurity, RuntimeAssembly reqAssembly, StackCrawlMark& stackMark, IntPtr pPrivHostBinder, Boolean throwOnFileNotFound, Boolean forIntrospection, Boolean suppressSecurityChecks)
   at System.Reflection.Assembly.Load(AssemblyName assemblyRef)
   at Microsoft.VisualStudio.TestPlatform.Common.ExtensionFramework.TestPluginDiscoverer.GetTestExtensionsFromFiles[TPluginInfo,TExtension](String[] files, Dictionary`2 pluginInfos)


TpTrace Information: 0 : 10772, 3, 2021/11/18, 04:22:04.770, 390126389473, testhost.net48.x86.exe, AssemblyResolver.OnResolve: Microsoft.VisualStudio.TestPlatform.Extensions.Html.TestLogger: Resolving assembly.
TpTrace Information: 0 : 10772, 3, 2021/11/18, 04:22:04.770, 390126390485, testhost.net48.x86.exe, AssemblyResolver.OnResolve: Microsoft.VisualStudio.TestPlatform.Extensions.Html.TestLogger: Searching in: 'C:\Program Files\dotnet\sdk\5.0.402\Extensions'.
TpTrace Information: 0 : 10772, 3, 2021/11/18, 04:22:04.771, 390126399332, testhost.net48.x86.exe, AssemblyResolver.OnResolve: Microsoft.VisualStudio.TestPlatform.Extensions.Html.TestLogger: Loading assembly 'C:\Program Files\dotnet\sdk\5.0.402\Extensions\Microsoft.VisualStudio.TestPlatform.Extensions.Html.TestLogger.dll'.
TpTrace Information: 0 : 10772, 3, 2021/11/18, 04:22:04.773, 390126418872, testhost.net48.x86.exe, AssemblyResolver.OnResolve: Microsoft.VisualStudio.TestPlatform.Extensions.Html.TestLogger: Failed to load assembly. Reason:System.BadImageFormatException: Could not load file or assembly 'Microsoft.VisualStudio.TestPlatform.Extensions.Html.TestLogger, Version=15.0.0.0, Culture=neutral, PublicKeyToken=b03f5f7f11d50a3a' or one of its dependencies. An attempt was made to load a program with an incorrect format.
File name: 'Microsoft.VisualStudio.TestPlatform.Extensions.Html.TestLogger, Version=15.0.0.0, Culture=neutral, PublicKeyToken=b03f5f7f11d50a3a'
   at System.Reflection.RuntimeAssembly._nLoad(AssemblyName fileName, String codeBase, Evidence assemblySecurity, RuntimeAssembly locationHint, StackCrawlMark& stackMark, IntPtr pPrivHostBinder, Boolean throwOnFileNotFound, Boolean forIntrospection, Boolean suppressSecurityChecks)
   at System.Reflection.RuntimeAssembly.nLoad(AssemblyName fileName, String codeBase, Evidence assemblySecurity, RuntimeAssembly locationHint, StackCrawlMark& stackMark, IntPtr pPrivHostBinder, Boolean throwOnFileNotFound, Boolean forIntrospection, Boolean suppressSecurityChecks)
   at System.Reflection.RuntimeAssembly.InternalLoadAssemblyName(AssemblyName assemblyRef, Evidence assemblySecurity, RuntimeAssembly reqAssembly, StackCrawlMark& stackMark, IntPtr pPrivHostBinder, Boolean throwOnFileNotFound, Boolean forIntrospection, Boolean suppressSecurityChecks)
   at System.Reflection.RuntimeAssembly.InternalLoadFrom(String assemblyFile, Evidence securityEvidence, Byte[] hashValue, AssemblyHashAlgorithm hashAlgorithm, Boolean forIntrospection, Boolean suppressSecurityChecks, StackCrawlMark& stackMark)
   at System.Reflection.Assembly.LoadFrom(String assemblyFile)
   at Microsoft.VisualStudio.TestPlatform.PlatformAbstractions.PlatformAssemblyLoadContext.LoadAssemblyFromPath(String assemblyPath)
   at Microsoft.VisualStudio.TestPlatform.Common.Utilities.AssemblyResolver.OnResolve(Object sender, AssemblyResolveEventArgs args)

 
TpTrace Information: 0 : 10772, 3, 2021/11/18, 04:22:04.773, 390126420313, testhost.net48.x86.exe, AssemblyResolver.OnResolve: Microsoft.VisualStudio.TestPlatform.Extensions.Html.TestLogger: Assembly path does not exist: 'C:\Program Files\dotnet\sdk\5.0.402\Extensions\Microsoft.VisualStudio.TestPlatform.Extensions.Html.TestLogger.exe', returning.
TpTrace Information: 0 : 10772, 3, 2021/11/18, 04:22:04.773, 390126421047, testhost.net48.x86.exe, AssemblyResolver.OnResolve: Microsoft.VisualStudio.TestPlatform.Extensions.Html.TestLogger: Searching in: 'C:\Users\weiya\source\repos\AVENSYSTRG\AvensysTRG\FinalProj\SmartBasket\unittesting\bin\Debug\net48\fine-code-coverage\build-output'.
TpTrace Information: 0 : 10772, 3, 2021/11/18, 04:22:04.773, 390126422089, testhost.net48.x86.exe, AssemblyResolver.OnResolve: Microsoft.VisualStudio.TestPlatform.Extensions.Html.TestLogger: Assembly path does not exist: 'C:\Users\weiya\source\repos\AVENSYSTRG\AvensysTRG\FinalProj\SmartBasket\unittesting\bin\Debug\net48\fine-code-coverage\build-output\Microsoft.VisualStudio.TestPlatform.Extensions.Html.TestLogger.dll', returning.
TpTrace Information: 0 : 10772, 3, 2021/11/18, 04:22:04.773, 390126423168, testhost.net48.x86.exe, AssemblyResolver.OnResolve: Microsoft.VisualStudio.TestPlatform.Extensions.Html.TestLogger: Assembly path does not exist: 'C:\Users\weiya\source\repos\AVENSYSTRG\AvensysTRG\FinalProj\SmartBasket\unittesting\bin\Debug\net48\fine-code-coverage\build-output\Microsoft.VisualStudio.TestPlatform.Extensions.Html.TestLogger.exe', returning.
TpTrace Information: 0 : 10772, 3, 2021/11/18, 04:22:04.773, 390126423848, testhost.net48.x86.exe, AssemblyResolver.OnResolve: Microsoft.VisualStudio.TestPlatform.Extensions.Html.TestLogger: Searching in: 'C:\Program Files\dotnet\sdk\5.0.402\TestHost'.
TpTrace Information: 0 : 10772, 3, 2021/11/18, 04:22:04.773, 390126424778, testhost.net48.x86.exe, AssemblyResolver.OnResolve: Microsoft.VisualStudio.TestPlatform.Extensions.Html.TestLogger: Assembly path does not exist: 'C:\Program Files\dotnet\sdk\5.0.402\TestHost\Microsoft.VisualStudio.TestPlatform.Extensions.Html.TestLogger.dll', returning.
TpTrace Information: 0 : 10772, 3, 2021/11/18, 04:22:04.773, 390126425789, testhost.net48.x86.exe, AssemblyResolver.OnResolve: Microsoft.VisualStudio.TestPlatform.Extensions.Html.TestLogger: Assembly path does not exist: 'C:\Program Files\dotnet\sdk\5.0.402\TestHost\Microsoft.VisualStudio.TestPlatform.Extensions.Html.TestLogger.exe', returning.
TpTrace Information: 0 : 10772, 3, 2021/11/18, 04:22:04.773, 390126426463, testhost.net48.x86.exe, AssemblyResolver.OnResolve: Microsoft.VisualStudio.TestPlatform.Extensions.Html.TestLogger: Failed to load assembly.
TpTrace Verbose: 0 : 10772, 3, 2021/11/18, 04:22:04.774, 390126427141, testhost.net48.x86.exe, CurrentDomainAssemblyResolve: Resolving assembly 'Microsoft.VisualStudio.TestPlatform.Extensions.Html.TestLogger'.
TpTrace Information: 0 : 10772, 3, 2021/11/18, 04:22:04.774, 390126428791, testhost.net48.x86.exe, AssemblyResolver.OnResolve: Microsoft.VisualStudio.TestPlatform.Extensions.Html.TestLogger: Resolving assembly.
TpTrace Information: 0 : 10772, 3, 2021/11/18, 04:22:04.774, 390126429421, testhost.net48.x86.exe, AssemblyResolver.OnResolve: Microsoft.VisualStudio.TestPlatform.Extensions.Html.TestLogger: Resolved from cache.
TpTrace Verbose: 0 : 10772, 3, 2021/11/18, 04:22:04.774, 390126430045, testhost.net48.x86.exe, CurrentDomainAssemblyResolve: Resolving assembly 'Microsoft.VisualStudio.TestPlatform.Extensions.Html.TestLogger'.
TpTrace Verbose: 0 : 10772, 3, 2021/11/18, 04:22:04.774, 390126430665, testhost.net48.x86.exe, CurrentDomainAssemblyResolve: Failed to resolve assembly 'Microsoft.VisualStudio.TestPlatform.Extensions.Html.TestLogger'.
TpTrace Verbose: 0 : 10772, 3, 2021/11/18, 04:22:04.774, 390126431856, testhost.net48.x86.exe, CurrentDomainAssemblyResolve: Failed to resolve assembly 'Microsoft.VisualStudio.TestPlatform.Extensions.Html.TestLogger'.
TpTrace Warning: 0 : 10772, 3, 2021/11/18, 04:22:04.774, 390126434650, testhost.net48.x86.exe, TestPluginDiscoverer: Failed to load extensions from file 'C:\Program Files\dotnet\sdk\5.0.402\Extensions\Microsoft.VisualStudio.TestPlatform.Extensions.Html.TestLogger.dll'.  Skipping test extension scan for this file.  Error: System.IO.FileNotFoundException: Could not load file or assembly 'Microsoft.VisualStudio.TestPlatform.Extensions.Html.TestLogger' or one of its dependencies. The system cannot find the file specified.
File name: 'Microsoft.VisualStudio.TestPlatform.Extensions.Html.TestLogger' ---> System.IO.FileNotFoundException: Could not load file or assembly 'Microsoft.VisualStudio.TestPlatform.Extensions.Html.TestLogger' or one of its dependencies. The system cannot find the file specified.
File name: 'Microsoft.VisualStudio.TestPlatform.Extensions.Html.TestLogger'
   at System.Reflection.RuntimeAssembly._nLoad(AssemblyName fileName, String codeBase, Evidence assemblySecurity, RuntimeAssembly locationHint, StackCrawlMark& stackMark, IntPtr pPrivHostBinder, Boolean throwOnFileNotFound, Boolean forIntrospection, Boolean suppressSecurityChecks)
   at System.Reflection.RuntimeAssembly.nLoad(AssemblyName fileName, String codeBase, Evidence assemblySecurity, RuntimeAssembly locationHint, StackCrawlMark& stackMark, IntPtr pPrivHostBinder, Boolean throwOnFileNotFound, Boolean forIntrospection, Boolean suppressSecurityChecks)
   at System.Reflection.RuntimeAssembly.InternalLoadAssemblyName(AssemblyName assemblyRef, Evidence assemblySecurity, RuntimeAssembly reqAssembly, StackCrawlMark& stackMark, IntPtr pPrivHostBinder, Boolean throwOnFileNotFound, Boolean forIntrospection, Boolean suppressSecurityChecks)
   at System.Reflection.Assembly.Load(AssemblyName assemblyRef)
   at Microsoft.VisualStudio.TestPlatform.Common.ExtensionFramework.TestPluginCache.CurrentDomainAssemblyResolve(Object sender, AssemblyResolveEventArgs args)
   at Microsoft.VisualStudio.TestPlatform.PlatformAbstractions.PlatformAssemblyResolver.AssemblyResolverEvent(Object sender, Object eventArgs)
   at System.AppDomain.OnAssemblyResolveEvent(RuntimeAssembly assembly, String assemblyFullName)

WRN: Assembly binding logging is turned OFF.
To enable assembly bind failure logging, set the registry value [HKLM\Software\Microsoft\Fusion!EnableLog] (DWORD) to 1.
Note: There is some performance penalty associated with assembly bind failure logging.
To turn this feature off, remove the registry value [HKLM\Software\Microsoft\Fusion!EnableLog].

   at System.Reflection.RuntimeAssembly._nLoad(AssemblyName fileName, String codeBase, Evidence assemblySecurity, RuntimeAssembly locationHint, StackCrawlMark& stackMark, IntPtr pPrivHostBinder, Boolean throwOnFileNotFound, Boolean forIntrospection, Boolean suppressSecurityChecks)
   at System.Reflection.RuntimeAssembly.nLoad(AssemblyName fileName, String codeBase, Evidence assemblySecurity, RuntimeAssembly locationHint, StackCrawlMark& stackMark, IntPtr pPrivHostBinder, Boolean throwOnFileNotFound, Boolean forIntrospection, Boolean suppressSecurityChecks)
   at System.Reflection.RuntimeAssembly.InternalLoadAssemblyName(AssemblyName assemblyRef, Evidence assemblySecurity, RuntimeAssembly reqAssembly, StackCrawlMark& stackMark, IntPtr pPrivHostBinder, Boolean throwOnFileNotFound, Boolean forIntrospection, Boolean suppressSecurityChecks)
   at System.Reflection.Assembly.Load(AssemblyName assemblyRef)
   at Microsoft.VisualStudio.TestPlatform.Common.ExtensionFramework.TestPluginDiscoverer.GetTestExtensionsFromFiles[TPluginInfo,TExtension](String[] files, Dictionary`2 pluginInfos)


TpTrace Information: 0 : 10772, 3, 2021/11/18, 04:22:04.775, 390126443035, testhost.net48.x86.exe, AssemblyResolver.OnResolve: Microsoft.VisualStudio.TestPlatform.Extensions.Trx.TestLogger: Resolving assembly.
TpTrace Information: 0 : 10772, 3, 2021/11/18, 04:22:04.775, 390126443965, testhost.net48.x86.exe, AssemblyResolver.OnResolve: Microsoft.VisualStudio.TestPlatform.Extensions.Trx.TestLogger: Searching in: 'C:\Program Files\dotnet\sdk\5.0.402\Extensions'.
TpTrace Information: 0 : 10772, 3, 2021/11/18, 04:22:04.777, 390126456862, testhost.net48.x86.exe, AssemblyResolver.OnResolve: Microsoft.VisualStudio.TestPlatform.Extensions.Trx.TestLogger: Loading assembly 'C:\Program Files\dotnet\sdk\5.0.402\Extensions\Microsoft.VisualStudio.TestPlatform.Extensions.Trx.TestLogger.dll'.
TpTrace Information: 0 : 10772, 3, 2021/11/18, 04:22:04.779, 390126480417, testhost.net48.x86.exe, AssemblyResolver.OnResolve: Microsoft.VisualStudio.TestPlatform.Extensions.Trx.TestLogger: Failed to load assembly. Reason:System.BadImageFormatException: Could not load file or assembly 'Microsoft.VisualStudio.TestPlatform.Extensions.Trx.TestLogger, Version=15.0.0.0, Culture=neutral, PublicKeyToken=b03f5f7f11d50a3a' or one of its dependencies. An attempt was made to load a program with an incorrect format.
File name: 'Microsoft.VisualStudio.TestPlatform.Extensions.Trx.TestLogger, Version=15.0.0.0, Culture=neutral, PublicKeyToken=b03f5f7f11d50a3a'
   at System.Reflection.RuntimeAssembly._nLoad(AssemblyName fileName, String codeBase, Evidence assemblySecurity, RuntimeAssembly locationHint, StackCrawlMark& stackMark, IntPtr pPrivHostBinder, Boolean throwOnFileNotFound, Boolean forIntrospection, Boolean suppressSecurityChecks)
   at System.Reflection.RuntimeAssembly.nLoad(AssemblyName fileName, String codeBase, Evidence assemblySecurity, RuntimeAssembly locationHint, StackCrawlMark& stackMark, IntPtr pPrivHostBinder, Boolean throwOnFileNotFound, Boolean forIntrospection, Boolean suppressSecurityChecks)
   at System.Reflection.RuntimeAssembly.InternalLoadAssemblyName(AssemblyName assemblyRef, Evidence assemblySecurity, RuntimeAssembly reqAssembly, StackCrawlMark& stackMark, IntPtr pPrivHostBinder, Boolean throwOnFileNotFound, Boolean forIntrospection, Boolean suppressSecurityChecks)
   at System.Reflection.RuntimeAssembly.InternalLoadFrom(String assemblyFile, Evidence securityEvidence, Byte[] hashValue, AssemblyHashAlgorithm hashAlgorithm, Boolean forIntrospection, Boolean suppressSecurityChecks, StackCrawlMark& stackMark)
   at System.Reflection.Assembly.LoadFrom(String assemblyFile)
   at Microsoft.VisualStudio.TestPlatform.PlatformAbstractions.PlatformAssemblyLoadContext.LoadAssemblyFromPath(String assemblyPath)
   at Microsoft.VisualStudio.TestPlatform.Common.Utilities.AssemblyResolver.OnResolve(Object sender, AssemblyResolveEventArgs args)

 
TpTrace Information: 0 : 10772, 3, 2021/11/18, 04:22:04.779, 390126482233, testhost.net48.x86.exe, AssemblyResolver.OnResolve: Microsoft.VisualStudio.TestPlatform.Extensions.Trx.TestLogger: Assembly path does not exist: 'C:\Program Files\dotnet\sdk\5.0.402\Extensions\Microsoft.VisualStudio.TestPlatform.Extensions.Trx.TestLogger.exe', returning.
TpTrace Information: 0 : 10772, 3, 2021/11/18, 04:22:04.779, 390126482986, testhost.net48.x86.exe, AssemblyResolver.OnResolve: Microsoft.VisualStudio.TestPlatform.Extensions.Trx.TestLogger: Searching in: 'C:\Users\weiya\source\repos\AVENSYSTRG\AvensysTRG\FinalProj\SmartBasket\unittesting\bin\Debug\net48\fine-code-coverage\build-output'.
TpTrace Information: 0 : 10772, 3, 2021/11/18, 04:22:04.779, 390126484077, testhost.net48.x86.exe, AssemblyResolver.OnResolve: Microsoft.VisualStudio.TestPlatform.Extensions.Trx.TestLogger: Assembly path does not exist: 'C:\Users\weiya\source\repos\AVENSYSTRG\AvensysTRG\FinalProj\SmartBasket\unittesting\bin\Debug\net48\fine-code-coverage\build-output\Microsoft.VisualStudio.TestPlatform.Extensions.Trx.TestLogger.dll', returning.
TpTrace Information: 0 : 10772, 3, 2021/11/18, 04:22:04.779, 390126485103, testhost.net48.x86.exe, AssemblyResolver.OnResolve: Microsoft.VisualStudio.TestPlatform.Extensions.Trx.TestLogger: Assembly path does not exist: 'C:\Users\weiya\source\repos\AVENSYSTRG\AvensysTRG\FinalProj\SmartBasket\unittesting\bin\Debug\net48\fine-code-coverage\build-output\Microsoft.VisualStudio.TestPlatform.Extensions.Trx.TestLogger.exe', returning.
TpTrace Information: 0 : 10772, 3, 2021/11/18, 04:22:04.779, 390126485818, testhost.net48.x86.exe, AssemblyResolver.OnResolve: Microsoft.VisualStudio.TestPlatform.Extensions.Trx.TestLogger: Searching in: 'C:\Program Files\dotnet\sdk\5.0.402\TestHost'.
TpTrace Information: 0 : 10772, 3, 2021/11/18, 04:22:04.780, 390126486829, testhost.net48.x86.exe, AssemblyResolver.OnResolve: Microsoft.VisualStudio.TestPlatform.Extensions.Trx.TestLogger: Assembly path does not exist: 'C:\Program Files\dotnet\sdk\5.0.402\TestHost\Microsoft.VisualStudio.TestPlatform.Extensions.Trx.TestLogger.dll', returning.
TpTrace Information: 0 : 10772, 3, 2021/11/18, 04:22:04.780, 390126487792, testhost.net48.x86.exe, AssemblyResolver.OnResolve: Microsoft.VisualStudio.TestPlatform.Extensions.Trx.TestLogger: Assembly path does not exist: 'C:\Program Files\dotnet\sdk\5.0.402\TestHost\Microsoft.VisualStudio.TestPlatform.Extensions.Trx.TestLogger.exe', returning.
TpTrace Information: 0 : 10772, 3, 2021/11/18, 04:22:04.780, 390126488830, testhost.net48.x86.exe, AssemblyResolver.OnResolve: Microsoft.VisualStudio.TestPlatform.Extensions.Trx.TestLogger: Failed to load assembly.
TpTrace Verbose: 0 : 10772, 3, 2021/11/18, 04:22:04.780, 390126489571, testhost.net48.x86.exe, CurrentDomainAssemblyResolve: Resolving assembly 'Microsoft.VisualStudio.TestPlatform.Extensions.Trx.TestLogger'.
TpTrace Information: 0 : 10772, 3, 2021/11/18, 04:22:04.780, 390126491271, testhost.net48.x86.exe, AssemblyResolver.OnResolve: Microsoft.VisualStudio.TestPlatform.Extensions.Trx.TestLogger: Resolving assembly.
TpTrace Information: 0 : 10772, 3, 2021/11/18, 04:22:04.780, 390126491906, testhost.net48.x86.exe, AssemblyResolver.OnResolve: Microsoft.VisualStudio.TestPlatform.Extensions.Trx.TestLogger: Resolved from cache.
TpTrace Verbose: 0 : 10772, 3, 2021/11/18, 04:22:04.780, 390126492539, testhost.net48.x86.exe, CurrentDomainAssemblyResolve: Resolving assembly 'Microsoft.VisualStudio.TestPlatform.Extensions.Trx.TestLogger'.
TpTrace Verbose: 0 : 10772, 3, 2021/11/18, 04:22:04.780, 390126493210, testhost.net48.x86.exe, CurrentDomainAssemblyResolve: Failed to resolve assembly 'Microsoft.VisualStudio.TestPlatform.Extensions.Trx.TestLogger'.
TpTrace Verbose: 0 : 10772, 3, 2021/11/18, 04:22:04.780, 390126494436, testhost.net48.x86.exe, CurrentDomainAssemblyResolve: Failed to resolve assembly 'Microsoft.VisualStudio.TestPlatform.Extensions.Trx.TestLogger'.
TpTrace Warning: 0 : 10772, 3, 2021/11/18, 04:22:04.782, 390126511966, testhost.net48.x86.exe, TestPluginDiscoverer: Failed to load extensions from file 'C:\Program Files\dotnet\sdk\5.0.402\Extensions\Microsoft.VisualStudio.TestPlatform.Extensions.Trx.TestLogger.dll'.  Skipping test extension scan for this file.  Error: System.IO.FileNotFoundException: Could not load file or assembly 'Microsoft.VisualStudio.TestPlatform.Extensions.Trx.TestLogger' or one of its dependencies. The system cannot find the file specified.
File name: 'Microsoft.VisualStudio.TestPlatform.Extensions.Trx.TestLogger' ---> System.IO.FileNotFoundException: Could not load file or assembly 'Microsoft.VisualStudio.TestPlatform.Extensions.Trx.TestLogger' or one of its dependencies. The system cannot find the file specified.
File name: 'Microsoft.VisualStudio.TestPlatform.Extensions.Trx.TestLogger'
   at System.Reflection.RuntimeAssembly._nLoad(AssemblyName fileName, String codeBase, Evidence assemblySecurity, RuntimeAssembly locationHint, StackCrawlMark& stackMark, IntPtr pPrivHostBinder, Boolean throwOnFileNotFound, Boolean forIntrospection, Boolean suppressSecurityChecks)
   at System.Reflection.RuntimeAssembly.nLoad(AssemblyName fileName, String codeBase, Evidence assemblySecurity, RuntimeAssembly locationHint, StackCrawlMark& stackMark, IntPtr pPrivHostBinder, Boolean throwOnFileNotFound, Boolean forIntrospection, Boolean suppressSecurityChecks)
   at System.Reflection.RuntimeAssembly.InternalLoadAssemblyName(AssemblyName assemblyRef, Evidence assemblySecurity, RuntimeAssembly reqAssembly, StackCrawlMark& stackMark, IntPtr pPrivHostBinder, Boolean throwOnFileNotFound, Boolean forIntrospection, Boolean suppressSecurityChecks)
   at System.Reflection.Assembly.Load(AssemblyName assemblyRef)
   at Microsoft.VisualStudio.TestPlatform.Common.ExtensionFramework.TestPluginCache.CurrentDomainAssemblyResolve(Object sender, AssemblyResolveEventArgs args)
   at Microsoft.VisualStudio.TestPlatform.PlatformAbstractions.PlatformAssemblyResolver.AssemblyResolverEvent(Object sender, Object eventArgs)
   at System.AppDomain.OnAssemblyResolveEvent(RuntimeAssembly assembly, String assemblyFullName)

WRN: Assembly binding logging is turned OFF.
To enable assembly bind failure logging, set the registry value [HKLM\Software\Microsoft\Fusion!EnableLog] (DWORD) to 1.
Note: There is some performance penalty associated with assembly bind failure logging.
To turn this feature off, remove the registry value [HKLM\Software\Microsoft\Fusion!EnableLog].

   at System.Reflection.RuntimeAssembly._nLoad(AssemblyName fileName, String codeBase, Evidence assemblySecurity, RuntimeAssembly locationHint, StackCrawlMark& stackMark, IntPtr pPrivHostBinder, Boolean throwOnFileNotFound, Boolean forIntrospection, Boolean suppressSecurityChecks)
   at System.Reflection.RuntimeAssembly.nLoad(AssemblyName fileName, String codeBase, Evidence assemblySecurity, RuntimeAssembly locationHint, StackCrawlMark& stackMark, IntPtr pPrivHostBinder, Boolean throwOnFileNotFound, Boolean forIntrospection, Boolean suppressSecurityChecks)
   at System.Reflection.RuntimeAssembly.InternalLoadAssemblyName(AssemblyName assemblyRef, Evidence assemblySecurity, RuntimeAssembly reqAssembly, StackCrawlMark& stackMark, IntPtr pPrivHostBinder, Boolean throwOnFileNotFound, Boolean forIntrospection, Boolean suppressSecurityChecks)
   at System.Reflection.Assembly.Load(AssemblyName assemblyRef)
   at Microsoft.VisualStudio.TestPlatform.Common.ExtensionFramework.TestPluginDiscoverer.GetTestExtensionsFromFiles[TPluginInfo,TExtension](String[] files, Dictionary`2 pluginInfos)


TpTrace Information: 0 : 10772, 3, 2021/11/18, 04:22:04.783, 390126518893, testhost.net48.x86.exe, AssemblyResolver.OnResolve: xunit.runner.visualstudio.testadapter: Resolving assembly.
TpTrace Information: 0 : 10772, 3, 2021/11/18, 04:22:04.783, 390126519683, testhost.net48.x86.exe, AssemblyResolver.OnResolve: xunit.runner.visualstudio.testadapter: Searching in: 'C:\Program Files\dotnet\sdk\5.0.402\Extensions'.
TpTrace Information: 0 : 10772, 3, 2021/11/18, 04:22:04.783, 390126520684, testhost.net48.x86.exe, AssemblyResolver.OnResolve: xunit.runner.visualstudio.testadapter: Assembly path does not exist: 'C:\Program Files\dotnet\sdk\5.0.402\Extensions\xunit.runner.visualstudio.testadapter.dll', returning.
TpTrace Information: 0 : 10772, 3, 2021/11/18, 04:22:04.783, 390126521650, testhost.net48.x86.exe, AssemblyResolver.OnResolve: xunit.runner.visualstudio.testadapter: Assembly path does not exist: 'C:\Program Files\dotnet\sdk\5.0.402\Extensions\xunit.runner.visualstudio.testadapter.exe', returning.
TpTrace Information: 0 : 10772, 3, 2021/11/18, 04:22:04.783, 390126522273, testhost.net48.x86.exe, AssemblyResolver.OnResolve: xunit.runner.visualstudio.testadapter: Searching in: 'C:\Users\weiya\source\repos\AVENSYSTRG\AvensysTRG\FinalProj\SmartBasket\unittesting\bin\Debug\net48\fine-code-coverage\build-output'.
TpTrace Information: 0 : 10772, 3, 2021/11/18, 04:22:04.784, 390126528711, testhost.net48.x86.exe, AssemblyResolver.OnResolve: xunit.runner.visualstudio.testadapter: Loading assembly 'C:\Users\weiya\source\repos\AVENSYSTRG\AvensysTRG\FinalProj\SmartBasket\unittesting\bin\Debug\net48\fine-code-coverage\build-output\xunit.runner.visualstudio.testadapter.dll'.
TpTrace Information: 0 : 10772, 3, 2021/11/18, 04:22:04.787, 390126555148, testhost.net48.x86.exe, AssemblyResolver.OnResolve: Resolved assembly: xunit.runner.visualstudio.testadapter, from path: C:\Users\weiya\source\repos\AVENSYSTRG\AvensysTRG\FinalProj\SmartBasket\unittesting\bin\Debug\net48\fine-code-coverage\build-output\xunit.runner.visualstudio.testadapter.dll
TpTrace Verbose: 0 : 10772, 3, 2021/11/18, 04:22:04.799, 390126678899, testhost.net48.x86.exe, TestPluginCache: Discovered the extensions using extension path ''.
TpTrace Verbose: 0 : 10772, 3, 2021/11/18, 04:22:04.801, 390126694585, testhost.net48.x86.exe, TestPluginCache: Discoverers are ''.
TpTrace Verbose: 0 : 10772, 3, 2021/11/18, 04:22:04.801, 390126695587, testhost.net48.x86.exe, TestPluginCache: Executors are 'executor://xunit/VsTestRunner2/net'.
TpTrace Verbose: 0 : 10772, 3, 2021/11/18, 04:22:04.801, 390126696198, testhost.net48.x86.exe, TestPluginCache: Executors2 are ''.
TpTrace Verbose: 0 : 10772, 3, 2021/11/18, 04:22:04.801, 390126696750, testhost.net48.x86.exe, TestPluginCache: Setting providers are ''.
TpTrace Verbose: 0 : 10772, 3, 2021/11/18, 04:22:04.801, 390126697333, testhost.net48.x86.exe, TestPluginCache: Loggers are ''.
TpTrace Verbose: 0 : 10772, 3, 2021/11/18, 04:22:04.804, 390126725778, testhost.net48.x86.exe, TestPluginCache.DiscoverTestExtensions: finding test extensions in assemblies ends with: TestAdapter.dll TPluginInfo: Microsoft.VisualStudio.TestPlatform.Common.ExtensionFramework.Utilities.TestExecutorPluginInformation2 TExtension: Microsoft.VisualStudio.TestPlatform.ObjectModel.Adapter.ITestExecutor2
TpTrace Verbose: 0 : 10772, 3, 2021/11/18, 04:22:04.804, 390126728193, testhost.net48.x86.exe, TestPluginCache.GetExtensionPaths: Filtered extension paths: 
TpTrace Verbose: 0 : 10772, 3, 2021/11/18, 04:22:04.804, 390126728960, testhost.net48.x86.exe, TestPluginCache.GetExtensionPaths: Added default extension paths: C:\Program Files\dotnet\sdk\5.0.402\Extensions\Microsoft.Diagnostics.NETCore.Client.dll
C:\Program Files\dotnet\sdk\5.0.402\Extensions\Microsoft.TestPlatform.Extensions.BlameDataCollector.dll
C:\Program Files\dotnet\sdk\5.0.402\Extensions\Microsoft.TestPlatform.Extensions.EventLogCollector.dll
C:\Program Files\dotnet\sdk\5.0.402\Extensions\Microsoft.TestPlatform.TestHostRuntimeProvider.dll
C:\Program Files\dotnet\sdk\5.0.402\Extensions\Microsoft.VisualStudio.TestPlatform.Extensions.Html.TestLogger.dll
C:\Program Files\dotnet\sdk\5.0.402\Extensions\Microsoft.VisualStudio.TestPlatform.Extensions.Trx.TestLogger.dll
C:\Users\weiya\source\repos\AVENSYSTRG\AvensysTRG\FinalProj\SmartBasket\unittesting\bin\Debug\net48\fine-code-coverage\build-output\xunit.runner.visualstudio.testadapter.dll
TpTrace Verbose: 0 : 10772, 3, 2021/11/18, 04:22:04.804, 390126729909, testhost.net48.x86.exe, TestPluginCache.GetExtensionPaths: Added unfilterableExtensionPaths: 
TpTrace Information: 0 : 10772, 3, 2021/11/18, 04:22:04.804, 390126731700, testhost.net48.x86.exe, AssemblyResolver.AddSearchDirectories: Adding more searchDirectories C:\Program Files\dotnet\sdk\5.0.402\Extensions,C:\Users\weiya\source\repos\AVENSYSTRG\AvensysTRG\FinalProj\SmartBasket\unittesting\bin\Debug\net48\fine-code-coverage\build-output,C:\Program Files\dotnet\sdk\5.0.402\TestHost
TpTrace Verbose: 0 : 10772, 3, 2021/11/18, 04:22:04.804, 390126732392, testhost.net48.x86.exe, TestPluginCache.DiscoverTestExtensions: Discovering the extensions using extension path.
TpTrace Verbose: 0 : 10772, 3, 2021/11/18, 04:22:04.804, 390126732989, testhost.net48.x86.exe, TestPluginCache.GetExtensionPaths: Filtered extension paths: 
TpTrace Verbose: 0 : 10772, 3, 2021/11/18, 04:22:04.805, 390126733882, testhost.net48.x86.exe, TestPluginCache.GetExtensionPaths: Added default extension paths: C:\Program Files\dotnet\sdk\5.0.402\Extensions\Microsoft.Diagnostics.NETCore.Client.dll
C:\Program Files\dotnet\sdk\5.0.402\Extensions\Microsoft.TestPlatform.Extensions.BlameDataCollector.dll
C:\Program Files\dotnet\sdk\5.0.402\Extensions\Microsoft.TestPlatform.Extensions.EventLogCollector.dll
C:\Program Files\dotnet\sdk\5.0.402\Extensions\Microsoft.TestPlatform.TestHostRuntimeProvider.dll
C:\Program Files\dotnet\sdk\5.0.402\Extensions\Microsoft.VisualStudio.TestPlatform.Extensions.Html.TestLogger.dll
C:\Program Files\dotnet\sdk\5.0.402\Extensions\Microsoft.VisualStudio.TestPlatform.Extensions.Trx.TestLogger.dll
C:\Users\weiya\source\repos\AVENSYSTRG\AvensysTRG\FinalProj\SmartBasket\unittesting\bin\Debug\net48\fine-code-coverage\build-output\xunit.runner.visualstudio.testadapter.dll
TpTrace Verbose: 0 : 10772, 3, 2021/11/18, 04:22:04.805, 390126734642, testhost.net48.x86.exe, TestPluginCache.GetExtensionPaths: Added unfilterableExtensionPaths: 
TpTrace Verbose: 0 : 10772, 3, 2021/11/18, 04:22:04.805, 390126735244, testhost.net48.x86.exe, TestPluginCache.DiscoverTestExtensions: Discovering the extensions using allExtensionPaths: C:\Program Files\dotnet\sdk\5.0.402\Extensions\Microsoft.Diagnostics.NETCore.Client.dll
C:\Program Files\dotnet\sdk\5.0.402\Extensions\Microsoft.TestPlatform.Extensions.BlameDataCollector.dll
C:\Program Files\dotnet\sdk\5.0.402\Extensions\Microsoft.TestPlatform.Extensions.EventLogCollector.dll
C:\Program Files\dotnet\sdk\5.0.402\Extensions\Microsoft.TestPlatform.TestHostRuntimeProvider.dll
C:\Program Files\dotnet\sdk\5.0.402\Extensions\Microsoft.VisualStudio.TestPlatform.Extensions.Html.TestLogger.dll
C:\Program Files\dotnet\sdk\5.0.402\Extensions\Microsoft.VisualStudio.TestPlatform.Extensions.Trx.TestLogger.dll
C:\Users\weiya\source\repos\AVENSYSTRG\AvensysTRG\FinalProj\SmartBasket\unittesting\bin\Debug\net48\fine-code-coverage\build-output\xunit.runner.visualstudio.testadapter.dll
TpTrace Information: 0 : 10772, 3, 2021/11/18, 04:22:04.805, 390126736140, testhost.net48.x86.exe, AssemblyResolver.AddSearchDirectories: Adding more searchDirectories C:\Program Files\dotnet\sdk\5.0.402\Extensions,C:\Program Files\dotnet\sdk\5.0.402\TestHost
TpTrace Information: 0 : 10772, 3, 2021/11/18, 04:22:04.805, 390126736869, testhost.net48.x86.exe, AssemblyResolver.AddSearchDirectories: Adding more searchDirectories C:\Program Files\dotnet\sdk\5.0.402\Extensions,C:\Program Files\dotnet\sdk\5.0.402\TestHost
TpTrace Information: 0 : 10772, 3, 2021/11/18, 04:22:04.805, 390126737548, testhost.net48.x86.exe, AssemblyResolver.AddSearchDirectories: Adding more searchDirectories C:\Program Files\dotnet\sdk\5.0.402\Extensions,C:\Program Files\dotnet\sdk\5.0.402\TestHost
TpTrace Information: 0 : 10772, 3, 2021/11/18, 04:22:04.805, 390126738200, testhost.net48.x86.exe, AssemblyResolver.AddSearchDirectories: Adding more searchDirectories C:\Program Files\dotnet\sdk\5.0.402\Extensions,C:\Program Files\dotnet\sdk\5.0.402\TestHost
TpTrace Information: 0 : 10772, 3, 2021/11/18, 04:22:04.805, 390126738865, testhost.net48.x86.exe, AssemblyResolver.AddSearchDirectories: Adding more searchDirectories C:\Program Files\dotnet\sdk\5.0.402\Extensions,C:\Program Files\dotnet\sdk\5.0.402\TestHost
TpTrace Information: 0 : 10772, 3, 2021/11/18, 04:22:04.805, 390126739516, testhost.net48.x86.exe, AssemblyResolver.AddSearchDirectories: Adding more searchDirectories C:\Program Files\dotnet\sdk\5.0.402\Extensions,C:\Program Files\dotnet\sdk\5.0.402\TestHost
TpTrace Information: 0 : 10772, 3, 2021/11/18, 04:22:04.805, 390126740195, testhost.net48.x86.exe, AssemblyResolver.AddSearchDirectories: Adding more searchDirectories C:\Users\weiya\source\repos\AVENSYSTRG\AvensysTRG\FinalProj\SmartBasket\unittesting\bin\Debug\net48\fine-code-coverage\build-output,C:\Program Files\dotnet\sdk\5.0.402\TestHost
TpTrace Warning: 0 : 10772, 3, 2021/11/18, 04:22:04.805, 390126742771, testhost.net48.x86.exe, TestPluginDiscoverer: Failed to load extensions from file 'C:\Program Files\dotnet\sdk\5.0.402\Extensions\Microsoft.Diagnostics.NETCore.Client.dll'.  Skipping test extension scan for this file.  Error: System.IO.FileNotFoundException: Could not load file or assembly 'Microsoft.Diagnostics.NETCore.Client' or one of its dependencies. The system cannot find the file specified.
File name: 'Microsoft.Diagnostics.NETCore.Client'
   at System.Reflection.RuntimeAssembly._nLoad(AssemblyName fileName, String codeBase, Evidence assemblySecurity, RuntimeAssembly locationHint, StackCrawlMark& stackMark, IntPtr pPrivHostBinder, Boolean throwOnFileNotFound, Boolean forIntrospection, Boolean suppressSecurityChecks)
   at System.Reflection.RuntimeAssembly.nLoad(AssemblyName fileName, String codeBase, Evidence assemblySecurity, RuntimeAssembly locationHint, StackCrawlMark& stackMark, IntPtr pPrivHostBinder, Boolean throwOnFileNotFound, Boolean forIntrospection, Boolean suppressSecurityChecks)
   at System.Reflection.RuntimeAssembly.InternalLoadAssemblyName(AssemblyName assemblyRef, Evidence assemblySecurity, RuntimeAssembly reqAssembly, StackCrawlMark& stackMark, IntPtr pPrivHostBinder, Boolean throwOnFileNotFound, Boolean forIntrospection, Boolean suppressSecurityChecks)
   at System.Reflection.Assembly.Load(AssemblyName assemblyRef)
   at Microsoft.VisualStudio.TestPlatform.Common.ExtensionFramework.TestPluginDiscoverer.GetTestExtensionsFromFiles[TPluginInfo,TExtension](String[] files, Dictionary`2 pluginInfos)

WRN: Assembly binding logging is turned OFF.
To enable assembly bind failure logging, set the registry value [HKLM\Software\Microsoft\Fusion!EnableLog] (DWORD) to 1.
Note: There is some performance penalty associated with assembly bind failure logging.
To turn this feature off, remove the registry value [HKLM\Software\Microsoft\Fusion!EnableLog].

TpTrace Warning: 0 : 10772, 3, 2021/11/18, 04:22:04.806, 390126744586, testhost.net48.x86.exe, TestPluginDiscoverer: Failed to load extensions from file 'C:\Program Files\dotnet\sdk\5.0.402\Extensions\Microsoft.TestPlatform.Extensions.BlameDataCollector.dll'.  Skipping test extension scan for this file.  Error: System.IO.FileNotFoundException: Could not load file or assembly 'Microsoft.TestPlatform.Extensions.BlameDataCollector' or one of its dependencies. The system cannot find the file specified.
File name: 'Microsoft.TestPlatform.Extensions.BlameDataCollector'
   at System.Reflection.RuntimeAssembly._nLoad(AssemblyName fileName, String codeBase, Evidence assemblySecurity, RuntimeAssembly locationHint, StackCrawlMark& stackMark, IntPtr pPrivHostBinder, Boolean throwOnFileNotFound, Boolean forIntrospection, Boolean suppressSecurityChecks)
   at System.Reflection.RuntimeAssembly.nLoad(AssemblyName fileName, String codeBase, Evidence assemblySecurity, RuntimeAssembly locationHint, StackCrawlMark& stackMark, IntPtr pPrivHostBinder, Boolean throwOnFileNotFound, Boolean forIntrospection, Boolean suppressSecurityChecks)
   at System.Reflection.RuntimeAssembly.InternalLoadAssemblyName(AssemblyName assemblyRef, Evidence assemblySecurity, RuntimeAssembly reqAssembly, StackCrawlMark& stackMark, IntPtr pPrivHostBinder, Boolean throwOnFileNotFound, Boolean forIntrospection, Boolean suppressSecurityChecks)
   at System.Reflection.Assembly.Load(AssemblyName assemblyRef)
   at Microsoft.VisualStudio.TestPlatform.Common.ExtensionFramework.TestPluginDiscoverer.GetTestExtensionsFromFiles[TPluginInfo,TExtension](String[] files, Dictionary`2 pluginInfos)

WRN: Assembly binding logging is turned OFF.
To enable assembly bind failure logging, set the registry value [HKLM\Software\Microsoft\Fusion!EnableLog] (DWORD) to 1.
Note: There is some performance penalty associated with assembly bind failure logging.
To turn this feature off, remove the registry value [HKLM\Software\Microsoft\Fusion!EnableLog].

TpTrace Warning: 0 : 10772, 3, 2021/11/18, 04:22:04.806, 390126747273, testhost.net48.x86.exe, TestPluginDiscoverer: Failed to load extensions from file 'C:\Program Files\dotnet\sdk\5.0.402\Extensions\Microsoft.TestPlatform.TestHostRuntimeProvider.dll'.  Skipping test extension scan for this file.  Error: System.IO.FileNotFoundException: Could not load file or assembly 'Microsoft.TestPlatform.TestHostRuntimeProvider' or one of its dependencies. The system cannot find the file specified.
File name: 'Microsoft.TestPlatform.TestHostRuntimeProvider'
   at System.Reflection.RuntimeAssembly._nLoad(AssemblyName fileName, String codeBase, Evidence assemblySecurity, RuntimeAssembly locationHint, StackCrawlMark& stackMark, IntPtr pPrivHostBinder, Boolean throwOnFileNotFound, Boolean forIntrospection, Boolean suppressSecurityChecks)
   at System.Reflection.RuntimeAssembly.nLoad(AssemblyName fileName, String codeBase, Evidence assemblySecurity, RuntimeAssembly locationHint, StackCrawlMark& stackMark, IntPtr pPrivHostBinder, Boolean throwOnFileNotFound, Boolean forIntrospection, Boolean suppressSecurityChecks)
   at System.Reflection.RuntimeAssembly.InternalLoadAssemblyName(AssemblyName assemblyRef, Evidence assemblySecurity, RuntimeAssembly reqAssembly, StackCrawlMark& stackMark, IntPtr pPrivHostBinder, Boolean throwOnFileNotFound, Boolean forIntrospection, Boolean suppressSecurityChecks)
   at System.Reflection.Assembly.Load(AssemblyName assemblyRef)
   at Microsoft.VisualStudio.TestPlatform.Common.ExtensionFramework.TestPluginDiscoverer.GetTestExtensionsFromFiles[TPluginInfo,TExtension](String[] files, Dictionary`2 pluginInfos)

WRN: Assembly binding logging is turned OFF.
To enable assembly bind failure logging, set the registry value [HKLM\Software\Microsoft\Fusion!EnableLog] (DWORD) to 1.
Note: There is some performance penalty associated with assembly bind failure logging.
To turn this feature off, remove the registry value [HKLM\Software\Microsoft\Fusion!EnableLog].

TpTrace Warning: 0 : 10772, 3, 2021/11/18, 04:22:04.806, 390126748986, testhost.net48.x86.exe, TestPluginDiscoverer: Failed to load extensions from file 'C:\Program Files\dotnet\sdk\5.0.402\Extensions\Microsoft.VisualStudio.TestPlatform.Extensions.Html.TestLogger.dll'.  Skipping test extension scan for this file.  Error: System.IO.FileNotFoundException: Could not load file or assembly 'Microsoft.VisualStudio.TestPlatform.Extensions.Html.TestLogger' or one of its dependencies. The system cannot find the file specified.
File name: 'Microsoft.VisualStudio.TestPlatform.Extensions.Html.TestLogger'
   at System.Reflection.RuntimeAssembly._nLoad(AssemblyName fileName, String codeBase, Evidence assemblySecurity, RuntimeAssembly locationHint, StackCrawlMark& stackMark, IntPtr pPrivHostBinder, Boolean throwOnFileNotFound, Boolean forIntrospection, Boolean suppressSecurityChecks)
   at System.Reflection.RuntimeAssembly.nLoad(AssemblyName fileName, String codeBase, Evidence assemblySecurity, RuntimeAssembly locationHint, StackCrawlMark& stackMark, IntPtr pPrivHostBinder, Boolean throwOnFileNotFound, Boolean forIntrospection, Boolean suppressSecurityChecks)
   at System.Reflection.RuntimeAssembly.InternalLoadAssemblyName(AssemblyName assemblyRef, Evidence assemblySecurity, RuntimeAssembly reqAssembly, StackCrawlMark& stackMark, IntPtr pPrivHostBinder, Boolean throwOnFileNotFound, Boolean forIntrospection, Boolean suppressSecurityChecks)
   at System.Reflection.Assembly.Load(AssemblyName assemblyRef)
   at Microsoft.VisualStudio.TestPlatform.Common.ExtensionFramework.TestPluginDiscoverer.GetTestExtensionsFromFiles[TPluginInfo,TExtension](String[] files, Dictionary`2 pluginInfos)

WRN: Assembly binding logging is turned OFF.
To enable assembly bind failure logging, set the registry value [HKLM\Software\Microsoft\Fusion!EnableLog] (DWORD) to 1.
Note: There is some performance penalty associated with assembly bind failure logging.
To turn this feature off, remove the registry value [HKLM\Software\Microsoft\Fusion!EnableLog].

TpTrace Warning: 0 : 10772, 3, 2021/11/18, 04:22:04.806, 390126750679, testhost.net48.x86.exe, TestPluginDiscoverer: Failed to load extensions from file 'C:\Program Files\dotnet\sdk\5.0.402\Extensions\Microsoft.VisualStudio.TestPlatform.Extensions.Trx.TestLogger.dll'.  Skipping test extension scan for this file.  Error: System.IO.FileNotFoundException: Could not load file or assembly 'Microsoft.VisualStudio.TestPlatform.Extensions.Trx.TestLogger' or one of its dependencies. The system cannot find the file specified.
File name: 'Microsoft.VisualStudio.TestPlatform.Extensions.Trx.TestLogger'
   at System.Reflection.RuntimeAssembly._nLoad(AssemblyName fileName, String codeBase, Evidence assemblySecurity, RuntimeAssembly locationHint, StackCrawlMark& stackMark, IntPtr pPrivHostBinder, Boolean throwOnFileNotFound, Boolean forIntrospection, Boolean suppressSecurityChecks)
   at System.Reflection.RuntimeAssembly.nLoad(AssemblyName fileName, String codeBase, Evidence assemblySecurity, RuntimeAssembly locationHint, StackCrawlMark& stackMark, IntPtr pPrivHostBinder, Boolean throwOnFileNotFound, Boolean forIntrospection, Boolean suppressSecurityChecks)
   at System.Reflection.RuntimeAssembly.InternalLoadAssemblyName(AssemblyName assemblyRef, Evidence assemblySecurity, RuntimeAssembly reqAssembly, StackCrawlMark& stackMark, IntPtr pPrivHostBinder, Boolean throwOnFileNotFound, Boolean forIntrospection, Boolean suppressSecurityChecks)
   at System.Reflection.Assembly.Load(AssemblyName assemblyRef)
   at Microsoft.VisualStudio.TestPlatform.Common.ExtensionFramework.TestPluginDiscoverer.GetTestExtensionsFromFiles[TPluginInfo,TExtension](String[] files, Dictionary`2 pluginInfos)

WRN: Assembly binding logging is turned OFF.
To enable assembly bind failure logging, set the registry value [HKLM\Software\Microsoft\Fusion!EnableLog] (DWORD) to 1.
Note: There is some performance penalty associated with assembly bind failure logging.
To turn this feature off, remove the registry value [HKLM\Software\Microsoft\Fusion!EnableLog].

TpTrace Verbose: 0 : 10772, 3, 2021/11/18, 04:22:04.807, 390126753433, testhost.net48.x86.exe, TestPluginCache: Discovered the extensions using extension path ''.
TpTrace Verbose: 0 : 10772, 3, 2021/11/18, 04:22:04.807, 390126754356, testhost.net48.x86.exe, TestPluginCache: Discoverers are ''.
TpTrace Verbose: 0 : 10772, 3, 2021/11/18, 04:22:04.807, 390126754936, testhost.net48.x86.exe, TestPluginCache: Executors are 'executor://xunit/VsTestRunner2/net'.
TpTrace Verbose: 0 : 10772, 3, 2021/11/18, 04:22:04.807, 390126755524, testhost.net48.x86.exe, TestPluginCache: Executors2 are ''.
TpTrace Verbose: 0 : 10772, 3, 2021/11/18, 04:22:04.807, 390126756089, testhost.net48.x86.exe, TestPluginCache: Setting providers are ''.
TpTrace Verbose: 0 : 10772, 3, 2021/11/18, 04:22:04.807, 390126756631, testhost.net48.x86.exe, TestPluginCache: Loggers are ''.
TpTrace Information: 0 : 10772, 3, 2021/11/18, 04:22:04.845, 390127132906, testhost.net48.x86.exe, AssemblyResolver.OnResolve: xunit.runner.visualstudio.testadapter, Version=2.4.0.0, Culture=neutral, PublicKeyToken=8d05b1bb7a6fdb6c: Resolving assembly.
TpTrace Information: 0 : 10772, 3, 2021/11/18, 04:22:04.845, 390127134392, testhost.net48.x86.exe, AssemblyResolver.OnResolve: xunit.runner.visualstudio.testadapter, Version=2.4.0.0, Culture=neutral, PublicKeyToken=8d05b1bb7a6fdb6c: Searching in: 'C:\Program Files\dotnet\sdk\5.0.402\Extensions'.
TpTrace Information: 0 : 10772, 3, 2021/11/18, 04:22:04.845, 390127135847, testhost.net48.x86.exe, AssemblyResolver.OnResolve: xunit.runner.visualstudio.testadapter, Version=2.4.0.0, Culture=neutral, PublicKeyToken=8d05b1bb7a6fdb6c: Assembly path does not exist: 'C:\Program Files\dotnet\sdk\5.0.402\Extensions\xunit.runner.visualstudio.testadapter.dll', returning.
TpTrace Information: 0 : 10772, 3, 2021/11/18, 04:22:04.845, 390127136874, testhost.net48.x86.exe, AssemblyResolver.OnResolve: xunit.runner.visualstudio.testadapter, Version=2.4.0.0, Culture=neutral, PublicKeyToken=8d05b1bb7a6fdb6c: Assembly path does not exist: 'C:\Program Files\dotnet\sdk\5.0.402\Extensions\xunit.runner.visualstudio.testadapter.exe', returning.
TpTrace Information: 0 : 10772, 3, 2021/11/18, 04:22:04.845, 390127137527, testhost.net48.x86.exe, AssemblyResolver.OnResolve: xunit.runner.visualstudio.testadapter, Version=2.4.0.0, Culture=neutral, PublicKeyToken=8d05b1bb7a6fdb6c: Searching in: 'C:\Users\weiya\source\repos\AVENSYSTRG\AvensysTRG\FinalProj\SmartBasket\unittesting\bin\Debug\net48\fine-code-coverage\build-output'.
TpTrace Information: 0 : 10772, 3, 2021/11/18, 04:22:04.846, 390127142212, testhost.net48.x86.exe, AssemblyResolver.OnResolve: xunit.runner.visualstudio.testadapter, Version=2.4.0.0, Culture=neutral, PublicKeyToken=8d05b1bb7a6fdb6c: Loading assembly 'C:\Users\weiya\source\repos\AVENSYSTRG\AvensysTRG\FinalProj\SmartBasket\unittesting\bin\Debug\net48\fine-code-coverage\build-output\xunit.runner.visualstudio.testadapter.dll'.
TpTrace Information: 0 : 10772, 3, 2021/11/18, 04:22:04.846, 390127143238, testhost.net48.x86.exe, AssemblyResolver.OnResolve: Resolved assembly: xunit.runner.visualstudio.testadapter, Version=2.4.0.0, Culture=neutral, PublicKeyToken=8d05b1bb7a6fdb6c, from path: C:\Users\weiya\source\repos\AVENSYSTRG\AvensysTRG\FinalProj\SmartBasket\unittesting\bin\Debug\net48\fine-code-coverage\build-output\xunit.runner.visualstudio.testadapter.dll
TpTrace Information: 0 : 10772, 3, 2021/11/18, 04:22:04.846, 390127150010, testhost.net48.x86.exe, TestPluginManager.CreateTestExtension: Attempting to load test extension: Xunit.Runner.VisualStudio.VsTestRunner
TpTrace Verbose: 0 : 10772, 3, 2021/11/18, 04:22:04.846, 390127151267, testhost.net48.x86.exe, TestExecutorExtensionManager: Loading executor Xunit.Runner.VisualStudio.VsTestRunner
TpTrace Verbose: 0 : 10772, 3, 2021/11/18, 04:22:04.847, 390127152094, testhost.net48.x86.exe, TestExecutorService: Loaded the executors
TpTrace Verbose: 0 : 10772, 3, 2021/11/18, 04:22:04.848, 390127162495, testhost.net48.x86.exe, TestPluginCache.DiscoverTestExtensions: finding test extensions in assemblies ends with: TestAdapter.dll TPluginInfo: Microsoft.VisualStudio.TestPlatform.Common.ExtensionFramework.Utilities.TestSettingsProviderPluginInformation TExtension: Microsoft.VisualStudio.TestPlatform.ObjectModel.Adapter.ISettingsProvider
TpTrace Verbose: 0 : 10772, 3, 2021/11/18, 04:22:04.848, 390127163463, testhost.net48.x86.exe, TestPluginCache.GetExtensionPaths: Filtered extension paths: 
TpTrace Verbose: 0 : 10772, 3, 2021/11/18, 04:22:04.848, 390127164139, testhost.net48.x86.exe, TestPluginCache.GetExtensionPaths: Added default extension paths: C:\Program Files\dotnet\sdk\5.0.402\Extensions\Microsoft.Diagnostics.NETCore.Client.dll
C:\Program Files\dotnet\sdk\5.0.402\Extensions\Microsoft.TestPlatform.Extensions.BlameDataCollector.dll
C:\Program Files\dotnet\sdk\5.0.402\Extensions\Microsoft.TestPlatform.Extensions.EventLogCollector.dll
C:\Program Files\dotnet\sdk\5.0.402\Extensions\Microsoft.TestPlatform.TestHostRuntimeProvider.dll
C:\Program Files\dotnet\sdk\5.0.402\Extensions\Microsoft.VisualStudio.TestPlatform.Extensions.Html.TestLogger.dll
C:\Program Files\dotnet\sdk\5.0.402\Extensions\Microsoft.VisualStudio.TestPlatform.Extensions.Trx.TestLogger.dll
C:\Users\weiya\source\repos\AVENSYSTRG\AvensysTRG\FinalProj\SmartBasket\unittesting\bin\Debug\net48\fine-code-coverage\build-output\xunit.runner.visualstudio.testadapter.dll
TpTrace Verbose: 0 : 10772, 3, 2021/11/18, 04:22:04.848, 390127164792, testhost.net48.x86.exe, TestPluginCache.GetExtensionPaths: Added unfilterableExtensionPaths: 
TpTrace Information: 0 : 10772, 3, 2021/11/18, 04:22:04.848, 390127166422, testhost.net48.x86.exe, AssemblyResolver.AddSearchDirectories: Adding more searchDirectories C:\Program Files\dotnet\sdk\5.0.402\Extensions,C:\Users\weiya\source\repos\AVENSYSTRG\AvensysTRG\FinalProj\SmartBasket\unittesting\bin\Debug\net48\fine-code-coverage\build-output,C:\Program Files\dotnet\sdk\5.0.402\TestHost
TpTrace Verbose: 0 : 10772, 3, 2021/11/18, 04:22:04.848, 390127167134, testhost.net48.x86.exe, TestPluginCache.DiscoverTestExtensions: Discovering the extensions using extension path.
TpTrace Verbose: 0 : 10772, 3, 2021/11/18, 04:22:04.848, 390127167739, testhost.net48.x86.exe, TestPluginCache.GetExtensionPaths: Filtered extension paths: 
TpTrace Verbose: 0 : 10772, 3, 2021/11/18, 04:22:04.848, 390127168334, testhost.net48.x86.exe, TestPluginCache.GetExtensionPaths: Added default extension paths: C:\Program Files\dotnet\sdk\5.0.402\Extensions\Microsoft.Diagnostics.NETCore.Client.dll
C:\Program Files\dotnet\sdk\5.0.402\Extensions\Microsoft.TestPlatform.Extensions.BlameDataCollector.dll
C:\Program Files\dotnet\sdk\5.0.402\Extensions\Microsoft.TestPlatform.Extensions.EventLogCollector.dll
C:\Program Files\dotnet\sdk\5.0.402\Extensions\Microsoft.TestPlatform.TestHostRuntimeProvider.dll
C:\Program Files\dotnet\sdk\5.0.402\Extensions\Microsoft.VisualStudio.TestPlatform.Extensions.Html.TestLogger.dll
C:\Program Files\dotnet\sdk\5.0.402\Extensions\Microsoft.VisualStudio.TestPlatform.Extensions.Trx.TestLogger.dll
C:\Users\weiya\source\repos\AVENSYSTRG\AvensysTRG\FinalProj\SmartBasket\unittesting\bin\Debug\net48\fine-code-coverage\build-output\xunit.runner.visualstudio.testadapter.dll
TpTrace Verbose: 0 : 10772, 3, 2021/11/18, 04:22:04.848, 390127168969, testhost.net48.x86.exe, TestPluginCache.GetExtensionPaths: Added unfilterableExtensionPaths: 
TpTrace Verbose: 0 : 10772, 3, 2021/11/18, 04:22:04.848, 390127169596, testhost.net48.x86.exe, TestPluginCache.DiscoverTestExtensions: Discovering the extensions using allExtensionPaths: C:\Program Files\dotnet\sdk\5.0.402\Extensions\Microsoft.Diagnostics.NETCore.Client.dll
C:\Program Files\dotnet\sdk\5.0.402\Extensions\Microsoft.TestPlatform.Extensions.BlameDataCollector.dll
C:\Program Files\dotnet\sdk\5.0.402\Extensions\Microsoft.TestPlatform.Extensions.EventLogCollector.dll
C:\Program Files\dotnet\sdk\5.0.402\Extensions\Microsoft.TestPlatform.TestHostRuntimeProvider.dll
C:\Program Files\dotnet\sdk\5.0.402\Extensions\Microsoft.VisualStudio.TestPlatform.Extensions.Html.TestLogger.dll
C:\Program Files\dotnet\sdk\5.0.402\Extensions\Microsoft.VisualStudio.TestPlatform.Extensions.Trx.TestLogger.dll
C:\Users\weiya\source\repos\AVENSYSTRG\AvensysTRG\FinalProj\SmartBasket\unittesting\bin\Debug\net48\fine-code-coverage\build-output\xunit.runner.visualstudio.testadapter.dll
TpTrace Information: 0 : 10772, 3, 2021/11/18, 04:22:04.848, 390127170507, testhost.net48.x86.exe, AssemblyResolver.AddSearchDirectories: Adding more searchDirectories C:\Program Files\dotnet\sdk\5.0.402\Extensions,C:\Program Files\dotnet\sdk\5.0.402\TestHost
TpTrace Information: 0 : 10772, 3, 2021/11/18, 04:22:04.848, 390127171264, testhost.net48.x86.exe, AssemblyResolver.AddSearchDirectories: Adding more searchDirectories C:\Program Files\dotnet\sdk\5.0.402\Extensions,C:\Program Files\dotnet\sdk\5.0.402\TestHost
TpTrace Information: 0 : 10772, 3, 2021/11/18, 04:22:04.849, 390127171978, testhost.net48.x86.exe, AssemblyResolver.AddSearchDirectories: Adding more searchDirectories C:\Program Files\dotnet\sdk\5.0.402\Extensions,C:\Program Files\dotnet\sdk\5.0.402\TestHost
TpTrace Information: 0 : 10772, 3, 2021/11/18, 04:22:04.849, 390127172672, testhost.net48.x86.exe, AssemblyResolver.AddSearchDirectories: Adding more searchDirectories C:\Program Files\dotnet\sdk\5.0.402\Extensions,C:\Program Files\dotnet\sdk\5.0.402\TestHost
TpTrace Information: 0 : 10772, 3, 2021/11/18, 04:22:04.849, 390127173344, testhost.net48.x86.exe, AssemblyResolver.AddSearchDirectories: Adding more searchDirectories C:\Program Files\dotnet\sdk\5.0.402\Extensions,C:\Program Files\dotnet\sdk\5.0.402\TestHost
TpTrace Information: 0 : 10772, 3, 2021/11/18, 04:22:04.849, 390127174022, testhost.net48.x86.exe, AssemblyResolver.AddSearchDirectories: Adding more searchDirectories C:\Program Files\dotnet\sdk\5.0.402\Extensions,C:\Program Files\dotnet\sdk\5.0.402\TestHost
TpTrace Information: 0 : 10772, 3, 2021/11/18, 04:22:04.849, 390127174706, testhost.net48.x86.exe, AssemblyResolver.AddSearchDirectories: Adding more searchDirectories C:\Users\weiya\source\repos\AVENSYSTRG\AvensysTRG\FinalProj\SmartBasket\unittesting\bin\Debug\net48\fine-code-coverage\build-output,C:\Program Files\dotnet\sdk\5.0.402\TestHost
TpTrace Warning: 0 : 10772, 3, 2021/11/18, 04:22:04.849, 390127176886, testhost.net48.x86.exe, TestPluginDiscoverer: Failed to load extensions from file 'C:\Program Files\dotnet\sdk\5.0.402\Extensions\Microsoft.Diagnostics.NETCore.Client.dll'.  Skipping test extension scan for this file.  Error: System.IO.FileNotFoundException: Could not load file or assembly 'Microsoft.Diagnostics.NETCore.Client' or one of its dependencies. The system cannot find the file specified.
File name: 'Microsoft.Diagnostics.NETCore.Client'
   at System.Reflection.RuntimeAssembly._nLoad(AssemblyName fileName, String codeBase, Evidence assemblySecurity, RuntimeAssembly locationHint, StackCrawlMark& stackMark, IntPtr pPrivHostBinder, Boolean throwOnFileNotFound, Boolean forIntrospection, Boolean suppressSecurityChecks)
   at System.Reflection.RuntimeAssembly.nLoad(AssemblyName fileName, String codeBase, Evidence assemblySecurity, RuntimeAssembly locationHint, StackCrawlMark& stackMark, IntPtr pPrivHostBinder, Boolean throwOnFileNotFound, Boolean forIntrospection, Boolean suppressSecurityChecks)
   at System.Reflection.RuntimeAssembly.InternalLoadAssemblyName(AssemblyName assemblyRef, Evidence assemblySecurity, RuntimeAssembly reqAssembly, StackCrawlMark& stackMark, IntPtr pPrivHostBinder, Boolean throwOnFileNotFound, Boolean forIntrospection, Boolean suppressSecurityChecks)
   at System.Reflection.Assembly.Load(AssemblyName assemblyRef)
   at Microsoft.VisualStudio.TestPlatform.Common.ExtensionFramework.TestPluginDiscoverer.GetTestExtensionsFromFiles[TPluginInfo,TExtension](String[] files, Dictionary`2 pluginInfos)

WRN: Assembly binding logging is turned OFF.
To enable assembly bind failure logging, set the registry value [HKLM\Software\Microsoft\Fusion!EnableLog] (DWORD) to 1.
Note: There is some performance penalty associated with assembly bind failure logging.
To turn this feature off, remove the registry value [HKLM\Software\Microsoft\Fusion!EnableLog].

TpTrace Warning: 0 : 10772, 3, 2021/11/18, 04:22:04.849, 390127178731, testhost.net48.x86.exe, TestPluginDiscoverer: Failed to load extensions from file 'C:\Program Files\dotnet\sdk\5.0.402\Extensions\Microsoft.TestPlatform.Extensions.BlameDataCollector.dll'.  Skipping test extension scan for this file.  Error: System.IO.FileNotFoundException: Could not load file or assembly 'Microsoft.TestPlatform.Extensions.BlameDataCollector' or one of its dependencies. The system cannot find the file specified.
File name: 'Microsoft.TestPlatform.Extensions.BlameDataCollector'
   at System.Reflection.RuntimeAssembly._nLoad(AssemblyName fileName, String codeBase, Evidence assemblySecurity, RuntimeAssembly locationHint, StackCrawlMark& stackMark, IntPtr pPrivHostBinder, Boolean throwOnFileNotFound, Boolean forIntrospection, Boolean suppressSecurityChecks)
   at System.Reflection.RuntimeAssembly.nLoad(AssemblyName fileName, String codeBase, Evidence assemblySecurity, RuntimeAssembly locationHint, StackCrawlMark& stackMark, IntPtr pPrivHostBinder, Boolean throwOnFileNotFound, Boolean forIntrospection, Boolean suppressSecurityChecks)
   at System.Reflection.RuntimeAssembly.InternalLoadAssemblyName(AssemblyName assemblyRef, Evidence assemblySecurity, RuntimeAssembly reqAssembly, StackCrawlMark& stackMark, IntPtr pPrivHostBinder, Boolean throwOnFileNotFound, Boolean forIntrospection, Boolean suppressSecurityChecks)
   at System.Reflection.Assembly.Load(AssemblyName assemblyRef)
   at Microsoft.VisualStudio.TestPlatform.Common.ExtensionFramework.TestPluginDiscoverer.GetTestExtensionsFromFiles[TPluginInfo,TExtension](String[] files, Dictionary`2 pluginInfos)

WRN: Assembly binding logging is turned OFF.
To enable assembly bind failure logging, set the registry value [HKLM\Software\Microsoft\Fusion!EnableLog] (DWORD) to 1.
Note: There is some performance penalty associated with assembly bind failure logging.
To turn this feature off, remove the registry value [HKLM\Software\Microsoft\Fusion!EnableLog].

TpTrace Warning: 0 : 10772, 3, 2021/11/18, 04:22:04.849, 390127181258, testhost.net48.x86.exe, TestPluginDiscoverer: Failed to load extensions from file 'C:\Program Files\dotnet\sdk\5.0.402\Extensions\Microsoft.TestPlatform.TestHostRuntimeProvider.dll'.  Skipping test extension scan for this file.  Error: System.IO.FileNotFoundException: Could not load file or assembly 'Microsoft.TestPlatform.TestHostRuntimeProvider' or one of its dependencies. The system cannot find the file specified.
File name: 'Microsoft.TestPlatform.TestHostRuntimeProvider'
   at System.Reflection.RuntimeAssembly._nLoad(AssemblyName fileName, String codeBase, Evidence assemblySecurity, RuntimeAssembly locationHint, StackCrawlMark& stackMark, IntPtr pPrivHostBinder, Boolean throwOnFileNotFound, Boolean forIntrospection, Boolean suppressSecurityChecks)
   at System.Reflection.RuntimeAssembly.nLoad(AssemblyName fileName, String codeBase, Evidence assemblySecurity, RuntimeAssembly locationHint, StackCrawlMark& stackMark, IntPtr pPrivHostBinder, Boolean throwOnFileNotFound, Boolean forIntrospection, Boolean suppressSecurityChecks)
   at System.Reflection.RuntimeAssembly.InternalLoadAssemblyName(AssemblyName assemblyRef, Evidence assemblySecurity, RuntimeAssembly reqAssembly, StackCrawlMark& stackMark, IntPtr pPrivHostBinder, Boolean throwOnFileNotFound, Boolean forIntrospection, Boolean suppressSecurityChecks)
   at System.Reflection.Assembly.Load(AssemblyName assemblyRef)
   at Microsoft.VisualStudio.TestPlatform.Common.ExtensionFramework.TestPluginDiscoverer.GetTestExtensionsFromFiles[TPluginInfo,TExtension](String[] files, Dictionary`2 pluginInfos)

WRN: Assembly binding logging is turned OFF.
To enable assembly bind failure logging, set the registry value [HKLM\Software\Microsoft\Fusion!EnableLog] (DWORD) to 1.
Note: There is some performance penalty associated with assembly bind failure logging.
To turn this feature off, remove the registry value [HKLM\Software\Microsoft\Fusion!EnableLog].

TpTrace Warning: 0 : 10772, 3, 2021/11/18, 04:22:04.850, 390127183117, testhost.net48.x86.exe, TestPluginDiscoverer: Failed to load extensions from file 'C:\Program Files\dotnet\sdk\5.0.402\Extensions\Microsoft.VisualStudio.TestPlatform.Extensions.Html.TestLogger.dll'.  Skipping test extension scan for this file.  Error: System.IO.FileNotFoundException: Could not load file or assembly 'Microsoft.VisualStudio.TestPlatform.Extensions.Html.TestLogger' or one of its dependencies. The system cannot find the file specified.
File name: 'Microsoft.VisualStudio.TestPlatform.Extensions.Html.TestLogger'
   at System.Reflection.RuntimeAssembly._nLoad(AssemblyName fileName, String codeBase, Evidence assemblySecurity, RuntimeAssembly locationHint, StackCrawlMark& stackMark, IntPtr pPrivHostBinder, Boolean throwOnFileNotFound, Boolean forIntrospection, Boolean suppressSecurityChecks)
   at System.Reflection.RuntimeAssembly.nLoad(AssemblyName fileName, String codeBase, Evidence assemblySecurity, RuntimeAssembly locationHint, StackCrawlMark& stackMark, IntPtr pPrivHostBinder, Boolean throwOnFileNotFound, Boolean forIntrospection, Boolean suppressSecurityChecks)
   at System.Reflection.RuntimeAssembly.InternalLoadAssemblyName(AssemblyName assemblyRef, Evidence assemblySecurity, RuntimeAssembly reqAssembly, StackCrawlMark& stackMark, IntPtr pPrivHostBinder, Boolean throwOnFileNotFound, Boolean forIntrospection, Boolean suppressSecurityChecks)
   at System.Reflection.Assembly.Load(AssemblyName assemblyRef)
   at Microsoft.VisualStudio.TestPlatform.Common.ExtensionFramework.TestPluginDiscoverer.GetTestExtensionsFromFiles[TPluginInfo,TExtension](String[] files, Dictionary`2 pluginInfos)

WRN: Assembly binding logging is turned OFF.
To enable assembly bind failure logging, set the registry value [HKLM\Software\Microsoft\Fusion!EnableLog] (DWORD) to 1.
Note: There is some performance penalty associated with assembly bind failure logging.
To turn this feature off, remove the registry value [HKLM\Software\Microsoft\Fusion!EnableLog].

TpTrace Warning: 0 : 10772, 3, 2021/11/18, 04:22:04.850, 390127185065, testhost.net48.x86.exe, TestPluginDiscoverer: Failed to load extensions from file 'C:\Program Files\dotnet\sdk\5.0.402\Extensions\Microsoft.VisualStudio.TestPlatform.Extensions.Trx.TestLogger.dll'.  Skipping test extension scan for this file.  Error: System.IO.FileNotFoundException: Could not load file or assembly 'Microsoft.VisualStudio.TestPlatform.Extensions.Trx.TestLogger' or one of its dependencies. The system cannot find the file specified.
File name: 'Microsoft.VisualStudio.TestPlatform.Extensions.Trx.TestLogger'
   at System.Reflection.RuntimeAssembly._nLoad(AssemblyName fileName, String codeBase, Evidence assemblySecurity, RuntimeAssembly locationHint, StackCrawlMark& stackMark, IntPtr pPrivHostBinder, Boolean throwOnFileNotFound, Boolean forIntrospection, Boolean suppressSecurityChecks)
   at System.Reflection.RuntimeAssembly.nLoad(AssemblyName fileName, String codeBase, Evidence assemblySecurity, RuntimeAssembly locationHint, StackCrawlMark& stackMark, IntPtr pPrivHostBinder, Boolean throwOnFileNotFound, Boolean forIntrospection, Boolean suppressSecurityChecks)
   at System.Reflection.RuntimeAssembly.InternalLoadAssemblyName(AssemblyName assemblyRef, Evidence assemblySecurity, RuntimeAssembly reqAssembly, StackCrawlMark& stackMark, IntPtr pPrivHostBinder, Boolean throwOnFileNotFound, Boolean forIntrospection, Boolean suppressSecurityChecks)
   at System.Reflection.Assembly.Load(AssemblyName assemblyRef)
   at Microsoft.VisualStudio.TestPlatform.Common.ExtensionFramework.TestPluginDiscoverer.GetTestExtensionsFromFiles[TPluginInfo,TExtension](String[] files, Dictionary`2 pluginInfos)

WRN: Assembly binding logging is turned OFF.
To enable assembly bind failure logging, set the registry value [HKLM\Software\Microsoft\Fusion!EnableLog] (DWORD) to 1.
Note: There is some performance penalty associated with assembly bind failure logging.
To turn this feature off, remove the registry value [HKLM\Software\Microsoft\Fusion!EnableLog].

TpTrace Verbose: 0 : 10772, 3, 2021/11/18, 04:22:04.850, 390127188336, testhost.net48.x86.exe, TestPluginCache: Discovered the extensions using extension path ''.
TpTrace Verbose: 0 : 10772, 3, 2021/11/18, 04:22:04.850, 390127189106, testhost.net48.x86.exe, TestPluginCache: Discoverers are ''.
TpTrace Verbose: 0 : 10772, 3, 2021/11/18, 04:22:04.850, 390127189723, testhost.net48.x86.exe, TestPluginCache: Executors are 'executor://xunit/VsTestRunner2/net'.
TpTrace Verbose: 0 : 10772, 3, 2021/11/18, 04:22:04.850, 390127190301, testhost.net48.x86.exe, TestPluginCache: Executors2 are ''.
TpTrace Verbose: 0 : 10772, 3, 2021/11/18, 04:22:04.850, 390127190913, testhost.net48.x86.exe, TestPluginCache: Setting providers are ''.
TpTrace Verbose: 0 : 10772, 3, 2021/11/18, 04:22:04.850, 390127191495, testhost.net48.x86.exe, TestPluginCache: Loggers are ''.
TpTrace Verbose: 0 : 10772, 3, 2021/11/18, 04:22:04.851, 390127199864, testhost.net48.x86.exe, TestExecutorService: Loaded the settings providers
TpTrace Information: 0 : 10772, 3, 2021/11/18, 04:22:04.851, 390127200658, testhost.net48.x86.exe, TestExecutorService: Loaded the extensions
TpTrace Information: 0 : 10772, 3, 2021/11/18, 04:22:04.852, 390127206324, testhost.net48.x86.exe, TestRequestHandler.OnMessageReceived: Running job 'TestExecution.StartWithSources'.
TpTrace Information: 0 : 10772, 3, 2021/11/18, 04:22:04.912, 390127818053, testhost.net48.x86.exe, TestDiscoveryManager: Discovering tests from sources C:\Users\weiya\source\repos\AVENSYSTRG\AvensysTRG\FinalProj\SmartBasket\unittesting\bin\Debug\net48\fine-code-coverage\build-output\unittesting.dll
TpTrace Verbose: 0 : 10772, 3, 2021/11/18, 04:22:04.914, 390127836131, testhost.net48.x86.exe, TestPluginCache.DiscoverTestExtensions: finding test extensions in assemblies ends with: TestAdapter.dll TPluginInfo: Microsoft.VisualStudio.TestPlatform.Common.ExtensionFramework.Utilities.TestDiscovererPluginInformation TExtension: Microsoft.VisualStudio.TestPlatform.ObjectModel.Adapter.ITestDiscoverer
TpTrace Verbose: 0 : 10772, 3, 2021/11/18, 04:22:04.914, 390127837109, testhost.net48.x86.exe, TestPluginCache.GetExtensionPaths: Filtered extension paths: 
TpTrace Verbose: 0 : 10772, 3, 2021/11/18, 04:22:04.914, 390127837795, testhost.net48.x86.exe, TestPluginCache.GetExtensionPaths: Added default extension paths: C:\Program Files\dotnet\sdk\5.0.402\Extensions\Microsoft.Diagnostics.NETCore.Client.dll
C:\Program Files\dotnet\sdk\5.0.402\Extensions\Microsoft.TestPlatform.Extensions.BlameDataCollector.dll
C:\Program Files\dotnet\sdk\5.0.402\Extensions\Microsoft.TestPlatform.Extensions.EventLogCollector.dll
C:\Program Files\dotnet\sdk\5.0.402\Extensions\Microsoft.TestPlatform.TestHostRuntimeProvider.dll
C:\Program Files\dotnet\sdk\5.0.402\Extensions\Microsoft.VisualStudio.TestPlatform.Extensions.Html.TestLogger.dll
C:\Program Files\dotnet\sdk\5.0.402\Extensions\Microsoft.VisualStudio.TestPlatform.Extensions.Trx.TestLogger.dll
C:\Users\weiya\source\repos\AVENSYSTRG\AvensysTRG\FinalProj\SmartBasket\unittesting\bin\Debug\net48\fine-code-coverage\build-output\xunit.runner.visualstudio.testadapter.dll
TpTrace Verbose: 0 : 10772, 3, 2021/11/18, 04:22:04.914, 390127838447, testhost.net48.x86.exe, TestPluginCache.GetExtensionPaths: Added unfilterableExtensionPaths: 
TpTrace Information: 0 : 10772, 3, 2021/11/18, 04:22:04.914, 390127840086, testhost.net48.x86.exe, AssemblyResolver.AddSearchDirectories: Adding more searchDirectories C:\Program Files\dotnet\sdk\5.0.402\Extensions,C:\Users\weiya\source\repos\AVENSYSTRG\AvensysTRG\FinalProj\SmartBasket\unittesting\bin\Debug\net48\fine-code-coverage\build-output,C:\Program Files\dotnet\sdk\5.0.402\TestHost
TpTrace Verbose: 0 : 10772, 3, 2021/11/18, 04:22:04.915, 390127840846, testhost.net48.x86.exe, TestPluginCache.DiscoverTestExtensions: Discovering the extensions using extension path.
TpTrace Verbose: 0 : 10772, 3, 2021/11/18, 04:22:04.915, 390127841486, testhost.net48.x86.exe, TestPluginCache.GetExtensionPaths: Filtered extension paths: 
TpTrace Verbose: 0 : 10772, 3, 2021/11/18, 04:22:04.915, 390127842090, testhost.net48.x86.exe, TestPluginCache.GetExtensionPaths: Added default extension paths: C:\Program Files\dotnet\sdk\5.0.402\Extensions\Microsoft.Diagnostics.NETCore.Client.dll
C:\Program Files\dotnet\sdk\5.0.402\Extensions\Microsoft.TestPlatform.Extensions.BlameDataCollector.dll
C:\Program Files\dotnet\sdk\5.0.402\Extensions\Microsoft.TestPlatform.Extensions.EventLogCollector.dll
C:\Program Files\dotnet\sdk\5.0.402\Extensions\Microsoft.TestPlatform.TestHostRuntimeProvider.dll
C:\Program Files\dotnet\sdk\5.0.402\Extensions\Microsoft.VisualStudio.TestPlatform.Extensions.Html.TestLogger.dll
C:\Program Files\dotnet\sdk\5.0.402\Extensions\Microsoft.VisualStudio.TestPlatform.Extensions.Trx.TestLogger.dll
C:\Users\weiya\source\repos\AVENSYSTRG\AvensysTRG\FinalProj\SmartBasket\unittesting\bin\Debug\net48\fine-code-coverage\build-output\xunit.runner.visualstudio.testadapter.dll
TpTrace Verbose: 0 : 10772, 3, 2021/11/18, 04:22:04.915, 390127842723, testhost.net48.x86.exe, TestPluginCache.GetExtensionPaths: Added unfilterableExtensionPaths: 
TpTrace Verbose: 0 : 10772, 3, 2021/11/18, 04:22:04.915, 390127843341, testhost.net48.x86.exe, TestPluginCache.DiscoverTestExtensions: Discovering the extensions using allExtensionPaths: C:\Program Files\dotnet\sdk\5.0.402\Extensions\Microsoft.Diagnostics.NETCore.Client.dll
C:\Program Files\dotnet\sdk\5.0.402\Extensions\Microsoft.TestPlatform.Extensions.BlameDataCollector.dll
C:\Program Files\dotnet\sdk\5.0.402\Extensions\Microsoft.TestPlatform.Extensions.EventLogCollector.dll
C:\Program Files\dotnet\sdk\5.0.402\Extensions\Microsoft.TestPlatform.TestHostRuntimeProvider.dll
C:\Program Files\dotnet\sdk\5.0.402\Extensions\Microsoft.VisualStudio.TestPlatform.Extensions.Html.TestLogger.dll
C:\Program Files\dotnet\sdk\5.0.402\Extensions\Microsoft.VisualStudio.TestPlatform.Extensions.Trx.TestLogger.dll
C:\Users\weiya\source\repos\AVENSYSTRG\AvensysTRG\FinalProj\SmartBasket\unittesting\bin\Debug\net48\fine-code-coverage\build-output\xunit.runner.visualstudio.testadapter.dll
TpTrace Information: 0 : 10772, 3, 2021/11/18, 04:22:04.915, 390127844229, testhost.net48.x86.exe, AssemblyResolver.AddSearchDirectories: Adding more searchDirectories C:\Program Files\dotnet\sdk\5.0.402\Extensions,C:\Program Files\dotnet\sdk\5.0.402\TestHost
TpTrace Information: 0 : 10772, 3, 2021/11/18, 04:22:04.915, 390127844947, testhost.net48.x86.exe, AssemblyResolver.AddSearchDirectories: Adding more searchDirectories C:\Program Files\dotnet\sdk\5.0.402\Extensions,C:\Program Files\dotnet\sdk\5.0.402\TestHost
TpTrace Information: 0 : 10772, 3, 2021/11/18, 04:22:04.915, 390127845625, testhost.net48.x86.exe, AssemblyResolver.AddSearchDirectories: Adding more searchDirectories C:\Program Files\dotnet\sdk\5.0.402\Extensions,C:\Program Files\dotnet\sdk\5.0.402\TestHost
TpTrace Information: 0 : 10772, 3, 2021/11/18, 04:22:04.915, 390127846289, testhost.net48.x86.exe, AssemblyResolver.AddSearchDirectories: Adding more searchDirectories C:\Program Files\dotnet\sdk\5.0.402\Extensions,C:\Program Files\dotnet\sdk\5.0.402\TestHost
TpTrace Information: 0 : 10772, 3, 2021/11/18, 04:22:04.915, 390127846980, testhost.net48.x86.exe, AssemblyResolver.AddSearchDirectories: Adding more searchDirectories C:\Program Files\dotnet\sdk\5.0.402\Extensions,C:\Program Files\dotnet\sdk\5.0.402\TestHost
TpTrace Information: 0 : 10772, 3, 2021/11/18, 04:22:04.915, 390127847643, testhost.net48.x86.exe, AssemblyResolver.AddSearchDirectories: Adding more searchDirectories C:\Program Files\dotnet\sdk\5.0.402\Extensions,C:\Program Files\dotnet\sdk\5.0.402\TestHost
TpTrace Information: 0 : 10772, 3, 2021/11/18, 04:22:04.915, 390127848331, testhost.net48.x86.exe, AssemblyResolver.AddSearchDirectories: Adding more searchDirectories C:\Users\weiya\source\repos\AVENSYSTRG\AvensysTRG\FinalProj\SmartBasket\unittesting\bin\Debug\net48\fine-code-coverage\build-output,C:\Program Files\dotnet\sdk\5.0.402\TestHost
TpTrace Warning: 0 : 10772, 3, 2021/11/18, 04:22:04.916, 390127851474, testhost.net48.x86.exe, TestPluginDiscoverer: Failed to load extensions from file 'C:\Program Files\dotnet\sdk\5.0.402\Extensions\Microsoft.Diagnostics.NETCore.Client.dll'.  Skipping test extension scan for this file.  Error: System.IO.FileNotFoundException: Could not load file or assembly 'Microsoft.Diagnostics.NETCore.Client' or one of its dependencies. The system cannot find the file specified.
File name: 'Microsoft.Diagnostics.NETCore.Client'
   at System.Reflection.RuntimeAssembly._nLoad(AssemblyName fileName, String codeBase, Evidence assemblySecurity, RuntimeAssembly locationHint, StackCrawlMark& stackMark, IntPtr pPrivHostBinder, Boolean throwOnFileNotFound, Boolean forIntrospection, Boolean suppressSecurityChecks)
   at System.Reflection.RuntimeAssembly.nLoad(AssemblyName fileName, String codeBase, Evidence assemblySecurity, RuntimeAssembly locationHint, StackCrawlMark& stackMark, IntPtr pPrivHostBinder, Boolean throwOnFileNotFound, Boolean forIntrospection, Boolean suppressSecurityChecks)
   at System.Reflection.RuntimeAssembly.InternalLoadAssemblyName(AssemblyName assemblyRef, Evidence assemblySecurity, RuntimeAssembly reqAssembly, StackCrawlMark& stackMark, IntPtr pPrivHostBinder, Boolean throwOnFileNotFound, Boolean forIntrospection, Boolean suppressSecurityChecks)
   at System.Reflection.Assembly.Load(AssemblyName assemblyRef)
   at Microsoft.VisualStudio.TestPlatform.Common.ExtensionFramework.TestPluginDiscoverer.GetTestExtensionsFromFiles[TPluginInfo,TExtension](String[] files, Dictionary`2 pluginInfos)

WRN: Assembly binding logging is turned OFF.
To enable assembly bind failure logging, set the registry value [HKLM\Software\Microsoft\Fusion!EnableLog] (DWORD) to 1.
Note: There is some performance penalty associated with assembly bind failure logging.
To turn this feature off, remove the registry value [HKLM\Software\Microsoft\Fusion!EnableLog].

TpTrace Warning: 0 : 10772, 3, 2021/11/18, 04:22:04.916, 390127855808, testhost.net48.x86.exe, TestPluginDiscoverer: Failed to load extensions from file 'C:\Program Files\dotnet\sdk\5.0.402\Extensions\Microsoft.TestPlatform.Extensions.BlameDataCollector.dll'.  Skipping test extension scan for this file.  Error: System.IO.FileNotFoundException: Could not load file or assembly 'Microsoft.TestPlatform.Extensions.BlameDataCollector' or one of its dependencies. The system cannot find the file specified.
File name: 'Microsoft.TestPlatform.Extensions.BlameDataCollector'
   at System.Reflection.RuntimeAssembly._nLoad(AssemblyName fileName, String codeBase, Evidence assemblySecurity, RuntimeAssembly locationHint, StackCrawlMark& stackMark, IntPtr pPrivHostBinder, Boolean throwOnFileNotFound, Boolean forIntrospection, Boolean suppressSecurityChecks)
   at System.Reflection.RuntimeAssembly.nLoad(AssemblyName fileName, String codeBase, Evidence assemblySecurity, RuntimeAssembly locationHint, StackCrawlMark& stackMark, IntPtr pPrivHostBinder, Boolean throwOnFileNotFound, Boolean forIntrospection, Boolean suppressSecurityChecks)
   at System.Reflection.RuntimeAssembly.InternalLoadAssemblyName(AssemblyName assemblyRef, Evidence assemblySecurity, RuntimeAssembly reqAssembly, StackCrawlMark& stackMark, IntPtr pPrivHostBinder, Boolean throwOnFileNotFound, Boolean forIntrospection, Boolean suppressSecurityChecks)
   at System.Reflection.Assembly.Load(AssemblyName assemblyRef)
   at Microsoft.VisualStudio.TestPlatform.Common.ExtensionFramework.TestPluginDiscoverer.GetTestExtensionsFromFiles[TPluginInfo,TExtension](String[] files, Dictionary`2 pluginInfos)

WRN: Assembly binding logging is turned OFF.
To enable assembly bind failure logging, set the registry value [HKLM\Software\Microsoft\Fusion!EnableLog] (DWORD) to 1.
Note: There is some performance penalty associated with assembly bind failure logging.
To turn this feature off, remove the registry value [HKLM\Software\Microsoft\Fusion!EnableLog].

TpTrace Warning: 0 : 10772, 3, 2021/11/18, 04:22:04.917, 390127861767, testhost.net48.x86.exe, TestPluginDiscoverer: Failed to load extensions from file 'C:\Program Files\dotnet\sdk\5.0.402\Extensions\Microsoft.TestPlatform.TestHostRuntimeProvider.dll'.  Skipping test extension scan for this file.  Error: System.IO.FileNotFoundException: Could not load file or assembly 'Microsoft.TestPlatform.TestHostRuntimeProvider' or one of its dependencies. The system cannot find the file specified.
File name: 'Microsoft.TestPlatform.TestHostRuntimeProvider'
   at System.Reflection.RuntimeAssembly._nLoad(AssemblyName fileName, String codeBase, Evidence assemblySecurity, RuntimeAssembly locationHint, StackCrawlMark& stackMark, IntPtr pPrivHostBinder, Boolean throwOnFileNotFound, Boolean forIntrospection, Boolean suppressSecurityChecks)
   at System.Reflection.RuntimeAssembly.nLoad(AssemblyName fileName, String codeBase, Evidence assemblySecurity, RuntimeAssembly locationHint, StackCrawlMark& stackMark, IntPtr pPrivHostBinder, Boolean throwOnFileNotFound, Boolean forIntrospection, Boolean suppressSecurityChecks)
   at System.Reflection.RuntimeAssembly.InternalLoadAssemblyName(AssemblyName assemblyRef, Evidence assemblySecurity, RuntimeAssembly reqAssembly, StackCrawlMark& stackMark, IntPtr pPrivHostBinder, Boolean throwOnFileNotFound, Boolean forIntrospection, Boolean suppressSecurityChecks)
   at System.Reflection.Assembly.Load(AssemblyName assemblyRef)
   at Microsoft.VisualStudio.TestPlatform.Common.ExtensionFramework.TestPluginDiscoverer.GetTestExtensionsFromFiles[TPluginInfo,TExtension](String[] files, Dictionary`2 pluginInfos)

WRN: Assembly binding logging is turned OFF.
To enable assembly bind failure logging, set the registry value [HKLM\Software\Microsoft\Fusion!EnableLog] (DWORD) to 1.
Note: There is some performance penalty associated with assembly bind failure logging.
To turn this feature off, remove the registry value [HKLM\Software\Microsoft\Fusion!EnableLog].

TpTrace Warning: 0 : 10772, 3, 2021/11/18, 04:22:04.917, 390127865430, testhost.net48.x86.exe, TestPluginDiscoverer: Failed to load extensions from file 'C:\Program Files\dotnet\sdk\5.0.402\Extensions\Microsoft.VisualStudio.TestPlatform.Extensions.Html.TestLogger.dll'.  Skipping test extension scan for this file.  Error: System.IO.FileNotFoundException: Could not load file or assembly 'Microsoft.VisualStudio.TestPlatform.Extensions.Html.TestLogger' or one of its dependencies. The system cannot find the file specified.
File name: 'Microsoft.VisualStudio.TestPlatform.Extensions.Html.TestLogger'
   at System.Reflection.RuntimeAssembly._nLoad(AssemblyName fileName, String codeBase, Evidence assemblySecurity, RuntimeAssembly locationHint, StackCrawlMark& stackMark, IntPtr pPrivHostBinder, Boolean throwOnFileNotFound, Boolean forIntrospection, Boolean suppressSecurityChecks)
   at System.Reflection.RuntimeAssembly.nLoad(AssemblyName fileName, String codeBase, Evidence assemblySecurity, RuntimeAssembly locationHint, StackCrawlMark& stackMark, IntPtr pPrivHostBinder, Boolean throwOnFileNotFound, Boolean forIntrospection, Boolean suppressSecurityChecks)
   at System.Reflection.RuntimeAssembly.InternalLoadAssemblyName(AssemblyName assemblyRef, Evidence assemblySecurity, RuntimeAssembly reqAssembly, StackCrawlMark& stackMark, IntPtr pPrivHostBinder, Boolean throwOnFileNotFound, Boolean forIntrospection, Boolean suppressSecurityChecks)
   at System.Reflection.Assembly.Load(AssemblyName assemblyRef)
   at Microsoft.VisualStudio.TestPlatform.Common.ExtensionFramework.TestPluginDiscoverer.GetTestExtensionsFromFiles[TPluginInfo,TExtension](String[] files, Dictionary`2 pluginInfos)

WRN: Assembly binding logging is turned OFF.
To enable assembly bind failure logging, set the registry value [HKLM\Software\Microsoft\Fusion!EnableLog] (DWORD) to 1.
Note: There is some performance penalty associated with assembly bind failure logging.
To turn this feature off, remove the registry value [HKLM\Software\Microsoft\Fusion!EnableLog].

TpTrace Warning: 0 : 10772, 3, 2021/11/18, 04:22:04.917, 390127868263, testhost.net48.x86.exe, TestPluginDiscoverer: Failed to load extensions from file 'C:\Program Files\dotnet\sdk\5.0.402\Extensions\Microsoft.VisualStudio.TestPlatform.Extensions.Trx.TestLogger.dll'.  Skipping test extension scan for this file.  Error: System.IO.FileNotFoundException: Could not load file or assembly 'Microsoft.VisualStudio.TestPlatform.Extensions.Trx.TestLogger' or one of its dependencies. The system cannot find the file specified.
File name: 'Microsoft.VisualStudio.TestPlatform.Extensions.Trx.TestLogger'
   at System.Reflection.RuntimeAssembly._nLoad(AssemblyName fileName, String codeBase, Evidence assemblySecurity, RuntimeAssembly locationHint, StackCrawlMark& stackMark, IntPtr pPrivHostBinder, Boolean throwOnFileNotFound, Boolean forIntrospection, Boolean suppressSecurityChecks)
   at System.Reflection.RuntimeAssembly.nLoad(AssemblyName fileName, String codeBase, Evidence assemblySecurity, RuntimeAssembly locationHint, StackCrawlMark& stackMark, IntPtr pPrivHostBinder, Boolean throwOnFileNotFound, Boolean forIntrospection, Boolean suppressSecurityChecks)
   at System.Reflection.RuntimeAssembly.InternalLoadAssemblyName(AssemblyName assemblyRef, Evidence assemblySecurity, RuntimeAssembly reqAssembly, StackCrawlMark& stackMark, IntPtr pPrivHostBinder, Boolean throwOnFileNotFound, Boolean forIntrospection, Boolean suppressSecurityChecks)
   at System.Reflection.Assembly.Load(AssemblyName assemblyRef)
   at Microsoft.VisualStudio.TestPlatform.Common.ExtensionFramework.TestPluginDiscoverer.GetTestExtensionsFromFiles[TPluginInfo,TExtension](String[] files, Dictionary`2 pluginInfos)

WRN: Assembly binding logging is turned OFF.
To enable assembly bind failure logging, set the registry value [HKLM\Software\Microsoft\Fusion!EnableLog] (DWORD) to 1.
Note: There is some performance penalty associated with assembly bind failure logging.
To turn this feature off, remove the registry value [HKLM\Software\Microsoft\Fusion!EnableLog].

TpTrace Verbose: 0 : 10772, 3, 2021/11/18, 04:22:04.920, 390127892648, testhost.net48.x86.exe, TestPluginCache: Discovered the extensions using extension path ''.
TpTrace Verbose: 0 : 10772, 3, 2021/11/18, 04:22:04.920, 390127894587, testhost.net48.x86.exe, TestPluginCache: Discoverers are 'Xunit.Runner.VisualStudio.VsTestRunner, xunit.runner.visualstudio.testadapter, Version=2.4.0.0, Culture=neutral, PublicKeyToken=8d05b1bb7a6fdb6c'.
TpTrace Verbose: 0 : 10772, 3, 2021/11/18, 04:22:04.920, 390127895306, testhost.net48.x86.exe, TestPluginCache: Executors are 'executor://xunit/VsTestRunner2/net'.
TpTrace Verbose: 0 : 10772, 3, 2021/11/18, 04:22:04.920, 390127896098, testhost.net48.x86.exe, TestPluginCache: Executors2 are ''.
TpTrace Verbose: 0 : 10772, 3, 2021/11/18, 04:22:04.920, 390127896819, testhost.net48.x86.exe, TestPluginCache: Setting providers are ''.
TpTrace Verbose: 0 : 10772, 3, 2021/11/18, 04:22:04.920, 390127897562, testhost.net48.x86.exe, TestPluginCache: Loggers are ''.
TpTrace Information: 0 : 10772, 3, 2021/11/18, 04:22:04.967, 390128362989, testhost.net48.x86.exe, PEReaderHelper.GetAssemblyType: Determined assemblyType:'Managed' for source: 'C:\Users\weiya\source\repos\AVENSYSTRG\AvensysTRG\FinalProj\SmartBasket\unittesting\bin\Debug\net48\fine-code-coverage\build-output\unittesting.dll'
TpTrace Verbose: 0 : 10772, 3, 2021/11/18, 04:22:04.972, 390128413554, testhost.net48.x86.exe, BaseRunTests.RunTestInternalWithExecutors: Running tests for executor://xunit/VsTestRunner2/net
TpTrace Verbose: 0 : 10772, 3, 2021/11/18, 04:22:04.973, 390128418959, testhost.net48.x86.exe, BaseRunTests.TryToRunInSTAThread: Using STA thread to call adapter API.
TpTrace Information: 0 : 10772, 12, 2021/11/18, 04:22:04.983, 390128519311, testhost.net48.x86.exe, [xUnit.net 00:00:00.00] xUnit.net VSTest Adapter v2.4.3+1b45f5407b (32-bit Desktop .NET 4.0.30319.42000)
TpTrace Verbose: 0 : 10772, 12, 2021/11/18, 04:22:04.983, 390128521201, testhost.net48.x86.exe, TestRequestHandler.SendData:  sending data from testhost: {"Version":5,"MessageType":"TestSession.Message","Payload":{"MessageLevel":0,"Message":"[xUnit.net 00:00:00.00] xUnit.net VSTest Adapter v2.4.3+1b45f5407b (32-bit Desktop .NET 4.0.30319.42000)"}}
TpTrace Information: 0 : 10772, 12, 2021/11/18, 04:22:05.117, 390129863300, testhost.net48.x86.exe, AssemblyResolver.OnResolve: xunit.runner.utility.net452, Version=2.4.1.0, Culture=neutral, PublicKeyToken=8d05b1bb7a6fdb6c: Resolving assembly.
TpTrace Information: 0 : 10772, 12, 2021/11/18, 04:22:05.117, 390129864652, testhost.net48.x86.exe, AssemblyResolver.OnResolve: xunit.runner.utility.net452, Version=2.4.1.0, Culture=neutral, PublicKeyToken=8d05b1bb7a6fdb6c: Searching in: 'C:\Program Files\dotnet\sdk\5.0.402\Extensions'.
TpTrace Information: 0 : 10772, 12, 2021/11/18, 04:22:05.118, 390129865802, testhost.net48.x86.exe, AssemblyResolver.OnResolve: xunit.runner.utility.net452, Version=2.4.1.0, Culture=neutral, PublicKeyToken=8d05b1bb7a6fdb6c: Assembly path does not exist: 'C:\Program Files\dotnet\sdk\5.0.402\Extensions\xunit.runner.utility.net452.dll', returning.
TpTrace Information: 0 : 10772, 12, 2021/11/18, 04:22:05.118, 390129866814, testhost.net48.x86.exe, AssemblyResolver.OnResolve: xunit.runner.utility.net452, Version=2.4.1.0, Culture=neutral, PublicKeyToken=8d05b1bb7a6fdb6c: Assembly path does not exist: 'C:\Program Files\dotnet\sdk\5.0.402\Extensions\xunit.runner.utility.net452.exe', returning.
TpTrace Information: 0 : 10772, 12, 2021/11/18, 04:22:05.118, 390129867450, testhost.net48.x86.exe, AssemblyResolver.OnResolve: xunit.runner.utility.net452, Version=2.4.1.0, Culture=neutral, PublicKeyToken=8d05b1bb7a6fdb6c: Searching in: 'C:\Users\weiya\source\repos\AVENSYSTRG\AvensysTRG\FinalProj\SmartBasket\unittesting\bin\Debug\net48\fine-code-coverage\build-output'.
TpTrace Information: 0 : 10772, 12, 2021/11/18, 04:22:05.118, 390129871729, testhost.net48.x86.exe, AssemblyResolver.OnResolve: xunit.runner.utility.net452, Version=2.4.1.0, Culture=neutral, PublicKeyToken=8d05b1bb7a6fdb6c: Loading assembly 'C:\Users\weiya\source\repos\AVENSYSTRG\AvensysTRG\FinalProj\SmartBasket\unittesting\bin\Debug\net48\fine-code-coverage\build-output\xunit.runner.utility.net452.dll'.
TpTrace Information: 0 : 10772, 12, 2021/11/18, 04:22:05.119, 390129880191, testhost.net48.x86.exe, AssemblyResolver.OnResolve: Resolved assembly: xunit.runner.utility.net452, Version=2.4.1.0, Culture=neutral, PublicKeyToken=8d05b1bb7a6fdb6c, from path: C:\Users\weiya\source\repos\AVENSYSTRG\AvensysTRG\FinalProj\SmartBasket\unittesting\bin\Debug\net48\fine-code-coverage\build-output\xunit.runner.utility.net452.dll
TpTrace Information: 0 : 10772, 12, 2021/11/18, 04:22:05.119, 390129883981, testhost.net48.x86.exe, AssemblyResolver.OnResolve: xunit.abstractions, Version=2.0.0.0, Culture=neutral, PublicKeyToken=8d05b1bb7a6fdb6c: Resolving assembly.
TpTrace Information: 0 : 10772, 12, 2021/11/18, 04:22:05.120, 390129885440, testhost.net48.x86.exe, AssemblyResolver.OnResolve: xunit.abstractions, Version=2.0.0.0, Culture=neutral, PublicKeyToken=8d05b1bb7a6fdb6c: Searching in: 'C:\Program Files\dotnet\sdk\5.0.402\Extensions'.
TpTrace Information: 0 : 10772, 12, 2021/11/18, 04:22:05.120, 390129887721, testhost.net48.x86.exe, AssemblyResolver.OnResolve: xunit.abstractions, Version=2.0.0.0, Culture=neutral, PublicKeyToken=8d05b1bb7a6fdb6c: Assembly path does not exist: 'C:\Program Files\dotnet\sdk\5.0.402\Extensions\xunit.abstractions.dll', returning.
TpTrace Information: 0 : 10772, 12, 2021/11/18, 04:22:05.120, 390129889807, testhost.net48.x86.exe, AssemblyResolver.OnResolve: xunit.abstractions, Version=2.0.0.0, Culture=neutral, PublicKeyToken=8d05b1bb7a6fdb6c: Assembly path does not exist: 'C:\Program Files\dotnet\sdk\5.0.402\Extensions\xunit.abstractions.exe', returning.
TpTrace Information: 0 : 10772, 12, 2021/11/18, 04:22:05.120, 390129891117, testhost.net48.x86.exe, AssemblyResolver.OnResolve: xunit.abstractions, Version=2.0.0.0, Culture=neutral, PublicKeyToken=8d05b1bb7a6fdb6c: Searching in: 'C:\Users\weiya\source\repos\AVENSYSTRG\AvensysTRG\FinalProj\SmartBasket\unittesting\bin\Debug\net48\fine-code-coverage\build-output'.
TpTrace Information: 0 : 10772, 12, 2021/11/18, 04:22:05.121, 390129899024, testhost.net48.x86.exe, AssemblyResolver.OnResolve: xunit.abstractions, Version=2.0.0.0, Culture=neutral, PublicKeyToken=8d05b1bb7a6fdb6c: Loading assembly 'C:\Users\weiya\source\repos\AVENSYSTRG\AvensysTRG\FinalProj\SmartBasket\unittesting\bin\Debug\net48\fine-code-coverage\build-output\xunit.abstractions.dll'.
TpTrace Information: 0 : 10772, 12, 2021/11/18, 04:22:05.122, 390129911451, testhost.net48.x86.exe, AssemblyResolver.OnResolve: Resolved assembly: xunit.abstractions, Version=2.0.0.0, Culture=neutral, PublicKeyToken=8d05b1bb7a6fdb6c, from path: C:\Users\weiya\source\repos\AVENSYSTRG\AvensysTRG\FinalProj\SmartBasket\unittesting\bin\Debug\net48\fine-code-coverage\build-output\xunit.abstractions.dll
TpTrace Information: 0 : 10772, 12, 2021/11/18, 04:22:05.712, 390135816620, testhost.net48.x86.exe, [xUnit.net 00:00:00.73]   Discovering: unittesting
TpTrace Verbose: 0 : 10772, 12, 2021/11/18, 04:22:05.712, 390135818455, testhost.net48.x86.exe, TestRequestHandler.SendData:  sending data from testhost: {"Version":5,"MessageType":"TestSession.Message","Payload":{"MessageLevel":0,"Message":"[xUnit.net 00:00:00.73]   Discovering: unittesting"}}
TpTrace Verbose: 0 : 10772, 8, 2021/11/18, 04:22:05.728, 390135969975, testhost.net48.x86.exe, TcpClientExtensions.MessageLoopAsync: Polling on remoteEndPoint: 127.0.0.1:52256 localEndPoint: 127.0.0.1:52257
TpTrace Information: 0 : 10772, 12, 2021/11/18, 04:22:05.797, 390136660594, testhost.net48.x86.exe, [xUnit.net 00:00:00.81]   Discovered:  unittesting
TpTrace Verbose: 0 : 10772, 12, 2021/11/18, 04:22:05.797, 390136662001, testhost.net48.x86.exe, TestRequestHandler.SendData:  sending data from testhost: {"Version":5,"MessageType":"TestSession.Message","Payload":{"MessageLevel":0,"Message":"[xUnit.net 00:00:00.81]   Discovered:  unittesting"}}
TpTrace Information: 0 : 10772, 12, 2021/11/18, 04:22:05.801, 390136703569, testhost.net48.x86.exe, [xUnit.net 00:00:00.82]   Starting:    unittesting
TpTrace Verbose: 0 : 10772, 12, 2021/11/18, 04:22:05.801, 390136705186, testhost.net48.x86.exe, TestRequestHandler.SendData:  sending data from testhost: {"Version":5,"MessageType":"TestSession.Message","Payload":{"MessageLevel":0,"Message":"[xUnit.net 00:00:00.82]   Starting:    unittesting"}}
TpTrace Information: 0 : 10772, 12, 2021/11/18, 04:22:05.805, 390136741249, testhost.net48.x86.exe, AssemblyResolver.OnResolve: xunit.execution.desktop, Version=2.4.1.0, Culture=neutral, PublicKeyToken=8d05b1bb7a6fdb6c: Resolving assembly.
TpTrace Information: 0 : 10772, 12, 2021/11/18, 04:22:05.805, 390136742515, testhost.net48.x86.exe, AssemblyResolver.OnResolve: xunit.execution.desktop, Version=2.4.1.0, Culture=neutral, PublicKeyToken=8d05b1bb7a6fdb6c: Searching in: 'C:\Program Files\dotnet\sdk\5.0.402\Extensions'.
TpTrace Information: 0 : 10772, 12, 2021/11/18, 04:22:05.805, 390136744381, testhost.net48.x86.exe, AssemblyResolver.OnResolve: xunit.execution.desktop, Version=2.4.1.0, Culture=neutral, PublicKeyToken=8d05b1bb7a6fdb6c: Assembly path does not exist: 'C:\Program Files\dotnet\sdk\5.0.402\Extensions\xunit.execution.desktop.dll', returning.
TpTrace Information: 0 : 10772, 12, 2021/11/18, 04:22:05.805, 390136745633, testhost.net48.x86.exe, AssemblyResolver.OnResolve: xunit.execution.desktop, Version=2.4.1.0, Culture=neutral, PublicKeyToken=8d05b1bb7a6fdb6c: Assembly path does not exist: 'C:\Program Files\dotnet\sdk\5.0.402\Extensions\xunit.execution.desktop.exe', returning.
TpTrace Information: 0 : 10772, 12, 2021/11/18, 04:22:05.805, 390136746331, testhost.net48.x86.exe, AssemblyResolver.OnResolve: xunit.execution.desktop, Version=2.4.1.0, Culture=neutral, PublicKeyToken=8d05b1bb7a6fdb6c: Searching in: 'C:\Users\weiya\source\repos\AVENSYSTRG\AvensysTRG\FinalProj\SmartBasket\unittesting\bin\Debug\net48\fine-code-coverage\build-output'.
TpTrace Information: 0 : 10772, 12, 2021/11/18, 04:22:05.806, 390136755357, testhost.net48.x86.exe, AssemblyResolver.OnResolve: xunit.execution.desktop, Version=2.4.1.0, Culture=neutral, PublicKeyToken=8d05b1bb7a6fdb6c: Loading assembly 'C:\Users\weiya\source\repos\AVENSYSTRG\AvensysTRG\FinalProj\SmartBasket\unittesting\bin\Debug\net48\fine-code-coverage\build-output\xunit.execution.desktop.dll'.
TpTrace Information: 0 : 10772, 12, 2021/11/18, 04:22:05.807, 390136762395, testhost.net48.x86.exe, AssemblyResolver.OnResolve: Resolved assembly: xunit.execution.desktop, Version=2.4.1.0, Culture=neutral, PublicKeyToken=8d05b1bb7a6fdb6c, from path: C:\Users\weiya\source\repos\AVENSYSTRG\AvensysTRG\FinalProj\SmartBasket\unittesting\bin\Debug\net48\fine-code-coverage\build-output\xunit.execution.desktop.dll
TpTrace Information: 0 : 10772, 12, 2021/11/18, 04:22:05.807, 390136765004, testhost.net48.x86.exe, AssemblyResolver.OnResolve: xunit.execution.desktop, Version=2.4.1.0, Culture=neutral, PublicKeyToken=8d05b1bb7a6fdb6c: Resolving assembly.
TpTrace Information: 0 : 10772, 12, 2021/11/18, 04:22:05.807, 390136766223, testhost.net48.x86.exe, AssemblyResolver.OnResolve: xunit.execution.desktop, Version=2.4.1.0, Culture=neutral, PublicKeyToken=8d05b1bb7a6fdb6c: Resolved from cache.
TpTrace Information: 0 : 10772, 12, 2021/11/18, 04:22:05.808, 390136769562, testhost.net48.x86.exe, AssemblyResolver.OnResolve: xunit.abstractions, Version=2.0.0.0, Culture=neutral, PublicKeyToken=8d05b1bb7a6fdb6c: Resolving assembly.
TpTrace Information: 0 : 10772, 12, 2021/11/18, 04:22:05.808, 390136770411, testhost.net48.x86.exe, AssemblyResolver.OnResolve: xunit.abstractions, Version=2.0.0.0, Culture=neutral, PublicKeyToken=8d05b1bb7a6fdb6c: Resolved from cache.
TpTrace Information: 0 : 10772, 12, 2021/11/18, 04:22:05.808, 390136773755, testhost.net48.x86.exe, AssemblyResolver.OnResolve: xunit.core, Version=2.4.1.0, Culture=neutral, PublicKeyToken=8d05b1bb7a6fdb6c: Resolving assembly.
TpTrace Information: 0 : 10772, 12, 2021/11/18, 04:22:05.808, 390136774863, testhost.net48.x86.exe, AssemblyResolver.OnResolve: xunit.core, Version=2.4.1.0, Culture=neutral, PublicKeyToken=8d05b1bb7a6fdb6c: Searching in: 'C:\Program Files\dotnet\sdk\5.0.402\Extensions'.
TpTrace Information: 0 : 10772, 12, 2021/11/18, 04:22:05.808, 390136776164, testhost.net48.x86.exe, AssemblyResolver.OnResolve: xunit.core, Version=2.4.1.0, Culture=neutral, PublicKeyToken=8d05b1bb7a6fdb6c: Assembly path does not exist: 'C:\Program Files\dotnet\sdk\5.0.402\Extensions\xunit.core.dll', returning.
TpTrace Information: 0 : 10772, 12, 2021/11/18, 04:22:05.809, 390136777457, testhost.net48.x86.exe, AssemblyResolver.OnResolve: xunit.core, Version=2.4.1.0, Culture=neutral, PublicKeyToken=8d05b1bb7a6fdb6c: Assembly path does not exist: 'C:\Program Files\dotnet\sdk\5.0.402\Extensions\xunit.core.exe', returning.
TpTrace Information: 0 : 10772, 12, 2021/11/18, 04:22:05.809, 390136778127, testhost.net48.x86.exe, AssemblyResolver.OnResolve: xunit.core, Version=2.4.1.0, Culture=neutral, PublicKeyToken=8d05b1bb7a6fdb6c: Searching in: 'C:\Users\weiya\source\repos\AVENSYSTRG\AvensysTRG\FinalProj\SmartBasket\unittesting\bin\Debug\net48\fine-code-coverage\build-output'.
TpTrace Information: 0 : 10772, 12, 2021/11/18, 04:22:05.809, 390136786190, testhost.net48.x86.exe, AssemblyResolver.OnResolve: xunit.core, Version=2.4.1.0, Culture=neutral, PublicKeyToken=8d05b1bb7a6fdb6c: Loading assembly 'C:\Users\weiya\source\repos\AVENSYSTRG\AvensysTRG\FinalProj\SmartBasket\unittesting\bin\Debug\net48\fine-code-coverage\build-output\xunit.core.dll'.
TpTrace Information: 0 : 10772, 12, 2021/11/18, 04:22:05.810, 390136795906, testhost.net48.x86.exe, AssemblyResolver.OnResolve: Resolved assembly: xunit.core, Version=2.4.1.0, Culture=neutral, PublicKeyToken=8d05b1bb7a6fdb6c, from path: C:\Users\weiya\source\repos\AVENSYSTRG\AvensysTRG\FinalProj\SmartBasket\unittesting\bin\Debug\net48\fine-code-coverage\build-output\xunit.core.dll
TpTrace Information: 0 : 10772, 12, 2021/11/18, 04:22:05.811, 390136802404, testhost.net48.x86.exe, AssemblyResolver.OnResolve: xunit.abstractions, Version=2.0.0.0, Culture=neutral, PublicKeyToken=8d05b1bb7a6fdb6c: Resolving assembly.
TpTrace Information: 0 : 10772, 12, 2021/11/18, 04:22:05.811, 390136803653, testhost.net48.x86.exe, AssemblyResolver.OnResolve: xunit.abstractions, Version=2.0.0.0, Culture=neutral, PublicKeyToken=8d05b1bb7a6fdb6c: Resolved from cache.
TpTrace Verbose: 0 : 10772, 15, 2021/11/18, 04:22:05.906, 390137751999, testhost.net48.x86.exe, TestExecutionRecorder.RecordStart: Starting test: unittesting.UnitTest1.succesfulRemoveProduct.
TpTrace Information: 0 : 10772, 7, 2021/11/18, 04:22:06.372, 390142410379, testhost.net48.x86.exe, Sending test run statistics
TpTrace Verbose: 0 : 10772, 7, 2021/11/18, 04:22:06.391, 390142596174, testhost.net48.x86.exe, TestRequestHandler.SendData:  sending data from testhost: {"Version":5,"MessageType":"TestExecution.StatsChange","Payload":{"NewTestResults":[],"TestRunStatistics":{"ExecutedTests":0,"Stats":{}},"ActiveTests":[{"Id":"19d04a83-62f7-32a8-b0b8-4220b1982093","FullyQualifiedName":"unittesting.UnitTest1.succesfulRemoveProduct","DisplayName":"unittesting.UnitTest1.succesfulRemoveProduct","ExecutorUri":"executor://xunit/VsTestRunner2/net","Source":"C:\\Users\\weiya\\source\\repos\\AVENSYSTRG\\AvensysTRG\\FinalProj\\SmartBasket\\unittesting\\bin\\Debug\\net48\\fine-code-coverage\\build-output\\unittesting.dll","CodeFilePath":null,"LineNumber":0,"Properties":[]}]}}
TpTrace Verbose: 0 : 10772, 7, 2021/11/18, 04:22:06.391, 390142598435, testhost.net48.x86.exe, TestRunCache: OnNewTestResult: Notified the onCacheHit callback.
TpTrace Verbose: 0 : 10772, 8, 2021/11/18, 04:22:06.729, 390145976251, testhost.net48.x86.exe, TcpClientExtensions.MessageLoopAsync: Polling on remoteEndPoint: 127.0.0.1:52256 localEndPoint: 127.0.0.1:52257
TpTrace Verbose: 0 : 10772, 15, 2021/11/18, 04:22:07.063, 390149320080, testhost.net48.x86.exe, TestExecutionRecorder.RecordResult: Received result for test: unittesting.UnitTest1.succesfulRemoveProduct.
TpTrace Warning: 0 : 10772, 15, 2021/11/18, 04:22:07.083, 390149523767, testhost.net48.x86.exe, TestRunCache: InProgressTests is null
TpTrace Warning: 0 : 10772, 15, 2021/11/18, 04:22:07.083, 390149525640, testhost.net48.x86.exe, TestRunCache: No test found corresponding to testResult 'unittesting.UnitTest1.succesfulRemoveProduct' in inProgress list.
TpTrace Verbose: 0 : 10772, 15, 2021/11/18, 04:22:07.086, 390149551109, testhost.net48.x86.exe, TestExecutionRecorder.RecordEnd: test: unittesting.UnitTest1.succesfulRemoveProduct execution completed.
TpTrace Warning: 0 : 10772, 15, 2021/11/18, 04:22:07.086, 390149552825, testhost.net48.x86.exe, TestRunCache: InProgressTests is null
TpTrace Verbose: 0 : 10772, 15, 2021/11/18, 04:22:07.087, 390149563236, testhost.net48.x86.exe, TestExecutionRecorder.RecordStart: Starting test: unittesting.UnitTest1.unsuccesfulViewPurchaseHistoryEmptyPurchaseHistory.
TpTrace Verbose: 0 : 10772, 15, 2021/11/18, 04:22:07.090, 390149586982, testhost.net48.x86.exe, TestExecutionRecorder.RecordResult: Received result for test: unittesting.UnitTest1.unsuccesfulViewPurchaseHistoryEmptyPurchaseHistory.
TpTrace Verbose: 0 : 10772, 15, 2021/11/18, 04:22:07.091, 390149604773, testhost.net48.x86.exe, TestExecutionRecorder.RecordEnd: test: unittesting.UnitTest1.unsuccesfulViewPurchaseHistoryEmptyPurchaseHistory execution completed.
TpTrace Warning: 0 : 10772, 15, 2021/11/18, 04:22:07.092, 390149606096, testhost.net48.x86.exe, TestRunCache: InProgressTests is null
TpTrace Verbose: 0 : 10772, 15, 2021/11/18, 04:22:07.092, 390149612717, testhost.net48.x86.exe, TestExecutionRecorder.RecordStart: Starting test: unittesting.UnitTest1.unsuccesfulCheckingOutEmptyBasket.
TpTrace Verbose: 0 : 10772, 15, 2021/11/18, 04:22:07.094, 390149627696, testhost.net48.x86.exe, TestExecutionRecorder.RecordResult: Received result for test: unittesting.UnitTest1.unsuccesfulCheckingOutEmptyBasket.
TpTrace Verbose: 0 : 10772, 15, 2021/11/18, 04:22:07.096, 390149647449, testhost.net48.x86.exe, TestExecutionRecorder.RecordEnd: test: unittesting.UnitTest1.unsuccesfulCheckingOutEmptyBasket execution completed.
TpTrace Warning: 0 : 10772, 15, 2021/11/18, 04:22:07.096, 390149648889, testhost.net48.x86.exe, TestRunCache: InProgressTests is null
TpTrace Verbose: 0 : 10772, 15, 2021/11/18, 04:22:07.097, 390149658278, testhost.net48.x86.exe, TestExecutionRecorder.RecordStart: Starting test: unittesting.UnitTest1.LoginSuccessfully.
TpTrace Verbose: 0 : 10772, 15, 2021/11/18, 04:22:07.100, 390149694139, testhost.net48.x86.exe, TestExecutionRecorder.RecordResult: Received result for test: unittesting.UnitTest1.LoginSuccessfully.
TpTrace Verbose: 0 : 10772, 15, 2021/11/18, 04:22:07.102, 390149714569, testhost.net48.x86.exe, TestExecutionRecorder.RecordEnd: test: unittesting.UnitTest1.LoginSuccessfully execution completed.
TpTrace Warning: 0 : 10772, 15, 2021/11/18, 04:22:07.103, 390149716244, testhost.net48.x86.exe, TestRunCache: InProgressTests is null
TpTrace Verbose: 0 : 10772, 15, 2021/11/18, 04:22:07.103, 390149725260, testhost.net48.x86.exe, TestExecutionRecorder.RecordStart: Starting test: unittesting.UnitTest1.unsuccesfulViewPurchaseHistorytEmptyList.
TpTrace Verbose: 0 : 10772, 15, 2021/11/18, 04:22:07.106, 390149751267, testhost.net48.x86.exe, TestExecutionRecorder.RecordResult: Received result for test: unittesting.UnitTest1.unsuccesfulViewPurchaseHistorytEmptyList.
TpTrace Verbose: 0 : 10772, 15, 2021/11/18, 04:22:07.111, 390149804729, testhost.net48.x86.exe, TestExecutionRecorder.RecordEnd: test: unittesting.UnitTest1.unsuccesfulViewPurchaseHistorytEmptyList execution completed.
TpTrace Warning: 0 : 10772, 15, 2021/11/18, 04:22:07.112, 390149806213, testhost.net48.x86.exe, TestRunCache: InProgressTests is null
TpTrace Verbose: 0 : 10772, 15, 2021/11/18, 04:22:07.112, 390149813330, testhost.net48.x86.exe, TestExecutionRecorder.RecordStart: Starting test: unittesting.UnitTest1.LoginFailed.
TpTrace Verbose: 0 : 10772, 15, 2021/11/18, 04:22:07.115, 390149838120, testhost.net48.x86.exe, TestExecutionRecorder.RecordResult: Received result for test: unittesting.UnitTest1.LoginFailed.
TpTrace Verbose: 0 : 10772, 15, 2021/11/18, 04:22:07.117, 390149857756, testhost.net48.x86.exe, TestExecutionRecorder.RecordEnd: test: unittesting.UnitTest1.LoginFailed execution completed.
TpTrace Warning: 0 : 10772, 15, 2021/11/18, 04:22:07.117, 390149859124, testhost.net48.x86.exe, TestRunCache: InProgressTests is null
TpTrace Verbose: 0 : 10772, 15, 2021/11/18, 04:22:07.118, 390149868184, testhost.net48.x86.exe, TestExecutionRecorder.RecordStart: Starting test: unittesting.UnitTest1.unsuccesfulCalculateTotalEmptyPsueProductList.
TpTrace Verbose: 0 : 10772, 15, 2021/11/18, 04:22:07.120, 390149891371, testhost.net48.x86.exe, TestExecutionRecorder.RecordResult: Received result for test: unittesting.UnitTest1.unsuccesfulCalculateTotalEmptyPsueProductList.
TpTrace Verbose: 0 : 10772, 15, 2021/11/18, 04:22:07.122, 390149907754, testhost.net48.x86.exe, TestExecutionRecorder.RecordEnd: test: unittesting.UnitTest1.unsuccesfulCalculateTotalEmptyPsueProductList execution completed.
TpTrace Warning: 0 : 10772, 15, 2021/11/18, 04:22:07.122, 390149909171, testhost.net48.x86.exe, TestRunCache: InProgressTests is null
TpTrace Verbose: 0 : 10772, 15, 2021/11/18, 04:22:07.123, 390149916605, testhost.net48.x86.exe, TestExecutionRecorder.RecordStart: Starting test: unittesting.UnitTest1.SuccessfullRemoveProduct.
TpTrace Verbose: 0 : 10772, 15, 2021/11/18, 04:22:07.125, 390149942270, testhost.net48.x86.exe, TestExecutionRecorder.RecordResult: Received result for test: unittesting.UnitTest1.SuccessfullRemoveProduct.
TpTrace Verbose: 0 : 10772, 15, 2021/11/18, 04:22:07.127, 390149961806, testhost.net48.x86.exe, TestExecutionRecorder.RecordEnd: test: unittesting.UnitTest1.SuccessfullRemoveProduct execution completed.
TpTrace Warning: 0 : 10772, 15, 2021/11/18, 04:22:07.127, 390149963264, testhost.net48.x86.exe, TestRunCache: InProgressTests is null
TpTrace Verbose: 0 : 10772, 15, 2021/11/18, 04:22:07.128, 390149972699, testhost.net48.x86.exe, TestExecutionRecorder.RecordStart: Starting test: unittesting.UnitTest1.unsuccesfulCheckOutInvalidID.
TpTrace Verbose: 0 : 10772, 15, 2021/11/18, 04:22:07.131, 390149998408, testhost.net48.x86.exe, TestExecutionRecorder.RecordResult: Received result for test: unittesting.UnitTest1.unsuccesfulCheckOutInvalidID.
TpTrace Verbose: 0 : 10772, 15, 2021/11/18, 04:22:07.133, 390150017895, testhost.net48.x86.exe, TestExecutionRecorder.RecordEnd: test: unittesting.UnitTest1.unsuccesfulCheckOutInvalidID execution completed.
TpTrace Warning: 0 : 10772, 15, 2021/11/18, 04:22:07.133, 390150019435, testhost.net48.x86.exe, TestRunCache: InProgressTests is null
TpTrace Verbose: 0 : 10772, 15, 2021/11/18, 04:22:07.134, 390150030216, testhost.net48.x86.exe, TestExecutionRecorder.RecordStart: Starting test: unittesting.UnitTest1.unsuccesfulViewBasketInvalidID.
TpTrace Information: 0 : 10772, 15, 2021/11/18, 04:22:07.134, 390150033091, testhost.net48.x86.exe, Sending test run statistics
TpTrace Verbose: 0 : 10772, 15, 2021/11/18, 04:22:07.144, 390150133934, testhost.net48.x86.exe, TestRequestHandler.SendData:  sending data from testhost: {"Version":5,"MessageType":"TestExecution.StatsChange","Payload":{"NewTestResults":[{"TestCase":{"Id":"19d04a83-62f7-32a8-b0b8-4220b1982093","FullyQualifiedName":"unittesting.UnitTest1.succesfulRemoveProduct","DisplayName":"unittesting.UnitTest1.succesfulRemoveProduct","ExecutorUri":"executor://xunit/VsTestRunner2/net","Source":"C:\\Users\\weiya\\source\\repos\\AVENSYSTRG\\AvensysTRG\\FinalProj\\SmartBasket\\unittesting\\bin\\Debug\\net48\\fine-code-coverage\\build-output\\unittesting.dll","CodeFilePath":null,"LineNumber":0,"Properties":[]},"Attachments":[],"Outcome":1,"ErrorMessage":null,"ErrorStackTrace":null,"DisplayName":"unittesting.UnitTest1.succesfulRemoveProduct","Messages":[],"ComputerName":"DESKTOP-URQND8D","Duration":"00:00:01.1150000","StartTime":"2021-11-17T20:22:07.0627115+00:00","EndTime":"2021-11-17T20:22:07.0627115+00:00","Properties":[]},{"TestCase":{"Id":"aff25314-c2a5-5893-b130-b42cdf76d7f0","FullyQualifiedName":"unittesting.UnitTest1.unsuccesfulViewPurchaseHistoryEmptyPurchaseHistory","DisplayName":"unittesting.UnitTest1.unsuccesfulViewPurchaseHistoryEmptyPurchaseHistory","ExecutorUri":"executor://xunit/VsTestRunner2/net","Source":"C:\\Users\\weiya\\source\\repos\\AVENSYSTRG\\AvensysTRG\\FinalProj\\SmartBasket\\unittesting\\bin\\Debug\\net48\\fine-code-coverage\\build-output\\unittesting.dll","CodeFilePath":null,"LineNumber":0,"Properties":[]},"Attachments":[],"Outcome":1,"ErrorMessage":null,"ErrorStackTrace":null,"DisplayName":"unittesting.UnitTest1.unsuccesfulViewPurchaseHistoryEmptyPurchaseHistory","Messages":[],"ComputerName":"DESKTOP-URQND8D","Duration":"00:00:00.0060000","StartTime":"2021-11-17T20:22:07.0906377+00:00","EndTime":"2021-11-17T20:22:07.0906377+00:00","Properties":[]},{"TestCase":{"Id":"9acd3122-520e-a1b4-7e39-c489ce94b035","FullyQualifiedName":"unittesting.UnitTest1.unsuccesfulCheckingOutEmptyBasket","DisplayName":"unittesting.UnitTest1.unsuccesfulCheckingOutEmptyBasket","ExecutorUri":"executor://xunit/VsTestRunner2/net","Source":"C:\\Users\\weiya\\source\\repos\\AVENSYSTRG\\AvensysTRG\\FinalProj\\SmartBasket\\unittesting\\bin\\Debug\\net48\\fine-code-coverage\\build-output\\unittesting.dll","CodeFilePath":null,"LineNumber":0,"Properties":[]},"Attachments":[],"Outcome":1,"ErrorMessage":null,"ErrorStackTrace":null,"DisplayName":"unittesting.UnitTest1.unsuccesfulCheckingOutEmptyBasket","Messages":[],"ComputerName":"DESKTOP-URQND8D","Duration":"00:00:00.0040000","StartTime":"2021-11-17T20:22:07.0946268+00:00","EndTime":"2021-11-17T20:22:07.0946268+00:00","Properties":[]},{"TestCase":{"Id":"7d76b519-d26e-5057-8376-cada077dcc77","FullyQualifiedName":"unittesting.UnitTest1.LoginSuccessfully","DisplayName":"unittesting.UnitTest1.LoginSuccessfully","ExecutorUri":"executor://xunit/VsTestRunner2/net","Source":"C:\\Users\\weiya\\source\\repos\\AVENSYSTRG\\AvensysTRG\\FinalProj\\SmartBasket\\unittesting\\bin\\Debug\\net48\\fine-code-coverage\\build-output\\unittesting.dll","CodeFilePath":null,"LineNumber":0,"Properties":[]},"Attachments":[],"Outcome":1,"ErrorMessage":null,"ErrorStackTrace":null,"DisplayName":"unittesting.UnitTest1.LoginSuccessfully","Messages":[],"ComputerName":"DESKTOP-URQND8D","Duration":"00:00:00.0100000","StartTime":"2021-11-17T20:22:07.1006112+00:00","EndTime":"2021-11-17T20:22:07.1006112+00:00","Properties":[]},{"TestCase":{"Id":"66f59ac7-f1c7-d5dc-2cf0-5675569e4b14","FullyQualifiedName":"unittesting.UnitTest1.unsuccesfulViewPurchaseHistorytEmptyList","DisplayName":"unittesting.UnitTest1.unsuccesfulViewPurchaseHistorytEmptyList","ExecutorUri":"executor://xunit/VsTestRunner2/net","Source":"C:\\Users\\weiya\\source\\repos\\AVENSYSTRG\\AvensysTRG\\FinalProj\\SmartBasket\\unittesting\\bin\\Debug\\net48\\fine-code-coverage\\build-output\\unittesting.dll","CodeFilePath":null,"LineNumber":0,"Properties":[]},"Attachments":[],"Outcome":1,"ErrorMessage":null,"ErrorStackTrace":null,"DisplayName":"unittesting.UnitTest1.unsuccesfulViewPurchaseHistorytEmptyList","Messages":[],"ComputerName":"DESKTOP-URQND8D","Duration":"00:00:00.0020000","StartTime":"2021-11-17T20:22:07.106595+00:00","EndTime":"2021-11-17T20:22:07.106595+00:00","Properties":[]},{"TestCase":{"Id":"3dd147c1-ad72-b70b-750f-db59f2ac56c9","FullyQualifiedName":"unittesting.UnitTest1.LoginFailed","DisplayName":"unittesting.UnitTest1.LoginFailed","ExecutorUri":"executor://xunit/VsTestRunner2/net","Source":"C:\\Users\\weiya\\source\\repos\\AVENSYSTRG\\AvensysTRG\\FinalProj\\SmartBasket\\unittesting\\bin\\Debug\\net48\\fine-code-coverage\\build-output\\unittesting.dll","CodeFilePath":null,"LineNumber":0,"Properties":[]},"Attachments":[],"Outcome":1,"ErrorMessage":null,"ErrorStackTrace":null,"DisplayName":"unittesting.UnitTest1.LoginFailed","Messages":[],"ComputerName":"DESKTOP-URQND8D","Duration":"00:00:00.0020000","StartTime":"2021-11-17T20:22:07.1155717+00:00","EndTime":"2021-11-17T20:22:07.1155717+00:00","Properties":[]},{"TestCase":{"Id":"12d5110b-9d5e-38bb-def5-2047216604d3","FullyQualifiedName":"unittesting.UnitTest1.unsuccesfulCalculateTotalEmptyPsueProductList","DisplayName":"unittesting.UnitTest1.unsuccesfulCalculateTotalEmptyPsueProductList","ExecutorUri":"executor://xunit/VsTestRunner2/net","Source":"C:\\Users\\weiya\\source\\repos\\AVENSYSTRG\\AvensysTRG\\FinalProj\\SmartBasket\\unittesting\\bin\\Debug\\net48\\fine-code-coverage\\build-output\\unittesting.dll","CodeFilePath":null,"LineNumber":0,"Properties":[]},"Attachments":[],"Outcome":1,"ErrorMessage":null,"ErrorStackTrace":null,"DisplayName":"unittesting.UnitTest1.unsuccesfulCalculateTotalEmptyPsueProductList","Messages":[],"ComputerName":"DESKTOP-URQND8D","Duration":"00:00:00.0060000","StartTime":"2021-11-17T20:22:07.120559+00:00","EndTime":"2021-11-17T20:22:07.120559+00:00","Properties":[]},{"TestCase":{"Id":"3ae6a30e-df93-7a8f-1d2a-f3809db19d4f","FullyQualifiedName":"unittesting.UnitTest1.SuccessfullRemoveProduct","DisplayName":"unittesting.UnitTest1.SuccessfullRemoveProduct","ExecutorUri":"executor://xunit/VsTestRunner2/net","Source":"C:\\Users\\weiya\\source\\repos\\AVENSYSTRG\\AvensysTRG\\FinalProj\\SmartBasket\\unittesting\\bin\\Debug\\net48\\fine-code-coverage\\build-output\\unittesting.dll","CodeFilePath":null,"LineNumber":0,"Properties":[]},"Attachments":[],"Outcome":1,"ErrorMessage":null,"ErrorStackTrace":null,"DisplayName":"unittesting.UnitTest1.SuccessfullRemoveProduct","Messages":[],"ComputerName":"DESKTOP-URQND8D","Duration":"00:00:00.0070000","StartTime":"2021-11-17T20:22:07.1255463+00:00","EndTime":"2021-11-17T20:22:07.1255463+00:00","Properties":[]},{"TestCase":{"Id":"cb1dc2c1-afcf-0c8a-6475-3803d0d09af4","FullyQualifiedName":"unittesting.UnitTest1.unsuccesfulCheckOutInvalidID","DisplayName":"unittesting.UnitTest1.unsuccesfulCheckOutInvalidID","ExecutorUri":"executor://xunit/VsTestRunner2/net","Source":"C:\\Users\\weiya\\source\\repos\\AVENSYSTRG\\AvensysTRG\\FinalProj\\SmartBasket\\unittesting\\bin\\Debug\\net48\\fine-code-coverage\\build-output\\unittesting.dll","CodeFilePath":null,"LineNumber":0,"Properties":[]},"Attachments":[],"Outcome":1,"ErrorMessage":null,"ErrorStackTrace":null,"DisplayName":"unittesting.UnitTest1.unsuccesfulCheckOutInvalidID","Messages":[],"ComputerName":"DESKTOP-URQND8D","Duration":"00:00:00.0040000","StartTime":"2021-11-17T20:22:07.1315292+00:00","EndTime":"2021-11-17T20:22:07.1315292+00:00","Properties":[]}],"TestRunStatistics":{"ExecutedTests":9,"Stats":{"Passed":9}},"ActiveTests":[{"Id":"a9704eac-5e4b-a402-69a7-5fb6a7976ed0","FullyQualifiedName":"unittesting.UnitTest1.unsuccesfulViewBasketInvalidID","DisplayName":"unittesting.UnitTest1.unsuccesfulViewBasketInvalidID","ExecutorUri":"executor://xunit/VsTestRunner2/net","Source":"C:\\Users\\weiya\\source\\repos\\AVENSYSTRG\\AvensysTRG\\FinalProj\\SmartBasket\\unittesting\\bin\\Debug\\net48\\fine-code-coverage\\build-output\\unittesting.dll","CodeFilePath":null,"LineNumber":0,"Properties":[]}]}}
TpTrace Verbose: 0 : 10772, 15, 2021/11/18, 04:22:07.145, 390150137819, testhost.net48.x86.exe, TestRunCache: OnNewTestResult: Notified the onCacheHit callback.
TpTrace Verbose: 0 : 10772, 15, 2021/11/18, 04:22:07.148, 390150165266, testhost.net48.x86.exe, TestExecutionRecorder.RecordResult: Received result for test: unittesting.UnitTest1.unsuccesfulViewBasketInvalidID.
TpTrace Warning: 0 : 10772, 15, 2021/11/18, 04:22:07.150, 390150188461, testhost.net48.x86.exe, TestRunCache: InProgressTests is null
TpTrace Warning: 0 : 10772, 15, 2021/11/18, 04:22:07.150, 390150190314, testhost.net48.x86.exe, TestRunCache: No test found corresponding to testResult 'unittesting.UnitTest1.unsuccesfulViewBasketInvalidID' in inProgress list.
TpTrace Verbose: 0 : 10772, 15, 2021/11/18, 04:22:07.151, 390150203684, testhost.net48.x86.exe, TestExecutionRecorder.RecordEnd: test: unittesting.UnitTest1.unsuccesfulViewBasketInvalidID execution completed.
TpTrace Warning: 0 : 10772, 15, 2021/11/18, 04:22:07.152, 390150207435, testhost.net48.x86.exe, TestRunCache: InProgressTests is null
TpTrace Verbose: 0 : 10772, 15, 2021/11/18, 04:22:07.167, 390150362020, testhost.net48.x86.exe, TestExecutionRecorder.RecordStart: Starting test: unittesting.UnitTest1.succesfulViewPurchaseHistory.
TpTrace Verbose: 0 : 10772, 15, 2021/11/18, 04:22:07.171, 390150400955, testhost.net48.x86.exe, TestExecutionRecorder.RecordResult: Received result for test: unittesting.UnitTest1.succesfulViewPurchaseHistory.
TpTrace Verbose: 0 : 10772, 15, 2021/11/18, 04:22:07.173, 390150421182, testhost.net48.x86.exe, TestExecutionRecorder.RecordEnd: test: unittesting.UnitTest1.succesfulViewPurchaseHistory execution completed.
TpTrace Warning: 0 : 10772, 15, 2021/11/18, 04:22:07.173, 390150422801, testhost.net48.x86.exe, TestRunCache: InProgressTests is null
TpTrace Verbose: 0 : 10772, 15, 2021/11/18, 04:22:07.174, 390150432591, testhost.net48.x86.exe, TestExecutionRecorder.RecordStart: Starting test: unittesting.UnitTest1.UnsuccessfulCreationOfProduct.
TpTrace Verbose: 0 : 10772, 8, 2021/11/18, 04:22:07.741, 390156099150, testhost.net48.x86.exe, TcpClientExtensions.MessageLoopAsync: Polling on remoteEndPoint: 127.0.0.1:52256 localEndPoint: 127.0.0.1:52257
TpTrace Information: 0 : 10772, 9, 2021/11/18, 04:22:08.648, 390165165917, testhost.net48.x86.exe, Sending test run statistics
TpTrace Verbose: 0 : 10772, 9, 2021/11/18, 04:22:08.648, 390165170752, testhost.net48.x86.exe, TestRequestHandler.SendData:  sending data from testhost: {"Version":5,"MessageType":"TestExecution.StatsChange","Payload":{"NewTestResults":[{"TestCase":{"Id":"a9704eac-5e4b-a402-69a7-5fb6a7976ed0","FullyQualifiedName":"unittesting.UnitTest1.unsuccesfulViewBasketInvalidID","DisplayName":"unittesting.UnitTest1.unsuccesfulViewBasketInvalidID","ExecutorUri":"executor://xunit/VsTestRunner2/net","Source":"C:\\Users\\weiya\\source\\repos\\AVENSYSTRG\\AvensysTRG\\FinalProj\\SmartBasket\\unittesting\\bin\\Debug\\net48\\fine-code-coverage\\build-output\\unittesting.dll","CodeFilePath":null,"LineNumber":0,"Properties":[]},"Attachments":[],"Outcome":1,"ErrorMessage":null,"ErrorStackTrace":null,"DisplayName":"unittesting.UnitTest1.unsuccesfulViewBasketInvalidID","Messages":[],"ComputerName":"DESKTOP-URQND8D","Duration":"00:00:00.0060000","StartTime":"2021-11-17T20:22:07.1484847+00:00","EndTime":"2021-11-17T20:22:07.1484847+00:00","Properties":[]},{"TestCase":{"Id":"e514f9a2-2a60-cc92-f106-8cbbf6fb3d57","FullyQualifiedName":"unittesting.UnitTest1.succesfulViewPurchaseHistory","DisplayName":"unittesting.UnitTest1.succesfulViewPurchaseHistory","ExecutorUri":"executor://xunit/VsTestRunner2/net","Source":"C:\\Users\\weiya\\source\\repos\\AVENSYSTRG\\AvensysTRG\\FinalProj\\SmartBasket\\unittesting\\bin\\Debug\\net48\\fine-code-coverage\\build-output\\unittesting.dll","CodeFilePath":null,"LineNumber":0,"Properties":[]},"Attachments":[],"Outcome":1,"ErrorMessage":null,"ErrorStackTrace":null,"DisplayName":"unittesting.UnitTest1.succesfulViewPurchaseHistory","Messages":[],"ComputerName":"DESKTOP-URQND8D","Duration":"00:00:00.0180000","StartTime":"2021-11-17T20:22:07.171424+00:00","EndTime":"2021-11-17T20:22:07.171424+00:00","Properties":[]}],"TestRunStatistics":{"ExecutedTests":11,"Stats":{"Passed":11}},"ActiveTests":[{"Id":"43200ac2-21a9-2c9d-8a8e-fa69eddd9c63","FullyQualifiedName":"unittesting.UnitTest1.UnsuccessfulCreationOfProduct","DisplayName":"unittesting.UnitTest1.UnsuccessfulCreationOfProduct","ExecutorUri":"executor://xunit/VsTestRunner2/net","Source":"C:\\Users\\weiya\\source\\repos\\AVENSYSTRG\\AvensysTRG\\FinalProj\\SmartBasket\\unittesting\\bin\\Debug\\net48\\fine-code-coverage\\build-output\\unittesting.dll","CodeFilePath":null,"LineNumber":0,"Properties":[]}]}}
TpTrace Verbose: 0 : 10772, 9, 2021/11/18, 04:22:08.648, 390165173382, testhost.net48.x86.exe, TestRunCache: OnNewTestResult: Notified the onCacheHit callback.
TpTrace Verbose: 0 : 10772, 8, 2021/11/18, 04:22:08.757, 390166252752, testhost.net48.x86.exe, TcpClientExtensions.MessageLoopAsync: Polling on remoteEndPoint: 127.0.0.1:52256 localEndPoint: 127.0.0.1:52257
TpTrace Verbose: 0 : 10772, 15, 2021/11/18, 04:22:09.653, 390175218036, testhost.net48.x86.exe, TestExecutionRecorder.RecordResult: Received result for test: unittesting.UnitTest1.UnsuccessfulCreationOfProduct.
TpTrace Warning: 0 : 10772, 15, 2021/11/18, 04:22:09.653, 390175226134, testhost.net48.x86.exe, TestRunCache: InProgressTests is null
TpTrace Warning: 0 : 10772, 15, 2021/11/18, 04:22:09.653, 390175227196, testhost.net48.x86.exe, TestRunCache: No test found corresponding to testResult 'unittesting.UnitTest1.UnsuccessfulCreationOfProduct' in inProgress list.
TpTrace Verbose: 0 : 10772, 15, 2021/11/18, 04:22:09.654, 390175232097, testhost.net48.x86.exe, TestExecutionRecorder.RecordEnd: test: unittesting.UnitTest1.UnsuccessfulCreationOfProduct execution completed.
TpTrace Warning: 0 : 10772, 15, 2021/11/18, 04:22:09.654, 390175232838, testhost.net48.x86.exe, TestRunCache: InProgressTests is null
TpTrace Verbose: 0 : 10772, 15, 2021/11/18, 04:22:09.655, 390175237888, testhost.net48.x86.exe, TestExecutionRecorder.RecordStart: Starting test: unittesting.UnitTest1.unsuccesfulCheckingOutEmptyPsuedoList.
TpTrace Verbose: 0 : 10772, 15, 2021/11/18, 04:22:09.656, 390175251338, testhost.net48.x86.exe, TestExecutionRecorder.RecordResult: Received result for test: unittesting.UnitTest1.unsuccesfulCheckingOutEmptyPsuedoList.
TpTrace Verbose: 0 : 10772, 15, 2021/11/18, 04:22:09.657, 390175263346, testhost.net48.x86.exe, TestExecutionRecorder.RecordEnd: test: unittesting.UnitTest1.unsuccesfulCheckingOutEmptyPsuedoList execution completed.
TpTrace Warning: 0 : 10772, 15, 2021/11/18, 04:22:09.657, 390175264400, testhost.net48.x86.exe, TestRunCache: InProgressTests is null
TpTrace Verbose: 0 : 10772, 15, 2021/11/18, 04:22:09.658, 390175269545, testhost.net48.x86.exe, TestExecutionRecorder.RecordStart: Starting test: unittesting.UnitTest1.unsuccesfulCalculateTotal.
TpTrace Verbose: 0 : 10772, 15, 2021/11/18, 04:22:09.660, 390175287852, testhost.net48.x86.exe, TestExecutionRecorder.RecordResult: Received result for test: unittesting.UnitTest1.unsuccesfulCalculateTotal.
TpTrace Verbose: 0 : 10772, 15, 2021/11/18, 04:22:09.661, 390175299545, testhost.net48.x86.exe, TestExecutionRecorder.RecordEnd: test: unittesting.UnitTest1.unsuccesfulCalculateTotal execution completed.
TpTrace Warning: 0 : 10772, 15, 2021/11/18, 04:22:09.661, 390175300703, testhost.net48.x86.exe, TestRunCache: InProgressTests is null
TpTrace Verbose: 0 : 10772, 15, 2021/11/18, 04:22:09.661, 390175305247, testhost.net48.x86.exe, TestExecutionRecorder.RecordStart: Starting test: unittesting.UnitTest1.unsuccesfulGenerateSalesReport.
TpTrace Verbose: 0 : 10772, 15, 2021/11/18, 04:22:09.664, 390175331343, testhost.net48.x86.exe, TestExecutionRecorder.RecordResult: Received result for test: unittesting.UnitTest1.unsuccesfulGenerateSalesReport.
TpTrace Verbose: 0 : 10772, 15, 2021/11/18, 04:22:09.666, 390175348741, testhost.net48.x86.exe, TestExecutionRecorder.RecordEnd: test: unittesting.UnitTest1.unsuccesfulGenerateSalesReport execution completed.
TpTrace Warning: 0 : 10772, 15, 2021/11/18, 04:22:09.666, 390175350225, testhost.net48.x86.exe, TestRunCache: InProgressTests is null
TpTrace Verbose: 0 : 10772, 15, 2021/11/18, 04:22:09.667, 390175359015, testhost.net48.x86.exe, TestExecutionRecorder.RecordStart: Starting test: unittesting.UnitTest1.succesfulViewBasket.
TpTrace Verbose: 0 : 10772, 15, 2021/11/18, 04:22:09.671, 390175404953, testhost.net48.x86.exe, TestExecutionRecorder.RecordResult: Received result for test: unittesting.UnitTest1.succesfulViewBasket.
TpTrace Verbose: 0 : 10772, 15, 2021/11/18, 04:22:09.673, 390175421173, testhost.net48.x86.exe, TestExecutionRecorder.RecordEnd: test: unittesting.UnitTest1.succesfulViewBasket execution completed.
TpTrace Warning: 0 : 10772, 15, 2021/11/18, 04:22:09.673, 390175422764, testhost.net48.x86.exe, TestRunCache: InProgressTests is null
TpTrace Verbose: 0 : 10772, 15, 2021/11/18, 04:22:09.674, 390175430841, testhost.net48.x86.exe, TestExecutionRecorder.RecordStart: Starting test: unittesting.UnitTest1.SuccessfullCreatCustomer.
TpTrace Verbose: 0 : 10772, 15, 2021/11/18, 04:22:09.677, 390175461853, testhost.net48.x86.exe, TestExecutionRecorder.RecordResult: Received result for test: unittesting.UnitTest1.SuccessfullCreatCustomer.
TpTrace Verbose: 0 : 10772, 15, 2021/11/18, 04:22:09.679, 390175480099, testhost.net48.x86.exe, TestExecutionRecorder.RecordEnd: test: unittesting.UnitTest1.SuccessfullCreatCustomer execution completed.
TpTrace Warning: 0 : 10772, 15, 2021/11/18, 04:22:09.679, 390175481845, testhost.net48.x86.exe, TestRunCache: InProgressTests is null
TpTrace Verbose: 0 : 10772, 15, 2021/11/18, 04:22:09.680, 390175489847, testhost.net48.x86.exe, TestExecutionRecorder.RecordStart: Starting test: unittesting.UnitTest1.succesfulAddToBasketSameItemFound.
TpTrace Verbose: 0 : 10772, 15, 2021/11/18, 04:22:09.686, 390175552296, testhost.net48.x86.exe, TestExecutionRecorder.RecordResult: Received result for test: unittesting.UnitTest1.succesfulAddToBasketSameItemFound.
TpTrace Verbose: 0 : 10772, 15, 2021/11/18, 04:22:09.687, 390175562906, testhost.net48.x86.exe, TestExecutionRecorder.RecordEnd: test: unittesting.UnitTest1.succesfulAddToBasketSameItemFound execution completed.
TpTrace Warning: 0 : 10772, 15, 2021/11/18, 04:22:09.687, 390175563830, testhost.net48.x86.exe, TestRunCache: InProgressTests is null
TpTrace Verbose: 0 : 10772, 15, 2021/11/18, 04:22:09.688, 390175568192, testhost.net48.x86.exe, TestExecutionRecorder.RecordStart: Starting test: unittesting.UnitTest1.succesfulCheckingOut.
TpTrace Verbose: 0 : 10772, 15, 2021/11/18, 04:22:09.692, 390175612822, testhost.net48.x86.exe, TestExecutionRecorder.RecordResult: Received result for test: unittesting.UnitTest1.succesfulCheckingOut.
TpTrace Verbose: 0 : 10772, 15, 2021/11/18, 04:22:09.694, 390175632239, testhost.net48.x86.exe, TestExecutionRecorder.RecordEnd: test: unittesting.UnitTest1.succesfulCheckingOut execution completed.
TpTrace Warning: 0 : 10772, 15, 2021/11/18, 04:22:09.694, 390175633769, testhost.net48.x86.exe, TestRunCache: InProgressTests is null
TpTrace Verbose: 0 : 10772, 15, 2021/11/18, 04:22:09.695, 390175641383, testhost.net48.x86.exe, TestExecutionRecorder.RecordStart: Starting test: unittesting.UnitTest1.unsuccesfulRemoveFromBasketItemNotFound.
TpTrace Verbose: 0 : 10772, 15, 2021/11/18, 04:22:09.697, 390175658229, testhost.net48.x86.exe, TestExecutionRecorder.RecordResult: Received result for test: unittesting.UnitTest1.unsuccesfulRemoveFromBasketItemNotFound.
TpTrace Verbose: 0 : 10772, 15, 2021/11/18, 04:22:09.698, 390175671798, testhost.net48.x86.exe, TestExecutionRecorder.RecordEnd: test: unittesting.UnitTest1.unsuccesfulRemoveFromBasketItemNotFound execution completed.
TpTrace Warning: 0 : 10772, 15, 2021/11/18, 04:22:09.698, 390175673040, testhost.net48.x86.exe, TestRunCache: InProgressTests is null
TpTrace Verbose: 0 : 10772, 15, 2021/11/18, 04:22:09.699, 390175677963, testhost.net48.x86.exe, TestExecutionRecorder.RecordStart: Starting test: unittesting.UnitTest1.SuccessfullCreateProduct.
TpTrace Information: 0 : 10772, 15, 2021/11/18, 04:22:09.699, 390175678917, testhost.net48.x86.exe, Sending test run statistics
TpTrace Verbose: 0 : 10772, 15, 2021/11/18, 04:22:09.699, 390175682391, testhost.net48.x86.exe, TestRequestHandler.SendData:  sending data from testhost: {"Version":5,"MessageType":"TestExecution.StatsChange","Payload":{"NewTestResults":[{"TestCase":{"Id":"43200ac2-21a9-2c9d-8a8e-fa69eddd9c63","FullyQualifiedName":"unittesting.UnitTest1.UnsuccessfulCreationOfProduct","DisplayName":"unittesting.UnitTest1.UnsuccessfulCreationOfProduct","ExecutorUri":"executor://xunit/VsTestRunner2/net","Source":"C:\\Users\\weiya\\source\\repos\\AVENSYSTRG\\AvensysTRG\\FinalProj\\SmartBasket\\unittesting\\bin\\Debug\\net48\\fine-code-coverage\\build-output\\unittesting.dll","CodeFilePath":null,"LineNumber":0,"Properties":[]},"Attachments":[],"Outcome":1,"ErrorMessage":null,"ErrorStackTrace":null,"DisplayName":"unittesting.UnitTest1.UnsuccessfulCreationOfProduct","Messages":[],"ComputerName":"DESKTOP-URQND8D","Duration":"00:00:02.5240000","StartTime":"2021-11-17T20:22:09.6538522+00:00","EndTime":"2021-11-17T20:22:09.6538522+00:00","Properties":[]},{"TestCase":{"Id":"91c434b5-b4e5-51d8-d244-1179d0e07d98","FullyQualifiedName":"unittesting.UnitTest1.unsuccesfulCheckingOutEmptyPsuedoList","DisplayName":"unittesting.UnitTest1.unsuccesfulCheckingOutEmptyPsuedoList","ExecutorUri":"executor://xunit/VsTestRunner2/net","Source":"C:\\Users\\weiya\\source\\repos\\AVENSYSTRG\\AvensysTRG\\FinalProj\\SmartBasket\\unittesting\\bin\\Debug\\net48\\fine-code-coverage\\build-output\\unittesting.dll","CodeFilePath":null,"LineNumber":0,"Properties":[]},"Attachments":[],"Outcome":1,"ErrorMessage":null,"ErrorStackTrace":null,"DisplayName":"unittesting.UnitTest1.unsuccesfulCheckingOutEmptyPsuedoList","Messages":[],"ComputerName":"DESKTOP-URQND8D","Duration":"00:00:00.0030000","StartTime":"2021-11-17T20:22:09.6568446+00:00","EndTime":"2021-11-17T20:22:09.6568446+00:00","Properties":[]},{"TestCase":{"Id":"5397944e-2c27-d863-3060-638e935279c9","FullyQualifiedName":"unittesting.UnitTest1.unsuccesfulCalculateTotal","DisplayName":"unittesting.UnitTest1.unsuccesfulCalculateTotal","ExecutorUri":"executor://xunit/VsTestRunner2/net","Source":"C:\\Users\\weiya\\source\\repos\\AVENSYSTRG\\AvensysTRG\\FinalProj\\SmartBasket\\unittesting\\bin\\Debug\\net48\\fine-code-coverage\\build-output\\unittesting.dll","CodeFilePath":null,"LineNumber":0,"Properties":[]},"Attachments":[],"Outcome":1,"ErrorMessage":null,"ErrorStackTrace":null,"DisplayName":"unittesting.UnitTest1.unsuccesfulCalculateTotal","Messages":[],"ComputerName":"DESKTOP-URQND8D","Duration":"00:00:00.0030000","StartTime":"2021-11-17T20:22:09.6608348+00:00","EndTime":"2021-11-17T20:22:09.6608348+00:00","Properties":[]},{"TestCase":{"Id":"cc410e70-c5f7-a0f3-51c7-0aa4578e51ec","FullyQualifiedName":"unittesting.UnitTest1.unsuccesfulGenerateSalesReport","DisplayName":"unittesting.UnitTest1.unsuccesfulGenerateSalesReport","ExecutorUri":"executor://xunit/VsTestRunner2/net","Source":"C:\\Users\\weiya\\source\\repos\\AVENSYSTRG\\AvensysTRG\\FinalProj\\SmartBasket\\unittesting\\bin\\Debug\\net48\\fine-code-coverage\\build-output\\unittesting.dll","CodeFilePath":null,"LineNumber":0,"Properties":[]},"Attachments":[],"Outcome":1,"ErrorMessage":null,"ErrorStackTrace":null,"DisplayName":"unittesting.UnitTest1.unsuccesfulGenerateSalesReport","Messages":[],"ComputerName":"DESKTOP-URQND8D","Duration":"00:00:00.0050000","StartTime":"2021-11-17T20:22:09.6648258+00:00","EndTime":"2021-11-17T20:22:09.6648258+00:00","Properties":[]},{"TestCase":{"Id":"ef23d756-b496-7545-5188-6f9321e984e7","FullyQualifiedName":"unittesting.UnitTest1.succesfulViewBasket","DisplayName":"unittesting.UnitTest1.succesfulViewBasket","ExecutorUri":"executor://xunit/VsTestRunner2/net","Source":"C:\\Users\\weiya\\source\\repos\\AVENSYSTRG\\AvensysTRG\\FinalProj\\SmartBasket\\unittesting\\bin\\Debug\\net48\\fine-code-coverage\\build-output\\unittesting.dll","CodeFilePath":null,"LineNumber":0,"Properties":[]},"Attachments":[],"Outcome":1,"ErrorMessage":null,"ErrorStackTrace":null,"DisplayName":"unittesting.UnitTest1.succesfulViewBasket","Messages":[],"ComputerName":"DESKTOP-URQND8D","Duration":"00:00:00.0070000","StartTime":"2021-11-17T20:22:09.6718064+00:00","EndTime":"2021-11-17T20:22:09.6718064+00:00","Properties":[]},{"TestCase":{"Id":"5d44f103-ab76-f9a6-59c6-29c26ad13e03","FullyQualifiedName":"unittesting.UnitTest1.SuccessfullCreatCustomer","DisplayName":"unittesting.UnitTest1.SuccessfullCreatCustomer","ExecutorUri":"executor://xunit/VsTestRunner2/net","Source":"C:\\Users\\weiya\\source\\repos\\AVENSYSTRG\\AvensysTRG\\FinalProj\\SmartBasket\\unittesting\\bin\\Debug\\net48\\fine-code-coverage\\build-output\\unittesting.dll","CodeFilePath":null,"LineNumber":0,"Properties":[]},"Attachments":[],"Outcome":1,"ErrorMessage":null,"ErrorStackTrace":null,"DisplayName":"unittesting.UnitTest1.SuccessfullCreatCustomer","Messages":[],"ComputerName":"DESKTOP-URQND8D","Duration":"00:00:00.0060000","StartTime":"2021-11-17T20:22:09.6777897+00:00","EndTime":"2021-11-17T20:22:09.6777897+00:00","Properties":[]},{"TestCase":{"Id":"9164a181-55d2-858c-a1a7-b0c27902663d","FullyQualifiedName":"unittesting.UnitTest1.succesfulAddToBasketSameItemFound","DisplayName":"unittesting.UnitTest1.succesfulAddToBasketSameItemFound","ExecutorUri":"executor://xunit/VsTestRunner2/net","Source":"C:\\Users\\weiya\\source\\repos\\AVENSYSTRG\\AvensysTRG\\FinalProj\\SmartBasket\\unittesting\\bin\\Debug\\net48\\fine-code-coverage\\build-output\\unittesting.dll","CodeFilePath":null,"LineNumber":0,"Properties":[]},"Attachments":[],"Outcome":1,"ErrorMessage":null,"ErrorStackTrace":null,"DisplayName":"unittesting.UnitTest1.succesfulAddToBasketSameItemFound","Messages":[],"ComputerName":"DESKTOP-URQND8D","Duration":"00:00:00.0090000","StartTime":"2021-11-17T20:22:09.686765+00:00","EndTime":"2021-11-17T20:22:09.686765+00:00","Properties":[]},{"TestCase":{"Id":"4b8a6fa0-1af4-6034-47bc-49578b5a8e4a","FullyQualifiedName":"unittesting.UnitTest1.succesfulCheckingOut","DisplayName":"unittesting.UnitTest1.succesfulCheckingOut","ExecutorUri":"executor://xunit/VsTestRunner2/net","Source":"C:\\Users\\weiya\\source\\repos\\AVENSYSTRG\\AvensysTRG\\FinalProj\\SmartBasket\\unittesting\\bin\\Debug\\net48\\fine-code-coverage\\build-output\\unittesting.dll","CodeFilePath":null,"LineNumber":0,"Properties":[]},"Attachments":[],"Outcome":1,"ErrorMessage":null,"ErrorStackTrace":null,"DisplayName":"unittesting.UnitTest1.succesfulCheckingOut","Messages":[],"ComputerName":"DESKTOP-URQND8D","Duration":"00:00:00.0060000","StartTime":"2021-11-17T20:22:09.6927492+00:00","EndTime":"2021-11-17T20:22:09.6927492+00:00","Properties":[]},{"TestCase":{"Id":"f8728d47-95cc-fe03-bbd5-08ea920feee0","FullyQualifiedName":"unittesting.UnitTest1.unsuccesfulRemoveFromBasketItemNotFound","DisplayName":"unittesting.UnitTest1.unsuccesfulRemoveFromBasketItemNotFound","ExecutorUri":"executor://xunit/VsTestRunner2/net","Source":"C:\\Users\\weiya\\source\\repos\\AVENSYSTRG\\AvensysTRG\\FinalProj\\SmartBasket\\unittesting\\bin\\Debug\\net48\\fine-code-coverage\\build-output\\unittesting.dll","CodeFilePath":null,"LineNumber":0,"Properties":[]},"Attachments":[],"Outcome":1,"ErrorMessage":null,"ErrorStackTrace":null,"DisplayName":"unittesting.UnitTest1.unsuccesfulRemoveFromBasketItemNotFound","Messages":[],"ComputerName":"DESKTOP-URQND8D","Duration":"00:00:00.0030000","StartTime":"2021-11-17T20:22:09.6977373+00:00","EndTime":"2021-11-17T20:22:09.6977373+00:00","Properties":[]}],"TestRunStatistics":{"ExecutedTests":20,"Stats":{"Passed":20}},"ActiveTests":[{"Id":"45a0cc74-5cf1-f4d5-47ce-230a6efb7301","FullyQualifiedName":"unittesting.UnitTest1.SuccessfullCreateProduct","DisplayName":"unittesting.UnitTest1.SuccessfullCreateProduct","ExecutorUri":"executor://xunit/VsTestRunner2/net","Source":"C:\\Users\\weiya\\source\\repos\\AVENSYSTRG\\AvensysTRG\\FinalProj\\SmartBasket\\unittesting\\bin\\Debug\\net48\\fine-code-coverage\\build-output\\unittesting.dll","CodeFilePath":null,"LineNumber":0,"Properties":[]}]}}
TpTrace Verbose: 0 : 10772, 15, 2021/11/18, 04:22:09.699, 390175684637, testhost.net48.x86.exe, TestRunCache: OnNewTestResult: Notified the onCacheHit callback.
TpTrace Verbose: 0 : 10772, 15, 2021/11/18, 04:22:09.701, 390175703512, testhost.net48.x86.exe, TestExecutionRecorder.RecordResult: Received result for test: unittesting.UnitTest1.SuccessfullCreateProduct.
TpTrace Warning: 0 : 10772, 15, 2021/11/18, 04:22:09.702, 390175711624, testhost.net48.x86.exe, TestRunCache: InProgressTests is null
TpTrace Warning: 0 : 10772, 15, 2021/11/18, 04:22:09.702, 390175712685, testhost.net48.x86.exe, TestRunCache: No test found corresponding to testResult 'unittesting.UnitTest1.SuccessfullCreateProduct' in inProgress list.
TpTrace Verbose: 0 : 10772, 15, 2021/11/18, 04:22:09.703, 390175717920, testhost.net48.x86.exe, TestExecutionRecorder.RecordEnd: test: unittesting.UnitTest1.SuccessfullCreateProduct execution completed.
TpTrace Warning: 0 : 10772, 15, 2021/11/18, 04:22:09.703, 390175718796, testhost.net48.x86.exe, TestRunCache: InProgressTests is null
TpTrace Verbose: 0 : 10772, 15, 2021/11/18, 04:22:09.703, 390175723888, testhost.net48.x86.exe, TestExecutionRecorder.RecordStart: Starting test: unittesting.UnitTest1.succesfulAddToBasket.
TpTrace Verbose: 0 : 10772, 15, 2021/11/18, 04:22:09.705, 390175739566, testhost.net48.x86.exe, TestExecutionRecorder.RecordResult: Received result for test: unittesting.UnitTest1.succesfulAddToBasket.
TpTrace Verbose: 0 : 10772, 15, 2021/11/18, 04:22:09.706, 390175752893, testhost.net48.x86.exe, TestExecutionRecorder.RecordEnd: test: unittesting.UnitTest1.succesfulAddToBasket execution completed.
TpTrace Warning: 0 : 10772, 15, 2021/11/18, 04:22:09.706, 390175753907, testhost.net48.x86.exe, TestRunCache: InProgressTests is null
TpTrace Verbose: 0 : 10772, 15, 2021/11/18, 04:22:09.707, 390175758783, testhost.net48.x86.exe, TestExecutionRecorder.RecordStart: Starting test: unittesting.UnitTest1.unsuccesfulCalculateTotal0Totalprice.
TpTrace Verbose: 0 : 10772, 15, 2021/11/18, 04:22:09.711, 390175798822, testhost.net48.x86.exe, TestExecutionRecorder.RecordResult: Received result for test: unittesting.UnitTest1.unsuccesfulCalculateTotal0Totalprice.
TpTrace Verbose: 0 : 10772, 15, 2021/11/18, 04:22:09.713, 390175817477, testhost.net48.x86.exe, TestExecutionRecorder.RecordEnd: test: unittesting.UnitTest1.unsuccesfulCalculateTotal0Totalprice execution completed.
TpTrace Warning: 0 : 10772, 15, 2021/11/18, 04:22:09.713, 390175819207, testhost.net48.x86.exe, TestRunCache: InProgressTests is null
TpTrace Verbose: 0 : 10772, 15, 2021/11/18, 04:22:09.714, 390175827591, testhost.net48.x86.exe, TestExecutionRecorder.RecordStart: Starting test: unittesting.UnitTest1.unsuccessfulReturnCustomerList.
TpTrace Verbose: 0 : 10772, 15, 2021/11/18, 04:22:09.716, 390175852116, testhost.net48.x86.exe, TestExecutionRecorder.RecordResult: Received result for test: unittesting.UnitTest1.unsuccessfulReturnCustomerList.
TpTrace Verbose: 0 : 10772, 15, 2021/11/18, 04:22:09.718, 390175869312, testhost.net48.x86.exe, TestExecutionRecorder.RecordEnd: test: unittesting.UnitTest1.unsuccessfulReturnCustomerList execution completed.
TpTrace Warning: 0 : 10772, 15, 2021/11/18, 04:22:09.718, 390175870825, testhost.net48.x86.exe, TestRunCache: InProgressTests is null
TpTrace Verbose: 0 : 10772, 15, 2021/11/18, 04:22:09.719, 390175876350, testhost.net48.x86.exe, TestExecutionRecorder.RecordStart: Starting test: unittesting.UnitTest1.unsuccesfulRemoveFromBasketInvalidCustomerID.
TpTrace Verbose: 0 : 10772, 15, 2021/11/18, 04:22:09.720, 390175894791, testhost.net48.x86.exe, TestExecutionRecorder.RecordResult: Received result for test: unittesting.UnitTest1.unsuccesfulRemoveFromBasketInvalidCustomerID.
TpTrace Verbose: 0 : 10772, 15, 2021/11/18, 04:22:09.722, 390175906317, testhost.net48.x86.exe, TestExecutionRecorder.RecordEnd: test: unittesting.UnitTest1.unsuccesfulRemoveFromBasketInvalidCustomerID execution completed.
TpTrace Warning: 0 : 10772, 15, 2021/11/18, 04:22:09.722, 390175907331, testhost.net48.x86.exe, TestRunCache: InProgressTests is null
TpTrace Verbose: 0 : 10772, 15, 2021/11/18, 04:22:09.722, 390175912045, testhost.net48.x86.exe, TestExecutionRecorder.RecordStart: Starting test: unittesting.UnitTest1.unsuccesfulViewBasketEmptyPsuedoList.
TpTrace Verbose: 0 : 10772, 15, 2021/11/18, 04:22:09.724, 390175929120, testhost.net48.x86.exe, TestExecutionRecorder.RecordResult: Received result for test: unittesting.UnitTest1.unsuccesfulViewBasketEmptyPsuedoList.
TpTrace Verbose: 0 : 10772, 15, 2021/11/18, 04:22:09.725, 390175943422, testhost.net48.x86.exe, TestExecutionRecorder.RecordEnd: test: unittesting.UnitTest1.unsuccesfulViewBasketEmptyPsuedoList execution completed.
TpTrace Warning: 0 : 10772, 15, 2021/11/18, 04:22:09.725, 390175944594, testhost.net48.x86.exe, TestRunCache: InProgressTests is null
TpTrace Verbose: 0 : 10772, 15, 2021/11/18, 04:22:09.726, 390175950411, testhost.net48.x86.exe, TestExecutionRecorder.RecordStart: Starting test: unittesting.UnitTest1.unsuccesfulCalculateTotalEmptyBasket.
TpTrace Verbose: 0 : 10772, 15, 2021/11/18, 04:22:09.731, 390176001396, testhost.net48.x86.exe, TestExecutionRecorder.RecordResult: Received result for test: unittesting.UnitTest1.unsuccesfulCalculateTotalEmptyBasket.
TpTrace Verbose: 0 : 10772, 15, 2021/11/18, 04:22:09.733, 390176021236, testhost.net48.x86.exe, TestExecutionRecorder.RecordEnd: test: unittesting.UnitTest1.unsuccesfulCalculateTotalEmptyBasket execution completed.
TpTrace Warning: 0 : 10772, 15, 2021/11/18, 04:22:09.733, 390176022907, testhost.net48.x86.exe, TestRunCache: InProgressTests is null
TpTrace Verbose: 0 : 10772, 15, 2021/11/18, 04:22:09.734, 390176032281, testhost.net48.x86.exe, TestExecutionRecorder.RecordStart: Starting test: unittesting.UnitTest1.UnsuccessfulRemoveProduct.
TpTrace Verbose: 0 : 10772, 15, 2021/11/18, 04:22:09.737, 390176057345, testhost.net48.x86.exe, TestExecutionRecorder.RecordResult: Received result for test: unittesting.UnitTest1.UnsuccessfulRemoveProduct.
TpTrace Verbose: 0 : 10772, 15, 2021/11/18, 04:22:09.738, 390176073311, testhost.net48.x86.exe, TestExecutionRecorder.RecordEnd: test: unittesting.UnitTest1.UnsuccessfulRemoveProduct execution completed.
TpTrace Warning: 0 : 10772, 15, 2021/11/18, 04:22:09.738, 390176074695, testhost.net48.x86.exe, TestRunCache: InProgressTests is null
TpTrace Verbose: 0 : 10772, 15, 2021/11/18, 04:22:09.739, 390176081428, testhost.net48.x86.exe, TestExecutionRecorder.RecordStart: Starting test: unittesting.UnitTest1.succesfulViewProducts.
TpTrace Verbose: 0 : 10772, 15, 2021/11/18, 04:22:09.741, 390176101049, testhost.net48.x86.exe, TestExecutionRecorder.RecordResult: Received result for test: unittesting.UnitTest1.succesfulViewProducts.
TpTrace Verbose: 0 : 10772, 15, 2021/11/18, 04:22:09.743, 390176115510, testhost.net48.x86.exe, TestExecutionRecorder.RecordEnd: test: unittesting.UnitTest1.succesfulViewProducts execution completed.
TpTrace Warning: 0 : 10772, 15, 2021/11/18, 04:22:09.743, 390176116620, testhost.net48.x86.exe, TestRunCache: InProgressTests is null
TpTrace Verbose: 0 : 10772, 15, 2021/11/18, 04:22:09.743, 390176121750, testhost.net48.x86.exe, TestExecutionRecorder.RecordStart: Starting test: unittesting.UnitTest1.succesfulAddToBasketInvalidProductID.
TpTrace Information: 0 : 10772, 15, 2021/11/18, 04:22:09.743, 390176122612, testhost.net48.x86.exe, Sending test run statistics
TpTrace Verbose: 0 : 10772, 15, 2021/11/18, 04:22:09.744, 390176126686, testhost.net48.x86.exe, TestRequestHandler.SendData:  sending data from testhost: {"Version":5,"MessageType":"TestExecution.StatsChange","Payload":{"NewTestResults":[{"TestCase":{"Id":"45a0cc74-5cf1-f4d5-47ce-230a6efb7301","FullyQualifiedName":"unittesting.UnitTest1.SuccessfullCreateProduct","DisplayName":"unittesting.UnitTest1.SuccessfullCreateProduct","ExecutorUri":"executor://xunit/VsTestRunner2/net","Source":"C:\\Users\\weiya\\source\\repos\\AVENSYSTRG\\AvensysTRG\\FinalProj\\SmartBasket\\unittesting\\bin\\Debug\\net48\\fine-code-coverage\\build-output\\unittesting.dll","CodeFilePath":null,"LineNumber":0,"Properties":[]},"Attachments":[],"Outcome":1,"ErrorMessage":null,"ErrorStackTrace":null,"DisplayName":"unittesting.UnitTest1.SuccessfullCreateProduct","Messages":[],"ComputerName":"DESKTOP-URQND8D","Duration":"00:00:00.0040000","StartTime":"2021-11-17T20:22:09.701726+00:00","EndTime":"2021-11-17T20:22:09.701726+00:00","Properties":[]},{"TestCase":{"Id":"0e25fc87-f604-4e71-bc0f-5f9a3078a3c3","FullyQualifiedName":"unittesting.UnitTest1.succesfulAddToBasket","DisplayName":"unittesting.UnitTest1.succesfulAddToBasket","ExecutorUri":"executor://xunit/VsTestRunner2/net","Source":"C:\\Users\\weiya\\source\\repos\\AVENSYSTRG\\AvensysTRG\\FinalProj\\SmartBasket\\unittesting\\bin\\Debug\\net48\\fine-code-coverage\\build-output\\unittesting.dll","CodeFilePath":null,"LineNumber":0,"Properties":[]},"Attachments":[],"Outcome":1,"ErrorMessage":null,"ErrorStackTrace":null,"DisplayName":"unittesting.UnitTest1.succesfulAddToBasket","Messages":[],"ComputerName":"DESKTOP-URQND8D","Duration":"00:00:00.0050000","StartTime":"2021-11-17T20:22:09.7057153+00:00","EndTime":"2021-11-17T20:22:09.7057153+00:00","Properties":[]},{"TestCase":{"Id":"3cbfbca3-b148-99f3-f790-3458dffb4333","FullyQualifiedName":"unittesting.UnitTest1.unsuccesfulCalculateTotal0Totalprice","DisplayName":"unittesting.UnitTest1.unsuccesfulCalculateTotal0Totalprice","ExecutorUri":"executor://xunit/VsTestRunner2/net","Source":"C:\\Users\\weiya\\source\\repos\\AVENSYSTRG\\AvensysTRG\\FinalProj\\SmartBasket\\unittesting\\bin\\Debug\\net48\\fine-code-coverage\\build-output\\unittesting.dll","CodeFilePath":null,"LineNumber":0,"Properties":[]},"Attachments":[],"Outcome":1,"ErrorMessage":null,"ErrorStackTrace":null,"DisplayName":"unittesting.UnitTest1.unsuccesfulCalculateTotal0Totalprice","Messages":[],"ComputerName":"DESKTOP-URQND8D","Duration":"00:00:00.0070000","StartTime":"2021-11-17T20:22:09.7116992+00:00","EndTime":"2021-11-17T20:22:09.7116992+00:00","Properties":[]},{"TestCase":{"Id":"870f6456-0f3f-c4d7-ccfa-b59184c0a8f3","FullyQualifiedName":"unittesting.UnitTest1.unsuccessfulReturnCustomerList","DisplayName":"unittesting.UnitTest1.unsuccessfulReturnCustomerList","ExecutorUri":"executor://xunit/VsTestRunner2/net","Source":"C:\\Users\\weiya\\source\\repos\\AVENSYSTRG\\AvensysTRG\\FinalProj\\SmartBasket\\unittesting\\bin\\Debug\\net48\\fine-code-coverage\\build-output\\unittesting.dll","CodeFilePath":null,"LineNumber":0,"Properties":[]},"Attachments":[],"Outcome":1,"ErrorMessage":null,"ErrorStackTrace":null,"DisplayName":"unittesting.UnitTest1.unsuccessfulReturnCustomerList","Messages":[],"ComputerName":"DESKTOP-URQND8D","Duration":"00:00:00.0020000","StartTime":"2021-11-17T20:22:09.7166864+00:00","EndTime":"2021-11-17T20:22:09.7166864+00:00","Properties":[]},{"TestCase":{"Id":"b8d5a2db-ed08-02da-9c93-96f11a9f39db","FullyQualifiedName":"unittesting.UnitTest1.unsuccesfulRemoveFromBasketInvalidCustomerID","DisplayName":"unittesting.UnitTest1.unsuccesfulRemoveFromBasketInvalidCustomerID","ExecutorUri":"executor://xunit/VsTestRunner2/net","Source":"C:\\Users\\weiya\\source\\repos\\AVENSYSTRG\\AvensysTRG\\FinalProj\\SmartBasket\\unittesting\\bin\\Debug\\net48\\fine-code-coverage\\build-output\\unittesting.dll","CodeFilePath":null,"LineNumber":0,"Properties":[]},"Attachments":[],"Outcome":1,"ErrorMessage":null,"ErrorStackTrace":null,"DisplayName":"unittesting.UnitTest1.unsuccesfulRemoveFromBasketInvalidCustomerID","Messages":[],"ComputerName":"DESKTOP-URQND8D","Duration":"00:00:00.0030000","StartTime":"2021-11-17T20:22:09.7206791+00:00","EndTime":"2021-11-17T20:22:09.7206791+00:00","Properties":[]},{"TestCase":{"Id":"963f979c-5060-c4dd-f6bb-d6569b5f3dca","FullyQualifiedName":"unittesting.UnitTest1.unsuccesfulViewBasketEmptyPsuedoList","DisplayName":"unittesting.UnitTest1.unsuccesfulViewBasketEmptyPsuedoList","ExecutorUri":"executor://xunit/VsTestRunner2/net","Source":"C:\\Users\\weiya\\source\\repos\\AVENSYSTRG\\AvensysTRG\\FinalProj\\SmartBasket\\unittesting\\bin\\Debug\\net48\\fine-code-coverage\\build-output\\unittesting.dll","CodeFilePath":null,"LineNumber":0,"Properties":[]},"Attachments":[],"Outcome":1,"ErrorMessage":null,"ErrorStackTrace":null,"DisplayName":"unittesting.UnitTest1.unsuccesfulViewBasketEmptyPsuedoList","Messages":[],"ComputerName":"DESKTOP-URQND8D","Duration":"00:00:00.0030000","StartTime":"2021-11-17T20:22:09.7246657+00:00","EndTime":"2021-11-17T20:22:09.7246657+00:00","Properties":[]},{"TestCase":{"Id":"54b0eb02-1863-86e9-9f50-860063c6057f","FullyQualifiedName":"unittesting.UnitTest1.unsuccesfulCalculateTotalEmptyBasket","DisplayName":"unittesting.UnitTest1.unsuccesfulCalculateTotalEmptyBasket","ExecutorUri":"executor://xunit/VsTestRunner2/net","Source":"C:\\Users\\weiya\\source\\repos\\AVENSYSTRG\\AvensysTRG\\FinalProj\\SmartBasket\\unittesting\\bin\\Debug\\net48\\fine-code-coverage\\build-output\\unittesting.dll","CodeFilePath":null,"LineNumber":0,"Properties":[]},"Attachments":[],"Outcome":1,"ErrorMessage":null,"ErrorStackTrace":null,"DisplayName":"unittesting.UnitTest1.unsuccesfulCalculateTotalEmptyBasket","Messages":[],"ComputerName":"DESKTOP-URQND8D","Duration":"00:00:00.0030000","StartTime":"2021-11-17T20:22:09.7316486+00:00","EndTime":"2021-11-17T20:22:09.7316486+00:00","Properties":[]},{"TestCase":{"Id":"bce93ac9-4974-3bfe-e234-6f7c22359de1","FullyQualifiedName":"unittesting.UnitTest1.UnsuccessfulRemoveProduct","DisplayName":"unittesting.UnitTest1.UnsuccessfulRemoveProduct","ExecutorUri":"executor://xunit/VsTestRunner2/net","Source":"C:\\Users\\weiya\\source\\repos\\AVENSYSTRG\\AvensysTRG\\FinalProj\\SmartBasket\\unittesting\\bin\\Debug\\net48\\fine-code-coverage\\build-output\\unittesting.dll","CodeFilePath":null,"LineNumber":0,"Properties":[]},"Attachments":[],"Outcome":1,"ErrorMessage":null,"ErrorStackTrace":null,"DisplayName":"unittesting.UnitTest1.UnsuccessfulRemoveProduct","Messages":[],"ComputerName":"DESKTOP-URQND8D","Duration":"00:00:00.0020000","StartTime":"2021-11-17T20:22:09.7376316+00:00","EndTime":"2021-11-17T20:22:09.7376316+00:00","Properties":[]},{"TestCase":{"Id":"0bb78b33-9afe-c64f-fde9-32581fb3c585","FullyQualifiedName":"unittesting.UnitTest1.succesfulViewProducts","DisplayName":"unittesting.UnitTest1.succesfulViewProducts","ExecutorUri":"executor://xunit/VsTestRunner2/net","Source":"C:\\Users\\weiya\\source\\repos\\AVENSYSTRG\\AvensysTRG\\FinalProj\\SmartBasket\\unittesting\\bin\\Debug\\net48\\fine-code-coverage\\build-output\\unittesting.dll","CodeFilePath":null,"LineNumber":0,"Properties":[]},"Attachments":[],"Outcome":1,"ErrorMessage":null,"ErrorStackTrace":null,"DisplayName":"unittesting.UnitTest1.succesfulViewProducts","Messages":[],"ComputerName":"DESKTOP-URQND8D","Duration":"00:00:00.0030000","StartTime":"2021-11-17T20:22:09.7416198+00:00","EndTime":"2021-11-17T20:22:09.7416198+00:00","Properties":[]}],"TestRunStatistics":{"ExecutedTests":29,"Stats":{"Passed":29}},"ActiveTests":[{"Id":"1a910f91-9f46-d25f-5c26-321c6e320a78","FullyQualifiedName":"unittesting.UnitTest1.succesfulAddToBasketInvalidProductID","DisplayName":"unittesting.UnitTest1.succesfulAddToBasketInvalidProductID","ExecutorUri":"executor://xunit/VsTestRunner2/net","Source":"C:\\Users\\weiya\\source\\repos\\AVENSYSTRG\\AvensysTRG\\FinalProj\\SmartBasket\\unittesting\\bin\\Debug\\net48\\fine-code-coverage\\build-output\\unittesting.dll","CodeFilePath":null,"LineNumber":0,"Properties":[]}]}}
TpTrace Verbose: 0 : 10772, 15, 2021/11/18, 04:22:09.744, 390176129605, testhost.net48.x86.exe, TestRunCache: OnNewTestResult: Notified the onCacheHit callback.
TpTrace Verbose: 0 : 10772, 15, 2021/11/18, 04:22:09.761, 390176301276, testhost.net48.x86.exe, TestExecutionRecorder.RecordResult: Received result for test: unittesting.UnitTest1.succesfulAddToBasketInvalidProductID.
TpTrace Warning: 0 : 10772, 15, 2021/11/18, 04:22:09.762, 390176309662, testhost.net48.x86.exe, TestRunCache: InProgressTests is null
TpTrace Warning: 0 : 10772, 15, 2021/11/18, 04:22:09.762, 390176311064, testhost.net48.x86.exe, TestRunCache: No test found corresponding to testResult 'unittesting.UnitTest1.succesfulAddToBasketInvalidProductID' in inProgress list.
TpTrace Verbose: 0 : 10772, 15, 2021/11/18, 04:22:09.763, 390176318798, testhost.net48.x86.exe, TestExecutionRecorder.RecordEnd: test: unittesting.UnitTest1.succesfulAddToBasketInvalidProductID execution completed.
TpTrace Warning: 0 : 10772, 15, 2021/11/18, 04:22:09.763, 390176320190, testhost.net48.x86.exe, TestRunCache: InProgressTests is null
TpTrace Verbose: 0 : 10772, 15, 2021/11/18, 04:22:09.764, 390176328601, testhost.net48.x86.exe, TestExecutionRecorder.RecordStart: Starting test: unittesting.UnitTest1.UnsuccessfulCreationOfCustomer.
TpTrace Verbose: 0 : 10772, 15, 2021/11/18, 04:22:09.766, 390176348255, testhost.net48.x86.exe, TestExecutionRecorder.RecordResult: Received result for test: unittesting.UnitTest1.UnsuccessfulCreationOfCustomer.
TpTrace Verbose: 0 : 10772, 15, 2021/11/18, 04:22:09.767, 390176362389, testhost.net48.x86.exe, TestExecutionRecorder.RecordEnd: test: unittesting.UnitTest1.UnsuccessfulCreationOfCustomer execution completed.
TpTrace Warning: 0 : 10772, 15, 2021/11/18, 04:22:09.767, 390176363726, testhost.net48.x86.exe, TestRunCache: InProgressTests is null
TpTrace Verbose: 0 : 10772, 15, 2021/11/18, 04:22:09.768, 390176368563, testhost.net48.x86.exe, TestExecutionRecorder.RecordStart: Starting test: unittesting.UnitTest1.successfulReturnCustomerList.
TpTrace Verbose: 0 : 10772, 15, 2021/11/18, 04:22:09.770, 390176385844, testhost.net48.x86.exe, TestExecutionRecorder.RecordResult: Received result for test: unittesting.UnitTest1.successfulReturnCustomerList.
TpTrace Verbose: 0 : 10772, 15, 2021/11/18, 04:22:09.771, 390176400615, testhost.net48.x86.exe, TestExecutionRecorder.RecordEnd: test: unittesting.UnitTest1.successfulReturnCustomerList execution completed.
TpTrace Warning: 0 : 10772, 15, 2021/11/18, 04:22:09.771, 390176401876, testhost.net48.x86.exe, TestRunCache: InProgressTests is null
TpTrace Verbose: 0 : 10772, 8, 2021/11/18, 04:22:09.772, 390176404774, testhost.net48.x86.exe, TcpClientExtensions.MessageLoopAsync: Polling on remoteEndPoint: 127.0.0.1:52256 localEndPoint: 127.0.0.1:52257
TpTrace Verbose: 0 : 10772, 15, 2021/11/18, 04:22:09.772, 390176407260, testhost.net48.x86.exe, TestExecutionRecorder.RecordStart: Starting test: unittesting.UnitTest1.unsuccesfulAddToBasketMoreThanStock.
TpTrace Verbose: 0 : 10772, 15, 2021/11/18, 04:22:09.773, 390176420890, testhost.net48.x86.exe, TestExecutionRecorder.RecordResult: Received result for test: unittesting.UnitTest1.unsuccesfulAddToBasketMoreThanStock.
TpTrace Verbose: 0 : 10772, 15, 2021/11/18, 04:22:09.774, 390176430510, testhost.net48.x86.exe, TestExecutionRecorder.RecordEnd: test: unittesting.UnitTest1.unsuccesfulAddToBasketMoreThanStock execution completed.
TpTrace Warning: 0 : 10772, 15, 2021/11/18, 04:22:09.774, 390176431522, testhost.net48.x86.exe, TestRunCache: InProgressTests is null
TpTrace Verbose: 0 : 10772, 15, 2021/11/18, 04:22:09.775, 390176436329, testhost.net48.x86.exe, TestExecutionRecorder.RecordStart: Starting test: unittesting.UnitTest1.unsuccesfulViewProducts.
TpTrace Verbose: 0 : 10772, 15, 2021/11/18, 04:22:09.776, 390176450408, testhost.net48.x86.exe, TestExecutionRecorder.RecordResult: Received result for test: unittesting.UnitTest1.unsuccesfulViewProducts.
TpTrace Verbose: 0 : 10772, 15, 2021/11/18, 04:22:09.777, 390176462267, testhost.net48.x86.exe, TestExecutionRecorder.RecordEnd: test: unittesting.UnitTest1.unsuccesfulViewProducts execution completed.
TpTrace Warning: 0 : 10772, 15, 2021/11/18, 04:22:09.778, 390176464605, testhost.net48.x86.exe, TestRunCache: InProgressTests is null
TpTrace Verbose: 0 : 10772, 15, 2021/11/18, 04:22:09.778, 390176471750, testhost.net48.x86.exe, TestExecutionRecorder.RecordStart: Starting test: unittesting.UnitTest1.succesfulCalculateTotal.
TpTrace Verbose: 0 : 10772, 15, 2021/11/18, 04:22:09.780, 390176489511, testhost.net48.x86.exe, TestExecutionRecorder.RecordResult: Received result for test: unittesting.UnitTest1.succesfulCalculateTotal.
TpTrace Verbose: 0 : 10772, 15, 2021/11/18, 04:22:09.781, 390176500709, testhost.net48.x86.exe, TestExecutionRecorder.RecordEnd: test: unittesting.UnitTest1.succesfulCalculateTotal execution completed.
TpTrace Warning: 0 : 10772, 15, 2021/11/18, 04:22:09.781, 390176501662, testhost.net48.x86.exe, TestRunCache: InProgressTests is null
TpTrace Verbose: 0 : 10772, 15, 2021/11/18, 04:22:09.782, 390176506631, testhost.net48.x86.exe, TestExecutionRecorder.RecordStart: Starting test: unittesting.UnitTest1.unsuccesfulAddToBasketInvalidCustomerID.
TpTrace Verbose: 0 : 10772, 15, 2021/11/18, 04:22:09.783, 390176517870, testhost.net48.x86.exe, TestExecutionRecorder.RecordResult: Received result for test: unittesting.UnitTest1.unsuccesfulAddToBasketInvalidCustomerID.
TpTrace Verbose: 0 : 10772, 15, 2021/11/18, 04:22:09.784, 390176526650, testhost.net48.x86.exe, TestExecutionRecorder.RecordEnd: test: unittesting.UnitTest1.unsuccesfulAddToBasketInvalidCustomerID execution completed.
TpTrace Warning: 0 : 10772, 15, 2021/11/18, 04:22:09.784, 390176527435, testhost.net48.x86.exe, TestRunCache: InProgressTests is null
TpTrace Verbose: 0 : 10772, 15, 2021/11/18, 04:22:09.784, 390176531642, testhost.net48.x86.exe, TestExecutionRecorder.RecordStart: Starting test: unittesting.UnitTest1.unsuccesfulViewPurchaseHistoryInvalidID.
TpTrace Verbose: 0 : 10772, 15, 2021/11/18, 04:22:09.785, 390176542974, testhost.net48.x86.exe, TestExecutionRecorder.RecordResult: Received result for test: unittesting.UnitTest1.unsuccesfulViewPurchaseHistoryInvalidID.
TpTrace Verbose: 0 : 10772, 15, 2021/11/18, 04:22:09.786, 390176551092, testhost.net48.x86.exe, TestExecutionRecorder.RecordEnd: test: unittesting.UnitTest1.unsuccesfulViewPurchaseHistoryInvalidID execution completed.
TpTrace Warning: 0 : 10772, 15, 2021/11/18, 04:22:09.786, 390176551852, testhost.net48.x86.exe, TestRunCache: InProgressTests is null
TpTrace Verbose: 0 : 10772, 15, 2021/11/18, 04:22:09.787, 390176557686, testhost.net48.x86.exe, TestExecutionRecorder.RecordStart: Starting test: unittesting.UnitTest1.SuccesfulGenerateSalesReport.
TpTrace Verbose: 0 : 10772, 15, 2021/11/18, 04:22:09.788, 390176569296, testhost.net48.x86.exe, TestExecutionRecorder.RecordResult: Received result for test: unittesting.UnitTest1.SuccesfulGenerateSalesReport.
TpTrace Verbose: 0 : 10772, 15, 2021/11/18, 04:22:09.789, 390176577751, testhost.net48.x86.exe, TestExecutionRecorder.RecordEnd: test: unittesting.UnitTest1.SuccesfulGenerateSalesReport execution completed.
TpTrace Warning: 0 : 10772, 15, 2021/11/18, 04:22:09.789, 390176578660, testhost.net48.x86.exe, TestRunCache: InProgressTests is null
TpTrace Verbose: 0 : 10772, 15, 2021/11/18, 04:22:09.789, 390176582920, testhost.net48.x86.exe, TestExecutionRecorder.RecordStart: Starting test: unittesting.UnitTest1.unsuccesfulViewBasketEmptyBasket.
TpTrace Information: 0 : 10772, 15, 2021/11/18, 04:22:09.789, 390176583659, testhost.net48.x86.exe, Sending test run statistics
TpTrace Verbose: 0 : 10772, 15, 2021/11/18, 04:22:09.790, 390176588610, testhost.net48.x86.exe, TestRequestHandler.SendData:  sending data from testhost: {"Version":5,"MessageType":"TestExecution.StatsChange","Payload":{"NewTestResults":[{"TestCase":{"Id":"1a910f91-9f46-d25f-5c26-321c6e320a78","FullyQualifiedName":"unittesting.UnitTest1.succesfulAddToBasketInvalidProductID","DisplayName":"unittesting.UnitTest1.succesfulAddToBasketInvalidProductID","ExecutorUri":"executor://xunit/VsTestRunner2/net","Source":"C:\\Users\\weiya\\source\\repos\\AVENSYSTRG\\AvensysTRG\\FinalProj\\SmartBasket\\unittesting\\bin\\Debug\\net48\\fine-code-coverage\\build-output\\unittesting.dll","CodeFilePath":null,"LineNumber":0,"Properties":[]},"Attachments":[],"Outcome":1,"ErrorMessage":null,"ErrorStackTrace":null,"DisplayName":"unittesting.UnitTest1.succesfulAddToBasketInvalidProductID","Messages":[],"ComputerName":"DESKTOP-URQND8D","Duration":"00:00:00.0050000","StartTime":"2021-11-17T20:22:09.7615683+00:00","EndTime":"2021-11-17T20:22:09.7615683+00:00","Properties":[]},{"TestCase":{"Id":"a3c0cd86-2043-545e-e08e-69cacb461e85","FullyQualifiedName":"unittesting.UnitTest1.UnsuccessfulCreationOfCustomer","DisplayName":"unittesting.UnitTest1.UnsuccessfulCreationOfCustomer","ExecutorUri":"executor://xunit/VsTestRunner2/net","Source":"C:\\Users\\weiya\\source\\repos\\AVENSYSTRG\\AvensysTRG\\FinalProj\\SmartBasket\\unittesting\\bin\\Debug\\net48\\fine-code-coverage\\build-output\\unittesting.dll","CodeFilePath":null,"LineNumber":0,"Properties":[]},"Attachments":[],"Outcome":1,"ErrorMessage":null,"ErrorStackTrace":null,"DisplayName":"unittesting.UnitTest1.UnsuccessfulCreationOfCustomer","Messages":[],"ComputerName":"DESKTOP-URQND8D","Duration":"00:00:00.0020000","StartTime":"2021-11-17T20:22:09.7665554+00:00","EndTime":"2021-11-17T20:22:09.7665554+00:00","Properties":[]},{"TestCase":{"Id":"53e6a5a2-dbec-f095-e1d1-474c16e67787","FullyQualifiedName":"unittesting.UnitTest1.successfulReturnCustomerList","DisplayName":"unittesting.UnitTest1.successfulReturnCustomerList","ExecutorUri":"executor://xunit/VsTestRunner2/net","Source":"C:\\Users\\weiya\\source\\repos\\AVENSYSTRG\\AvensysTRG\\FinalProj\\SmartBasket\\unittesting\\bin\\Debug\\net48\\fine-code-coverage\\build-output\\unittesting.dll","CodeFilePath":null,"LineNumber":0,"Properties":[]},"Attachments":[],"Outcome":1,"ErrorMessage":null,"ErrorStackTrace":null,"DisplayName":"unittesting.UnitTest1.successfulReturnCustomerList","Messages":[],"ComputerName":"DESKTOP-URQND8D","Duration":"00:00:00.0030000","StartTime":"2021-11-17T20:22:09.7705454+00:00","EndTime":"2021-11-17T20:22:09.7705454+00:00","Properties":[]},{"TestCase":{"Id":"5697fc6d-a2f9-e223-d24c-0476d9e7cd31","FullyQualifiedName":"unittesting.UnitTest1.unsuccesfulAddToBasketMoreThanStock","DisplayName":"unittesting.UnitTest1.unsuccesfulAddToBasketMoreThanStock","ExecutorUri":"executor://xunit/VsTestRunner2/net","Source":"C:\\Users\\weiya\\source\\repos\\AVENSYSTRG\\AvensysTRG\\FinalProj\\SmartBasket\\unittesting\\bin\\Debug\\net48\\fine-code-coverage\\build-output\\unittesting.dll","CodeFilePath":null,"LineNumber":0,"Properties":[]},"Attachments":[],"Outcome":1,"ErrorMessage":null,"ErrorStackTrace":null,"DisplayName":"unittesting.UnitTest1.unsuccesfulAddToBasketMoreThanStock","Messages":[],"ComputerName":"DESKTOP-URQND8D","Duration":"00:00:00.0040000","StartTime":"2021-11-17T20:22:09.7735367+00:00","EndTime":"2021-11-17T20:22:09.7735367+00:00","Properties":[]},{"TestCase":{"Id":"45d9c83e-cec7-f4fe-e1a4-0f479e535f00","FullyQualifiedName":"unittesting.UnitTest1.unsuccesfulViewProducts","DisplayName":"unittesting.UnitTest1.unsuccesfulViewProducts","ExecutorUri":"executor://xunit/VsTestRunner2/net","Source":"C:\\Users\\weiya\\source\\repos\\AVENSYSTRG\\AvensysTRG\\FinalProj\\SmartBasket\\unittesting\\bin\\Debug\\net48\\fine-code-coverage\\build-output\\unittesting.dll","CodeFilePath":null,"LineNumber":0,"Properties":[]},"Attachments":[],"Outcome":1,"ErrorMessage":null,"ErrorStackTrace":null,"DisplayName":"unittesting.UnitTest1.unsuccesfulViewProducts","Messages":[],"ComputerName":"DESKTOP-URQND8D","Duration":"00:00:00.0170000","StartTime":"2021-11-17T20:22:09.7765279+00:00","EndTime":"2021-11-17T20:22:09.7765279+00:00","Properties":[]},{"TestCase":{"Id":"57c1955f-f15c-eb6b-4747-b2c333eb8b72","FullyQualifiedName":"unittesting.UnitTest1.succesfulCalculateTotal","DisplayName":"unittesting.UnitTest1.succesfulCalculateTotal","ExecutorUri":"executor://xunit/VsTestRunner2/net","Source":"C:\\Users\\weiya\\source\\repos\\AVENSYSTRG\\AvensysTRG\\FinalProj\\SmartBasket\\unittesting\\bin\\Debug\\net48\\fine-code-coverage\\build-output\\unittesting.dll","CodeFilePath":null,"LineNumber":0,"Properties":[]},"Attachments":[],"Outcome":1,"ErrorMessage":null,"ErrorStackTrace":null,"DisplayName":"unittesting.UnitTest1.succesfulCalculateTotal","Messages":[],"ComputerName":"DESKTOP-URQND8D","Duration":"00:00:00.0050000","StartTime":"2021-11-17T20:22:09.7805172+00:00","EndTime":"2021-11-17T20:22:09.7805172+00:00","Properties":[]},{"TestCase":{"Id":"b6ca542e-105c-147b-25de-2676683c33d5","FullyQualifiedName":"unittesting.UnitTest1.unsuccesfulAddToBasketInvalidCustomerID","DisplayName":"unittesting.UnitTest1.unsuccesfulAddToBasketInvalidCustomerID","ExecutorUri":"executor://xunit/VsTestRunner2/net","Source":"C:\\Users\\weiya\\source\\repos\\AVENSYSTRG\\AvensysTRG\\FinalProj\\SmartBasket\\unittesting\\bin\\Debug\\net48\\fine-code-coverage\\build-output\\unittesting.dll","CodeFilePath":null,"LineNumber":0,"Properties":[]},"Attachments":[],"Outcome":1,"ErrorMessage":null,"ErrorStackTrace":null,"DisplayName":"unittesting.UnitTest1.unsuccesfulAddToBasketInvalidCustomerID","Messages":[],"ComputerName":"DESKTOP-URQND8D","Duration":"00:00:00.0030000","StartTime":"2021-11-17T20:22:09.7835087+00:00","EndTime":"2021-11-17T20:22:09.7835087+00:00","Properties":[]},{"TestCase":{"Id":"b7dc2ad6-dbf4-342b-1a14-71ca1997fbc4","FullyQualifiedName":"unittesting.UnitTest1.unsuccesfulViewPurchaseHistoryInvalidID","DisplayName":"unittesting.UnitTest1.unsuccesfulViewPurchaseHistoryInvalidID","ExecutorUri":"executor://xunit/VsTestRunner2/net","Source":"C:\\Users\\weiya\\source\\repos\\AVENSYSTRG\\AvensysTRG\\FinalProj\\SmartBasket\\unittesting\\bin\\Debug\\net48\\fine-code-coverage\\build-output\\unittesting.dll","CodeFilePath":null,"LineNumber":0,"Properties":[]},"Attachments":[],"Outcome":1,"ErrorMessage":null,"ErrorStackTrace":null,"DisplayName":"unittesting.UnitTest1.unsuccesfulViewPurchaseHistoryInvalidID","Messages":[],"ComputerName":"DESKTOP-URQND8D","Duration":"00:00:00.0020000","StartTime":"2021-11-17T20:22:09.7855045+00:00","EndTime":"2021-11-17T20:22:09.7855045+00:00","Properties":[]},{"TestCase":{"Id":"2cfdfea4-eda5-d14e-bd35-a4cb2329a8d6","FullyQualifiedName":"unittesting.UnitTest1.SuccesfulGenerateSalesReport","DisplayName":"unittesting.UnitTest1.SuccesfulGenerateSalesReport","ExecutorUri":"executor://xunit/VsTestRunner2/net","Source":"C:\\Users\\weiya\\source\\repos\\AVENSYSTRG\\AvensysTRG\\FinalProj\\SmartBasket\\unittesting\\bin\\Debug\\net48\\fine-code-coverage\\build-output\\unittesting.dll","CodeFilePath":null,"LineNumber":0,"Properties":[]},"Attachments":[],"Outcome":1,"ErrorMessage":null,"ErrorStackTrace":null,"DisplayName":"unittesting.UnitTest1.SuccesfulGenerateSalesReport","Messages":[],"ComputerName":"DESKTOP-URQND8D","Duration":"00:00:00.0040000","StartTime":"2021-11-17T20:22:09.7884959+00:00","EndTime":"2021-11-17T20:22:09.7884959+00:00","Properties":[]}],"TestRunStatistics":{"ExecutedTests":38,"Stats":{"Passed":38}},"ActiveTests":[{"Id":"41a8534c-9c18-cc86-c420-fbf1d0a8172d","FullyQualifiedName":"unittesting.UnitTest1.unsuccesfulViewBasketEmptyBasket","DisplayName":"unittesting.UnitTest1.unsuccesfulViewBasketEmptyBasket","ExecutorUri":"executor://xunit/VsTestRunner2/net","Source":"C:\\Users\\weiya\\source\\repos\\AVENSYSTRG\\AvensysTRG\\FinalProj\\SmartBasket\\unittesting\\bin\\Debug\\net48\\fine-code-coverage\\build-output\\unittesting.dll","CodeFilePath":null,"LineNumber":0,"Properties":[]}]}}
TpTrace Verbose: 0 : 10772, 15, 2021/11/18, 04:22:09.790, 390176591649, testhost.net48.x86.exe, TestRunCache: OnNewTestResult: Notified the onCacheHit callback.
TpTrace Verbose: 0 : 10772, 15, 2021/11/18, 04:22:09.791, 390176603178, testhost.net48.x86.exe, TestExecutionRecorder.RecordResult: Received result for test: unittesting.UnitTest1.unsuccesfulViewBasketEmptyBasket.
TpTrace Warning: 0 : 10772, 15, 2021/11/18, 04:22:09.792, 390176608560, testhost.net48.x86.exe, TestRunCache: InProgressTests is null
TpTrace Warning: 0 : 10772, 15, 2021/11/18, 04:22:09.792, 390176609972, testhost.net48.x86.exe, TestRunCache: No test found corresponding to testResult 'unittesting.UnitTest1.unsuccesfulViewBasketEmptyBasket' in inProgress list.
TpTrace Verbose: 0 : 10772, 15, 2021/11/18, 04:22:09.792, 390176613745, testhost.net48.x86.exe, TestExecutionRecorder.RecordEnd: test: unittesting.UnitTest1.unsuccesfulViewBasketEmptyBasket execution completed.
TpTrace Warning: 0 : 10772, 15, 2021/11/18, 04:22:09.793, 390176614527, testhost.net48.x86.exe, TestRunCache: InProgressTests is null
TpTrace Information: 0 : 10772, 12, 2021/11/18, 04:22:09.794, 390176633118, testhost.net48.x86.exe, [xUnit.net 00:00:04.81]   Finished:    unittesting
TpTrace Verbose: 0 : 10772, 12, 2021/11/18, 04:22:09.795, 390176634440, testhost.net48.x86.exe, TestRequestHandler.SendData:  sending data from testhost: {"Version":5,"MessageType":"TestSession.Message","Payload":{"MessageLevel":0,"Message":"[xUnit.net 00:00:04.81]   Finished:    unittesting"}}
TpTrace Verbose: 0 : 10772, 3, 2021/11/18, 04:22:09.835, 390177041150, testhost.net48.x86.exe, BaseRunTests.RunTestInternalWithExecutors: Completed running tests for executor://xunit/VsTestRunner2/net
TpTrace Information: 0 : 10772, 3, 2021/11/18, 04:22:09.838, 390177068177, testhost.net48.x86.exe, Sending test run complete
TpTrace Verbose: 0 : 10772, 3, 2021/11/18, 04:22:09.845, 390177137477, testhost.net48.x86.exe, TestRequestHandler.SendData:  sending data from testhost: {"Version":5,"MessageType":"TestExecution.Completed","Payload":{"TestRunCompleteArgs":{"TestRunStatistics":{"ExecutedTests":39,"Stats":{"Passed":39}},"IsCanceled":false,"IsAborted":false,"Error":null,"AttachmentSets":[],"ElapsedTimeInRunningTests":"00:00:04.8669652","Metrics":{}},"LastRunTests":{"NewTestResults":[{"TestCase":{"Id":"41a8534c-9c18-cc86-c420-fbf1d0a8172d","FullyQualifiedName":"unittesting.UnitTest1.unsuccesfulViewBasketEmptyBasket","DisplayName":"unittesting.UnitTest1.unsuccesfulViewBasketEmptyBasket","ExecutorUri":"executor://xunit/VsTestRunner2/net","Source":"C:\\Users\\weiya\\source\\repos\\AVENSYSTRG\\AvensysTRG\\FinalProj\\SmartBasket\\unittesting\\bin\\Debug\\net48\\fine-code-coverage\\build-output\\unittesting.dll","CodeFilePath":null,"LineNumber":0,"Properties":[]},"Attachments":[],"Outcome":1,"ErrorMessage":null,"ErrorStackTrace":null,"DisplayName":"unittesting.UnitTest1.unsuccesfulViewBasketEmptyBasket","Messages":[],"ComputerName":"DESKTOP-URQND8D","Duration":"00:00:00.0040000","StartTime":"2021-11-17T20:22:09.7914879+00:00","EndTime":"2021-11-17T20:22:09.7914879+00:00","Properties":[]}],"TestRunStatistics":{"ExecutedTests":39,"Stats":{"Passed":39}},"ActiveTests":[]},"RunAttachments":[],"ExecutorUris":["executor://xunit/VsTestRunner2/net"]}}
TpTrace Verbose: 0 : 10772, 3, 2021/11/18, 04:22:09.845, 390177140258, testhost.net48.x86.exe, BaseRunTests.RunTests: Run is complete.
TpTrace Verbose: 0 : 10772, 8, 2021/11/18, 04:22:09.846, 390177143058, testhost.net48.x86.exe, TcpClientExtensions.MessageLoopAsync: NotifyDataAvailable remoteEndPoint: 127.0.0.1:52256 localEndPoint: 127.0.0.1:52257
TpTrace Information: 0 : 10772, 8, 2021/11/18, 04:22:09.846, 390177144277, testhost.net48.x86.exe, TestRequestHandler.OnMessageReceived: received message: (TestSession.Terminate) -> null
TpTrace Information: 0 : 10772, 8, 2021/11/18, 04:22:09.846, 390177144944, testhost.net48.x86.exe, Session End message received from server. Closing the connection.
TpTrace Information: 0 : 10772, 8, 2021/11/18, 04:22:09.846, 390177148061, testhost.net48.x86.exe, SocketClient.Stop: Stop communication from server endpoint: 127.0.0.1:052256
TpTrace Information: 0 : 10772, 8, 2021/11/18, 04:22:09.846, 390177148807, testhost.net48.x86.exe, SocketClient: Stop: Cancellation requested. Stopping message loop.
TpTrace Verbose: 0 : 10772, 8, 2021/11/18, 04:22:09.846, 390177150257, testhost.net48.x86.exe, LengthPrefixCommunicationChannel.Dispose: Dispose reader and writer.
TpTrace Information: 0 : 10772, 8, 2021/11/18, 04:22:09.846, 390177150942, testhost.net48.x86.exe, Closing the connection !
TpTrace Information: 0 : 10772, 1, 2021/11/18, 04:22:09.846, 390177150373, testhost.net48.x86.exe, Closing the connection !
TpTrace Information: 0 : 10772, 8, 2021/11/18, 04:22:09.847, 390177153853, testhost.net48.x86.exe, SocketClient.PrivateStop: Stop communication from server endpoint: 127.0.0.1:052256, error:
TpTrace Information: 0 : 10772, 1, 2021/11/18, 04:22:09.847, 390177154935, testhost.net48.x86.exe, SocketClient.Stop: Stop communication from server endpoint: 127.0.0.1:052256
TpTrace Verbose: 0 : 10772, 1, 2021/11/18, 04:22:09.847, 390177155569, testhost.net48.x86.exe, LengthPrefixCommunicationChannel.Dispose: Dispose reader and writer.
TpTrace Information: 0 : 10772, 1, 2021/11/18, 04:22:09.847, 390177156611, testhost.net48.x86.exe, Testhost process exiting.
TpTrace Verbose: 0 : 10772, 8, 2021/11/18, 04:22:09.847, 390177155002, testhost.net48.x86.exe, LengthPrefixCommunicationChannel.Dispose: Dispose reader and writer.
TpTrace Verbose: 0 : 10772, 8, 2021/11/18, 04:22:09.847, 390177158542, testhost.net48.x86.exe, TcpClientExtensions.MessageLoopAsync: exiting MessageLoopAsync remoteEndPoint: 127.0.0.1:52256 localEndPoint: 127.0.0.1:52257
