TpTrace Verbose: 0 : 19796, 1, 2021/11/18, 04:22:04.045, 390119144209, vstest.console.dll, Version: 16.11.0
TpTrace Information: 0 : 19796, 1, 2021/11/18, 04:22:04.054, 390119226299, vstest.console.dll, FilePatternParser: The given file C:\Users\weiya\source\repos\AVENSYSTRG\AvensysTRG\FinalProj\SmartBasket\unittesting\bin\Debug\net48\fine-code-coverage\build-output\unittesting.dll is a full path.
TpTrace Verbose: 0 : 19796, 1, 2021/11/18, 04:22:04.061, 390119298133, vstest.console.dll, TestPluginCache.DiscoverTestExtensions: finding test extensions in assemblies ends with: RuntimeProvider.dll TPluginInfo: Microsoft.VisualStudio.TestPlatform.Common.ExtensionFramework.Utilities.TestRuntimePluginInformation TExtension: Microsoft.VisualStudio.TestPlatform.ObjectModel.Host.ITestRuntimeProvider
TpTrace Verbose: 0 : 19796, 1, 2021/11/18, 04:22:04.065, 390119338197, vstest.console.dll, TestPluginCache.GetExtensionPaths: Filtered extension paths: 
TpTrace Verbose: 0 : 19796, 1, 2021/11/18, 04:22:04.065, 390119339502, vstest.console.dll, TestPluginCache.GetExtensionPaths: Added default extension paths: C:\Program Files\dotnet\sdk\5.0.402\Extensions\Microsoft.Diagnostics.NETCore.Client.dll
C:\Program Files\dotnet\sdk\5.0.402\Extensions\Microsoft.TestPlatform.Extensions.BlameDataCollector.dll
C:\Program Files\dotnet\sdk\5.0.402\Extensions\Microsoft.TestPlatform.Extensions.EventLogCollector.dll
C:\Program Files\dotnet\sdk\5.0.402\Extensions\Microsoft.TestPlatform.TestHostRuntimeProvider.dll
C:\Program Files\dotnet\sdk\5.0.402\Extensions\Microsoft.VisualStudio.TestPlatform.Extensions.Html.TestLogger.dll
C:\Program Files\dotnet\sdk\5.0.402\Extensions\Microsoft.VisualStudio.TestPlatform.Extensions.Trx.TestLogger.dll
TpTrace Verbose: 0 : 19796, 1, 2021/11/18, 04:22:04.065, 390119339891, vstest.console.dll, TestPluginCache.GetExtensionPaths: Added unfilterableExtensionPaths: 
TpTrace Information: 0 : 19796, 1, 2021/11/18, 04:22:04.066, 390119346701, vstest.console.dll, AssemblyResolver.ctor: Creating AssemblyResolver with searchDirectories C:\Program Files\dotnet\sdk\5.0.402\Extensions,C:\Program Files\dotnet\sdk\5.0.402
TpTrace Verbose: 0 : 19796, 1, 2021/11/18, 04:22:04.068, 390119366117, vstest.console.dll, TestPluginCache.DiscoverTestExtensions: Discovering the extensions using extension path.
TpTrace Verbose: 0 : 19796, 1, 2021/11/18, 04:22:04.068, 390119368637, vstest.console.dll, TestPluginCache.GetExtensionPaths: Filtered extension paths: 
TpTrace Verbose: 0 : 19796, 1, 2021/11/18, 04:22:04.068, 390119369141, vstest.console.dll, TestPluginCache.GetExtensionPaths: Added default extension paths: C:\Program Files\dotnet\sdk\5.0.402\Extensions\Microsoft.Diagnostics.NETCore.Client.dll
C:\Program Files\dotnet\sdk\5.0.402\Extensions\Microsoft.TestPlatform.Extensions.BlameDataCollector.dll
C:\Program Files\dotnet\sdk\5.0.402\Extensions\Microsoft.TestPlatform.Extensions.EventLogCollector.dll
C:\Program Files\dotnet\sdk\5.0.402\Extensions\Microsoft.TestPlatform.TestHostRuntimeProvider.dll
C:\Program Files\dotnet\sdk\5.0.402\Extensions\Microsoft.VisualStudio.TestPlatform.Extensions.Html.TestLogger.dll
C:\Program Files\dotnet\sdk\5.0.402\Extensions\Microsoft.VisualStudio.TestPlatform.Extensions.Trx.TestLogger.dll
TpTrace Verbose: 0 : 19796, 1, 2021/11/18, 04:22:04.068, 390119369508, vstest.console.dll, TestPluginCache.GetExtensionPaths: Added unfilterableExtensionPaths: 
TpTrace Verbose: 0 : 19796, 1, 2021/11/18, 04:22:04.068, 390119370239, vstest.console.dll, TestPluginCache.DiscoverTestExtensions: Discovering the extensions using allExtensionPaths: C:\Program Files\dotnet\sdk\5.0.402\Extensions\Microsoft.Diagnostics.NETCore.Client.dll
C:\Program Files\dotnet\sdk\5.0.402\Extensions\Microsoft.TestPlatform.Extensions.BlameDataCollector.dll
C:\Program Files\dotnet\sdk\5.0.402\Extensions\Microsoft.TestPlatform.Extensions.EventLogCollector.dll
C:\Program Files\dotnet\sdk\5.0.402\Extensions\Microsoft.TestPlatform.TestHostRuntimeProvider.dll
C:\Program Files\dotnet\sdk\5.0.402\Extensions\Microsoft.VisualStudio.TestPlatform.Extensions.Html.TestLogger.dll
C:\Program Files\dotnet\sdk\5.0.402\Extensions\Microsoft.VisualStudio.TestPlatform.Extensions.Trx.TestLogger.dll
TpTrace Information: 0 : 19796, 1, 2021/11/18, 04:22:04.069, 390119371793, vstest.console.dll, AssemblyResolver.AddSearchDirectories: Adding more searchDirectories C:\Program Files\dotnet\sdk\5.0.402\Extensions,C:\Program Files\dotnet\sdk\5.0.402
TpTrace Information: 0 : 19796, 1, 2021/11/18, 04:22:04.069, 390119372441, vstest.console.dll, AssemblyResolver.AddSearchDirectories: Adding more searchDirectories C:\Program Files\dotnet\sdk\5.0.402\Extensions,C:\Program Files\dotnet\sdk\5.0.402
TpTrace Information: 0 : 19796, 1, 2021/11/18, 04:22:04.069, 390119372834, vstest.console.dll, AssemblyResolver.AddSearchDirectories: Adding more searchDirectories C:\Program Files\dotnet\sdk\5.0.402\Extensions,C:\Program Files\dotnet\sdk\5.0.402
TpTrace Information: 0 : 19796, 1, 2021/11/18, 04:22:04.069, 390119373149, vstest.console.dll, AssemblyResolver.AddSearchDirectories: Adding more searchDirectories C:\Program Files\dotnet\sdk\5.0.402\Extensions,C:\Program Files\dotnet\sdk\5.0.402
TpTrace Information: 0 : 19796, 1, 2021/11/18, 04:22:04.069, 390119373499, vstest.console.dll, AssemblyResolver.AddSearchDirectories: Adding more searchDirectories C:\Program Files\dotnet\sdk\5.0.402\Extensions,C:\Program Files\dotnet\sdk\5.0.402
TpTrace Information: 0 : 19796, 1, 2021/11/18, 04:22:04.069, 390119373794, vstest.console.dll, AssemblyResolver.AddSearchDirectories: Adding more searchDirectories C:\Program Files\dotnet\sdk\5.0.402\Extensions,C:\Program Files\dotnet\sdk\5.0.402
TpTrace Information: 0 : 19796, 1, 2021/11/18, 04:22:04.069, 390119377328, vstest.console.dll, AssemblyResolver.OnResolve: Microsoft.Diagnostics.NETCore.Client: Resolving assembly.
TpTrace Information: 0 : 19796, 1, 2021/11/18, 04:22:04.069, 390119377960, vstest.console.dll, AssemblyResolver.OnResolve: Microsoft.Diagnostics.NETCore.Client: Searching in: 'C:\Program Files\dotnet\sdk\5.0.402\Extensions'.
TpTrace Information: 0 : 19796, 1, 2021/11/18, 04:22:04.070, 390119381832, vstest.console.dll, AssemblyResolver.OnResolve: Microsoft.Diagnostics.NETCore.Client: Loading assembly 'C:\Program Files\dotnet\sdk\5.0.402\Extensions\Microsoft.Diagnostics.NETCore.Client.dll'.
TpTrace Information: 0 : 19796, 1, 2021/11/18, 04:22:04.070, 390119387721, vstest.console.dll, AssemblyResolver.OnResolve: Resolved assembly: Microsoft.Diagnostics.NETCore.Client, from path: C:\Program Files\dotnet\sdk\5.0.402\Extensions\Microsoft.Diagnostics.NETCore.Client.dll
TpTrace Information: 0 : 19796, 1, 2021/11/18, 04:22:04.074, 390119423463, vstest.console.dll, AssemblyResolver.OnResolve: Microsoft.Bcl.AsyncInterfaces: Resolving assembly.
TpTrace Information: 0 : 19796, 1, 2021/11/18, 04:22:04.074, 390119424401, vstest.console.dll, AssemblyResolver.OnResolve: Microsoft.Bcl.AsyncInterfaces: Searching in: 'C:\Program Files\dotnet\sdk\5.0.402\Extensions'.
TpTrace Information: 0 : 19796, 1, 2021/11/18, 04:22:04.074, 390119425296, vstest.console.dll, AssemblyResolver.OnResolve: Microsoft.Bcl.AsyncInterfaces: Assembly path does not exist: 'C:\Program Files\dotnet\sdk\5.0.402\Extensions\Microsoft.Bcl.AsyncInterfaces.dll', returning.
TpTrace Information: 0 : 19796, 1, 2021/11/18, 04:22:04.074, 390119426074, vstest.console.dll, AssemblyResolver.OnResolve: Microsoft.Bcl.AsyncInterfaces: Assembly path does not exist: 'C:\Program Files\dotnet\sdk\5.0.402\Extensions\Microsoft.Bcl.AsyncInterfaces.exe', returning.
TpTrace Information: 0 : 19796, 1, 2021/11/18, 04:22:04.074, 390119426444, vstest.console.dll, AssemblyResolver.OnResolve: Microsoft.Bcl.AsyncInterfaces: Searching in: 'C:\Program Files\dotnet\sdk\5.0.402'.
TpTrace Information: 0 : 19796, 1, 2021/11/18, 04:22:04.074, 390119427118, vstest.console.dll, AssemblyResolver.OnResolve: Microsoft.Bcl.AsyncInterfaces: Assembly path does not exist: 'C:\Program Files\dotnet\sdk\5.0.402\Microsoft.Bcl.AsyncInterfaces.dll', returning.
TpTrace Information: 0 : 19796, 1, 2021/11/18, 04:22:04.074, 390119427779, vstest.console.dll, AssemblyResolver.OnResolve: Microsoft.Bcl.AsyncInterfaces: Assembly path does not exist: 'C:\Program Files\dotnet\sdk\5.0.402\Microsoft.Bcl.AsyncInterfaces.exe', returning.
TpTrace Information: 0 : 19796, 1, 2021/11/18, 04:22:04.074, 390119428581, vstest.console.dll, AssemblyResolver.OnResolve: Microsoft.Bcl.AsyncInterfaces: Failed to load assembly.
TpTrace Verbose: 0 : 19796, 1, 2021/11/18, 04:22:04.074, 390119429120, vstest.console.dll, CurrentDomainAssemblyResolve: Resolving assembly 'Microsoft.Bcl.AsyncInterfaces'.
TpTrace Information: 0 : 19796, 1, 2021/11/18, 04:22:04.074, 390119429865, vstest.console.dll, AssemblyResolver.OnResolve: Microsoft.Bcl.AsyncInterfaces: Resolving assembly.
TpTrace Information: 0 : 19796, 1, 2021/11/18, 04:22:04.074, 390119430277, vstest.console.dll, AssemblyResolver.OnResolve: Microsoft.Bcl.AsyncInterfaces: Resolved from cache.
TpTrace Verbose: 0 : 19796, 1, 2021/11/18, 04:22:04.075, 390119430598, vstest.console.dll, CurrentDomainAssemblyResolve: Resolving assembly 'Microsoft.Bcl.AsyncInterfaces'.
TpTrace Verbose: 0 : 19796, 1, 2021/11/18, 04:22:04.075, 390119430977, vstest.console.dll, CurrentDomainAssemblyResolve: Failed to resolve assembly 'Microsoft.Bcl.AsyncInterfaces'.
TpTrace Verbose: 0 : 19796, 1, 2021/11/18, 04:22:04.075, 390119439899, vstest.console.dll, CurrentDomainAssemblyResolve: Failed to resolve assembly 'Microsoft.Bcl.AsyncInterfaces'.
TpTrace Warning: 0 : 19796, 1, 2021/11/18, 04:22:04.090, 390119585272, vstest.console.dll, TestPluginDiscoverer: Failed to get types from assembly 'Microsoft.Diagnostics.NETCore.Client, Version=0.2.2.41902, Culture=neutral, PublicKeyToken=31bf3856ad364e35'.  Skipping test extension scan for this assembly.  Error: System.Reflection.ReflectionTypeLoadException: Unable to load one or more of the requested types.
Could not load file or assembly 'Microsoft.Bcl.AsyncInterfaces, Version=1.0.0.0, Culture=neutral, PublicKeyToken=cc7b13ffcd2ddd51'. The system cannot find the file specified.
   at System.Reflection.RuntimeModule.GetTypes(RuntimeModule module)
   at System.Reflection.RuntimeModule.GetTypes()
   at System.Reflection.Assembly.GetTypes()
   at Microsoft.VisualStudio.TestPlatform.Common.ExtensionFramework.TestPluginDiscoverer.GetTestExtensionsFromAssembly[TPluginInfo,TExtension](Assembly assembly, Dictionary`2 pluginInfos)
System.IO.FileNotFoundException: Could not load file or assembly 'Microsoft.Bcl.AsyncInterfaces, Version=1.0.0.0, Culture=neutral, PublicKeyToken=cc7b13ffcd2ddd51'. The system cannot find the file specified.
File name: 'Microsoft.Bcl.AsyncInterfaces, Version=1.0.0.0, Culture=neutral, PublicKeyToken=cc7b13ffcd2ddd51'
TpTrace Warning: 0 : 19796, 1, 2021/11/18, 04:22:04.090, 390119586492, vstest.console.dll, LoaderExceptions: System.IO.FileNotFoundException: Could not load file or assembly 'Microsoft.Bcl.AsyncInterfaces, Version=1.0.0.0, Culture=neutral, PublicKeyToken=cc7b13ffcd2ddd51'. The system cannot find the file specified.
File name: 'Microsoft.Bcl.AsyncInterfaces, Version=1.0.0.0, Culture=neutral, PublicKeyToken=cc7b13ffcd2ddd51'
TpTrace Information: 0 : 19796, 1, 2021/11/18, 04:22:04.090, 390119587505, vstest.console.dll, AssemblyResolver.OnResolve: Microsoft.TestPlatform.Extensions.BlameDataCollector: Resolving assembly.
TpTrace Information: 0 : 19796, 1, 2021/11/18, 04:22:04.090, 390119587899, vstest.console.dll, AssemblyResolver.OnResolve: Microsoft.TestPlatform.Extensions.BlameDataCollector: Searching in: 'C:\Program Files\dotnet\sdk\5.0.402\Extensions'.
TpTrace Information: 0 : 19796, 1, 2021/11/18, 04:22:04.091, 390119592988, vstest.console.dll, AssemblyResolver.OnResolve: Microsoft.TestPlatform.Extensions.BlameDataCollector: Loading assembly 'C:\Program Files\dotnet\sdk\5.0.402\Extensions\Microsoft.TestPlatform.Extensions.BlameDataCollector.dll'.
TpTrace Information: 0 : 19796, 1, 2021/11/18, 04:22:04.091, 390119599715, vstest.console.dll, AssemblyResolver.OnResolve: Resolved assembly: Microsoft.TestPlatform.Extensions.BlameDataCollector, from path: C:\Program Files\dotnet\sdk\5.0.402\Extensions\Microsoft.TestPlatform.Extensions.BlameDataCollector.dll
TpTrace Information: 0 : 19796, 1, 2021/11/18, 04:22:04.092, 390119609457, vstest.console.dll, AssemblyResolver.OnResolve: Microsoft.TestPlatform.Extensions.EventLogCollector: Resolving assembly.
TpTrace Information: 0 : 19796, 1, 2021/11/18, 04:22:04.092, 390119610350, vstest.console.dll, AssemblyResolver.OnResolve: Microsoft.TestPlatform.Extensions.EventLogCollector: Searching in: 'C:\Program Files\dotnet\sdk\5.0.402\Extensions'.
TpTrace Information: 0 : 19796, 1, 2021/11/18, 04:22:04.093, 390119612614, vstest.console.dll, AssemblyResolver.OnResolve: Microsoft.TestPlatform.Extensions.EventLogCollector: Loading assembly 'C:\Program Files\dotnet\sdk\5.0.402\Extensions\Microsoft.TestPlatform.Extensions.EventLogCollector.dll'.
TpTrace Information: 0 : 19796, 1, 2021/11/18, 04:22:04.093, 390119615557, vstest.console.dll, AssemblyResolver.OnResolve: Resolved assembly: Microsoft.TestPlatform.Extensions.EventLogCollector, from path: C:\Program Files\dotnet\sdk\5.0.402\Extensions\Microsoft.TestPlatform.Extensions.EventLogCollector.dll
TpTrace Information: 0 : 19796, 1, 2021/11/18, 04:22:04.095, 390119637416, vstest.console.dll, AssemblyResolver.OnResolve: Microsoft.TestPlatform.TestHostRuntimeProvider: Resolving assembly.
TpTrace Information: 0 : 19796, 1, 2021/11/18, 04:22:04.095, 390119638167, vstest.console.dll, AssemblyResolver.OnResolve: Microsoft.TestPlatform.TestHostRuntimeProvider: Searching in: 'C:\Program Files\dotnet\sdk\5.0.402\Extensions'.
TpTrace Information: 0 : 19796, 1, 2021/11/18, 04:22:04.095, 390119640489, vstest.console.dll, AssemblyResolver.OnResolve: Microsoft.TestPlatform.TestHostRuntimeProvider: Loading assembly 'C:\Program Files\dotnet\sdk\5.0.402\Extensions\Microsoft.TestPlatform.TestHostRuntimeProvider.dll'.
TpTrace Information: 0 : 19796, 1, 2021/11/18, 04:22:04.096, 390119644676, vstest.console.dll, AssemblyResolver.OnResolve: Resolved assembly: Microsoft.TestPlatform.TestHostRuntimeProvider, from path: C:\Program Files\dotnet\sdk\5.0.402\Extensions\Microsoft.TestPlatform.TestHostRuntimeProvider.dll
TpTrace Information: 0 : 19796, 1, 2021/11/18, 04:22:04.097, 390119659744, vstest.console.dll, AssemblyResolver.OnResolve: Microsoft.VisualStudio.TestPlatform.Extensions.Html.TestLogger: Resolving assembly.
TpTrace Information: 0 : 19796, 1, 2021/11/18, 04:22:04.098, 390119661043, vstest.console.dll, AssemblyResolver.OnResolve: Microsoft.VisualStudio.TestPlatform.Extensions.Html.TestLogger: Searching in: 'C:\Program Files\dotnet\sdk\5.0.402\Extensions'.
TpTrace Information: 0 : 19796, 1, 2021/11/18, 04:22:04.098, 390119664105, vstest.console.dll, AssemblyResolver.OnResolve: Microsoft.VisualStudio.TestPlatform.Extensions.Html.TestLogger: Loading assembly 'C:\Program Files\dotnet\sdk\5.0.402\Extensions\Microsoft.VisualStudio.TestPlatform.Extensions.Html.TestLogger.dll'.
TpTrace Information: 0 : 19796, 1, 2021/11/18, 04:22:04.098, 390119668827, vstest.console.dll, AssemblyResolver.OnResolve: Resolved assembly: Microsoft.VisualStudio.TestPlatform.Extensions.Html.TestLogger, from path: C:\Program Files\dotnet\sdk\5.0.402\Extensions\Microsoft.VisualStudio.TestPlatform.Extensions.Html.TestLogger.dll
TpTrace Information: 0 : 19796, 1, 2021/11/18, 04:22:04.099, 390119672948, vstest.console.dll, AssemblyResolver.OnResolve: Microsoft.VisualStudio.TestPlatform.Extensions.Trx.TestLogger: Resolving assembly.
TpTrace Information: 0 : 19796, 1, 2021/11/18, 04:22:04.099, 390119673516, vstest.console.dll, AssemblyResolver.OnResolve: Microsoft.VisualStudio.TestPlatform.Extensions.Trx.TestLogger: Searching in: 'C:\Program Files\dotnet\sdk\5.0.402\Extensions'.
TpTrace Information: 0 : 19796, 1, 2021/11/18, 04:22:04.099, 390119676511, vstest.console.dll, AssemblyResolver.OnResolve: Microsoft.VisualStudio.TestPlatform.Extensions.Trx.TestLogger: Loading assembly 'C:\Program Files\dotnet\sdk\5.0.402\Extensions\Microsoft.VisualStudio.TestPlatform.Extensions.Trx.TestLogger.dll'.
TpTrace Information: 0 : 19796, 1, 2021/11/18, 04:22:04.099, 390119680179, vstest.console.dll, AssemblyResolver.OnResolve: Resolved assembly: Microsoft.VisualStudio.TestPlatform.Extensions.Trx.TestLogger, from path: C:\Program Files\dotnet\sdk\5.0.402\Extensions\Microsoft.VisualStudio.TestPlatform.Extensions.Trx.TestLogger.dll
TpTrace Verbose: 0 : 19796, 1, 2021/11/18, 04:22:04.100, 390119686145, vstest.console.dll, TestPluginCache: Discovered the extensions using extension path ''.
TpTrace Verbose: 0 : 19796, 1, 2021/11/18, 04:22:04.100, 390119686798, vstest.console.dll, TestPluginCache: Discoverers are ''.
TpTrace Verbose: 0 : 19796, 1, 2021/11/18, 04:22:04.100, 390119687094, vstest.console.dll, TestPluginCache: Executors are ''.
TpTrace Verbose: 0 : 19796, 1, 2021/11/18, 04:22:04.100, 390119687348, vstest.console.dll, TestPluginCache: Executors2 are ''.
TpTrace Verbose: 0 : 19796, 1, 2021/11/18, 04:22:04.100, 390119687595, vstest.console.dll, TestPluginCache: Setting providers are ''.
TpTrace Verbose: 0 : 19796, 1, 2021/11/18, 04:22:04.100, 390119687838, vstest.console.dll, TestPluginCache: Loggers are ''.
TpTrace Information: 0 : 19796, 1, 2021/11/18, 04:22:04.109, 390119776122, vstest.console.dll, RunTestsArgumentProcessor:Execute: Test run is starting.
TpTrace Verbose: 0 : 19796, 1, 2021/11/18, 04:22:04.109, 390119777614, vstest.console.dll, RunTestsArgumentProcessor:Execute: Queuing Test run.
TpTrace Information: 0 : 19796, 1, 2021/11/18, 04:22:04.110, 390119781753, vstest.console.dll, TestRequestManager.RunTests: run tests started.
TpTrace Information: 0 : 19796, 1, 2021/11/18, 04:22:04.115, 390119834999, vstest.console.dll, AssemblyMetadataProvider.GetFrameWork: Determined framework:'.NETFramework,Version=v4.8' for source: 'C:\Users\weiya\source\repos\AVENSYSTRG\AvensysTRG\FinalProj\SmartBasket\unittesting\bin\Debug\net48\fine-code-coverage\build-output\unittesting.dll'
TpTrace Information: 0 : 19796, 1, 2021/11/18, 04:22:04.115, 390119837491, vstest.console.dll, Determined framework for all sources: .NETFramework,Version=v4.8
TpTrace Information: 0 : 19796, 1, 2021/11/18, 04:22:04.116, 390119845620, vstest.console.dll, AssemblyMetadataProvider.GetArchitecture: Determined architecture:AnyCPU info for assembly: C:\Users\weiya\source\repos\AVENSYSTRG\AvensysTRG\FinalProj\SmartBasket\unittesting\bin\Debug\net48\fine-code-coverage\build-output\unittesting.dll
TpTrace Information: 0 : 19796, 1, 2021/11/18, 04:22:04.121, 390119890778, vstest.console.dll, Determined platform for all sources: X86
TpTrace Information: 0 : 19796, 1, 2021/11/18, 04:22:04.124, 390119923960, vstest.console.dll, Compatible sources list : 
TpTrace Information: 0 : 19796, 1, 2021/11/18, 04:22:04.124, 390119925240, vstest.console.dll, C:\Users\weiya\source\repos\AVENSYSTRG\AvensysTRG\FinalProj\SmartBasket\unittesting\bin\Debug\net48\fine-code-coverage\build-output\unittesting.dll
TpTrace Information: 0 : 19796, 1, 2021/11/18, 04:22:04.127, 390119955037, vstest.console.dll, InferRunSettingsHelper.IsTestSettingsEnabled: Unable to navigate to RunSettings/MSTest. Current node: RunSettings
TpTrace Information: 0 : 19796, 1, 2021/11/18, 04:22:04.128, 390119965470, vstest.console.dll, AssemblyResolver.OnResolve: Microsoft.VisualStudio.TestPlatform.Fakes: Resolving assembly.
TpTrace Information: 0 : 19796, 1, 2021/11/18, 04:22:04.128, 390119966451, vstest.console.dll, AssemblyResolver.OnResolve: Microsoft.VisualStudio.TestPlatform.Fakes: Searching in: 'C:\Program Files\dotnet\sdk\5.0.402\Extensions'.
TpTrace Information: 0 : 19796, 1, 2021/11/18, 04:22:04.128, 390119967842, vstest.console.dll, AssemblyResolver.OnResolve: Microsoft.VisualStudio.TestPlatform.Fakes: Assembly path does not exist: 'C:\Program Files\dotnet\sdk\5.0.402\Extensions\Microsoft.VisualStudio.TestPlatform.Fakes.dll', returning.
TpTrace Information: 0 : 19796, 1, 2021/11/18, 04:22:04.128, 390119968967, vstest.console.dll, AssemblyResolver.OnResolve: Microsoft.VisualStudio.TestPlatform.Fakes: Assembly path does not exist: 'C:\Program Files\dotnet\sdk\5.0.402\Extensions\Microsoft.VisualStudio.TestPlatform.Fakes.exe', returning.
TpTrace Information: 0 : 19796, 1, 2021/11/18, 04:22:04.128, 390119970267, vstest.console.dll, AssemblyResolver.OnResolve: Microsoft.VisualStudio.TestPlatform.Fakes: Searching in: 'C:\Program Files\dotnet\sdk\5.0.402'.
TpTrace Information: 0 : 19796, 1, 2021/11/18, 04:22:04.129, 390119971556, vstest.console.dll, AssemblyResolver.OnResolve: Microsoft.VisualStudio.TestPlatform.Fakes: Assembly path does not exist: 'C:\Program Files\dotnet\sdk\5.0.402\Microsoft.VisualStudio.TestPlatform.Fakes.dll', returning.
TpTrace Information: 0 : 19796, 1, 2021/11/18, 04:22:04.129, 390119972858, vstest.console.dll, AssemblyResolver.OnResolve: Microsoft.VisualStudio.TestPlatform.Fakes: Assembly path does not exist: 'C:\Program Files\dotnet\sdk\5.0.402\Microsoft.VisualStudio.TestPlatform.Fakes.exe', returning.
TpTrace Information: 0 : 19796, 1, 2021/11/18, 04:22:04.129, 390119973484, vstest.console.dll, AssemblyResolver.OnResolve: Microsoft.VisualStudio.TestPlatform.Fakes: Failed to load assembly.
TpTrace Information: 0 : 19796, 1, 2021/11/18, 04:22:04.129, 390119978852, vstest.console.dll, Failed to create newly implemented Fakes Configurator. Reason:System.IO.FileNotFoundException: Could not load file or assembly 'Microsoft.VisualStudio.TestPlatform.Fakes, Version=16.0.0.0, Culture=neutral, PublicKeyToken=null'. The system cannot find the file specified.
File name: 'Microsoft.VisualStudio.TestPlatform.Fakes, Version=16.0.0.0, Culture=neutral, PublicKeyToken=null'
   at System.Reflection.RuntimeAssembly.InternalLoad(ObjectHandleOnStack assemblyName, ObjectHandleOnStack requestingAssembly, StackCrawlMarkHandle stackMark, Boolean throwOnFileNotFound, ObjectHandleOnStack assemblyLoadContext, ObjectHandleOnStack retAssembly)
   at System.Reflection.RuntimeAssembly.InternalLoad(AssemblyName assemblyName, RuntimeAssembly requestingAssembly, StackCrawlMark& stackMark, Boolean throwOnFileNotFound, AssemblyLoadContext assemblyLoadContext)
   at System.Reflection.Assembly.Load(AssemblyName assemblyRef)
   at Microsoft.VisualStudio.TestPlatform.Common.Utilities.FakesUtilities.TryGetFakesCrossPlatformDataCollectorConfigurator() 
TpTrace Verbose: 0 : 19796, 1, 2021/11/18, 04:22:04.161, 390120298730, vstest.console.dll, TestPluginCache.DiscoverTestExtensions: finding test extensions in assemblies ends with: TestLogger.dll TPluginInfo: Microsoft.VisualStudio.TestPlatform.Common.ExtensionFramework.Utilities.TestLoggerPluginInformation TExtension: Microsoft.VisualStudio.TestPlatform.ObjectModel.Client.ITestLogger
TpTrace Verbose: 0 : 19796, 1, 2021/11/18, 04:22:04.161, 390120299944, vstest.console.dll, TestPluginCache.GetExtensionPaths: Filtered extension paths: 
TpTrace Verbose: 0 : 19796, 1, 2021/11/18, 04:22:04.161, 390120300467, vstest.console.dll, TestPluginCache.GetExtensionPaths: Added default extension paths: C:\Program Files\dotnet\sdk\5.0.402\Extensions\Microsoft.Diagnostics.NETCore.Client.dll
C:\Program Files\dotnet\sdk\5.0.402\Extensions\Microsoft.TestPlatform.Extensions.BlameDataCollector.dll
C:\Program Files\dotnet\sdk\5.0.402\Extensions\Microsoft.TestPlatform.Extensions.EventLogCollector.dll
C:\Program Files\dotnet\sdk\5.0.402\Extensions\Microsoft.TestPlatform.TestHostRuntimeProvider.dll
C:\Program Files\dotnet\sdk\5.0.402\Extensions\Microsoft.VisualStudio.TestPlatform.Extensions.Html.TestLogger.dll
C:\Program Files\dotnet\sdk\5.0.402\Extensions\Microsoft.VisualStudio.TestPlatform.Extensions.Trx.TestLogger.dll
TpTrace Verbose: 0 : 19796, 1, 2021/11/18, 04:22:04.162, 390120301045, vstest.console.dll, TestPluginCache.GetExtensionPaths: Added unfilterableExtensionPaths: 
TpTrace Information: 0 : 19796, 1, 2021/11/18, 04:22:04.162, 390120303011, vstest.console.dll, AssemblyResolver.AddSearchDirectories: Adding more searchDirectories C:\Program Files\dotnet\sdk\5.0.402\Extensions,C:\Program Files\dotnet\sdk\5.0.402
TpTrace Verbose: 0 : 19796, 1, 2021/11/18, 04:22:04.162, 390120303719, vstest.console.dll, TestPluginCache.DiscoverTestExtensions: Discovering the extensions using extension path.
TpTrace Verbose: 0 : 19796, 1, 2021/11/18, 04:22:04.162, 390120304179, vstest.console.dll, TestPluginCache.GetExtensionPaths: Filtered extension paths: 
TpTrace Verbose: 0 : 19796, 1, 2021/11/18, 04:22:04.162, 390120304658, vstest.console.dll, TestPluginCache.GetExtensionPaths: Added default extension paths: C:\Program Files\dotnet\sdk\5.0.402\Extensions\Microsoft.Diagnostics.NETCore.Client.dll
C:\Program Files\dotnet\sdk\5.0.402\Extensions\Microsoft.TestPlatform.Extensions.BlameDataCollector.dll
C:\Program Files\dotnet\sdk\5.0.402\Extensions\Microsoft.TestPlatform.Extensions.EventLogCollector.dll
C:\Program Files\dotnet\sdk\5.0.402\Extensions\Microsoft.TestPlatform.TestHostRuntimeProvider.dll
C:\Program Files\dotnet\sdk\5.0.402\Extensions\Microsoft.VisualStudio.TestPlatform.Extensions.Html.TestLogger.dll
C:\Program Files\dotnet\sdk\5.0.402\Extensions\Microsoft.VisualStudio.TestPlatform.Extensions.Trx.TestLogger.dll
TpTrace Verbose: 0 : 19796, 1, 2021/11/18, 04:22:04.162, 390120305214, vstest.console.dll, TestPluginCache.GetExtensionPaths: Added unfilterableExtensionPaths: 
TpTrace Verbose: 0 : 19796, 1, 2021/11/18, 04:22:04.162, 390120305678, vstest.console.dll, TestPluginCache.DiscoverTestExtensions: Discovering the extensions using allExtensionPaths: C:\Program Files\dotnet\sdk\5.0.402\Extensions\Microsoft.Diagnostics.NETCore.Client.dll
C:\Program Files\dotnet\sdk\5.0.402\Extensions\Microsoft.TestPlatform.Extensions.BlameDataCollector.dll
C:\Program Files\dotnet\sdk\5.0.402\Extensions\Microsoft.TestPlatform.Extensions.EventLogCollector.dll
C:\Program Files\dotnet\sdk\5.0.402\Extensions\Microsoft.TestPlatform.TestHostRuntimeProvider.dll
C:\Program Files\dotnet\sdk\5.0.402\Extensions\Microsoft.VisualStudio.TestPlatform.Extensions.Html.TestLogger.dll
C:\Program Files\dotnet\sdk\5.0.402\Extensions\Microsoft.VisualStudio.TestPlatform.Extensions.Trx.TestLogger.dll
TpTrace Information: 0 : 19796, 1, 2021/11/18, 04:22:04.162, 390120306342, vstest.console.dll, AssemblyResolver.AddSearchDirectories: Adding more searchDirectories C:\Program Files\dotnet\sdk\5.0.402\Extensions,C:\Program Files\dotnet\sdk\5.0.402
TpTrace Information: 0 : 19796, 1, 2021/11/18, 04:22:04.162, 390120306895, vstest.console.dll, AssemblyResolver.AddSearchDirectories: Adding more searchDirectories C:\Program Files\dotnet\sdk\5.0.402\Extensions,C:\Program Files\dotnet\sdk\5.0.402
TpTrace Information: 0 : 19796, 1, 2021/11/18, 04:22:04.162, 390120307353, vstest.console.dll, AssemblyResolver.AddSearchDirectories: Adding more searchDirectories C:\Program Files\dotnet\sdk\5.0.402\Extensions,C:\Program Files\dotnet\sdk\5.0.402
TpTrace Information: 0 : 19796, 1, 2021/11/18, 04:22:04.162, 390120307870, vstest.console.dll, AssemblyResolver.AddSearchDirectories: Adding more searchDirectories C:\Program Files\dotnet\sdk\5.0.402\Extensions,C:\Program Files\dotnet\sdk\5.0.402
TpTrace Information: 0 : 19796, 1, 2021/11/18, 04:22:04.162, 390120308327, vstest.console.dll, AssemblyResolver.AddSearchDirectories: Adding more searchDirectories C:\Program Files\dotnet\sdk\5.0.402\Extensions,C:\Program Files\dotnet\sdk\5.0.402
TpTrace Information: 0 : 19796, 1, 2021/11/18, 04:22:04.162, 390120308778, vstest.console.dll, AssemblyResolver.AddSearchDirectories: Adding more searchDirectories C:\Program Files\dotnet\sdk\5.0.402\Extensions,C:\Program Files\dotnet\sdk\5.0.402
TpTrace Information: 0 : 19796, 1, 2021/11/18, 04:22:04.163, 390120312784, vstest.console.dll, AssemblyResolver.OnResolve: Microsoft.Bcl.AsyncInterfaces: Resolving assembly.
TpTrace Information: 0 : 19796, 1, 2021/11/18, 04:22:04.163, 390120313514, vstest.console.dll, AssemblyResolver.OnResolve: Microsoft.Bcl.AsyncInterfaces: Resolved from cache.
TpTrace Verbose: 0 : 19796, 1, 2021/11/18, 04:22:04.163, 390120314150, vstest.console.dll, CurrentDomainAssemblyResolve: Resolving assembly 'Microsoft.Bcl.AsyncInterfaces'.
TpTrace Information: 0 : 19796, 1, 2021/11/18, 04:22:04.163, 390120315148, vstest.console.dll, AssemblyResolver.OnResolve: Microsoft.Bcl.AsyncInterfaces: Resolving assembly.
TpTrace Information: 0 : 19796, 1, 2021/11/18, 04:22:04.163, 390120315731, vstest.console.dll, AssemblyResolver.OnResolve: Microsoft.Bcl.AsyncInterfaces: Resolved from cache.
TpTrace Verbose: 0 : 19796, 1, 2021/11/18, 04:22:04.163, 390120316448, vstest.console.dll, CurrentDomainAssemblyResolve: Resolving assembly 'Microsoft.Bcl.AsyncInterfaces'.
TpTrace Verbose: 0 : 19796, 1, 2021/11/18, 04:22:04.163, 390120317096, vstest.console.dll, CurrentDomainAssemblyResolve: Failed to resolve assembly 'Microsoft.Bcl.AsyncInterfaces'.
TpTrace Verbose: 0 : 19796, 1, 2021/11/18, 04:22:04.163, 390120319592, vstest.console.dll, CurrentDomainAssemblyResolve: Failed to resolve assembly 'Microsoft.Bcl.AsyncInterfaces'.
TpTrace Warning: 0 : 19796, 1, 2021/11/18, 04:22:04.164, 390120324477, vstest.console.dll, TestPluginDiscoverer: Failed to get types from assembly 'Microsoft.Diagnostics.NETCore.Client, Version=0.2.2.41902, Culture=neutral, PublicKeyToken=31bf3856ad364e35'.  Skipping test extension scan for this assembly.  Error: System.Reflection.ReflectionTypeLoadException: Unable to load one or more of the requested types.
Could not load file or assembly 'Microsoft.Bcl.AsyncInterfaces, Version=1.0.0.0, Culture=neutral, PublicKeyToken=cc7b13ffcd2ddd51'. The system cannot find the file specified.
   at System.Reflection.RuntimeModule.GetTypes(RuntimeModule module)
   at System.Reflection.RuntimeModule.GetTypes()
   at System.Reflection.Assembly.GetTypes()
   at Microsoft.VisualStudio.TestPlatform.Common.ExtensionFramework.TestPluginDiscoverer.GetTestExtensionsFromAssembly[TPluginInfo,TExtension](Assembly assembly, Dictionary`2 pluginInfos)
System.IO.FileNotFoundException: Could not load file or assembly 'Microsoft.Bcl.AsyncInterfaces, Version=1.0.0.0, Culture=neutral, PublicKeyToken=cc7b13ffcd2ddd51'. The system cannot find the file specified.
File name: 'Microsoft.Bcl.AsyncInterfaces, Version=1.0.0.0, Culture=neutral, PublicKeyToken=cc7b13ffcd2ddd51'
TpTrace Warning: 0 : 19796, 1, 2021/11/18, 04:22:04.164, 390120325435, vstest.console.dll, LoaderExceptions: System.IO.FileNotFoundException: Could not load file or assembly 'Microsoft.Bcl.AsyncInterfaces, Version=1.0.0.0, Culture=neutral, PublicKeyToken=cc7b13ffcd2ddd51'. The system cannot find the file specified.
File name: 'Microsoft.Bcl.AsyncInterfaces, Version=1.0.0.0, Culture=neutral, PublicKeyToken=cc7b13ffcd2ddd51'
TpTrace Verbose: 0 : 19796, 1, 2021/11/18, 04:22:04.165, 390120331813, vstest.console.dll, TestPluginCache: Discovered the extensions using extension path ''.
TpTrace Verbose: 0 : 19796, 1, 2021/11/18, 04:22:04.165, 390120332610, vstest.console.dll, TestPluginCache: Discoverers are ''.
TpTrace Verbose: 0 : 19796, 1, 2021/11/18, 04:22:04.165, 390120333175, vstest.console.dll, TestPluginCache: Executors are ''.
TpTrace Verbose: 0 : 19796, 1, 2021/11/18, 04:22:04.165, 390120333712, vstest.console.dll, TestPluginCache: Executors2 are ''.
TpTrace Verbose: 0 : 19796, 1, 2021/11/18, 04:22:04.165, 390120334241, vstest.console.dll, TestPluginCache: Setting providers are ''.
TpTrace Verbose: 0 : 19796, 1, 2021/11/18, 04:22:04.165, 390120335392, vstest.console.dll, TestPluginCache: Loggers are 'logger://Microsoft/TestPlatform/Extensions/Blame/v1,logger://Microsoft/TestPlatform/HtmlLogger/v1,logger://Microsoft/TestPlatform/TrxLogger/v1'.
TpTrace Information: 0 : 19796, 1, 2021/11/18, 04:22:04.166, 390120347222, vstest.console.dll, TestPluginManager.CreateTestExtension: Attempting to load test extension: Microsoft.TestPlatform.Extensions.BlameDataCollector.BlameLogger
TpTrace Information: 0 : 19796, 1, 2021/11/18, 04:22:04.179, 390120478947, vstest.console.dll, TestPluginManager.CreateTestExtension: Attempting to load test extension: Microsoft.VisualStudio.TestPlatform.CrossPlatEngine.Hosting.DefaultTestHostManager
TpTrace Verbose: 0 : 19796, 1, 2021/11/18, 04:22:04.180, 390120487693, vstest.console.dll, TestEngine: Initializing Parallel Execution as MaxCpuCount is set to: 1
TpTrace Information: 0 : 19796, 1, 2021/11/18, 04:22:04.181, 390120493085, vstest.console.dll, InferRunSettingsHelper.IsTestSettingsEnabled: Unable to navigate to RunSettings/MSTest. Current node: RunSettings
TpTrace Verbose: 0 : 19796, 1, 2021/11/18, 04:22:04.192, 390120606916, vstest.console.dll, TestRequestSender is acting as server
TpTrace Verbose: 0 : 19796, 1, 2021/11/18, 04:22:04.193, 390120619049, vstest.console.dll, DataCollectionRequestSender.InitializeCommunication : Initialize communication. 
TpTrace Information: 0 : 19796, 1, 2021/11/18, 04:22:04.204, 390120727091, vstest.console.dll, Listening on Endpoint : 127.0.0.1:52253
TpTrace Verbose: 0 : 19796, 1, 2021/11/18, 04:22:04.215, 390120835218, vstest.console.dll, DotnetDataCollectionLauncher: Full path of dotnet.exe is C:\Program Files\dotnet\dotnet.exe
TpTrace Verbose: 0 : 19796, 1, 2021/11/18, 04:22:04.215, 390120836758, vstest.console.dll, DotnetDataCollectionLauncher: Adding  --runtimeconfig "C:\Program Files\dotnet\sdk\5.0.402\datacollector.runtimeconfig.json" in args
TpTrace Verbose: 0 : 19796, 1, 2021/11/18, 04:22:04.215, 390120837601, vstest.console.dll, DotnetDataCollectionLauncher: Adding  --depsfile "C:\Program Files\dotnet\sdk\5.0.402\datacollector.deps.json" in args
TpTrace Information: 0 : 19796, 1, 2021/11/18, 04:22:04.226, 390120950005, vstest.console.dll, ProxyDataCollectionManager.Initialize: Launched datacollector processId: 14500 port: 52253
TpTrace Information: 0 : 19796, 1, 2021/11/18, 04:22:04.227, 390120951754, vstest.console.dll, ProxyDataCollectionManager.Initialize: waiting for connection with timeout: 90 seconds
TpTrace Verbose: 0 : 19796, 1, 2021/11/18, 04:22:04.227, 390120952575, vstest.console.dll, DataCollectionRequestSender.WaitForRequestHandlerConnection : Waiting for connection with timeout: 90000
TpTrace Information: 0 : 19796, 6, 2021/11/18, 04:22:04.397, 390122653254, vstest.console.dll, Using the buffer size of 16384 bytes
TpTrace Verbose: 0 : 19796, 1, 2021/11/18, 04:22:04.397, 390122653959, vstest.console.dll, ProxyDataCollectionManager.InvokeDataCollectionServiceAction: Starting.
TpTrace Information: 0 : 19796, 6, 2021/11/18, 04:22:04.397, 390122654134, vstest.console.dll, Accepted Client request and set the flag
TpTrace Information: 0 : 19796, 1, 2021/11/18, 04:22:04.397, 390122655522, vstest.console.dll, ProxyDataCollectionManager.BeforeTestRunStart: Get environment variable and port for datacollector processId: 14500 port: 52253
TpTrace Verbose: 0 : 19796, 1, 2021/11/18, 04:22:04.397, 390122656872, vstest.console.dll, DataCollectionRequestSender.SendBeforeTestRunStartAndGetResult : Send BeforeTestRunStart message with settingsXml <RunSettings><RunConfiguration><ResultsDirectory>C:\Users\weiya\source\repos\AVENSYSTRG\AvensysTRG\FinalProj\SmartBasket\unittesting\bin\Debug\net48\fine-code-coverage\coverage-tool-output</ResultsDirectory><TargetPlatform>X86</TargetPlatform><TargetFrameworkVersion>.NETFramework,Version=v4.8</TargetFrameworkVersion><DesignMode>False</DesignMode><CollectSourceInformation>False</CollectSourceInformation><TestAdaptersPaths>C:\Program Files\dotnet\sdk\5.0.402\Extensions</TestAdaptersPaths></RunConfiguration><LoggerRunSettings><Loggers><Logger friendlyName="blame" enabled="True" /><Logger friendlyName="Console" uri="logger://microsoft/TestPlatform/ConsoleLogger/v1" assemblyQualifiedName="Microsoft.VisualStudio.TestPlatform.CommandLine.Internal.ConsoleLogger, vstest.console, Version=15.0.0.0, Culture=neutral, PublicKeyToken=b03f5f7f11d50a3a" codeBase="C:\Program Files\dotnet\sdk\5.0.402\vstest.console.dll" enabled="True" /></Loggers></LoggerRunSettings><DataCollectionRunSettings><DataCollectors><DataCollector friendlyName="blame" enabled="True"><Configuration><ResultsDirectory>C:\Users\weiya\source\repos\AVENSYSTRG\AvensysTRG\FinalProj\SmartBasket\unittesting\bin\Debug\net48\fine-code-coverage\coverage-tool-output</ResultsDirectory></Configuration></DataCollector></DataCollectors></DataCollectionRunSettings></RunSettings> and sources System.Linq.Enumerable+Concat2Iterator`1[System.String]: 
TpTrace Verbose: 0 : 19796, 1, 2021/11/18, 04:22:04.473, 390123419471, vstest.console.dll, DataCollectionRequestSender.SendBeforeTestRunStartAndGetResult : Received message: (DataCollection.SendMessage) -> {
  "FriendlyName": null,
  "Uri": null,
  "TestCaseId": "00000000-0000-0000-0000-000000000000",
  "Message": "Logging DataCollector Diagnostics in file: C:\\Users\\weiya\\source\\repos\\AVENSYSTRG\\AvensysTRG\\FinalProj\\SmartBasket\\unittesting\\bin\\Debug\\net48\\fine-code-coverage\\coverage-tool-output\\diagnostics.datacollector.21-11-18_04-22-04_21092_1.log",
  "Level": 0
}
TpTrace Verbose: 0 : 19796, 1, 2021/11/18, 04:22:04.535, 390124034364, vstest.console.dll, DataCollectionRequestSender.SendBeforeTestRunStartAndGetResult : Received message: (DataCollection.BeforeTestRunStartResult) -> {
  "EnvironmentVariables": {},
  "DataCollectionEventsPort": 52255
}
TpTrace Information: 0 : 19796, 1, 2021/11/18, 04:22:04.539, 390124073832, vstest.console.dll, ProxyDataCollectionManager.BeforeTestRunStart: SendBeforeTestRunStartAndGetResult successful, env variable from datacollector:   and testhost port: 52255
TpTrace Information: 0 : 19796, 1, 2021/11/18, 04:22:04.539, 390124074923, vstest.console.dll, ProxyDataCollectionManager.InvokeDataCollectionServiceAction: Completed.
TpTrace Verbose: 0 : 19796, 1, 2021/11/18, 04:22:04.539, 390124075891, vstest.console.dll, TestRunRequest.ExecuteAsync: Creating test run request.
TpTrace Verbose: 0 : 19796, 1, 2021/11/18, 04:22:04.539, 390124078169, vstest.console.dll, TestRunRequest.ExecuteAsync: Starting.
TpTrace Information: 0 : 19796, 1, 2021/11/18, 04:22:04.540, 390124080697, vstest.console.dll, TestRunRequest.ExecuteAsync: Starting run with settings:TestRunCriteria:
   KeepAlive=False,FrequencyOfRunStatsChangeEvent=10,RunStatsChangeEventTimeout=00:00:01.5000000,TestCaseFilter=,TestExecutorLauncher=
   Settingsxml=<RunSettings>
  <RunConfiguration>
    <ResultsDirectory>C:\Users\weiya\source\repos\AVENSYSTRG\AvensysTRG\FinalProj\SmartBasket\unittesting\bin\Debug\net48\fine-code-coverage\coverage-tool-output</ResultsDirectory>
    <TargetPlatform>X86</TargetPlatform>
    <TargetFrameworkVersion>.NETFramework,Version=v4.8</TargetFrameworkVersion>
    <DesignMode>False</DesignMode>
    <CollectSourceInformation>False</CollectSourceInformation>
  </RunConfiguration>
  <LoggerRunSettings>
    <Loggers>
      <Logger friendlyName="blame" enabled="True" />
      <Logger friendlyName="Console" uri="logger://microsoft/TestPlatform/ConsoleLogger/v1" assemblyQualifiedName="Microsoft.VisualStudio.TestPlatform.CommandLine.Internal.ConsoleLogger, vstest.console, Version=15.0.0.0, Culture=neutral, PublicKeyToken=b03f5f7f11d50a3a" codeBase="C:\Program Files\dotnet\sdk\5.0.402\vstest.console.dll" enabled="True" />
    </Loggers>
  </LoggerRunSettings>
  <DataCollectionRunSettings>
    <DataCollectors>
      <DataCollector friendlyName="blame" enabled="True">
        <Configuration>
          <ResultsDirectory>C:\Users\weiya\source\repos\AVENSYSTRG\AvensysTRG\FinalProj\SmartBasket\unittesting\bin\Debug\net48\fine-code-coverage\coverage-tool-output</ResultsDirectory>
        </Configuration>
      </DataCollector>
    </DataCollectors>
  </DataCollectionRunSettings>
</RunSettings>

TpTrace Verbose: 0 : 19796, 1, 2021/11/18, 04:22:04.540, 390124081221, vstest.console.dll, TestRunRequest.ExecuteAsync: Wait for the first run request is over.
TpTrace Verbose: 0 : 19796, 1, 2021/11/18, 04:22:04.540, 390124085307, vstest.console.dll, TestRunRequest:SendTestRunMessage: Starting.
TpTrace Information: 0 : 19796, 1, 2021/11/18, 04:22:04.540, 390124086974, vstest.console.dll, TestRunRequest:SendTestRunMessage: Completed.
TpTrace Verbose: 0 : 19796, 1, 2021/11/18, 04:22:04.540, 390124090124, vstest.console.dll, ProxyExecutionManager: Test host is always Lazy initialize.
TpTrace Verbose: 0 : 19796, 1, 2021/11/18, 04:22:04.541, 390124092229, vstest.console.dll, TestRequestSender.InitializeCommunication: initialize communication. 
TpTrace Information: 0 : 19796, 1, 2021/11/18, 04:22:04.541, 390124096007, vstest.console.dll, SocketServer.Start: Listening on endpoint : 127.0.0.1:52256
TpTrace Verbose: 0 : 19796, 1, 2021/11/18, 04:22:04.542, 390124102678, vstest.console.dll, DefaultTestHostmanager: Full path of TestHost\testhost.net48.x86.exe is C:\Program Files\dotnet\sdk\5.0.402\Extensions\..//TestHost\testhost.net48.x86.exe
TpTrace Verbose: 0 : 19796, 4, 2021/11/18, 04:22:04.543, 390124111280, vstest.console.dll, Launching default test Host Process C:\Program Files\dotnet\sdk\5.0.402\Extensions\..//TestHost\testhost.net48.x86.exe with arguments  --port 52256 --endpoint 127.0.0.1:052256 --role client --parentprocessid 19796 --diag "C:\Users\weiya\source\repos\AVENSYSTRG\AvensysTRG\FinalProj\SmartBasket\unittesting\bin\Debug\net48\fine-code-coverage\coverage-tool-output\diagnostics.host.21-11-18_04-22-04_54183_1.log" --tracelevel 4 --datacollectionport 52255 --telemetryoptedin false
TpTrace Verbose: 0 : 19796, 4, 2021/11/18, 04:22:04.543, 390124112036, vstest.console.dll, DefaultTestHostManager: Starting process 'C:\Program Files\dotnet\sdk\5.0.402\Extensions\..//TestHost\testhost.net48.x86.exe' with command line ' --port 52256 --endpoint 127.0.0.1:052256 --role client --parentprocessid 19796 --diag "C:\Users\weiya\source\repos\AVENSYSTRG\AvensysTRG\FinalProj\SmartBasket\unittesting\bin\Debug\net48\fine-code-coverage\coverage-tool-output\diagnostics.host.21-11-18_04-22-04_54183_1.log" --tracelevel 4 --datacollectionport 52255 --telemetryoptedin false'
TpTrace Verbose: 0 : 19796, 4, 2021/11/18, 04:22:04.548, 390124166034, vstest.console.dll, Test Runtime launched
TpTrace Verbose: 0 : 19796, 1, 2021/11/18, 04:22:04.549, 390124172875, vstest.console.dll, TestRequestSender.WaitForRequestHandlerConnection: waiting for connection with timeout: 90000
TpTrace Verbose: 0 : 19796, 4, 2021/11/18, 04:22:04.676, 390125448554, vstest.console.dll, SocketServer.OnClientConnected: Client connected for endPoint: 127.0.0.1:52256, starting MessageLoopAsync:
TpTrace Verbose: 0 : 19796, 13, 2021/11/18, 04:22:04.677, 390125451476, vstest.console.dll, TcpClientExtensions.MessageLoopAsync: Polling on remoteEndPoint: 127.0.0.1:52257 localEndPoint: 127.0.0.1:52256
TpTrace Verbose: 0 : 19796, 13, 2021/11/18, 04:22:04.703, 390125712277, vstest.console.dll, TcpClientExtensions.MessageLoopAsync: NotifyDataAvailable remoteEndPoint: 127.0.0.1:52257 localEndPoint: 127.0.0.1:52256
TpTrace Verbose: 0 : 19796, 13, 2021/11/18, 04:22:04.703, 390125715993, vstest.console.dll, TestRequestSender.CheckVersionWithTestHost: onMessageReceived received message: (ProtocolVersion) -> 5
TpTrace Verbose: 0 : 19796, 13, 2021/11/18, 04:22:04.704, 390125721358, vstest.console.dll, TcpClientExtensions.MessageLoopAsync: Polling on remoteEndPoint: 127.0.0.1:52257 localEndPoint: 127.0.0.1:52256
TpTrace Verbose: 0 : 19796, 1, 2021/11/18, 04:22:04.704, 390125722914, vstest.console.dll, TestPluginCache.GetExtensionPaths: Filtered extension paths: 
TpTrace Verbose: 0 : 19796, 1, 2021/11/18, 04:22:04.704, 390125723836, vstest.console.dll, TestPluginCache.GetExtensionPaths: Added default extension paths: C:\Program Files\dotnet\sdk\5.0.402\Extensions\Microsoft.Diagnostics.NETCore.Client.dll
C:\Program Files\dotnet\sdk\5.0.402\Extensions\Microsoft.TestPlatform.Extensions.BlameDataCollector.dll
C:\Program Files\dotnet\sdk\5.0.402\Extensions\Microsoft.TestPlatform.Extensions.EventLogCollector.dll
C:\Program Files\dotnet\sdk\5.0.402\Extensions\Microsoft.TestPlatform.TestHostRuntimeProvider.dll
C:\Program Files\dotnet\sdk\5.0.402\Extensions\Microsoft.VisualStudio.TestPlatform.Extensions.Html.TestLogger.dll
C:\Program Files\dotnet\sdk\5.0.402\Extensions\Microsoft.VisualStudio.TestPlatform.Extensions.Trx.TestLogger.dll
TpTrace Verbose: 0 : 19796, 1, 2021/11/18, 04:22:04.704, 390125724164, vstest.console.dll, TestPluginCache.GetExtensionPaths: Added unfilterableExtensionPaths: 
TpTrace Verbose: 0 : 19796, 13, 2021/11/18, 04:22:04.707, 390125753928, vstest.console.dll, TcpClientExtensions.MessageLoopAsync: NotifyDataAvailable remoteEndPoint: 127.0.0.1:52257 localEndPoint: 127.0.0.1:52256
TpTrace Verbose: 0 : 19796, 13, 2021/11/18, 04:22:04.707, 390125754991, vstest.console.dll, TcpClientExtensions.MessageLoopAsync: Polling on remoteEndPoint: 127.0.0.1:52257 localEndPoint: 127.0.0.1:52256
TpTrace Verbose: 0 : 19796, 13, 2021/11/18, 04:22:04.707, 390125755625, vstest.console.dll, TcpClientExtensions.MessageLoopAsync: NotifyDataAvailable remoteEndPoint: 127.0.0.1:52257 localEndPoint: 127.0.0.1:52256
TpTrace Verbose: 0 : 19796, 13, 2021/11/18, 04:22:04.707, 390125755946, vstest.console.dll, TcpClientExtensions.MessageLoopAsync: Polling on remoteEndPoint: 127.0.0.1:52257 localEndPoint: 127.0.0.1:52256
TpTrace Verbose: 0 : 19796, 13, 2021/11/18, 04:22:04.707, 390125756258, vstest.console.dll, TcpClientExtensions.MessageLoopAsync: NotifyDataAvailable remoteEndPoint: 127.0.0.1:52257 localEndPoint: 127.0.0.1:52256
TpTrace Verbose: 0 : 19796, 13, 2021/11/18, 04:22:04.707, 390125756527, vstest.console.dll, TcpClientExtensions.MessageLoopAsync: Polling on remoteEndPoint: 127.0.0.1:52257 localEndPoint: 127.0.0.1:52256
TpTrace Verbose: 0 : 19796, 13, 2021/11/18, 04:22:04.707, 390125756810, vstest.console.dll, TcpClientExtensions.MessageLoopAsync: NotifyDataAvailable remoteEndPoint: 127.0.0.1:52257 localEndPoint: 127.0.0.1:52256
TpTrace Verbose: 0 : 19796, 13, 2021/11/18, 04:22:04.707, 390125757074, vstest.console.dll, TcpClientExtensions.MessageLoopAsync: Polling on remoteEndPoint: 127.0.0.1:52257 localEndPoint: 127.0.0.1:52256
TpTrace Verbose: 0 : 19796, 13, 2021/11/18, 04:22:04.707, 390125757356, vstest.console.dll, TcpClientExtensions.MessageLoopAsync: NotifyDataAvailable remoteEndPoint: 127.0.0.1:52257 localEndPoint: 127.0.0.1:52256
TpTrace Verbose: 0 : 19796, 13, 2021/11/18, 04:22:04.707, 390125757629, vstest.console.dll, TcpClientExtensions.MessageLoopAsync: Polling on remoteEndPoint: 127.0.0.1:52257 localEndPoint: 127.0.0.1:52256
TpTrace Verbose: 0 : 19796, 13, 2021/11/18, 04:22:04.707, 390125757907, vstest.console.dll, TcpClientExtensions.MessageLoopAsync: NotifyDataAvailable remoteEndPoint: 127.0.0.1:52257 localEndPoint: 127.0.0.1:52256
TpTrace Verbose: 0 : 19796, 13, 2021/11/18, 04:22:04.707, 390125758169, vstest.console.dll, TcpClientExtensions.MessageLoopAsync: Polling on remoteEndPoint: 127.0.0.1:52257 localEndPoint: 127.0.0.1:52256
TpTrace Verbose: 0 : 19796, 13, 2021/11/18, 04:22:04.707, 390125758447, vstest.console.dll, TcpClientExtensions.MessageLoopAsync: NotifyDataAvailable remoteEndPoint: 127.0.0.1:52257 localEndPoint: 127.0.0.1:52256
TpTrace Verbose: 0 : 19796, 13, 2021/11/18, 04:22:04.707, 390125758710, vstest.console.dll, TcpClientExtensions.MessageLoopAsync: Polling on remoteEndPoint: 127.0.0.1:52257 localEndPoint: 127.0.0.1:52256
TpTrace Verbose: 0 : 19796, 1, 2021/11/18, 04:22:04.707, 390125758684, vstest.console.dll, TestRequestSender.InitializeExecution: Sending initializing execution with message: {"Version":5,"MessageType":"TestExecution.Initialize","Payload":["C:\\Program Files\\dotnet\\sdk\\5.0.402\\Extensions\\Microsoft.Diagnostics.NETCore.Client.dll","C:\\Program Files\\dotnet\\sdk\\5.0.402\\Extensions\\Microsoft.TestPlatform.Extensions.BlameDataCollector.dll","C:\\Program Files\\dotnet\\sdk\\5.0.402\\Extensions\\Microsoft.TestPlatform.Extensions.EventLogCollector.dll","C:\\Program Files\\dotnet\\sdk\\5.0.402\\Extensions\\Microsoft.TestPlatform.TestHostRuntimeProvider.dll","C:\\Program Files\\dotnet\\sdk\\5.0.402\\Extensions\\Microsoft.VisualStudio.TestPlatform.Extensions.Html.TestLogger.dll","C:\\Program Files\\dotnet\\sdk\\5.0.402\\Extensions\\Microsoft.VisualStudio.TestPlatform.Extensions.Trx.TestLogger.dll","C:\\Users\\weiya\\source\\repos\\AVENSYSTRG\\AvensysTRG\\FinalProj\\SmartBasket\\unittesting\\bin\\Debug\\net48\\fine-code-coverage\\build-output\\xunit.runner.visualstudio.testadapter.dll"]}
TpTrace Verbose: 0 : 19796, 13, 2021/11/18, 04:22:04.707, 390125759026, vstest.console.dll, TcpClientExtensions.MessageLoopAsync: NotifyDataAvailable remoteEndPoint: 127.0.0.1:52257 localEndPoint: 127.0.0.1:52256
TpTrace Verbose: 0 : 19796, 13, 2021/11/18, 04:22:04.708, 390125760560, vstest.console.dll, TcpClientExtensions.MessageLoopAsync: Polling on remoteEndPoint: 127.0.0.1:52257 localEndPoint: 127.0.0.1:52256
TpTrace Verbose: 0 : 19796, 13, 2021/11/18, 04:22:04.708, 390125760991, vstest.console.dll, TcpClientExtensions.MessageLoopAsync: NotifyDataAvailable remoteEndPoint: 127.0.0.1:52257 localEndPoint: 127.0.0.1:52256
TpTrace Verbose: 0 : 19796, 13, 2021/11/18, 04:22:04.708, 390125761570, vstest.console.dll, TcpClientExtensions.MessageLoopAsync: Polling on remoteEndPoint: 127.0.0.1:52257 localEndPoint: 127.0.0.1:52256
TpTrace Verbose: 0 : 19796, 13, 2021/11/18, 04:22:04.708, 390125762038, vstest.console.dll, TcpClientExtensions.MessageLoopAsync: NotifyDataAvailable remoteEndPoint: 127.0.0.1:52257 localEndPoint: 127.0.0.1:52256
TpTrace Verbose: 0 : 19796, 13, 2021/11/18, 04:22:04.708, 390125762338, vstest.console.dll, TcpClientExtensions.MessageLoopAsync: Polling on remoteEndPoint: 127.0.0.1:52257 localEndPoint: 127.0.0.1:52256
TpTrace Verbose: 0 : 19796, 13, 2021/11/18, 04:22:04.708, 390125762633, vstest.console.dll, TcpClientExtensions.MessageLoopAsync: NotifyDataAvailable remoteEndPoint: 127.0.0.1:52257 localEndPoint: 127.0.0.1:52256
TpTrace Verbose: 0 : 19796, 13, 2021/11/18, 04:22:04.708, 390125762904, vstest.console.dll, TcpClientExtensions.MessageLoopAsync: Polling on remoteEndPoint: 127.0.0.1:52257 localEndPoint: 127.0.0.1:52256
TpTrace Verbose: 0 : 19796, 13, 2021/11/18, 04:22:04.708, 390125763194, vstest.console.dll, TcpClientExtensions.MessageLoopAsync: NotifyDataAvailable remoteEndPoint: 127.0.0.1:52257 localEndPoint: 127.0.0.1:52256
TpTrace Verbose: 0 : 19796, 13, 2021/11/18, 04:22:04.708, 390125763859, vstest.console.dll, TestRequestSender.OnExecutionMessageReceived: Received message: {"Version":5,"MessageType":"TestSession.Message","Payload":{"MessageLevel":0,"Message":"Logging TestHost Diagnostics in file: C:\\Users\\weiya\\source\\repos\\AVENSYSTRG\\AvensysTRG\\FinalProj\\SmartBasket\\unittesting\\bin\\Debug\\net48\\fine-code-coverage\\coverage-tool-output\\diagnostics.host.21-11-18_04-22-04_54183_1.log"}}
TpTrace Verbose: 0 : 19796, 13, 2021/11/18, 04:22:04.710, 390125780600, vstest.console.dll, TestRunRequest:SendTestRunMessage: Starting.
TpTrace Verbose: 0 : 19796, 1, 2021/11/18, 04:22:04.714, 390125828818, vstest.console.dll, TestRequestSender.StartTestRun: Sending test run with message: {"Version":5,"MessageType":"TestExecution.StartWithSources","Payload":{"AdapterSourceMap":{"_none_":["C:\\Users\\weiya\\source\\repos\\AVENSYSTRG\\AvensysTRG\\FinalProj\\SmartBasket\\unittesting\\bin\\Debug\\net48\\fine-code-coverage\\build-output\\unittesting.dll"]},"RunSettings":"<RunSettings>\r\n  <RunConfiguration>\r\n    <ResultsDirectory>C:\\Users\\weiya\\source\\repos\\AVENSYSTRG\\AvensysTRG\\FinalProj\\SmartBasket\\unittesting\\bin\\Debug\\net48\\fine-code-coverage\\coverage-tool-output</ResultsDirectory>\r\n    <TargetPlatform>X86</TargetPlatform>\r\n    <TargetFrameworkVersion>.NETFramework,Version=v4.8</TargetFrameworkVersion>\r\n    <DesignMode>False</DesignMode>\r\n    <CollectSourceInformation>False</CollectSourceInformation>\r\n  </RunConfiguration>\r\n  <LoggerRunSettings>\r\n    <Loggers>\r\n      <Logger friendlyName=\"blame\" enabled=\"True\" />\r\n      <Logger friendlyName=\"Console\" uri=\"logger://microsoft/TestPlatform/ConsoleLogger/v1\" assemblyQualifiedName=\"Microsoft.VisualStudio.TestPlatform.CommandLine.Internal.ConsoleLogger, vstest.console, Version=15.0.0.0, Culture=neutral, PublicKeyToken=b03f5f7f11d50a3a\" codeBase=\"C:\\Program Files\\dotnet\\sdk\\5.0.402\\vstest.console.dll\" enabled=\"True\" />\r\n    </Loggers>\r\n  </LoggerRunSettings>\r\n  <DataCollectionRunSettings>\r\n    <DataCollectors>\r\n      <DataCollector friendlyName=\"blame\" enabled=\"True\">\r\n        <Configuration>\r\n          <ResultsDirectory>C:\\Users\\weiya\\source\\repos\\AVENSYSTRG\\AvensysTRG\\FinalProj\\SmartBasket\\unittesting\\bin\\Debug\\net48\\fine-code-coverage\\coverage-tool-output</ResultsDirectory>\r\n        </Configuration>\r\n      </DataCollector>\r\n    </DataCollectors>\r\n  </DataCollectionRunSettings>\r\n</RunSettings>","TestExecutionContext":{"FrequencyOfRunStatsChangeEvent":10,"RunStatsChangeEventTimeout":"00:00:01.5000000","InIsolation":false,"KeepAlive":false,"AreTestCaseLevelEventsRequired":false,"IsDebug":false,"TestCaseFilter":null,"FilterOptions":null},"Package":null}}
TpTrace Information: 0 : 19796, 1, 2021/11/18, 04:22:04.715, 390125830460, vstest.console.dll, TestRunRequest.ExecuteAsync: Started.
TpTrace Verbose: 0 : 19796, 1, 2021/11/18, 04:22:04.715, 390125831410, vstest.console.dll, TestRunRequest.WaitForCompletion: Waiting with timeout -1.
TpTrace Information: 0 : 19796, 13, 2021/11/18, 04:22:04.715, 390125831470, vstest.console.dll, TestRunRequest:SendTestRunMessage: Completed.
TpTrace Verbose: 0 : 19796, 13, 2021/11/18, 04:22:04.715, 390125832673, vstest.console.dll, TcpClientExtensions.MessageLoopAsync: Polling on remoteEndPoint: 127.0.0.1:52257 localEndPoint: 127.0.0.1:52256
TpTrace Verbose: 0 : 19796, 13, 2021/11/18, 04:22:04.984, 390128522829, vstest.console.dll, TcpClientExtensions.MessageLoopAsync: NotifyDataAvailable remoteEndPoint: 127.0.0.1:52257 localEndPoint: 127.0.0.1:52256
TpTrace Verbose: 0 : 19796, 13, 2021/11/18, 04:22:04.984, 390128524494, vstest.console.dll, TestRequestSender.OnExecutionMessageReceived: Received message: {"Version":5,"MessageType":"TestSession.Message","Payload":{"MessageLevel":0,"Message":"[xUnit.net 00:00:00.00] xUnit.net VSTest Adapter v2.4.3+1b45f5407b (32-bit Desktop .NET 4.0.30319.42000)"}}
TpTrace Verbose: 0 : 19796, 13, 2021/11/18, 04:22:04.984, 390128526616, vstest.console.dll, TestRunRequest:SendTestRunMessage: Starting.
TpTrace Information: 0 : 19796, 13, 2021/11/18, 04:22:04.984, 390128527281, vstest.console.dll, TestRunRequest:SendTestRunMessage: Completed.
TpTrace Verbose: 0 : 19796, 13, 2021/11/18, 04:22:04.984, 390128527864, vstest.console.dll, TcpClientExtensions.MessageLoopAsync: Polling on remoteEndPoint: 127.0.0.1:52257 localEndPoint: 127.0.0.1:52256
TpTrace Verbose: 0 : 19796, 13, 2021/11/18, 04:22:05.714, 390135820128, vstest.console.dll, TcpClientExtensions.MessageLoopAsync: NotifyDataAvailable remoteEndPoint: 127.0.0.1:52257 localEndPoint: 127.0.0.1:52256
TpTrace Verbose: 0 : 19796, 13, 2021/11/18, 04:22:05.714, 390135821546, vstest.console.dll, TestRequestSender.OnExecutionMessageReceived: Received message: {"Version":5,"MessageType":"TestSession.Message","Payload":{"MessageLevel":0,"Message":"[xUnit.net 00:00:00.73]   Discovering: unittesting"}}
TpTrace Verbose: 0 : 19796, 13, 2021/11/18, 04:22:05.714, 390135825511, vstest.console.dll, TestRunRequest:SendTestRunMessage: Starting.
TpTrace Information: 0 : 19796, 13, 2021/11/18, 04:22:05.714, 390135827120, vstest.console.dll, TestRunRequest:SendTestRunMessage: Completed.
TpTrace Verbose: 0 : 19796, 13, 2021/11/18, 04:22:05.714, 390135828552, vstest.console.dll, TcpClientExtensions.MessageLoopAsync: Polling on remoteEndPoint: 127.0.0.1:52257 localEndPoint: 127.0.0.1:52256
TpTrace Verbose: 0 : 19796, 13, 2021/11/18, 04:22:05.798, 390136663665, vstest.console.dll, TcpClientExtensions.MessageLoopAsync: NotifyDataAvailable remoteEndPoint: 127.0.0.1:52257 localEndPoint: 127.0.0.1:52256
TpTrace Verbose: 0 : 19796, 13, 2021/11/18, 04:22:05.798, 390136665621, vstest.console.dll, TestRequestSender.OnExecutionMessageReceived: Received message: {"Version":5,"MessageType":"TestSession.Message","Payload":{"MessageLevel":0,"Message":"[xUnit.net 00:00:00.81]   Discovered:  unittesting"}}
TpTrace Verbose: 0 : 19796, 13, 2021/11/18, 04:22:05.798, 390136667810, vstest.console.dll, TestRunRequest:SendTestRunMessage: Starting.
TpTrace Information: 0 : 19796, 13, 2021/11/18, 04:22:05.798, 390136668509, vstest.console.dll, TestRunRequest:SendTestRunMessage: Completed.
TpTrace Verbose: 0 : 19796, 13, 2021/11/18, 04:22:05.798, 390136669045, vstest.console.dll, TcpClientExtensions.MessageLoopAsync: Polling on remoteEndPoint: 127.0.0.1:52257 localEndPoint: 127.0.0.1:52256
TpTrace Verbose: 0 : 19796, 13, 2021/11/18, 04:22:05.802, 390136706884, vstest.console.dll, TcpClientExtensions.MessageLoopAsync: NotifyDataAvailable remoteEndPoint: 127.0.0.1:52257 localEndPoint: 127.0.0.1:52256
TpTrace Verbose: 0 : 19796, 13, 2021/11/18, 04:22:05.802, 390136708316, vstest.console.dll, TestRequestSender.OnExecutionMessageReceived: Received message: {"Version":5,"MessageType":"TestSession.Message","Payload":{"MessageLevel":0,"Message":"[xUnit.net 00:00:00.82]   Starting:    unittesting"}}
TpTrace Verbose: 0 : 19796, 13, 2021/11/18, 04:22:05.802, 390136709926, vstest.console.dll, TestRunRequest:SendTestRunMessage: Starting.
TpTrace Information: 0 : 19796, 13, 2021/11/18, 04:22:05.803, 390136710528, vstest.console.dll, TestRunRequest:SendTestRunMessage: Completed.
TpTrace Verbose: 0 : 19796, 13, 2021/11/18, 04:22:05.803, 390136711059, vstest.console.dll, TcpClientExtensions.MessageLoopAsync: Polling on remoteEndPoint: 127.0.0.1:52257 localEndPoint: 127.0.0.1:52256
TpTrace Verbose: 0 : 19796, 13, 2021/11/18, 04:22:06.391, 390142598449, vstest.console.dll, TcpClientExtensions.MessageLoopAsync: NotifyDataAvailable remoteEndPoint: 127.0.0.1:52257 localEndPoint: 127.0.0.1:52256
TpTrace Verbose: 0 : 19796, 13, 2021/11/18, 04:22:06.392, 390142600130, vstest.console.dll, TestRequestSender.OnExecutionMessageReceived: Received message: {"Version":5,"MessageType":"TestExecution.StatsChange","Payload":{"NewTestResults":[],"TestRunStatistics":{"ExecutedTests":0,"Stats":{}},"ActiveTests":[{"Id":"19d04a83-62f7-32a8-b0b8-4220b1982093","FullyQualifiedName":"unittesting.UnitTest1.succesfulRemoveProduct","DisplayName":"unittesting.UnitTest1.succesfulRemoveProduct","ExecutorUri":"executor://xunit/VsTestRunner2/net","Source":"C:\\Users\\weiya\\source\\repos\\AVENSYSTRG\\AvensysTRG\\FinalProj\\SmartBasket\\unittesting\\bin\\Debug\\net48\\fine-code-coverage\\build-output\\unittesting.dll","CodeFilePath":null,"LineNumber":0,"Properties":[]}]}}
TpTrace Verbose: 0 : 19796, 13, 2021/11/18, 04:22:06.415, 390142837879, vstest.console.dll, TestRunRequest:SendTestRunStatsChange: Starting.
TpTrace Verbose: 0 : 19796, 13, 2021/11/18, 04:22:06.416, 390142840013, vstest.console.dll, InProgress is unittesting.UnitTest1.succesfulRemoveProduct
TpTrace Information: 0 : 19796, 13, 2021/11/18, 04:22:06.416, 390142841614, vstest.console.dll, TestRunRequest:SendTestRunStatsChange: Completed.
TpTrace Verbose: 0 : 19796, 13, 2021/11/18, 04:22:06.416, 390142842358, vstest.console.dll, TcpClientExtensions.MessageLoopAsync: Polling on remoteEndPoint: 127.0.0.1:52257 localEndPoint: 127.0.0.1:52256
TpTrace Verbose: 0 : 19796, 13, 2021/11/18, 04:22:07.145, 390150137855, vstest.console.dll, TcpClientExtensions.MessageLoopAsync: NotifyDataAvailable remoteEndPoint: 127.0.0.1:52257 localEndPoint: 127.0.0.1:52256
TpTrace Verbose: 0 : 19796, 13, 2021/11/18, 04:22:07.146, 390150141018, vstest.console.dll, TestRequestSender.OnExecutionMessageReceived: Received message: {"Version":5,"MessageType":"TestExecution.StatsChange","Payload":{"NewTestResults":[{"TestCase":{"Id":"19d04a83-62f7-32a8-b0b8-4220b1982093","FullyQualifiedName":"unittesting.UnitTest1.succesfulRemoveProduct","DisplayName":"unittesting.UnitTest1.succesfulRemoveProduct","ExecutorUri":"executor://xunit/VsTestRunner2/net","Source":"C:\\Users\\weiya\\source\\repos\\AVENSYSTRG\\AvensysTRG\\FinalProj\\SmartBasket\\unittesting\\bin\\Debug\\net48\\fine-code-coverage\\build-output\\unittesting.dll","CodeFilePath":null,"LineNumber":0,"Properties":[]},"Attachments":[],"Outcome":1,"ErrorMessage":null,"ErrorStackTrace":null,"DisplayName":"unittesting.UnitTest1.succesfulRemoveProduct","Messages":[],"ComputerName":"DESKTOP-URQND8D","Duration":"00:00:01.1150000","StartTime":"2021-11-17T20:22:07.0627115+00:00","EndTime":"2021-11-17T20:22:07.0627115+00:00","Properties":[]},{"TestCase":{"Id":"aff25314-c2a5-5893-b130-b42cdf76d7f0","FullyQualifiedName":"unittesting.UnitTest1.unsuccesfulViewPurchaseHistoryEmptyPurchaseHistory","DisplayName":"unittesting.UnitTest1.unsuccesfulViewPurchaseHistoryEmptyPurchaseHistory","ExecutorUri":"executor://xunit/VsTestRunner2/net","Source":"C:\\Users\\weiya\\source\\repos\\AVENSYSTRG\\AvensysTRG\\FinalProj\\SmartBasket\\unittesting\\bin\\Debug\\net48\\fine-code-coverage\\build-output\\unittesting.dll","CodeFilePath":null,"LineNumber":0,"Properties":[]},"Attachments":[],"Outcome":1,"ErrorMessage":null,"ErrorStackTrace":null,"DisplayName":"unittesting.UnitTest1.unsuccesfulViewPurchaseHistoryEmptyPurchaseHistory","Messages":[],"ComputerName":"DESKTOP-URQND8D","Duration":"00:00:00.0060000","StartTime":"2021-11-17T20:22:07.0906377+00:00","EndTime":"2021-11-17T20:22:07.0906377+00:00","Properties":[]},{"TestCase":{"Id":"9acd3122-520e-a1b4-7e39-c489ce94b035","FullyQualifiedName":"unittesting.UnitTest1.unsuccesfulCheckingOutEmptyBasket","DisplayName":"unittesting.UnitTest1.unsuccesfulCheckingOutEmptyBasket","ExecutorUri":"executor://xunit/VsTestRunner2/net","Source":"C:\\Users\\weiya\\source\\repos\\AVENSYSTRG\\AvensysTRG\\FinalProj\\SmartBasket\\unittesting\\bin\\Debug\\net48\\fine-code-coverage\\build-output\\unittesting.dll","CodeFilePath":null,"LineNumber":0,"Properties":[]},"Attachments":[],"Outcome":1,"ErrorMessage":null,"ErrorStackTrace":null,"DisplayName":"unittesting.UnitTest1.unsuccesfulCheckingOutEmptyBasket","Messages":[],"ComputerName":"DESKTOP-URQND8D","Duration":"00:00:00.0040000","StartTime":"2021-11-17T20:22:07.0946268+00:00","EndTime":"2021-11-17T20:22:07.0946268+00:00","Properties":[]},{"TestCase":{"Id":"7d76b519-d26e-5057-8376-cada077dcc77","FullyQualifiedName":"unittesting.UnitTest1.LoginSuccessfully","DisplayName":"unittesting.UnitTest1.LoginSuccessfully","ExecutorUri":"executor://xunit/VsTestRunner2/net","Source":"C:\\Users\\weiya\\source\\repos\\AVENSYSTRG\\AvensysTRG\\FinalProj\\SmartBasket\\unittesting\\bin\\Debug\\net48\\fine-code-coverage\\build-output\\unittesting.dll","CodeFilePath":null,"LineNumber":0,"Properties":[]},"Attachments":[],"Outcome":1,"ErrorMessage":null,"ErrorStackTrace":null,"DisplayName":"unittesting.UnitTest1.LoginSuccessfully","Messages":[],"ComputerName":"DESKTOP-URQND8D","Duration":"00:00:00.0100000","StartTime":"2021-11-17T20:22:07.1006112+00:00","EndTime":"2021-11-17T20:22:07.1006112+00:00","Properties":[]},{"TestCase":{"Id":"66f59ac7-f1c7-d5dc-2cf0-5675569e4b14","FullyQualifiedName":"unittesting.UnitTest1.unsuccesfulViewPurchaseHistorytEmptyList","DisplayName":"unittesting.UnitTest1.unsuccesfulViewPurchaseHistorytEmptyList","ExecutorUri":"executor://xunit/VsTestRunner2/net","Source":"C:\\Users\\weiya\\source\\repos\\AVENSYSTRG\\AvensysTRG\\FinalProj\\SmartBasket\\unittesting\\bin\\Debug\\net48\\fine-code-coverage\\build-output\\unittesting.dll","CodeFilePath":null,"LineNumber":0,"Properties":[]},"Attachments":[],"Outcome":1,"ErrorMessage":null,"ErrorStackTrace":null,"DisplayName":"unittesting.UnitTest1.unsuccesfulViewPurchaseHistorytEmptyList","Messages":[],"ComputerName":"DESKTOP-URQND8D","Duration":"00:00:00.0020000","StartTime":"2021-11-17T20:22:07.106595+00:00","EndTime":"2021-11-17T20:22:07.106595+00:00","Properties":[]},{"TestCase":{"Id":"3dd147c1-ad72-b70b-750f-db59f2ac56c9","FullyQualifiedName":"unittesting.UnitTest1.LoginFailed","DisplayName":"unittesting.UnitTest1.LoginFailed","ExecutorUri":"executor://xunit/VsTestRunner2/net","Source":"C:\\Users\\weiya\\source\\repos\\AVENSYSTRG\\AvensysTRG\\FinalProj\\SmartBasket\\unittesting\\bin\\Debug\\net48\\fine-code-coverage\\build-output\\unittesting.dll","CodeFilePath":null,"LineNumber":0,"Properties":[]},"Attachments":[],"Outcome":1,"ErrorMessage":null,"ErrorStackTrace":null,"DisplayName":"unittesting.UnitTest1.LoginFailed","Messages":[],"ComputerName":"DESKTOP-URQND8D","Duration":"00:00:00.0020000","StartTime":"2021-11-17T20:22:07.1155717+00:00","EndTime":"2021-11-17T20:22:07.1155717+00:00","Properties":[]},{"TestCase":{"Id":"12d5110b-9d5e-38bb-def5-2047216604d3","FullyQualifiedName":"unittesting.UnitTest1.unsuccesfulCalculateTotalEmptyPsueProductList","DisplayName":"unittesting.UnitTest1.unsuccesfulCalculateTotalEmptyPsueProductList","ExecutorUri":"executor://xunit/VsTestRunner2/net","Source":"C:\\Users\\weiya\\source\\repos\\AVENSYSTRG\\AvensysTRG\\FinalProj\\SmartBasket\\unittesting\\bin\\Debug\\net48\\fine-code-coverage\\build-output\\unittesting.dll","CodeFilePath":null,"LineNumber":0,"Properties":[]},"Attachments":[],"Outcome":1,"ErrorMessage":null,"ErrorStackTrace":null,"DisplayName":"unittesting.UnitTest1.unsuccesfulCalculateTotalEmptyPsueProductList","Messages":[],"ComputerName":"DESKTOP-URQND8D","Duration":"00:00:00.0060000","StartTime":"2021-11-17T20:22:07.120559+00:00","EndTime":"2021-11-17T20:22:07.120559+00:00","Properties":[]},{"TestCase":{"Id":"3ae6a30e-df93-7a8f-1d2a-f3809db19d4f","FullyQualifiedName":"unittesting.UnitTest1.SuccessfullRemoveProduct","DisplayName":"unittesting.UnitTest1.SuccessfullRemoveProduct","ExecutorUri":"executor://xunit/VsTestRunner2/net","Source":"C:\\Users\\weiya\\source\\repos\\AVENSYSTRG\\AvensysTRG\\FinalProj\\SmartBasket\\unittesting\\bin\\Debug\\net48\\fine-code-coverage\\build-output\\unittesting.dll","CodeFilePath":null,"LineNumber":0,"Properties":[]},"Attachments":[],"Outcome":1,"ErrorMessage":null,"ErrorStackTrace":null,"DisplayName":"unittesting.UnitTest1.SuccessfullRemoveProduct","Messages":[],"ComputerName":"DESKTOP-URQND8D","Duration":"00:00:00.0070000","StartTime":"2021-11-17T20:22:07.1255463+00:00","EndTime":"2021-11-17T20:22:07.1255463+00:00","Properties":[]},{"TestCase":{"Id":"cb1dc2c1-afcf-0c8a-6475-3803d0d09af4","FullyQualifiedName":"unittesting.UnitTest1.unsuccesfulCheckOutInvalidID","DisplayName":"unittesting.UnitTest1.unsuccesfulCheckOutInvalidID","ExecutorUri":"executor://xunit/VsTestRunner2/net","Source":"C:\\Users\\weiya\\source\\repos\\AVENSYSTRG\\AvensysTRG\\FinalProj\\SmartBasket\\unittesting\\bin\\Debug\\net48\\fine-code-coverage\\build-output\\unittesting.dll","CodeFilePath":null,"LineNumber":0,"Properties":[]},"Attachments":[],"Outcome":1,"ErrorMessage":null,"ErrorStackTrace":null,"DisplayName":"unittesting.UnitTest1.unsuccesfulCheckOutInvalidID","Messages":[],"ComputerName":"DESKTOP-URQND8D","Duration":"00:00:00.0040000","StartTime":"2021-11-17T20:22:07.1315292+00:00","EndTime":"2021-11-17T20:22:07.1315292+00:00","Properties":[]}],"TestRunStatistics":{"ExecutedTests":9,"Stats":{"Passed":9}},"ActiveTests":[{"Id":"a9704eac-5e4b-a402-69a7-5fb6a7976ed0","FullyQualifiedName":"unittesting.UnitTest1.unsuccesfulViewBasketInvalidID","DisplayName":"unittesting.UnitTest1.unsuccesfulViewBasketInvalidID","ExecutorUri":"executor://xunit/VsTestRunner2/net","Source":"C:\\Users\\weiya\\source\\repos\\AVENSYSTRG\\AvensysTRG\\FinalProj\\SmartBasket\\unittesting\\bin\\Debug\\net48\\fine-code-coverage\\build-output\\unittesting.dll","CodeFilePath":null,"LineNumber":0,"Properties":[]}]}}
TpTrace Verbose: 0 : 19796, 13, 2021/11/18, 04:22:07.164, 390150323813, vstest.console.dll, TestRunRequest:SendTestRunStatsChange: Starting.
TpTrace Verbose: 0 : 19796, 13, 2021/11/18, 04:22:07.164, 390150325122, vstest.console.dll, InProgress is unittesting.UnitTest1.unsuccesfulViewBasketInvalidID
TpTrace Information: 0 : 19796, 13, 2021/11/18, 04:22:07.164, 390150327943, vstest.console.dll, TestRunRequest:SendTestRunStatsChange: Completed.
TpTrace Verbose: 0 : 19796, 13, 2021/11/18, 04:22:07.164, 390150328503, vstest.console.dll, TcpClientExtensions.MessageLoopAsync: Polling on remoteEndPoint: 127.0.0.1:52257 localEndPoint: 127.0.0.1:52256
TpTrace Verbose: 0 : 19796, 13, 2021/11/18, 04:22:08.179, 390160477975, vstest.console.dll, TcpClientExtensions.MessageLoopAsync: Polling on remoteEndPoint: 127.0.0.1:52257 localEndPoint: 127.0.0.1:52256
TpTrace Verbose: 0 : 19796, 13, 2021/11/18, 04:22:08.649, 390165173441, vstest.console.dll, TcpClientExtensions.MessageLoopAsync: NotifyDataAvailable remoteEndPoint: 127.0.0.1:52257 localEndPoint: 127.0.0.1:52256
TpTrace Verbose: 0 : 19796, 13, 2021/11/18, 04:22:08.649, 390165176595, vstest.console.dll, TestRequestSender.OnExecutionMessageReceived: Received message: {"Version":5,"MessageType":"TestExecution.StatsChange","Payload":{"NewTestResults":[{"TestCase":{"Id":"a9704eac-5e4b-a402-69a7-5fb6a7976ed0","FullyQualifiedName":"unittesting.UnitTest1.unsuccesfulViewBasketInvalidID","DisplayName":"unittesting.UnitTest1.unsuccesfulViewBasketInvalidID","ExecutorUri":"executor://xunit/VsTestRunner2/net","Source":"C:\\Users\\weiya\\source\\repos\\AVENSYSTRG\\AvensysTRG\\FinalProj\\SmartBasket\\unittesting\\bin\\Debug\\net48\\fine-code-coverage\\build-output\\unittesting.dll","CodeFilePath":null,"LineNumber":0,"Properties":[]},"Attachments":[],"Outcome":1,"ErrorMessage":null,"ErrorStackTrace":null,"DisplayName":"unittesting.UnitTest1.unsuccesfulViewBasketInvalidID","Messages":[],"ComputerName":"DESKTOP-URQND8D","Duration":"00:00:00.0060000","StartTime":"2021-11-17T20:22:07.1484847+00:00","EndTime":"2021-11-17T20:22:07.1484847+00:00","Properties":[]},{"TestCase":{"Id":"e514f9a2-2a60-cc92-f106-8cbbf6fb3d57","FullyQualifiedName":"unittesting.UnitTest1.succesfulViewPurchaseHistory","DisplayName":"unittesting.UnitTest1.succesfulViewPurchaseHistory","ExecutorUri":"executor://xunit/VsTestRunner2/net","Source":"C:\\Users\\weiya\\source\\repos\\AVENSYSTRG\\AvensysTRG\\FinalProj\\SmartBasket\\unittesting\\bin\\Debug\\net48\\fine-code-coverage\\build-output\\unittesting.dll","CodeFilePath":null,"LineNumber":0,"Properties":[]},"Attachments":[],"Outcome":1,"ErrorMessage":null,"ErrorStackTrace":null,"DisplayName":"unittesting.UnitTest1.succesfulViewPurchaseHistory","Messages":[],"ComputerName":"DESKTOP-URQND8D","Duration":"00:00:00.0180000","StartTime":"2021-11-17T20:22:07.171424+00:00","EndTime":"2021-11-17T20:22:07.171424+00:00","Properties":[]}],"TestRunStatistics":{"ExecutedTests":11,"Stats":{"Passed":11}},"ActiveTests":[{"Id":"43200ac2-21a9-2c9d-8a8e-fa69eddd9c63","FullyQualifiedName":"unittesting.UnitTest1.UnsuccessfulCreationOfProduct","DisplayName":"unittesting.UnitTest1.UnsuccessfulCreationOfProduct","ExecutorUri":"executor://xunit/VsTestRunner2/net","Source":"C:\\Users\\weiya\\source\\repos\\AVENSYSTRG\\AvensysTRG\\FinalProj\\SmartBasket\\unittesting\\bin\\Debug\\net48\\fine-code-coverage\\build-output\\unittesting.dll","CodeFilePath":null,"LineNumber":0,"Properties":[]}]}}
TpTrace Verbose: 0 : 19796, 13, 2021/11/18, 04:22:08.654, 390165227805, vstest.console.dll, TestRunRequest:SendTestRunStatsChange: Starting.
TpTrace Verbose: 0 : 19796, 13, 2021/11/18, 04:22:08.654, 390165228983, vstest.console.dll, InProgress is unittesting.UnitTest1.UnsuccessfulCreationOfProduct
TpTrace Information: 0 : 19796, 13, 2021/11/18, 04:22:08.655, 390165229380, vstest.console.dll, TestRunRequest:SendTestRunStatsChange: Completed.
TpTrace Verbose: 0 : 19796, 13, 2021/11/18, 04:22:08.655, 390165229685, vstest.console.dll, TcpClientExtensions.MessageLoopAsync: Polling on remoteEndPoint: 127.0.0.1:52257 localEndPoint: 127.0.0.1:52256
TpTrace Verbose: 0 : 19796, 13, 2021/11/18, 04:22:09.662, 390175307992, vstest.console.dll, TcpClientExtensions.MessageLoopAsync: Polling on remoteEndPoint: 127.0.0.1:52257 localEndPoint: 127.0.0.1:52256
TpTrace Verbose: 0 : 19796, 13, 2021/11/18, 04:22:09.700, 390175684705, vstest.console.dll, TcpClientExtensions.MessageLoopAsync: NotifyDataAvailable remoteEndPoint: 127.0.0.1:52257 localEndPoint: 127.0.0.1:52256
TpTrace Verbose: 0 : 19796, 13, 2021/11/18, 04:22:09.700, 390175687378, vstest.console.dll, TestRequestSender.OnExecutionMessageReceived: Received message: {"Version":5,"MessageType":"TestExecution.StatsChange","Payload":{"NewTestResults":[{"TestCase":{"Id":"43200ac2-21a9-2c9d-8a8e-fa69eddd9c63","FullyQualifiedName":"unittesting.UnitTest1.UnsuccessfulCreationOfProduct","DisplayName":"unittesting.UnitTest1.UnsuccessfulCreationOfProduct","ExecutorUri":"executor://xunit/VsTestRunner2/net","Source":"C:\\Users\\weiya\\source\\repos\\AVENSYSTRG\\AvensysTRG\\FinalProj\\SmartBasket\\unittesting\\bin\\Debug\\net48\\fine-code-coverage\\build-output\\unittesting.dll","CodeFilePath":null,"LineNumber":0,"Properties":[]},"Attachments":[],"Outcome":1,"ErrorMessage":null,"ErrorStackTrace":null,"DisplayName":"unittesting.UnitTest1.UnsuccessfulCreationOfProduct","Messages":[],"ComputerName":"DESKTOP-URQND8D","Duration":"00:00:02.5240000","StartTime":"2021-11-17T20:22:09.6538522+00:00","EndTime":"2021-11-17T20:22:09.6538522+00:00","Properties":[]},{"TestCase":{"Id":"91c434b5-b4e5-51d8-d244-1179d0e07d98","FullyQualifiedName":"unittesting.UnitTest1.unsuccesfulCheckingOutEmptyPsuedoList","DisplayName":"unittesting.UnitTest1.unsuccesfulCheckingOutEmptyPsuedoList","ExecutorUri":"executor://xunit/VsTestRunner2/net","Source":"C:\\Users\\weiya\\source\\repos\\AVENSYSTRG\\AvensysTRG\\FinalProj\\SmartBasket\\unittesting\\bin\\Debug\\net48\\fine-code-coverage\\build-output\\unittesting.dll","CodeFilePath":null,"LineNumber":0,"Properties":[]},"Attachments":[],"Outcome":1,"ErrorMessage":null,"ErrorStackTrace":null,"DisplayName":"unittesting.UnitTest1.unsuccesfulCheckingOutEmptyPsuedoList","Messages":[],"ComputerName":"DESKTOP-URQND8D","Duration":"00:00:00.0030000","StartTime":"2021-11-17T20:22:09.6568446+00:00","EndTime":"2021-11-17T20:22:09.6568446+00:00","Properties":[]},{"TestCase":{"Id":"5397944e-2c27-d863-3060-638e935279c9","FullyQualifiedName":"unittesting.UnitTest1.unsuccesfulCalculateTotal","DisplayName":"unittesting.UnitTest1.unsuccesfulCalculateTotal","ExecutorUri":"executor://xunit/VsTestRunner2/net","Source":"C:\\Users\\weiya\\source\\repos\\AVENSYSTRG\\AvensysTRG\\FinalProj\\SmartBasket\\unittesting\\bin\\Debug\\net48\\fine-code-coverage\\build-output\\unittesting.dll","CodeFilePath":null,"LineNumber":0,"Properties":[]},"Attachments":[],"Outcome":1,"ErrorMessage":null,"ErrorStackTrace":null,"DisplayName":"unittesting.UnitTest1.unsuccesfulCalculateTotal","Messages":[],"ComputerName":"DESKTOP-URQND8D","Duration":"00:00:00.0030000","StartTime":"2021-11-17T20:22:09.6608348+00:00","EndTime":"2021-11-17T20:22:09.6608348+00:00","Properties":[]},{"TestCase":{"Id":"cc410e70-c5f7-a0f3-51c7-0aa4578e51ec","FullyQualifiedName":"unittesting.UnitTest1.unsuccesfulGenerateSalesReport","DisplayName":"unittesting.UnitTest1.unsuccesfulGenerateSalesReport","ExecutorUri":"executor://xunit/VsTestRunner2/net","Source":"C:\\Users\\weiya\\source\\repos\\AVENSYSTRG\\AvensysTRG\\FinalProj\\SmartBasket\\unittesting\\bin\\Debug\\net48\\fine-code-coverage\\build-output\\unittesting.dll","CodeFilePath":null,"LineNumber":0,"Properties":[]},"Attachments":[],"Outcome":1,"ErrorMessage":null,"ErrorStackTrace":null,"DisplayName":"unittesting.UnitTest1.unsuccesfulGenerateSalesReport","Messages":[],"ComputerName":"DESKTOP-URQND8D","Duration":"00:00:00.0050000","StartTime":"2021-11-17T20:22:09.6648258+00:00","EndTime":"2021-11-17T20:22:09.6648258+00:00","Properties":[]},{"TestCase":{"Id":"ef23d756-b496-7545-5188-6f9321e984e7","FullyQualifiedName":"unittesting.UnitTest1.succesfulViewBasket","DisplayName":"unittesting.UnitTest1.succesfulViewBasket","ExecutorUri":"executor://xunit/VsTestRunner2/net","Source":"C:\\Users\\weiya\\source\\repos\\AVENSYSTRG\\AvensysTRG\\FinalProj\\SmartBasket\\unittesting\\bin\\Debug\\net48\\fine-code-coverage\\build-output\\unittesting.dll","CodeFilePath":null,"LineNumber":0,"Properties":[]},"Attachments":[],"Outcome":1,"ErrorMessage":null,"ErrorStackTrace":null,"DisplayName":"unittesting.UnitTest1.succesfulViewBasket","Messages":[],"ComputerName":"DESKTOP-URQND8D","Duration":"00:00:00.0070000","StartTime":"2021-11-17T20:22:09.6718064+00:00","EndTime":"2021-11-17T20:22:09.6718064+00:00","Properties":[]},{"TestCase":{"Id":"5d44f103-ab76-f9a6-59c6-29c26ad13e03","FullyQualifiedName":"unittesting.UnitTest1.SuccessfullCreatCustomer","DisplayName":"unittesting.UnitTest1.SuccessfullCreatCustomer","ExecutorUri":"executor://xunit/VsTestRunner2/net","Source":"C:\\Users\\weiya\\source\\repos\\AVENSYSTRG\\AvensysTRG\\FinalProj\\SmartBasket\\unittesting\\bin\\Debug\\net48\\fine-code-coverage\\build-output\\unittesting.dll","CodeFilePath":null,"LineNumber":0,"Properties":[]},"Attachments":[],"Outcome":1,"ErrorMessage":null,"ErrorStackTrace":null,"DisplayName":"unittesting.UnitTest1.SuccessfullCreatCustomer","Messages":[],"ComputerName":"DESKTOP-URQND8D","Duration":"00:00:00.0060000","StartTime":"2021-11-17T20:22:09.6777897+00:00","EndTime":"2021-11-17T20:22:09.6777897+00:00","Properties":[]},{"TestCase":{"Id":"9164a181-55d2-858c-a1a7-b0c27902663d","FullyQualifiedName":"unittesting.UnitTest1.succesfulAddToBasketSameItemFound","DisplayName":"unittesting.UnitTest1.succesfulAddToBasketSameItemFound","ExecutorUri":"executor://xunit/VsTestRunner2/net","Source":"C:\\Users\\weiya\\source\\repos\\AVENSYSTRG\\AvensysTRG\\FinalProj\\SmartBasket\\unittesting\\bin\\Debug\\net48\\fine-code-coverage\\build-output\\unittesting.dll","CodeFilePath":null,"LineNumber":0,"Properties":[]},"Attachments":[],"Outcome":1,"ErrorMessage":null,"ErrorStackTrace":null,"DisplayName":"unittesting.UnitTest1.succesfulAddToBasketSameItemFound","Messages":[],"ComputerName":"DESKTOP-URQND8D","Duration":"00:00:00.0090000","StartTime":"2021-11-17T20:22:09.686765+00:00","EndTime":"2021-11-17T20:22:09.686765+00:00","Properties":[]},{"TestCase":{"Id":"4b8a6fa0-1af4-6034-47bc-49578b5a8e4a","FullyQualifiedName":"unittesting.UnitTest1.succesfulCheckingOut","DisplayName":"unittesting.UnitTest1.succesfulCheckingOut","ExecutorUri":"executor://xunit/VsTestRunner2/net","Source":"C:\\Users\\weiya\\source\\repos\\AVENSYSTRG\\AvensysTRG\\FinalProj\\SmartBasket\\unittesting\\bin\\Debug\\net48\\fine-code-coverage\\build-output\\unittesting.dll","CodeFilePath":null,"LineNumber":0,"Properties":[]},"Attachments":[],"Outcome":1,"ErrorMessage":null,"ErrorStackTrace":null,"DisplayName":"unittesting.UnitTest1.succesfulCheckingOut","Messages":[],"ComputerName":"DESKTOP-URQND8D","Duration":"00:00:00.0060000","StartTime":"2021-11-17T20:22:09.6927492+00:00","EndTime":"2021-11-17T20:22:09.6927492+00:00","Properties":[]},{"TestCase":{"Id":"f8728d47-95cc-fe03-bbd5-08ea920feee0","FullyQualifiedName":"unittesting.UnitTest1.unsuccesfulRemoveFromBasketItemNotFound","DisplayName":"unittesting.UnitTest1.unsuccesfulRemoveFromBasketItemNotFound","ExecutorUri":"executor://xunit/VsTestRunner2/net","Source":"C:\\Users\\weiya\\source\\repos\\AVENSYSTRG\\AvensysTRG\\FinalProj\\SmartBasket\\unittesting\\bin\\Debug\\net48\\fine-code-coverage\\build-output\\unittesting.dll","CodeFilePath":null,"LineNumber":0,"Properties":[]},"Attachments":[],"Outcome":1,"ErrorMessage":null,"ErrorStackTrace":null,"DisplayName":"unittesting.UnitTest1.unsuccesfulRemoveFromBasketItemNotFound","Messages":[],"ComputerName":"DESKTOP-URQND8D","Duration":"00:00:00.0030000","StartTime":"2021-11-17T20:22:09.6977373+00:00","EndTime":"2021-11-17T20:22:09.6977373+00:00","Properties":[]}],"TestRunStatistics":{"ExecutedTests":20,"Stats":{"Passed":20}},"ActiveTests":[{"Id":"45a0cc74-5cf1-f4d5-47ce-230a6efb7301","FullyQualifiedName":"unittesting.UnitTest1.SuccessfullCreateProduct","DisplayName":"unittesting.UnitTest1.SuccessfullCreateProduct","ExecutorUri":"executor://xunit/VsTestRunner2/net","Source":"C:\\Users\\weiya\\source\\repos\\AVENSYSTRG\\AvensysTRG\\FinalProj\\SmartBasket\\unittesting\\bin\\Debug\\net48\\fine-code-coverage\\build-output\\unittesting.dll","CodeFilePath":null,"LineNumber":0,"Properties":[]}]}}
TpTrace Verbose: 0 : 19796, 13, 2021/11/18, 04:22:09.702, 390175701959, vstest.console.dll, TestRunRequest:SendTestRunStatsChange: Starting.
TpTrace Verbose: 0 : 19796, 13, 2021/11/18, 04:22:09.702, 390175703097, vstest.console.dll, InProgress is unittesting.UnitTest1.SuccessfullCreateProduct
TpTrace Information: 0 : 19796, 13, 2021/11/18, 04:22:09.702, 390175703853, vstest.console.dll, TestRunRequest:SendTestRunStatsChange: Completed.
TpTrace Verbose: 0 : 19796, 13, 2021/11/18, 04:22:09.702, 390175704395, vstest.console.dll, TcpClientExtensions.MessageLoopAsync: Polling on remoteEndPoint: 127.0.0.1:52257 localEndPoint: 127.0.0.1:52256
TpTrace Verbose: 0 : 19796, 13, 2021/11/18, 04:22:09.745, 390176129812, vstest.console.dll, TcpClientExtensions.MessageLoopAsync: NotifyDataAvailable remoteEndPoint: 127.0.0.1:52257 localEndPoint: 127.0.0.1:52256
TpTrace Verbose: 0 : 19796, 13, 2021/11/18, 04:22:09.745, 390176132472, vstest.console.dll, TestRequestSender.OnExecutionMessageReceived: Received message: {"Version":5,"MessageType":"TestExecution.StatsChange","Payload":{"NewTestResults":[{"TestCase":{"Id":"45a0cc74-5cf1-f4d5-47ce-230a6efb7301","FullyQualifiedName":"unittesting.UnitTest1.SuccessfullCreateProduct","DisplayName":"unittesting.UnitTest1.SuccessfullCreateProduct","ExecutorUri":"executor://xunit/VsTestRunner2/net","Source":"C:\\Users\\weiya\\source\\repos\\AVENSYSTRG\\AvensysTRG\\FinalProj\\SmartBasket\\unittesting\\bin\\Debug\\net48\\fine-code-coverage\\build-output\\unittesting.dll","CodeFilePath":null,"LineNumber":0,"Properties":[]},"Attachments":[],"Outcome":1,"ErrorMessage":null,"ErrorStackTrace":null,"DisplayName":"unittesting.UnitTest1.SuccessfullCreateProduct","Messages":[],"ComputerName":"DESKTOP-URQND8D","Duration":"00:00:00.0040000","StartTime":"2021-11-17T20:22:09.701726+00:00","EndTime":"2021-11-17T20:22:09.701726+00:00","Properties":[]},{"TestCase":{"Id":"0e25fc87-f604-4e71-bc0f-5f9a3078a3c3","FullyQualifiedName":"unittesting.UnitTest1.succesfulAddToBasket","DisplayName":"unittesting.UnitTest1.succesfulAddToBasket","ExecutorUri":"executor://xunit/VsTestRunner2/net","Source":"C:\\Users\\weiya\\source\\repos\\AVENSYSTRG\\AvensysTRG\\FinalProj\\SmartBasket\\unittesting\\bin\\Debug\\net48\\fine-code-coverage\\build-output\\unittesting.dll","CodeFilePath":null,"LineNumber":0,"Properties":[]},"Attachments":[],"Outcome":1,"ErrorMessage":null,"ErrorStackTrace":null,"DisplayName":"unittesting.UnitTest1.succesfulAddToBasket","Messages":[],"ComputerName":"DESKTOP-URQND8D","Duration":"00:00:00.0050000","StartTime":"2021-11-17T20:22:09.7057153+00:00","EndTime":"2021-11-17T20:22:09.7057153+00:00","Properties":[]},{"TestCase":{"Id":"3cbfbca3-b148-99f3-f790-3458dffb4333","FullyQualifiedName":"unittesting.UnitTest1.unsuccesfulCalculateTotal0Totalprice","DisplayName":"unittesting.UnitTest1.unsuccesfulCalculateTotal0Totalprice","ExecutorUri":"executor://xunit/VsTestRunner2/net","Source":"C:\\Users\\weiya\\source\\repos\\AVENSYSTRG\\AvensysTRG\\FinalProj\\SmartBasket\\unittesting\\bin\\Debug\\net48\\fine-code-coverage\\build-output\\unittesting.dll","CodeFilePath":null,"LineNumber":0,"Properties":[]},"Attachments":[],"Outcome":1,"ErrorMessage":null,"ErrorStackTrace":null,"DisplayName":"unittesting.UnitTest1.unsuccesfulCalculateTotal0Totalprice","Messages":[],"ComputerName":"DESKTOP-URQND8D","Duration":"00:00:00.0070000","StartTime":"2021-11-17T20:22:09.7116992+00:00","EndTime":"2021-11-17T20:22:09.7116992+00:00","Properties":[]},{"TestCase":{"Id":"870f6456-0f3f-c4d7-ccfa-b59184c0a8f3","FullyQualifiedName":"unittesting.UnitTest1.unsuccessfulReturnCustomerList","DisplayName":"unittesting.UnitTest1.unsuccessfulReturnCustomerList","ExecutorUri":"executor://xunit/VsTestRunner2/net","Source":"C:\\Users\\weiya\\source\\repos\\AVENSYSTRG\\AvensysTRG\\FinalProj\\SmartBasket\\unittesting\\bin\\Debug\\net48\\fine-code-coverage\\build-output\\unittesting.dll","CodeFilePath":null,"LineNumber":0,"Properties":[]},"Attachments":[],"Outcome":1,"ErrorMessage":null,"ErrorStackTrace":null,"DisplayName":"unittesting.UnitTest1.unsuccessfulReturnCustomerList","Messages":[],"ComputerName":"DESKTOP-URQND8D","Duration":"00:00:00.0020000","StartTime":"2021-11-17T20:22:09.7166864+00:00","EndTime":"2021-11-17T20:22:09.7166864+00:00","Properties":[]},{"TestCase":{"Id":"b8d5a2db-ed08-02da-9c93-96f11a9f39db","FullyQualifiedName":"unittesting.UnitTest1.unsuccesfulRemoveFromBasketInvalidCustomerID","DisplayName":"unittesting.UnitTest1.unsuccesfulRemoveFromBasketInvalidCustomerID","ExecutorUri":"executor://xunit/VsTestRunner2/net","Source":"C:\\Users\\weiya\\source\\repos\\AVENSYSTRG\\AvensysTRG\\FinalProj\\SmartBasket\\unittesting\\bin\\Debug\\net48\\fine-code-coverage\\build-output\\unittesting.dll","CodeFilePath":null,"LineNumber":0,"Properties":[]},"Attachments":[],"Outcome":1,"ErrorMessage":null,"ErrorStackTrace":null,"DisplayName":"unittesting.UnitTest1.unsuccesfulRemoveFromBasketInvalidCustomerID","Messages":[],"ComputerName":"DESKTOP-URQND8D","Duration":"00:00:00.0030000","StartTime":"2021-11-17T20:22:09.7206791+00:00","EndTime":"2021-11-17T20:22:09.7206791+00:00","Properties":[]},{"TestCase":{"Id":"963f979c-5060-c4dd-f6bb-d6569b5f3dca","FullyQualifiedName":"unittesting.UnitTest1.unsuccesfulViewBasketEmptyPsuedoList","DisplayName":"unittesting.UnitTest1.unsuccesfulViewBasketEmptyPsuedoList","ExecutorUri":"executor://xunit/VsTestRunner2/net","Source":"C:\\Users\\weiya\\source\\repos\\AVENSYSTRG\\AvensysTRG\\FinalProj\\SmartBasket\\unittesting\\bin\\Debug\\net48\\fine-code-coverage\\build-output\\unittesting.dll","CodeFilePath":null,"LineNumber":0,"Properties":[]},"Attachments":[],"Outcome":1,"ErrorMessage":null,"ErrorStackTrace":null,"DisplayName":"unittesting.UnitTest1.unsuccesfulViewBasketEmptyPsuedoList","Messages":[],"ComputerName":"DESKTOP-URQND8D","Duration":"00:00:00.0030000","StartTime":"2021-11-17T20:22:09.7246657+00:00","EndTime":"2021-11-17T20:22:09.7246657+00:00","Properties":[]},{"TestCase":{"Id":"54b0eb02-1863-86e9-9f50-860063c6057f","FullyQualifiedName":"unittesting.UnitTest1.unsuccesfulCalculateTotalEmptyBasket","DisplayName":"unittesting.UnitTest1.unsuccesfulCalculateTotalEmptyBasket","ExecutorUri":"executor://xunit/VsTestRunner2/net","Source":"C:\\Users\\weiya\\source\\repos\\AVENSYSTRG\\AvensysTRG\\FinalProj\\SmartBasket\\unittesting\\bin\\Debug\\net48\\fine-code-coverage\\build-output\\unittesting.dll","CodeFilePath":null,"LineNumber":0,"Properties":[]},"Attachments":[],"Outcome":1,"ErrorMessage":null,"ErrorStackTrace":null,"DisplayName":"unittesting.UnitTest1.unsuccesfulCalculateTotalEmptyBasket","Messages":[],"ComputerName":"DESKTOP-URQND8D","Duration":"00:00:00.0030000","StartTime":"2021-11-17T20:22:09.7316486+00:00","EndTime":"2021-11-17T20:22:09.7316486+00:00","Properties":[]},{"TestCase":{"Id":"bce93ac9-4974-3bfe-e234-6f7c22359de1","FullyQualifiedName":"unittesting.UnitTest1.UnsuccessfulRemoveProduct","DisplayName":"unittesting.UnitTest1.UnsuccessfulRemoveProduct","ExecutorUri":"executor://xunit/VsTestRunner2/net","Source":"C:\\Users\\weiya\\source\\repos\\AVENSYSTRG\\AvensysTRG\\FinalProj\\SmartBasket\\unittesting\\bin\\Debug\\net48\\fine-code-coverage\\build-output\\unittesting.dll","CodeFilePath":null,"LineNumber":0,"Properties":[]},"Attachments":[],"Outcome":1,"ErrorMessage":null,"ErrorStackTrace":null,"DisplayName":"unittesting.UnitTest1.UnsuccessfulRemoveProduct","Messages":[],"ComputerName":"DESKTOP-URQND8D","Duration":"00:00:00.0020000","StartTime":"2021-11-17T20:22:09.7376316+00:00","EndTime":"2021-11-17T20:22:09.7376316+00:00","Properties":[]},{"TestCase":{"Id":"0bb78b33-9afe-c64f-fde9-32581fb3c585","FullyQualifiedName":"unittesting.UnitTest1.succesfulViewProducts","DisplayName":"unittesting.UnitTest1.succesfulViewProducts","ExecutorUri":"executor://xunit/VsTestRunner2/net","Source":"C:\\Users\\weiya\\source\\repos\\AVENSYSTRG\\AvensysTRG\\FinalProj\\SmartBasket\\unittesting\\bin\\Debug\\net48\\fine-code-coverage\\build-output\\unittesting.dll","CodeFilePath":null,"LineNumber":0,"Properties":[]},"Attachments":[],"Outcome":1,"ErrorMessage":null,"ErrorStackTrace":null,"DisplayName":"unittesting.UnitTest1.succesfulViewProducts","Messages":[],"ComputerName":"DESKTOP-URQND8D","Duration":"00:00:00.0030000","StartTime":"2021-11-17T20:22:09.7416198+00:00","EndTime":"2021-11-17T20:22:09.7416198+00:00","Properties":[]}],"TestRunStatistics":{"ExecutedTests":29,"Stats":{"Passed":29}},"ActiveTests":[{"Id":"1a910f91-9f46-d25f-5c26-321c6e320a78","FullyQualifiedName":"unittesting.UnitTest1.succesfulAddToBasketInvalidProductID","DisplayName":"unittesting.UnitTest1.succesfulAddToBasketInvalidProductID","ExecutorUri":"executor://xunit/VsTestRunner2/net","Source":"C:\\Users\\weiya\\source\\repos\\AVENSYSTRG\\AvensysTRG\\FinalProj\\SmartBasket\\unittesting\\bin\\Debug\\net48\\fine-code-coverage\\build-output\\unittesting.dll","CodeFilePath":null,"LineNumber":0,"Properties":[]}]}}
TpTrace Verbose: 0 : 19796, 13, 2021/11/18, 04:22:09.746, 390176145163, vstest.console.dll, TestRunRequest:SendTestRunStatsChange: Starting.
TpTrace Verbose: 0 : 19796, 13, 2021/11/18, 04:22:09.746, 390176146003, vstest.console.dll, InProgress is unittesting.UnitTest1.succesfulAddToBasketInvalidProductID
TpTrace Information: 0 : 19796, 13, 2021/11/18, 04:22:09.746, 390176146707, vstest.console.dll, TestRunRequest:SendTestRunStatsChange: Completed.
TpTrace Verbose: 0 : 19796, 13, 2021/11/18, 04:22:09.746, 390176147220, vstest.console.dll, TcpClientExtensions.MessageLoopAsync: Polling on remoteEndPoint: 127.0.0.1:52257 localEndPoint: 127.0.0.1:52256
TpTrace Verbose: 0 : 19796, 13, 2021/11/18, 04:22:09.791, 390176591733, vstest.console.dll, TcpClientExtensions.MessageLoopAsync: NotifyDataAvailable remoteEndPoint: 127.0.0.1:52257 localEndPoint: 127.0.0.1:52256
TpTrace Verbose: 0 : 19796, 13, 2021/11/18, 04:22:09.791, 390176593813, vstest.console.dll, TestRequestSender.OnExecutionMessageReceived: Received message: {"Version":5,"MessageType":"TestExecution.StatsChange","Payload":{"NewTestResults":[{"TestCase":{"Id":"1a910f91-9f46-d25f-5c26-321c6e320a78","FullyQualifiedName":"unittesting.UnitTest1.succesfulAddToBasketInvalidProductID","DisplayName":"unittesting.UnitTest1.succesfulAddToBasketInvalidProductID","ExecutorUri":"executor://xunit/VsTestRunner2/net","Source":"C:\\Users\\weiya\\source\\repos\\AVENSYSTRG\\AvensysTRG\\FinalProj\\SmartBasket\\unittesting\\bin\\Debug\\net48\\fine-code-coverage\\build-output\\unittesting.dll","CodeFilePath":null,"LineNumber":0,"Properties":[]},"Attachments":[],"Outcome":1,"ErrorMessage":null,"ErrorStackTrace":null,"DisplayName":"unittesting.UnitTest1.succesfulAddToBasketInvalidProductID","Messages":[],"ComputerName":"DESKTOP-URQND8D","Duration":"00:00:00.0050000","StartTime":"2021-11-17T20:22:09.7615683+00:00","EndTime":"2021-11-17T20:22:09.7615683+00:00","Properties":[]},{"TestCase":{"Id":"a3c0cd86-2043-545e-e08e-69cacb461e85","FullyQualifiedName":"unittesting.UnitTest1.UnsuccessfulCreationOfCustomer","DisplayName":"unittesting.UnitTest1.UnsuccessfulCreationOfCustomer","ExecutorUri":"executor://xunit/VsTestRunner2/net","Source":"C:\\Users\\weiya\\source\\repos\\AVENSYSTRG\\AvensysTRG\\FinalProj\\SmartBasket\\unittesting\\bin\\Debug\\net48\\fine-code-coverage\\build-output\\unittesting.dll","CodeFilePath":null,"LineNumber":0,"Properties":[]},"Attachments":[],"Outcome":1,"ErrorMessage":null,"ErrorStackTrace":null,"DisplayName":"unittesting.UnitTest1.UnsuccessfulCreationOfCustomer","Messages":[],"ComputerName":"DESKTOP-URQND8D","Duration":"00:00:00.0020000","StartTime":"2021-11-17T20:22:09.7665554+00:00","EndTime":"2021-11-17T20:22:09.7665554+00:00","Properties":[]},{"TestCase":{"Id":"53e6a5a2-dbec-f095-e1d1-474c16e67787","FullyQualifiedName":"unittesting.UnitTest1.successfulReturnCustomerList","DisplayName":"unittesting.UnitTest1.successfulReturnCustomerList","ExecutorUri":"executor://xunit/VsTestRunner2/net","Source":"C:\\Users\\weiya\\source\\repos\\AVENSYSTRG\\AvensysTRG\\FinalProj\\SmartBasket\\unittesting\\bin\\Debug\\net48\\fine-code-coverage\\build-output\\unittesting.dll","CodeFilePath":null,"LineNumber":0,"Properties":[]},"Attachments":[],"Outcome":1,"ErrorMessage":null,"ErrorStackTrace":null,"DisplayName":"unittesting.UnitTest1.successfulReturnCustomerList","Messages":[],"ComputerName":"DESKTOP-URQND8D","Duration":"00:00:00.0030000","StartTime":"2021-11-17T20:22:09.7705454+00:00","EndTime":"2021-11-17T20:22:09.7705454+00:00","Properties":[]},{"TestCase":{"Id":"5697fc6d-a2f9-e223-d24c-0476d9e7cd31","FullyQualifiedName":"unittesting.UnitTest1.unsuccesfulAddToBasketMoreThanStock","DisplayName":"unittesting.UnitTest1.unsuccesfulAddToBasketMoreThanStock","ExecutorUri":"executor://xunit/VsTestRunner2/net","Source":"C:\\Users\\weiya\\source\\repos\\AVENSYSTRG\\AvensysTRG\\FinalProj\\SmartBasket\\unittesting\\bin\\Debug\\net48\\fine-code-coverage\\build-output\\unittesting.dll","CodeFilePath":null,"LineNumber":0,"Properties":[]},"Attachments":[],"Outcome":1,"ErrorMessage":null,"ErrorStackTrace":null,"DisplayName":"unittesting.UnitTest1.unsuccesfulAddToBasketMoreThanStock","Messages":[],"ComputerName":"DESKTOP-URQND8D","Duration":"00:00:00.0040000","StartTime":"2021-11-17T20:22:09.7735367+00:00","EndTime":"2021-11-17T20:22:09.7735367+00:00","Properties":[]},{"TestCase":{"Id":"45d9c83e-cec7-f4fe-e1a4-0f479e535f00","FullyQualifiedName":"unittesting.UnitTest1.unsuccesfulViewProducts","DisplayName":"unittesting.UnitTest1.unsuccesfulViewProducts","ExecutorUri":"executor://xunit/VsTestRunner2/net","Source":"C:\\Users\\weiya\\source\\repos\\AVENSYSTRG\\AvensysTRG\\FinalProj\\SmartBasket\\unittesting\\bin\\Debug\\net48\\fine-code-coverage\\build-output\\unittesting.dll","CodeFilePath":null,"LineNumber":0,"Properties":[]},"Attachments":[],"Outcome":1,"ErrorMessage":null,"ErrorStackTrace":null,"DisplayName":"unittesting.UnitTest1.unsuccesfulViewProducts","Messages":[],"ComputerName":"DESKTOP-URQND8D","Duration":"00:00:00.0170000","StartTime":"2021-11-17T20:22:09.7765279+00:00","EndTime":"2021-11-17T20:22:09.7765279+00:00","Properties":[]},{"TestCase":{"Id":"57c1955f-f15c-eb6b-4747-b2c333eb8b72","FullyQualifiedName":"unittesting.UnitTest1.succesfulCalculateTotal","DisplayName":"unittesting.UnitTest1.succesfulCalculateTotal","ExecutorUri":"executor://xunit/VsTestRunner2/net","Source":"C:\\Users\\weiya\\source\\repos\\AVENSYSTRG\\AvensysTRG\\FinalProj\\SmartBasket\\unittesting\\bin\\Debug\\net48\\fine-code-coverage\\build-output\\unittesting.dll","CodeFilePath":null,"LineNumber":0,"Properties":[]},"Attachments":[],"Outcome":1,"ErrorMessage":null,"ErrorStackTrace":null,"DisplayName":"unittesting.UnitTest1.succesfulCalculateTotal","Messages":[],"ComputerName":"DESKTOP-URQND8D","Duration":"00:00:00.0050000","StartTime":"2021-11-17T20:22:09.7805172+00:00","EndTime":"2021-11-17T20:22:09.7805172+00:00","Properties":[]},{"TestCase":{"Id":"b6ca542e-105c-147b-25de-2676683c33d5","FullyQualifiedName":"unittesting.UnitTest1.unsuccesfulAddToBasketInvalidCustomerID","DisplayName":"unittesting.UnitTest1.unsuccesfulAddToBasketInvalidCustomerID","ExecutorUri":"executor://xunit/VsTestRunner2/net","Source":"C:\\Users\\weiya\\source\\repos\\AVENSYSTRG\\AvensysTRG\\FinalProj\\SmartBasket\\unittesting\\bin\\Debug\\net48\\fine-code-coverage\\build-output\\unittesting.dll","CodeFilePath":null,"LineNumber":0,"Properties":[]},"Attachments":[],"Outcome":1,"ErrorMessage":null,"ErrorStackTrace":null,"DisplayName":"unittesting.UnitTest1.unsuccesfulAddToBasketInvalidCustomerID","Messages":[],"ComputerName":"DESKTOP-URQND8D","Duration":"00:00:00.0030000","StartTime":"2021-11-17T20:22:09.7835087+00:00","EndTime":"2021-11-17T20:22:09.7835087+00:00","Properties":[]},{"TestCase":{"Id":"b7dc2ad6-dbf4-342b-1a14-71ca1997fbc4","FullyQualifiedName":"unittesting.UnitTest1.unsuccesfulViewPurchaseHistoryInvalidID","DisplayName":"unittesting.UnitTest1.unsuccesfulViewPurchaseHistoryInvalidID","ExecutorUri":"executor://xunit/VsTestRunner2/net","Source":"C:\\Users\\weiya\\source\\repos\\AVENSYSTRG\\AvensysTRG\\FinalProj\\SmartBasket\\unittesting\\bin\\Debug\\net48\\fine-code-coverage\\build-output\\unittesting.dll","CodeFilePath":null,"LineNumber":0,"Properties":[]},"Attachments":[],"Outcome":1,"ErrorMessage":null,"ErrorStackTrace":null,"DisplayName":"unittesting.UnitTest1.unsuccesfulViewPurchaseHistoryInvalidID","Messages":[],"ComputerName":"DESKTOP-URQND8D","Duration":"00:00:00.0020000","StartTime":"2021-11-17T20:22:09.7855045+00:00","EndTime":"2021-11-17T20:22:09.7855045+00:00","Properties":[]},{"TestCase":{"Id":"2cfdfea4-eda5-d14e-bd35-a4cb2329a8d6","FullyQualifiedName":"unittesting.UnitTest1.SuccesfulGenerateSalesReport","DisplayName":"unittesting.UnitTest1.SuccesfulGenerateSalesReport","ExecutorUri":"executor://xunit/VsTestRunner2/net","Source":"C:\\Users\\weiya\\source\\repos\\AVENSYSTRG\\AvensysTRG\\FinalProj\\SmartBasket\\unittesting\\bin\\Debug\\net48\\fine-code-coverage\\build-output\\unittesting.dll","CodeFilePath":null,"LineNumber":0,"Properties":[]},"Attachments":[],"Outcome":1,"ErrorMessage":null,"ErrorStackTrace":null,"DisplayName":"unittesting.UnitTest1.SuccesfulGenerateSalesReport","Messages":[],"ComputerName":"DESKTOP-URQND8D","Duration":"00:00:00.0040000","StartTime":"2021-11-17T20:22:09.7884959+00:00","EndTime":"2021-11-17T20:22:09.7884959+00:00","Properties":[]}],"TestRunStatistics":{"ExecutedTests":38,"Stats":{"Passed":38}},"ActiveTests":[{"Id":"41a8534c-9c18-cc86-c420-fbf1d0a8172d","FullyQualifiedName":"unittesting.UnitTest1.unsuccesfulViewBasketEmptyBasket","DisplayName":"unittesting.UnitTest1.unsuccesfulViewBasketEmptyBasket","ExecutorUri":"executor://xunit/VsTestRunner2/net","Source":"C:\\Users\\weiya\\source\\repos\\AVENSYSTRG\\AvensysTRG\\FinalProj\\SmartBasket\\unittesting\\bin\\Debug\\net48\\fine-code-coverage\\build-output\\unittesting.dll","CodeFilePath":null,"LineNumber":0,"Properties":[]}]}}
TpTrace Verbose: 0 : 19796, 13, 2021/11/18, 04:22:09.792, 390176601982, vstest.console.dll, TestRunRequest:SendTestRunStatsChange: Starting.
TpTrace Verbose: 0 : 19796, 13, 2021/11/18, 04:22:09.792, 390176602391, vstest.console.dll, InProgress is unittesting.UnitTest1.unsuccesfulViewBasketEmptyBasket
TpTrace Information: 0 : 19796, 13, 2021/11/18, 04:22:09.792, 390176603045, vstest.console.dll, TestRunRequest:SendTestRunStatsChange: Completed.
TpTrace Verbose: 0 : 19796, 13, 2021/11/18, 04:22:09.792, 390176603334, vstest.console.dll, TcpClientExtensions.MessageLoopAsync: Polling on remoteEndPoint: 127.0.0.1:52257 localEndPoint: 127.0.0.1:52256
TpTrace Verbose: 0 : 19796, 13, 2021/11/18, 04:22:09.795, 390176635714, vstest.console.dll, TcpClientExtensions.MessageLoopAsync: NotifyDataAvailable remoteEndPoint: 127.0.0.1:52257 localEndPoint: 127.0.0.1:52256
TpTrace Verbose: 0 : 19796, 13, 2021/11/18, 04:22:09.795, 390176636882, vstest.console.dll, TestRequestSender.OnExecutionMessageReceived: Received message: {"Version":5,"MessageType":"TestSession.Message","Payload":{"MessageLevel":0,"Message":"[xUnit.net 00:00:04.81]   Finished:    unittesting"}}
TpTrace Verbose: 0 : 19796, 13, 2021/11/18, 04:22:09.795, 390176637772, vstest.console.dll, TestRunRequest:SendTestRunMessage: Starting.
TpTrace Information: 0 : 19796, 13, 2021/11/18, 04:22:09.795, 390176638444, vstest.console.dll, TestRunRequest:SendTestRunMessage: Completed.
TpTrace Verbose: 0 : 19796, 13, 2021/11/18, 04:22:09.795, 390176638744, vstest.console.dll, TcpClientExtensions.MessageLoopAsync: Polling on remoteEndPoint: 127.0.0.1:52257 localEndPoint: 127.0.0.1:52256
TpTrace Verbose: 0 : 19796, 13, 2021/11/18, 04:22:09.846, 390177139440, vstest.console.dll, TcpClientExtensions.MessageLoopAsync: NotifyDataAvailable remoteEndPoint: 127.0.0.1:52257 localEndPoint: 127.0.0.1:52256
TpTrace Verbose: 0 : 19796, 13, 2021/11/18, 04:22:09.846, 390177140644, vstest.console.dll, TestRequestSender.OnExecutionMessageReceived: Received message: {"Version":5,"MessageType":"TestExecution.Completed","Payload":{"TestRunCompleteArgs":{"TestRunStatistics":{"ExecutedTests":39,"Stats":{"Passed":39}},"IsCanceled":false,"IsAborted":false,"Error":null,"AttachmentSets":[],"ElapsedTimeInRunningTests":"00:00:04.8669652","Metrics":{}},"LastRunTests":{"NewTestResults":[{"TestCase":{"Id":"41a8534c-9c18-cc86-c420-fbf1d0a8172d","FullyQualifiedName":"unittesting.UnitTest1.unsuccesfulViewBasketEmptyBasket","DisplayName":"unittesting.UnitTest1.unsuccesfulViewBasketEmptyBasket","ExecutorUri":"executor://xunit/VsTestRunner2/net","Source":"C:\\Users\\weiya\\source\\repos\\AVENSYSTRG\\AvensysTRG\\FinalProj\\SmartBasket\\unittesting\\bin\\Debug\\net48\\fine-code-coverage\\build-output\\unittesting.dll","CodeFilePath":null,"LineNumber":0,"Properties":[]},"Attachments":[],"Outcome":1,"ErrorMessage":null,"ErrorStackTrace":null,"DisplayName":"unittesting.UnitTest1.unsuccesfulViewBasketEmptyBasket","Messages":[],"ComputerName":"DESKTOP-URQND8D","Duration":"00:00:00.0040000","StartTime":"2021-11-17T20:22:09.7914879+00:00","EndTime":"2021-11-17T20:22:09.7914879+00:00","Properties":[]}],"TestRunStatistics":{"ExecutedTests":39,"Stats":{"Passed":39}},"ActiveTests":[]},"RunAttachments":[],"ExecutorUris":["executor://xunit/VsTestRunner2/net"]}}
TpTrace Verbose: 0 : 19796, 13, 2021/11/18, 04:22:09.846, 390177141993, vstest.console.dll, TestRequestSender.EndSession: Sending end session.
TpTrace Verbose: 0 : 19796, 13, 2021/11/18, 04:22:09.846, 390177143039, vstest.console.dll, ProxyOperationManager.Close: waiting for test host to exit for 100 ms
TpTrace Warning: 0 : 19796, 11, 2021/11/18, 04:22:09.854, 390177228171, vstest.console.dll, TestHostManagerCallbacks.ErrorReceivedCallback Test host standard error line: 
TpTrace Verbose: 0 : 19796, 6, 2021/11/18, 04:22:09.866, 390177346833, vstest.console.dll, TestHostProvider.ExitCallBack: Host exited starting callback.
TpTrace Information: 0 : 19796, 6, 2021/11/18, 04:22:09.867, 390177353336, vstest.console.dll, TestHostManagerCallbacks.ExitCallBack: Testhost processId: 10772 exited with exitcode: 0 error: ''
TpTrace Verbose: 0 : 19796, 6, 2021/11/18, 04:22:09.867, 390177354443, vstest.console.dll, CrossPlatEngine.TestHostManagerHostExited: calling on client process exit callback.
TpTrace Information: 0 : 19796, 6, 2021/11/18, 04:22:09.867, 390177355221, vstest.console.dll, TestRequestSender.OnClientProcessExit: Test host process exited. Standard error: 
TpTrace Warning: 0 : 19796, 13, 2021/11/18, 04:22:09.867, 390177355278, vstest.console.dll, ProxyOperationManager: Timed out waiting for test host to exit. Will terminate process.
TpTrace Information: 0 : 19796, 6, 2021/11/18, 04:22:09.867, 390177355721, vstest.console.dll, SocketServer.Stop: Stop server endPoint: 127.0.0.1:52256
TpTrace Information: 0 : 19796, 6, 2021/11/18, 04:22:09.867, 390177356491, vstest.console.dll, SocketServer.Stop: Cancellation requested. Stopping message loop.
TpTrace Verbose: 0 : 19796, 13, 2021/11/18, 04:22:09.868, 390177361209, vstest.console.dll, ProxyDataCollectionManager.InvokeDataCollectionServiceAction: Starting.
TpTrace Information: 0 : 19796, 13, 2021/11/18, 04:22:09.868, 390177361727, vstest.console.dll, ProxyDataCollectionManager.AfterTestRunEnd: Get attachment set for datacollector processId: 14500 port: 52253
TpTrace Verbose: 0 : 19796, 13, 2021/11/18, 04:22:09.868, 390177362253, vstest.console.dll, DataCollectionRequestSender.SendAfterTestRunStartAndGetResult : Send AfterTestRunEnd message with isCancelled: False
TpTrace Verbose: 0 : 19796, 13, 2021/11/18, 04:22:09.872, 390177402378, vstest.console.dll, DataCollectionRequestSender.SendAfterTestRunStartAndGetResult : Received message: (DataCollection.AfterTestRunEndResult) -> {
  "AttachmentSets": [],
  "Metrics": {}
}
TpTrace Information: 0 : 19796, 13, 2021/11/18, 04:22:09.874, 390177427648, vstest.console.dll, ProxyDataCollectionManager.InvokeDataCollectionServiceAction: Completed.
TpTrace Warning: 0 : 19796, 8, 2021/11/18, 04:22:09.877, 390177450253, vstest.console.dll, DataCollectionLauncher.ErrorReceivedCallback datacollector standard error line: 
TpTrace Information: 0 : 19796, 6, 2021/11/18, 04:22:09.883, 390177515101, vstest.console.dll, DataCollectionLauncher.ExitCallBack: Data collector exited with exitcode: 0 error: ''
TpTrace Verbose: 0 : 19796, 13, 2021/11/18, 04:22:09.899, 390177671561, vstest.console.dll, TestRunRequest:TestRunComplete: Starting. IsAborted:False IsCanceled:False.
TpTrace Verbose: 0 : 19796, 13, 2021/11/18, 04:22:09.899, 390177673141, vstest.console.dll, TestRequestSender.EndSession: Sending end session.
TpTrace Verbose: 0 : 19796, 13, 2021/11/18, 04:22:09.899, 390177674969, vstest.console.dll, ProxyOperationManager.Close: waiting for test host to exit for 100 ms
TpTrace Warning: 0 : 19796, 13, 2021/11/18, 04:22:09.899, 390177675529, vstest.console.dll, ProxyOperationManager: Timed out waiting for test host to exit. Will terminate process.
TpTrace Warning: 0 : 19796, 13, 2021/11/18, 04:22:09.900, 390177682059, vstest.console.dll, TestLoggerManager.HandleTestRunStatsChange: Ignoring as the object is disposed.
TpTrace Verbose: 0 : 19796, 13, 2021/11/18, 04:22:09.900, 390177683512, vstest.console.dll, TestLoggerManager.HandleTestRunComplete: Ignoring as the object is disposed.
TpTrace Verbose: 0 : 19796, 1, 2021/11/18, 04:22:09.902, 390177699762, vstest.console.dll, TestRunRequest.Dispose: Starting.
TpTrace Information: 0 : 19796, 13, 2021/11/18, 04:22:09.902, 390177699908, vstest.console.dll, TestRunRequest:TestRunComplete: Completed.
TpTrace Verbose: 0 : 19796, 13, 2021/11/18, 04:22:09.902, 390177701472, vstest.console.dll, TestRequestSender.SetOperationComplete: Setting operation complete.
TpTrace Information: 0 : 19796, 1, 2021/11/18, 04:22:09.902, 390177701599, vstest.console.dll, TestRunRequest.Dispose: Completed.
TpTrace Information: 0 : 19796, 13, 2021/11/18, 04:22:09.902, 390177701908, vstest.console.dll, SocketServer.Stop: Stop server endPoint: 127.0.0.1:52256
TpTrace Information: 0 : 19796, 1, 2021/11/18, 04:22:09.902, 390177702727, vstest.console.dll, TestRequestManager.RunTests: run tests completed.
TpTrace Information: 0 : 19796, 13, 2021/11/18, 04:22:09.902, 390177703227, vstest.console.dll, SocketServer.Stop: Cancellation requested. Stopping message loop.
TpTrace Information: 0 : 19796, 1, 2021/11/18, 04:22:09.902, 390177704326, vstest.console.dll, RunTestsArgumentProcessor:Execute: Test run is completed.
TpTrace Information: 0 : 19796, 13, 2021/11/18, 04:22:09.902, 390177705354, vstest.console.dll, SocketServer.PrivateStop: Stop server endPoint: 127.0.0.1:52256 error: 
TpTrace Verbose: 0 : 19796, 1, 2021/11/18, 04:22:09.902, 390177706502, vstest.console.dll, Executor.Execute: Exiting with exit code of 0
TpTrace Verbose: 0 : 19796, 13, 2021/11/18, 04:22:09.903, 390177710450, vstest.console.dll, LengthPrefixCommunicationChannel.Dispose: Dispose reader and writer.
TpTrace Information: 0 : 19796, 13, 2021/11/18, 04:22:09.903, 390177711438, vstest.console.dll, SocketServer.Stop: Raise disconnected event endPoint: 127.0.0.1:52256 error: 
