TpTrace Verbose: 0 : 19152, 1, 2021/11/26, 06:16:05.774, 5905909039938, testhost.net48.x86.exe, Version: 16.11.0
TpTrace Information: 0 : 19152, 1, 2021/11/26, 06:16:05.779, 5905909071646, testhost.net48.x86.exe, DefaultEngineInvoker.Invoke: Testhost process started with args :[--port, 55049],[--endpoint, 127.0.0.1:055049],[--role, client],[--parentprocessid, 21220],[--diag, C:\Users\weiya\source\repos\AVENSYSTRG\AvensysTRG\FinalProj\SmartBasket\unittesting\bin\Debug\net48\fine-code-coverage\coverage-tool-output\diagnostics.host.21-11-26_06-16-05_65329_1.log],[--tracelevel, 4],[--datacollectionport, 55048],[--telemetryoptedin, false]
TpTrace Information: 0 : 19152, 1, 2021/11/26, 06:16:05.780, 5905909080089, testhost.net48.x86.exe, DefaultEngineInvoker: Using Application Configuration: '<?xml version="1.0" encoding="utf-8"?>
<configuration>
  <startup useLegacyV2RuntimeActivationPolicy="true">
    <supportedRuntime version="v4.0" sku=".NETFramework,Version=v4.0" />
  </startup>
  <runtime>
    <legacyUnhandledExceptionPolicy enabled="1" />
    <legacyCorruptedStateExceptionsPolicy enabled="true" />
    <!-- To get stacktrace information for portable and embedded pdbs when net472 installed on machine.
          More details https://github.com/dotnet/designs/blob/master/accepted/diagnostics/debugging-with-symbols-and-sources.md#stack-traces -->
    <AppContextSwitchOverrides value="Switch.System.Diagnostics.IgnorePortablePDBsInStackTraces=false" />
    <assemblyBinding xmlns="urn:schemas-microsoft-com:asm.v1">
      <probing privatePath="Extensions" />
      <!-- Test adapters compiled against version 11-14, need to be redirected to version 15. -->
      <dependentAssembly>
        <assemblyIdentity name="Microsoft.VisualStudio.TestPlatform.ObjectModel" publicKeyToken="b03f5f7f11d50a3a" culture="neutral" />
        <bindingRedirect oldVersion="11.0.0.0-14.0.0.0" newVersion="15.0.0.0" />
      </dependentAssembly>
      <dependentAssembly>
        <assemblyIdentity name="Microsoft.VisualStudio.TestWindow.Interfaces" publicKeyToken="b03f5f7f11d50a3a" culture="neutral" />
        <bindingRedirect oldVersion="11.0.0.0-15.0.0.0" newVersion="16.0.0.0" />
      </dependentAssembly>
      <dependentAssembly>
        <assemblyIdentity name="Microsoft.VisualStudio.QualityTools.UnitTestFramework" publicKeyToken="b03f5f7f11d50a3a" culture="neutral" />
        <bindingRedirect oldVersion="10.1.0.0" newVersion="10.0.0.0" />
      </dependentAssembly>
      <dependentAssembly>
        <assemblyIdentity name="Microsoft.VisualStudio.QualityTools.Resource" publicKeyToken="b03f5f7f11d50a3a" culture="neutral" />
        <bindingRedirect oldVersion="10.0.0.0-15.0.0.0" newVersion="16.0.0.0" />
      </dependentAssembly>
      <dependentAssembly>
        <assemblyIdentity name="Microsoft.VisualStudio.QualityTools.ControllerObject" publicKeyToken="b03f5f7f11d50a3a" culture="neutral" />
        <bindingRedirect oldVersion="10.0.0.0-15.0.0.0" newVersion="16.0.0.0" />
      </dependentAssembly>
      <dependentAssembly>
        <assemblyIdentity name="Microsoft.VisualStudio.QualityTools.ExecutionCommon" publicKeyToken="b03f5f7f11d50a3a" culture="neutral" />
        <bindingRedirect oldVersion="10.0.0.0-15.0.0.0" newVersion="16.0.0.0" />
      </dependentAssembly>
      <dependentAssembly>
        <assemblyIdentity name="Microsoft.VisualStudio.QualityTools.Common" publicKeyToken="b03f5f7f11d50a3a" culture="neutral" />
        <bindingRedirect oldVersion="10.0.0.0-15.0.0.0" newVersion="16.0.0.0" />
      </dependentAssembly>
      <dependentAssembly>
        <assemblyIdentity name="Microsoft.VisualStudio.QualityTools.Tips.UnitTest.ObjectModel" publicKeyToken="b03f5f7f11d50a3a" culture="neutral" />
        <bindingRedirect oldVersion="10.0.0.0-15.0.0.0" newVersion="16.0.0.0" />
      </dependentAssembly>
    </assemblyBinding>
  </runtime>
  <system.diagnostics>
    <switches>
      <add name="TpTraceLevel" value="0" />
    </switches>
  </system.diagnostics>
  <appSettings>
    <!--<add key="ExecutionThreadApartmentState" value ="MTA"/>-->
    <!--<add key="TraceLogMaxFileSizeInKb" value ="10240"/>-->
    <!-- MsTest Adapter Specific AppSettings -->
    <!-- This flag is added to support test execution for net35 tests through TMI adapter. -->
    <add key="TestProjectRetargetTo35Allowed" value="true" />
  </appSettings>
</configuration>'
TpTrace Information: 0 : 19152, 1, 2021/11/26, 06:16:05.781, 5905909090501, testhost.net48.x86.exe, DefaultEngineInvoker.SetParentProcessExitCallback: Monitoring parent process with id: '21220'
TpTrace Information: 0 : 19152, 1, 2021/11/26, 06:16:05.797, 5905909254715, testhost.net48.x86.exe, DefaultEngineInvoker.GetConnectionInfo: Initialize communication on endpoint address: '127.0.0.1:055049'
TpTrace Information: 0 : 19152, 1, 2021/11/26, 06:16:05.804, 5905909326317, testhost.net48.x86.exe, SocketClient.Start: connecting to server endpoint: 127.0.0.1:055049
TpTrace Information: 0 : 19152, 1, 2021/11/26, 06:16:05.808, 5905909376206, testhost.net48.x86.exe, DefaultEngineInvoker.ConnectToDatacollector: Connecting to datacollector, port: 55048
TpTrace Information: 0 : 19152, 7, 2021/11/26, 06:16:05.812, 5905909408680, testhost.net48.x86.exe, SocketClient.OnServerConnected: connected to server endpoint: 127.0.0.1:055049
TpTrace Information: 0 : 19152, 1, 2021/11/26, 06:16:05.812, 5905909414995, testhost.net48.x86.exe, Trying to connect to server on socket : 127.0.0.1:55048 
TpTrace Verbose: 0 : 19152, 1, 2021/11/26, 06:16:05.813, 5905909419924, testhost.net48.x86.exe, SocketCommunicationManager : SetupClientAsync : Attempting to connect to the server.
TpTrace Verbose: 0 : 19152, 7, 2021/11/26, 06:16:05.814, 5905909430008, testhost.net48.x86.exe, Connected to server, and starting MessageLoopAsync
TpTrace Information: 0 : 19152, 7, 2021/11/26, 06:16:05.815, 5905909438149, testhost.net48.x86.exe, Connected to the server successfully 
TpTrace Information: 0 : 19152, 7, 2021/11/26, 06:16:05.815, 5905909440291, testhost.net48.x86.exe, Using the buffer size of 16384 bytes
TpTrace Information: 0 : 19152, 1, 2021/11/26, 06:16:05.816, 5905909450858, testhost.net48.x86.exe, DefaultEngineInvoker.Invoke: Start Request Processing.
TpTrace Verbose: 0 : 19152, 8, 2021/11/26, 06:16:05.816, 5905909456764, testhost.net48.x86.exe, TcpClientExtensions.MessageLoopAsync: Polling on remoteEndPoint: 127.0.0.1:55049 localEndPoint: 127.0.0.1:55050
TpTrace Verbose: 0 : 19152, 8, 2021/11/26, 06:16:05.817, 5905909458294, testhost.net48.x86.exe, TcpClientExtensions.MessageLoopAsync: NotifyDataAvailable remoteEndPoint: 127.0.0.1:55049 localEndPoint: 127.0.0.1:55050
TpTrace Information: 0 : 19152, 11, 2021/11/26, 06:16:05.818, 5905909469931, testhost.net48.x86.exe, DefaultEngineInvoker.StartProcessingAsync: Connected to vstest.console, Starting process requests.
TpTrace Information: 0 : 19152, 8, 2021/11/26, 06:16:05.839, 5905909685517, testhost.net48.x86.exe, TestRequestHandler.OnMessageReceived: received message: (ProtocolVersion) -> 5
TpTrace Verbose: 0 : 19152, 8, 2021/11/26, 06:16:05.849, 5905909782357, testhost.net48.x86.exe, TestRequestHandler.SendData:  sending data from testhost: {"Version":5,"MessageType":"TestSession.Message","Payload":{"MessageLevel":0,"Message":"Logging TestHost Diagnostics in file: C:\\Users\\weiya\\source\\repos\\AVENSYSTRG\\AvensysTRG\\FinalProj\\SmartBasket\\unittesting\\bin\\Debug\\net48\\fine-code-coverage\\coverage-tool-output\\diagnostics.host.21-11-26_06-16-05_65329_1.log"}}
TpTrace Verbose: 0 : 19152, 8, 2021/11/26, 06:16:05.849, 5905909784435, testhost.net48.x86.exe, TcpClientExtensions.MessageLoopAsync: Polling on remoteEndPoint: 127.0.0.1:55049 localEndPoint: 127.0.0.1:55050
TpTrace Verbose: 0 : 19152, 8, 2021/11/26, 06:16:05.851, 5905909802849, testhost.net48.x86.exe, TcpClientExtensions.MessageLoopAsync: NotifyDataAvailable remoteEndPoint: 127.0.0.1:55049 localEndPoint: 127.0.0.1:55050
TpTrace Information: 0 : 19152, 8, 2021/11/26, 06:16:05.852, 5905909810115, testhost.net48.x86.exe, TestRequestHandler.OnMessageReceived: received message: (TestExecution.Initialize) -> [
  "C:\\Program Files\\dotnet\\sdk\\5.0.402\\Extensions\\Microsoft.Diagnostics.NETCore.Client.dll",
  "C:\\Program Files\\dotnet\\sdk\\5.0.402\\Extensions\\Microsoft.TestPlatform.Extensions.BlameDataCollector.dll",
  "C:\\Program Files\\dotnet\\sdk\\5.0.402\\Extensions\\Microsoft.TestPlatform.Extensions.EventLogCollector.dll",
  "C:\\Program Files\\dotnet\\sdk\\5.0.402\\Extensions\\Microsoft.TestPlatform.TestHostRuntimeProvider.dll",
  "C:\\Program Files\\dotnet\\sdk\\5.0.402\\Extensions\\Microsoft.VisualStudio.TestPlatform.Extensions.Html.TestLogger.dll",
  "C:\\Program Files\\dotnet\\sdk\\5.0.402\\Extensions\\Microsoft.VisualStudio.TestPlatform.Extensions.Trx.TestLogger.dll",
  "C:\\Users\\weiya\\source\\repos\\AVENSYSTRG\\AvensysTRG\\FinalProj\\SmartBasket\\unittesting\\bin\\Debug\\net48\\fine-code-coverage\\build-output\\xunit.runner.visualstudio.testadapter.dll"
]
TpTrace Verbose: 0 : 19152, 8, 2021/11/26, 06:16:05.854, 5905909835736, testhost.net48.x86.exe, TcpClientExtensions.MessageLoopAsync: Polling on remoteEndPoint: 127.0.0.1:55049 localEndPoint: 127.0.0.1:55050
TpTrace Information: 0 : 19152, 3, 2021/11/26, 06:16:05.855, 5905909845761, testhost.net48.x86.exe, TestRequestHandler.OnMessageReceived: Running job 'TestExecution.Initialize'.
TpTrace Verbose: 0 : 19152, 8, 2021/11/26, 06:16:05.865, 5905909940562, testhost.net48.x86.exe, TcpClientExtensions.MessageLoopAsync: NotifyDataAvailable remoteEndPoint: 127.0.0.1:55049 localEndPoint: 127.0.0.1:55050
TpTrace Information: 0 : 19152, 8, 2021/11/26, 06:16:05.865, 5905909945102, testhost.net48.x86.exe, TestRequestHandler.OnMessageReceived: received message: (TestExecution.StartWithSources) -> {
  "AdapterSourceMap": {
    "_none_": [
      "C:\\Users\\weiya\\source\\repos\\AVENSYSTRG\\AvensysTRG\\FinalProj\\SmartBasket\\unittesting\\bin\\Debug\\net48\\fine-code-coverage\\build-output\\unittesting.dll"
    ]
  },
  "RunSettings": "<RunSettings>\r\n  <RunConfiguration>\r\n    <ResultsDirectory>C:\\Users\\weiya\\source\\repos\\AVENSYSTRG\\AvensysTRG\\FinalProj\\SmartBasket\\unittesting\\bin\\Debug\\net48\\fine-code-coverage\\coverage-tool-output</ResultsDirectory>\r\n    <TargetPlatform>X86</TargetPlatform>\r\n    <TargetFrameworkVersion>.NETFramework,Version=v4.8</TargetFrameworkVersion>\r\n    <DesignMode>False</DesignMode>\r\n    <CollectSourceInformation>False</CollectSourceInformation>\r\n  </RunConfiguration>\r\n  <LoggerRunSettings>\r\n    <Loggers>\r\n      <Logger friendlyName=\"blame\" enabled=\"True\" />\r\n      <Logger friendlyName=\"Console\" uri=\"logger://microsoft/TestPlatform/ConsoleLogger/v1\" assemblyQualifiedName=\"Microsoft.VisualStudio.TestPlatform.CommandLine.Internal.ConsoleLogger, vstest.console, Version=15.0.0.0, Culture=neutral, PublicKeyToken=b03f5f7f11d50a3a\" codeBase=\"C:\\Program Files\\dotnet\\sdk\\5.0.402\\vstest.console.dll\" enabled=\"True\" />\r\n    </Loggers>\r\n  </LoggerRunSettings>\r\n  <DataCollectionRunSettings>\r\n    <DataCollectors>\r\n      <DataCollector friendlyName=\"blame\" enabled=\"True\">\r\n        <Configuration>\r\n          <ResultsDirectory>C:\\Users\\weiya\\source\\repos\\AVENSYSTRG\\AvensysTRG\\FinalProj\\SmartBasket\\unittesting\\bin\\Debug\\net48\\fine-code-coverage\\coverage-tool-output</ResultsDirectory>\r\n        </Configuration>\r\n      </DataCollector>\r\n    </DataCollectors>\r\n  </DataCollectionRunSettings>\r\n</RunSettings>",
  "TestExecutionContext": {
    "FrequencyOfRunStatsChangeEvent": 10,
    "RunStatsChangeEventTimeout": "00:00:01.5000000",
    "InIsolation": false,
    "KeepAlive": false,
    "AreTestCaseLevelEventsRequired": false,
    "IsDebug": false,
    "TestCaseFilter": null,
    "FilterOptions": null
  },
  "Package": null
}
TpTrace Verbose: 0 : 19152, 3, 2021/11/26, 06:16:05.867, 5905909957180, testhost.net48.x86.exe, TestExecutorService: Loading the extensions
TpTrace Verbose: 0 : 19152, 3, 2021/11/26, 06:16:05.870, 5905909993255, testhost.net48.x86.exe, TestPluginCache.DiscoverTestExtensions: finding test extensions in assemblies ends with: TestAdapter.dll TPluginInfo: Microsoft.VisualStudio.TestPlatform.Common.ExtensionFramework.Utilities.TestExecutorPluginInformation TExtension: Microsoft.VisualStudio.TestPlatform.ObjectModel.Adapter.ITestExecutor
TpTrace Verbose: 0 : 19152, 8, 2021/11/26, 06:16:05.873, 5905910017679, testhost.net48.x86.exe, TcpClientExtensions.MessageLoopAsync: Polling on remoteEndPoint: 127.0.0.1:55049 localEndPoint: 127.0.0.1:55050
TpTrace Verbose: 0 : 19152, 3, 2021/11/26, 06:16:05.873, 5905910018504, testhost.net48.x86.exe, TestPluginCache.GetExtensionPaths: Filtered extension paths: 
TpTrace Verbose: 0 : 19152, 3, 2021/11/26, 06:16:05.873, 5905910020507, testhost.net48.x86.exe, TestPluginCache.GetExtensionPaths: Added default extension paths: C:\Program Files\dotnet\sdk\5.0.402\Extensions\Microsoft.Diagnostics.NETCore.Client.dll
C:\Program Files\dotnet\sdk\5.0.402\Extensions\Microsoft.TestPlatform.Extensions.BlameDataCollector.dll
C:\Program Files\dotnet\sdk\5.0.402\Extensions\Microsoft.TestPlatform.Extensions.EventLogCollector.dll
C:\Program Files\dotnet\sdk\5.0.402\Extensions\Microsoft.TestPlatform.TestHostRuntimeProvider.dll
C:\Program Files\dotnet\sdk\5.0.402\Extensions\Microsoft.VisualStudio.TestPlatform.Extensions.Html.TestLogger.dll
C:\Program Files\dotnet\sdk\5.0.402\Extensions\Microsoft.VisualStudio.TestPlatform.Extensions.Trx.TestLogger.dll
C:\Users\weiya\source\repos\AVENSYSTRG\AvensysTRG\FinalProj\SmartBasket\unittesting\bin\Debug\net48\fine-code-coverage\build-output\xunit.runner.visualstudio.testadapter.dll
TpTrace Verbose: 0 : 19152, 3, 2021/11/26, 06:16:05.873, 5905910021136, testhost.net48.x86.exe, TestPluginCache.GetExtensionPaths: Added unfilterableExtensionPaths: 
TpTrace Information: 0 : 19152, 3, 2021/11/26, 06:16:05.875, 5905910036990, testhost.net48.x86.exe, AssemblyResolver.ctor: Creating AssemblyResolver with searchDirectories C:\Program Files\dotnet\sdk\5.0.402\Extensions,C:\Users\weiya\source\repos\AVENSYSTRG\AvensysTRG\FinalProj\SmartBasket\unittesting\bin\Debug\net48\fine-code-coverage\build-output,C:\Program Files\dotnet\sdk\5.0.402\TestHost
TpTrace Verbose: 0 : 19152, 3, 2021/11/26, 06:16:05.875, 5905910044749, testhost.net48.x86.exe, TestPluginCache.DiscoverTestExtensions: Discovering the extensions using extension path.
TpTrace Verbose: 0 : 19152, 3, 2021/11/26, 06:16:05.876, 5905910047063, testhost.net48.x86.exe, TestPluginCache.GetExtensionPaths: Filtered extension paths: 
TpTrace Verbose: 0 : 19152, 3, 2021/11/26, 06:16:05.876, 5905910048330, testhost.net48.x86.exe, TestPluginCache.GetExtensionPaths: Added default extension paths: C:\Program Files\dotnet\sdk\5.0.402\Extensions\Microsoft.Diagnostics.NETCore.Client.dll
C:\Program Files\dotnet\sdk\5.0.402\Extensions\Microsoft.TestPlatform.Extensions.BlameDataCollector.dll
C:\Program Files\dotnet\sdk\5.0.402\Extensions\Microsoft.TestPlatform.Extensions.EventLogCollector.dll
C:\Program Files\dotnet\sdk\5.0.402\Extensions\Microsoft.TestPlatform.TestHostRuntimeProvider.dll
C:\Program Files\dotnet\sdk\5.0.402\Extensions\Microsoft.VisualStudio.TestPlatform.Extensions.Html.TestLogger.dll
C:\Program Files\dotnet\sdk\5.0.402\Extensions\Microsoft.VisualStudio.TestPlatform.Extensions.Trx.TestLogger.dll
C:\Users\weiya\source\repos\AVENSYSTRG\AvensysTRG\FinalProj\SmartBasket\unittesting\bin\Debug\net48\fine-code-coverage\build-output\xunit.runner.visualstudio.testadapter.dll
TpTrace Verbose: 0 : 19152, 3, 2021/11/26, 06:16:05.876, 5905910049468, testhost.net48.x86.exe, TestPluginCache.GetExtensionPaths: Added unfilterableExtensionPaths: 
TpTrace Verbose: 0 : 19152, 3, 2021/11/26, 06:16:05.876, 5905910050720, testhost.net48.x86.exe, TestPluginCache.DiscoverTestExtensions: Discovering the extensions using allExtensionPaths: C:\Program Files\dotnet\sdk\5.0.402\Extensions\Microsoft.Diagnostics.NETCore.Client.dll
C:\Program Files\dotnet\sdk\5.0.402\Extensions\Microsoft.TestPlatform.Extensions.BlameDataCollector.dll
C:\Program Files\dotnet\sdk\5.0.402\Extensions\Microsoft.TestPlatform.Extensions.EventLogCollector.dll
C:\Program Files\dotnet\sdk\5.0.402\Extensions\Microsoft.TestPlatform.TestHostRuntimeProvider.dll
C:\Program Files\dotnet\sdk\5.0.402\Extensions\Microsoft.VisualStudio.TestPlatform.Extensions.Html.TestLogger.dll
C:\Program Files\dotnet\sdk\5.0.402\Extensions\Microsoft.VisualStudio.TestPlatform.Extensions.Trx.TestLogger.dll
C:\Users\weiya\source\repos\AVENSYSTRG\AvensysTRG\FinalProj\SmartBasket\unittesting\bin\Debug\net48\fine-code-coverage\build-output\xunit.runner.visualstudio.testadapter.dll
TpTrace Information: 0 : 19152, 3, 2021/11/26, 06:16:05.877, 5905910065080, testhost.net48.x86.exe, AssemblyResolver.AddSearchDirectories: Adding more searchDirectories C:\Program Files\dotnet\sdk\5.0.402\Extensions,C:\Program Files\dotnet\sdk\5.0.402\TestHost
TpTrace Information: 0 : 19152, 3, 2021/11/26, 06:16:05.878, 5905910067252, testhost.net48.x86.exe, AssemblyResolver.AddSearchDirectories: Adding more searchDirectories C:\Program Files\dotnet\sdk\5.0.402\Extensions,C:\Program Files\dotnet\sdk\5.0.402\TestHost
TpTrace Information: 0 : 19152, 3, 2021/11/26, 06:16:05.878, 5905910068477, testhost.net48.x86.exe, AssemblyResolver.AddSearchDirectories: Adding more searchDirectories C:\Program Files\dotnet\sdk\5.0.402\Extensions,C:\Program Files\dotnet\sdk\5.0.402\TestHost
TpTrace Information: 0 : 19152, 3, 2021/11/26, 06:16:05.878, 5905910069716, testhost.net48.x86.exe, AssemblyResolver.AddSearchDirectories: Adding more searchDirectories C:\Program Files\dotnet\sdk\5.0.402\Extensions,C:\Program Files\dotnet\sdk\5.0.402\TestHost
TpTrace Information: 0 : 19152, 3, 2021/11/26, 06:16:05.878, 5905910070933, testhost.net48.x86.exe, AssemblyResolver.AddSearchDirectories: Adding more searchDirectories C:\Program Files\dotnet\sdk\5.0.402\Extensions,C:\Program Files\dotnet\sdk\5.0.402\TestHost
TpTrace Information: 0 : 19152, 3, 2021/11/26, 06:16:05.878, 5905910072116, testhost.net48.x86.exe, AssemblyResolver.AddSearchDirectories: Adding more searchDirectories C:\Program Files\dotnet\sdk\5.0.402\Extensions,C:\Program Files\dotnet\sdk\5.0.402\TestHost
TpTrace Information: 0 : 19152, 3, 2021/11/26, 06:16:05.878, 5905910073318, testhost.net48.x86.exe, AssemblyResolver.AddSearchDirectories: Adding more searchDirectories C:\Users\weiya\source\repos\AVENSYSTRG\AvensysTRG\FinalProj\SmartBasket\unittesting\bin\Debug\net48\fine-code-coverage\build-output,C:\Program Files\dotnet\sdk\5.0.402\TestHost
TpTrace Information: 0 : 19152, 3, 2021/11/26, 06:16:05.885, 5905910144153, testhost.net48.x86.exe, AssemblyResolver.OnResolve: Microsoft.Diagnostics.NETCore.Client: Resolving assembly.
TpTrace Information: 0 : 19152, 3, 2021/11/26, 06:16:05.886, 5905910146225, testhost.net48.x86.exe, AssemblyResolver.OnResolve: Microsoft.Diagnostics.NETCore.Client: Searching in: 'C:\Program Files\dotnet\sdk\5.0.402\Extensions'.
TpTrace Information: 0 : 19152, 3, 2021/11/26, 06:16:05.887, 5905910157768, testhost.net48.x86.exe, AssemblyResolver.OnResolve: Microsoft.Diagnostics.NETCore.Client: Loading assembly 'C:\Program Files\dotnet\sdk\5.0.402\Extensions\Microsoft.Diagnostics.NETCore.Client.dll'.
TpTrace Information: 0 : 19152, 3, 2021/11/26, 06:16:05.905, 5905910340877, testhost.net48.x86.exe, AssemblyResolver.OnResolve: Microsoft.Diagnostics.NETCore.Client: Failed to load assembly. Reason:System.BadImageFormatException: Could not load file or assembly 'Microsoft.Diagnostics.NETCore.Client, Version=0.2.2.41902, Culture=neutral, PublicKeyToken=31bf3856ad364e35' or one of its dependencies. An attempt was made to load a program with an incorrect format.
File name: 'Microsoft.Diagnostics.NETCore.Client, Version=0.2.2.41902, Culture=neutral, PublicKeyToken=31bf3856ad364e35'
   at System.Reflection.RuntimeAssembly._nLoad(AssemblyName fileName, String codeBase, Evidence assemblySecurity, RuntimeAssembly locationHint, StackCrawlMark& stackMark, IntPtr pPrivHostBinder, Boolean throwOnFileNotFound, Boolean forIntrospection, Boolean suppressSecurityChecks)
   at System.Reflection.RuntimeAssembly.nLoad(AssemblyName fileName, String codeBase, Evidence assemblySecurity, RuntimeAssembly locationHint, StackCrawlMark& stackMark, IntPtr pPrivHostBinder, Boolean throwOnFileNotFound, Boolean forIntrospection, Boolean suppressSecurityChecks)
   at System.Reflection.RuntimeAssembly.InternalLoadAssemblyName(AssemblyName assemblyRef, Evidence assemblySecurity, RuntimeAssembly reqAssembly, StackCrawlMark& stackMark, IntPtr pPrivHostBinder, Boolean throwOnFileNotFound, Boolean forIntrospection, Boolean suppressSecurityChecks)
   at System.Reflection.RuntimeAssembly.InternalLoadFrom(String assemblyFile, Evidence securityEvidence, Byte[] hashValue, AssemblyHashAlgorithm hashAlgorithm, Boolean forIntrospection, Boolean suppressSecurityChecks, StackCrawlMark& stackMark)
   at System.Reflection.Assembly.LoadFrom(String assemblyFile)
   at Microsoft.VisualStudio.TestPlatform.PlatformAbstractions.PlatformAssemblyLoadContext.LoadAssemblyFromPath(String assemblyPath)
   at Microsoft.VisualStudio.TestPlatform.Common.Utilities.AssemblyResolver.OnResolve(Object sender, AssemblyResolveEventArgs args)

 
TpTrace Information: 0 : 19152, 3, 2021/11/26, 06:16:05.905, 5905910343298, testhost.net48.x86.exe, AssemblyResolver.OnResolve: Microsoft.Diagnostics.NETCore.Client: Assembly path does not exist: 'C:\Program Files\dotnet\sdk\5.0.402\Extensions\Microsoft.Diagnostics.NETCore.Client.exe', returning.
TpTrace Information: 0 : 19152, 3, 2021/11/26, 06:16:05.905, 5905910344121, testhost.net48.x86.exe, AssemblyResolver.OnResolve: Microsoft.Diagnostics.NETCore.Client: Searching in: 'C:\Users\weiya\source\repos\AVENSYSTRG\AvensysTRG\FinalProj\SmartBasket\unittesting\bin\Debug\net48\fine-code-coverage\build-output'.
TpTrace Information: 0 : 19152, 3, 2021/11/26, 06:16:05.906, 5905910345669, testhost.net48.x86.exe, AssemblyResolver.OnResolve: Microsoft.Diagnostics.NETCore.Client: Assembly path does not exist: 'C:\Users\weiya\source\repos\AVENSYSTRG\AvensysTRG\FinalProj\SmartBasket\unittesting\bin\Debug\net48\fine-code-coverage\build-output\Microsoft.Diagnostics.NETCore.Client.dll', returning.
TpTrace Information: 0 : 19152, 3, 2021/11/26, 06:16:05.906, 5905910346984, testhost.net48.x86.exe, AssemblyResolver.OnResolve: Microsoft.Diagnostics.NETCore.Client: Assembly path does not exist: 'C:\Users\weiya\source\repos\AVENSYSTRG\AvensysTRG\FinalProj\SmartBasket\unittesting\bin\Debug\net48\fine-code-coverage\build-output\Microsoft.Diagnostics.NETCore.Client.exe', returning.
TpTrace Information: 0 : 19152, 3, 2021/11/26, 06:16:05.906, 5905910347635, testhost.net48.x86.exe, AssemblyResolver.OnResolve: Microsoft.Diagnostics.NETCore.Client: Searching in: 'C:\Program Files\dotnet\sdk\5.0.402\TestHost'.
TpTrace Information: 0 : 19152, 3, 2021/11/26, 06:16:05.906, 5905910348764, testhost.net48.x86.exe, AssemblyResolver.OnResolve: Microsoft.Diagnostics.NETCore.Client: Assembly path does not exist: 'C:\Program Files\dotnet\sdk\5.0.402\TestHost\Microsoft.Diagnostics.NETCore.Client.dll', returning.
TpTrace Information: 0 : 19152, 3, 2021/11/26, 06:16:05.906, 5905910349723, testhost.net48.x86.exe, AssemblyResolver.OnResolve: Microsoft.Diagnostics.NETCore.Client: Assembly path does not exist: 'C:\Program Files\dotnet\sdk\5.0.402\TestHost\Microsoft.Diagnostics.NETCore.Client.exe', returning.
TpTrace Information: 0 : 19152, 3, 2021/11/26, 06:16:05.906, 5905910350247, testhost.net48.x86.exe, AssemblyResolver.OnResolve: Microsoft.Diagnostics.NETCore.Client: Failed to load assembly.
TpTrace Verbose: 0 : 19152, 3, 2021/11/26, 06:16:05.907, 5905910355936, testhost.net48.x86.exe, CurrentDomainAssemblyResolve: Resolving assembly 'Microsoft.Diagnostics.NETCore.Client'.
TpTrace Information: 0 : 19152, 3, 2021/11/26, 06:16:05.907, 5905910358028, testhost.net48.x86.exe, AssemblyResolver.OnResolve: Microsoft.Diagnostics.NETCore.Client: Resolving assembly.
TpTrace Information: 0 : 19152, 3, 2021/11/26, 06:16:05.907, 5905910358670, testhost.net48.x86.exe, AssemblyResolver.OnResolve: Microsoft.Diagnostics.NETCore.Client: Resolved from cache.
TpTrace Verbose: 0 : 19152, 3, 2021/11/26, 06:16:05.907, 5905910359297, testhost.net48.x86.exe, CurrentDomainAssemblyResolve: Resolving assembly 'Microsoft.Diagnostics.NETCore.Client'.
TpTrace Verbose: 0 : 19152, 3, 2021/11/26, 06:16:05.907, 5905910360460, testhost.net48.x86.exe, CurrentDomainAssemblyResolve: Failed to resolve assembly 'Microsoft.Diagnostics.NETCore.Client'.
TpTrace Verbose: 0 : 19152, 3, 2021/11/26, 06:16:05.907, 5905910362235, testhost.net48.x86.exe, CurrentDomainAssemblyResolve: Failed to resolve assembly 'Microsoft.Diagnostics.NETCore.Client'.
TpTrace Warning: 0 : 19152, 3, 2021/11/26, 06:16:05.909, 5905910377199, testhost.net48.x86.exe, TestPluginDiscoverer: Failed to load extensions from file 'C:\Program Files\dotnet\sdk\5.0.402\Extensions\Microsoft.Diagnostics.NETCore.Client.dll'.  Skipping test extension scan for this file.  Error: System.IO.FileNotFoundException: Could not load file or assembly 'Microsoft.Diagnostics.NETCore.Client' or one of its dependencies. The system cannot find the file specified.
File name: 'Microsoft.Diagnostics.NETCore.Client' ---> System.IO.FileNotFoundException: Could not load file or assembly 'Microsoft.Diagnostics.NETCore.Client' or one of its dependencies. The system cannot find the file specified.
File name: 'Microsoft.Diagnostics.NETCore.Client'
   at System.Reflection.RuntimeAssembly._nLoad(AssemblyName fileName, String codeBase, Evidence assemblySecurity, RuntimeAssembly locationHint, StackCrawlMark& stackMark, IntPtr pPrivHostBinder, Boolean throwOnFileNotFound, Boolean forIntrospection, Boolean suppressSecurityChecks)
   at System.Reflection.RuntimeAssembly.nLoad(AssemblyName fileName, String codeBase, Evidence assemblySecurity, RuntimeAssembly locationHint, StackCrawlMark& stackMark, IntPtr pPrivHostBinder, Boolean throwOnFileNotFound, Boolean forIntrospection, Boolean suppressSecurityChecks)
   at System.Reflection.RuntimeAssembly.InternalLoadAssemblyName(AssemblyName assemblyRef, Evidence assemblySecurity, RuntimeAssembly reqAssembly, StackCrawlMark& stackMark, IntPtr pPrivHostBinder, Boolean throwOnFileNotFound, Boolean forIntrospection, Boolean suppressSecurityChecks)
   at System.Reflection.Assembly.Load(AssemblyName assemblyRef)
   at Microsoft.VisualStudio.TestPlatform.Common.ExtensionFramework.TestPluginCache.CurrentDomainAssemblyResolve(Object sender, AssemblyResolveEventArgs args)
   at Microsoft.VisualStudio.TestPlatform.PlatformAbstractions.PlatformAssemblyResolver.AssemblyResolverEvent(Object sender, Object eventArgs)
   at System.AppDomain.OnAssemblyResolveEvent(RuntimeAssembly assembly, String assemblyFullName)

WRN: Assembly binding logging is turned OFF.
To enable assembly bind failure logging, set the registry value [HKLM\Software\Microsoft\Fusion!EnableLog] (DWORD) to 1.
Note: There is some performance penalty associated with assembly bind failure logging.
To turn this feature off, remove the registry value [HKLM\Software\Microsoft\Fusion!EnableLog].

   at System.Reflection.RuntimeAssembly._nLoad(AssemblyName fileName, String codeBase, Evidence assemblySecurity, RuntimeAssembly locationHint, StackCrawlMark& stackMark, IntPtr pPrivHostBinder, Boolean throwOnFileNotFound, Boolean forIntrospection, Boolean suppressSecurityChecks)
   at System.Reflection.RuntimeAssembly.nLoad(AssemblyName fileName, String codeBase, Evidence assemblySecurity, RuntimeAssembly locationHint, StackCrawlMark& stackMark, IntPtr pPrivHostBinder, Boolean throwOnFileNotFound, Boolean forIntrospection, Boolean suppressSecurityChecks)
   at System.Reflection.RuntimeAssembly.InternalLoadAssemblyName(AssemblyName assemblyRef, Evidence assemblySecurity, RuntimeAssembly reqAssembly, StackCrawlMark& stackMark, IntPtr pPrivHostBinder, Boolean throwOnFileNotFound, Boolean forIntrospection, Boolean suppressSecurityChecks)
   at System.Reflection.Assembly.Load(AssemblyName assemblyRef)
   at Microsoft.VisualStudio.TestPlatform.Common.ExtensionFramework.TestPluginDiscoverer.GetTestExtensionsFromFiles[TPluginInfo,TExtension](String[] files, Dictionary`2 pluginInfos)


TpTrace Information: 0 : 19152, 3, 2021/11/26, 06:16:05.910, 5905910385906, testhost.net48.x86.exe, AssemblyResolver.OnResolve: Microsoft.TestPlatform.Extensions.BlameDataCollector: Resolving assembly.
TpTrace Information: 0 : 19152, 3, 2021/11/26, 06:16:05.910, 5905910387065, testhost.net48.x86.exe, AssemblyResolver.OnResolve: Microsoft.TestPlatform.Extensions.BlameDataCollector: Searching in: 'C:\Program Files\dotnet\sdk\5.0.402\Extensions'.
TpTrace Information: 0 : 19152, 3, 2021/11/26, 06:16:05.911, 5905910395096, testhost.net48.x86.exe, AssemblyResolver.OnResolve: Microsoft.TestPlatform.Extensions.BlameDataCollector: Loading assembly 'C:\Program Files\dotnet\sdk\5.0.402\Extensions\Microsoft.TestPlatform.Extensions.BlameDataCollector.dll'.
TpTrace Information: 0 : 19152, 3, 2021/11/26, 06:16:05.913, 5905910418194, testhost.net48.x86.exe, AssemblyResolver.OnResolve: Microsoft.TestPlatform.Extensions.BlameDataCollector: Failed to load assembly. Reason:System.BadImageFormatException: Could not load file or assembly 'Microsoft.TestPlatform.Extensions.BlameDataCollector, Version=15.0.0.0, Culture=neutral, PublicKeyToken=b03f5f7f11d50a3a' or one of its dependencies. An attempt was made to load a program with an incorrect format.
File name: 'Microsoft.TestPlatform.Extensions.BlameDataCollector, Version=15.0.0.0, Culture=neutral, PublicKeyToken=b03f5f7f11d50a3a'
   at System.Reflection.RuntimeAssembly._nLoad(AssemblyName fileName, String codeBase, Evidence assemblySecurity, RuntimeAssembly locationHint, StackCrawlMark& stackMark, IntPtr pPrivHostBinder, Boolean throwOnFileNotFound, Boolean forIntrospection, Boolean suppressSecurityChecks)
   at System.Reflection.RuntimeAssembly.nLoad(AssemblyName fileName, String codeBase, Evidence assemblySecurity, RuntimeAssembly locationHint, StackCrawlMark& stackMark, IntPtr pPrivHostBinder, Boolean throwOnFileNotFound, Boolean forIntrospection, Boolean suppressSecurityChecks)
   at System.Reflection.RuntimeAssembly.InternalLoadAssemblyName(AssemblyName assemblyRef, Evidence assemblySecurity, RuntimeAssembly reqAssembly, StackCrawlMark& stackMark, IntPtr pPrivHostBinder, Boolean throwOnFileNotFound, Boolean forIntrospection, Boolean suppressSecurityChecks)
   at System.Reflection.RuntimeAssembly.InternalLoadFrom(String assemblyFile, Evidence securityEvidence, Byte[] hashValue, AssemblyHashAlgorithm hashAlgorithm, Boolean forIntrospection, Boolean suppressSecurityChecks, StackCrawlMark& stackMark)
   at System.Reflection.Assembly.LoadFrom(String assemblyFile)
   at Microsoft.VisualStudio.TestPlatform.PlatformAbstractions.PlatformAssemblyLoadContext.LoadAssemblyFromPath(String assemblyPath)
   at Microsoft.VisualStudio.TestPlatform.Common.Utilities.AssemblyResolver.OnResolve(Object sender, AssemblyResolveEventArgs args)

 
TpTrace Information: 0 : 19152, 3, 2021/11/26, 06:16:05.913, 5905910419876, testhost.net48.x86.exe, AssemblyResolver.OnResolve: Microsoft.TestPlatform.Extensions.BlameDataCollector: Assembly path does not exist: 'C:\Program Files\dotnet\sdk\5.0.402\Extensions\Microsoft.TestPlatform.Extensions.BlameDataCollector.exe', returning.
TpTrace Information: 0 : 19152, 3, 2021/11/26, 06:16:05.913, 5905910420690, testhost.net48.x86.exe, AssemblyResolver.OnResolve: Microsoft.TestPlatform.Extensions.BlameDataCollector: Searching in: 'C:\Users\weiya\source\repos\AVENSYSTRG\AvensysTRG\FinalProj\SmartBasket\unittesting\bin\Debug\net48\fine-code-coverage\build-output'.
TpTrace Information: 0 : 19152, 3, 2021/11/26, 06:16:05.913, 5905910421737, testhost.net48.x86.exe, AssemblyResolver.OnResolve: Microsoft.TestPlatform.Extensions.BlameDataCollector: Assembly path does not exist: 'C:\Users\weiya\source\repos\AVENSYSTRG\AvensysTRG\FinalProj\SmartBasket\unittesting\bin\Debug\net48\fine-code-coverage\build-output\Microsoft.TestPlatform.Extensions.BlameDataCollector.dll', returning.
TpTrace Information: 0 : 19152, 3, 2021/11/26, 06:16:05.913, 5905910422628, testhost.net48.x86.exe, AssemblyResolver.OnResolve: Microsoft.TestPlatform.Extensions.BlameDataCollector: Assembly path does not exist: 'C:\Users\weiya\source\repos\AVENSYSTRG\AvensysTRG\FinalProj\SmartBasket\unittesting\bin\Debug\net48\fine-code-coverage\build-output\Microsoft.TestPlatform.Extensions.BlameDataCollector.exe', returning.
TpTrace Information: 0 : 19152, 3, 2021/11/26, 06:16:05.913, 5905910423244, testhost.net48.x86.exe, AssemblyResolver.OnResolve: Microsoft.TestPlatform.Extensions.BlameDataCollector: Searching in: 'C:\Program Files\dotnet\sdk\5.0.402\TestHost'.
TpTrace Information: 0 : 19152, 3, 2021/11/26, 06:16:05.913, 5905910424132, testhost.net48.x86.exe, AssemblyResolver.OnResolve: Microsoft.TestPlatform.Extensions.BlameDataCollector: Assembly path does not exist: 'C:\Program Files\dotnet\sdk\5.0.402\TestHost\Microsoft.TestPlatform.Extensions.BlameDataCollector.dll', returning.
TpTrace Information: 0 : 19152, 3, 2021/11/26, 06:16:05.914, 5905910426014, testhost.net48.x86.exe, AssemblyResolver.OnResolve: Microsoft.TestPlatform.Extensions.BlameDataCollector: Assembly path does not exist: 'C:\Program Files\dotnet\sdk\5.0.402\TestHost\Microsoft.TestPlatform.Extensions.BlameDataCollector.exe', returning.
TpTrace Information: 0 : 19152, 3, 2021/11/26, 06:16:05.914, 5905910426753, testhost.net48.x86.exe, AssemblyResolver.OnResolve: Microsoft.TestPlatform.Extensions.BlameDataCollector: Failed to load assembly.
TpTrace Verbose: 0 : 19152, 3, 2021/11/26, 06:16:05.914, 5905910427478, testhost.net48.x86.exe, CurrentDomainAssemblyResolve: Resolving assembly 'Microsoft.TestPlatform.Extensions.BlameDataCollector'.
TpTrace Information: 0 : 19152, 3, 2021/11/26, 06:16:05.914, 5905910429781, testhost.net48.x86.exe, AssemblyResolver.OnResolve: Microsoft.TestPlatform.Extensions.BlameDataCollector: Resolving assembly.
TpTrace Information: 0 : 19152, 3, 2021/11/26, 06:16:05.914, 5905910430362, testhost.net48.x86.exe, AssemblyResolver.OnResolve: Microsoft.TestPlatform.Extensions.BlameDataCollector: Resolved from cache.
TpTrace Verbose: 0 : 19152, 3, 2021/11/26, 06:16:05.914, 5905910430896, testhost.net48.x86.exe, CurrentDomainAssemblyResolve: Resolving assembly 'Microsoft.TestPlatform.Extensions.BlameDataCollector'.
TpTrace Verbose: 0 : 19152, 3, 2021/11/26, 06:16:05.914, 5905910431451, testhost.net48.x86.exe, CurrentDomainAssemblyResolve: Failed to resolve assembly 'Microsoft.TestPlatform.Extensions.BlameDataCollector'.
TpTrace Verbose: 0 : 19152, 3, 2021/11/26, 06:16:05.914, 5905910432615, testhost.net48.x86.exe, CurrentDomainAssemblyResolve: Failed to resolve assembly 'Microsoft.TestPlatform.Extensions.BlameDataCollector'.
TpTrace Warning: 0 : 19152, 3, 2021/11/26, 06:16:05.915, 5905910435426, testhost.net48.x86.exe, TestPluginDiscoverer: Failed to load extensions from file 'C:\Program Files\dotnet\sdk\5.0.402\Extensions\Microsoft.TestPlatform.Extensions.BlameDataCollector.dll'.  Skipping test extension scan for this file.  Error: System.IO.FileNotFoundException: Could not load file or assembly 'Microsoft.TestPlatform.Extensions.BlameDataCollector' or one of its dependencies. The system cannot find the file specified.
File name: 'Microsoft.TestPlatform.Extensions.BlameDataCollector' ---> System.IO.FileNotFoundException: Could not load file or assembly 'Microsoft.TestPlatform.Extensions.BlameDataCollector' or one of its dependencies. The system cannot find the file specified.
File name: 'Microsoft.TestPlatform.Extensions.BlameDataCollector'
   at System.Reflection.RuntimeAssembly._nLoad(AssemblyName fileName, String codeBase, Evidence assemblySecurity, RuntimeAssembly locationHint, StackCrawlMark& stackMark, IntPtr pPrivHostBinder, Boolean throwOnFileNotFound, Boolean forIntrospection, Boolean suppressSecurityChecks)
   at System.Reflection.RuntimeAssembly.nLoad(AssemblyName fileName, String codeBase, Evidence assemblySecurity, RuntimeAssembly locationHint, StackCrawlMark& stackMark, IntPtr pPrivHostBinder, Boolean throwOnFileNotFound, Boolean forIntrospection, Boolean suppressSecurityChecks)
   at System.Reflection.RuntimeAssembly.InternalLoadAssemblyName(AssemblyName assemblyRef, Evidence assemblySecurity, RuntimeAssembly reqAssembly, StackCrawlMark& stackMark, IntPtr pPrivHostBinder, Boolean throwOnFileNotFound, Boolean forIntrospection, Boolean suppressSecurityChecks)
   at System.Reflection.Assembly.Load(AssemblyName assemblyRef)
   at Microsoft.VisualStudio.TestPlatform.Common.ExtensionFramework.TestPluginCache.CurrentDomainAssemblyResolve(Object sender, AssemblyResolveEventArgs args)
   at Microsoft.VisualStudio.TestPlatform.PlatformAbstractions.PlatformAssemblyResolver.AssemblyResolverEvent(Object sender, Object eventArgs)
   at System.AppDomain.OnAssemblyResolveEvent(RuntimeAssembly assembly, String assemblyFullName)

WRN: Assembly binding logging is turned OFF.
To enable assembly bind failure logging, set the registry value [HKLM\Software\Microsoft\Fusion!EnableLog] (DWORD) to 1.
Note: There is some performance penalty associated with assembly bind failure logging.
To turn this feature off, remove the registry value [HKLM\Software\Microsoft\Fusion!EnableLog].

   at System.Reflection.RuntimeAssembly._nLoad(AssemblyName fileName, String codeBase, Evidence assemblySecurity, RuntimeAssembly locationHint, StackCrawlMark& stackMark, IntPtr pPrivHostBinder, Boolean throwOnFileNotFound, Boolean forIntrospection, Boolean suppressSecurityChecks)
   at System.Reflection.RuntimeAssembly.nLoad(AssemblyName fileName, String codeBase, Evidence assemblySecurity, RuntimeAssembly locationHint, StackCrawlMark& stackMark, IntPtr pPrivHostBinder, Boolean throwOnFileNotFound, Boolean forIntrospection, Boolean suppressSecurityChecks)
   at System.Reflection.RuntimeAssembly.InternalLoadAssemblyName(AssemblyName assemblyRef, Evidence assemblySecurity, RuntimeAssembly reqAssembly, StackCrawlMark& stackMark, IntPtr pPrivHostBinder, Boolean throwOnFileNotFound, Boolean forIntrospection, Boolean suppressSecurityChecks)
   at System.Reflection.Assembly.Load(AssemblyName assemblyRef)
   at Microsoft.VisualStudio.TestPlatform.Common.ExtensionFramework.TestPluginDiscoverer.GetTestExtensionsFromFiles[TPluginInfo,TExtension](String[] files, Dictionary`2 pluginInfos)


TpTrace Information: 0 : 19152, 3, 2021/11/26, 06:16:05.915, 5905910443405, testhost.net48.x86.exe, AssemblyResolver.OnResolve: Microsoft.TestPlatform.Extensions.EventLogCollector: Resolving assembly.
TpTrace Information: 0 : 19152, 3, 2021/11/26, 06:16:05.916, 5905910444320, testhost.net48.x86.exe, AssemblyResolver.OnResolve: Microsoft.TestPlatform.Extensions.EventLogCollector: Searching in: 'C:\Program Files\dotnet\sdk\5.0.402\Extensions'.
TpTrace Information: 0 : 19152, 3, 2021/11/26, 06:16:05.916, 5905910449437, testhost.net48.x86.exe, AssemblyResolver.OnResolve: Microsoft.TestPlatform.Extensions.EventLogCollector: Loading assembly 'C:\Program Files\dotnet\sdk\5.0.402\Extensions\Microsoft.TestPlatform.Extensions.EventLogCollector.dll'.
TpTrace Information: 0 : 19152, 3, 2021/11/26, 06:16:05.918, 5905910468212, testhost.net48.x86.exe, AssemblyResolver.OnResolve: Resolved assembly: Microsoft.TestPlatform.Extensions.EventLogCollector, from path: C:\Program Files\dotnet\sdk\5.0.402\Extensions\Microsoft.TestPlatform.Extensions.EventLogCollector.dll
TpTrace Information: 0 : 19152, 3, 2021/11/26, 06:16:05.923, 5905910519261, testhost.net48.x86.exe, AssemblyResolver.OnResolve: Microsoft.TestPlatform.TestHostRuntimeProvider: Resolving assembly.
TpTrace Information: 0 : 19152, 3, 2021/11/26, 06:16:05.923, 5905910520288, testhost.net48.x86.exe, AssemblyResolver.OnResolve: Microsoft.TestPlatform.TestHostRuntimeProvider: Searching in: 'C:\Program Files\dotnet\sdk\5.0.402\Extensions'.
TpTrace Information: 0 : 19152, 3, 2021/11/26, 06:16:05.924, 5905910530401, testhost.net48.x86.exe, AssemblyResolver.OnResolve: Microsoft.TestPlatform.TestHostRuntimeProvider: Loading assembly 'C:\Program Files\dotnet\sdk\5.0.402\Extensions\Microsoft.TestPlatform.TestHostRuntimeProvider.dll'.
TpTrace Information: 0 : 19152, 3, 2021/11/26, 06:16:05.926, 5905910550818, testhost.net48.x86.exe, AssemblyResolver.OnResolve: Microsoft.TestPlatform.TestHostRuntimeProvider: Failed to load assembly. Reason:System.BadImageFormatException: Could not load file or assembly 'Microsoft.TestPlatform.TestHostRuntimeProvider, Version=15.0.0.0, Culture=neutral, PublicKeyToken=b03f5f7f11d50a3a' or one of its dependencies. An attempt was made to load a program with an incorrect format.
File name: 'Microsoft.TestPlatform.TestHostRuntimeProvider, Version=15.0.0.0, Culture=neutral, PublicKeyToken=b03f5f7f11d50a3a'
   at System.Reflection.RuntimeAssembly._nLoad(AssemblyName fileName, String codeBase, Evidence assemblySecurity, RuntimeAssembly locationHint, StackCrawlMark& stackMark, IntPtr pPrivHostBinder, Boolean throwOnFileNotFound, Boolean forIntrospection, Boolean suppressSecurityChecks)
   at System.Reflection.RuntimeAssembly.nLoad(AssemblyName fileName, String codeBase, Evidence assemblySecurity, RuntimeAssembly locationHint, StackCrawlMark& stackMark, IntPtr pPrivHostBinder, Boolean throwOnFileNotFound, Boolean forIntrospection, Boolean suppressSecurityChecks)
   at System.Reflection.RuntimeAssembly.InternalLoadAssemblyName(AssemblyName assemblyRef, Evidence assemblySecurity, RuntimeAssembly reqAssembly, StackCrawlMark& stackMark, IntPtr pPrivHostBinder, Boolean throwOnFileNotFound, Boolean forIntrospection, Boolean suppressSecurityChecks)
   at System.Reflection.RuntimeAssembly.InternalLoadFrom(String assemblyFile, Evidence securityEvidence, Byte[] hashValue, AssemblyHashAlgorithm hashAlgorithm, Boolean forIntrospection, Boolean suppressSecurityChecks, StackCrawlMark& stackMark)
   at System.Reflection.Assembly.LoadFrom(String assemblyFile)
   at Microsoft.VisualStudio.TestPlatform.PlatformAbstractions.PlatformAssemblyLoadContext.LoadAssemblyFromPath(String assemblyPath)
   at Microsoft.VisualStudio.TestPlatform.Common.Utilities.AssemblyResolver.OnResolve(Object sender, AssemblyResolveEventArgs args)

 
TpTrace Information: 0 : 19152, 3, 2021/11/26, 06:16:05.926, 5905910552349, testhost.net48.x86.exe, AssemblyResolver.OnResolve: Microsoft.TestPlatform.TestHostRuntimeProvider: Assembly path does not exist: 'C:\Program Files\dotnet\sdk\5.0.402\Extensions\Microsoft.TestPlatform.TestHostRuntimeProvider.exe', returning.
TpTrace Information: 0 : 19152, 3, 2021/11/26, 06:16:05.926, 5905910552973, testhost.net48.x86.exe, AssemblyResolver.OnResolve: Microsoft.TestPlatform.TestHostRuntimeProvider: Searching in: 'C:\Users\weiya\source\repos\AVENSYSTRG\AvensysTRG\FinalProj\SmartBasket\unittesting\bin\Debug\net48\fine-code-coverage\build-output'.
TpTrace Information: 0 : 19152, 3, 2021/11/26, 06:16:05.926, 5905910553916, testhost.net48.x86.exe, AssemblyResolver.OnResolve: Microsoft.TestPlatform.TestHostRuntimeProvider: Assembly path does not exist: 'C:\Users\weiya\source\repos\AVENSYSTRG\AvensysTRG\FinalProj\SmartBasket\unittesting\bin\Debug\net48\fine-code-coverage\build-output\Microsoft.TestPlatform.TestHostRuntimeProvider.dll', returning.
TpTrace Information: 0 : 19152, 3, 2021/11/26, 06:16:05.927, 5905910555461, testhost.net48.x86.exe, AssemblyResolver.OnResolve: Microsoft.TestPlatform.TestHostRuntimeProvider: Assembly path does not exist: 'C:\Users\weiya\source\repos\AVENSYSTRG\AvensysTRG\FinalProj\SmartBasket\unittesting\bin\Debug\net48\fine-code-coverage\build-output\Microsoft.TestPlatform.TestHostRuntimeProvider.exe', returning.
TpTrace Information: 0 : 19152, 3, 2021/11/26, 06:16:05.927, 5905910556017, testhost.net48.x86.exe, AssemblyResolver.OnResolve: Microsoft.TestPlatform.TestHostRuntimeProvider: Searching in: 'C:\Program Files\dotnet\sdk\5.0.402\TestHost'.
TpTrace Information: 0 : 19152, 3, 2021/11/26, 06:16:05.927, 5905910556866, testhost.net48.x86.exe, AssemblyResolver.OnResolve: Microsoft.TestPlatform.TestHostRuntimeProvider: Assembly path does not exist: 'C:\Program Files\dotnet\sdk\5.0.402\TestHost\Microsoft.TestPlatform.TestHostRuntimeProvider.dll', returning.
TpTrace Information: 0 : 19152, 3, 2021/11/26, 06:16:05.927, 5905910557710, testhost.net48.x86.exe, AssemblyResolver.OnResolve: Microsoft.TestPlatform.TestHostRuntimeProvider: Assembly path does not exist: 'C:\Program Files\dotnet\sdk\5.0.402\TestHost\Microsoft.TestPlatform.TestHostRuntimeProvider.exe', returning.
TpTrace Information: 0 : 19152, 3, 2021/11/26, 06:16:05.927, 5905910558209, testhost.net48.x86.exe, AssemblyResolver.OnResolve: Microsoft.TestPlatform.TestHostRuntimeProvider: Failed to load assembly.
TpTrace Verbose: 0 : 19152, 3, 2021/11/26, 06:16:05.927, 5905910558812, testhost.net48.x86.exe, CurrentDomainAssemblyResolve: Resolving assembly 'Microsoft.TestPlatform.TestHostRuntimeProvider'.
TpTrace Information: 0 : 19152, 3, 2021/11/26, 06:16:05.927, 5905910560383, testhost.net48.x86.exe, AssemblyResolver.OnResolve: Microsoft.TestPlatform.TestHostRuntimeProvider: Resolving assembly.
TpTrace Information: 0 : 19152, 3, 2021/11/26, 06:16:05.927, 5905910560880, testhost.net48.x86.exe, AssemblyResolver.OnResolve: Microsoft.TestPlatform.TestHostRuntimeProvider: Resolved from cache.
TpTrace Verbose: 0 : 19152, 3, 2021/11/26, 06:16:05.927, 5905910561422, testhost.net48.x86.exe, CurrentDomainAssemblyResolve: Resolving assembly 'Microsoft.TestPlatform.TestHostRuntimeProvider'.
TpTrace Verbose: 0 : 19152, 3, 2021/11/26, 06:16:05.927, 5905910561872, testhost.net48.x86.exe, CurrentDomainAssemblyResolve: Failed to resolve assembly 'Microsoft.TestPlatform.TestHostRuntimeProvider'.
TpTrace Verbose: 0 : 19152, 3, 2021/11/26, 06:16:05.927, 5905910563182, testhost.net48.x86.exe, CurrentDomainAssemblyResolve: Failed to resolve assembly 'Microsoft.TestPlatform.TestHostRuntimeProvider'.
TpTrace Warning: 0 : 19152, 3, 2021/11/26, 06:16:05.928, 5905910565931, testhost.net48.x86.exe, TestPluginDiscoverer: Failed to load extensions from file 'C:\Program Files\dotnet\sdk\5.0.402\Extensions\Microsoft.TestPlatform.TestHostRuntimeProvider.dll'.  Skipping test extension scan for this file.  Error: System.IO.FileNotFoundException: Could not load file or assembly 'Microsoft.TestPlatform.TestHostRuntimeProvider' or one of its dependencies. The system cannot find the file specified.
File name: 'Microsoft.TestPlatform.TestHostRuntimeProvider' ---> System.IO.FileNotFoundException: Could not load file or assembly 'Microsoft.TestPlatform.TestHostRuntimeProvider' or one of its dependencies. The system cannot find the file specified.
File name: 'Microsoft.TestPlatform.TestHostRuntimeProvider'
   at System.Reflection.RuntimeAssembly._nLoad(AssemblyName fileName, String codeBase, Evidence assemblySecurity, RuntimeAssembly locationHint, StackCrawlMark& stackMark, IntPtr pPrivHostBinder, Boolean throwOnFileNotFound, Boolean forIntrospection, Boolean suppressSecurityChecks)
   at System.Reflection.RuntimeAssembly.nLoad(AssemblyName fileName, String codeBase, Evidence assemblySecurity, RuntimeAssembly locationHint, StackCrawlMark& stackMark, IntPtr pPrivHostBinder, Boolean throwOnFileNotFound, Boolean forIntrospection, Boolean suppressSecurityChecks)
   at System.Reflection.RuntimeAssembly.InternalLoadAssemblyName(AssemblyName assemblyRef, Evidence assemblySecurity, RuntimeAssembly reqAssembly, StackCrawlMark& stackMark, IntPtr pPrivHostBinder, Boolean throwOnFileNotFound, Boolean forIntrospection, Boolean suppressSecurityChecks)
   at System.Reflection.Assembly.Load(AssemblyName assemblyRef)
   at Microsoft.VisualStudio.TestPlatform.Common.ExtensionFramework.TestPluginCache.CurrentDomainAssemblyResolve(Object sender, AssemblyResolveEventArgs args)
   at Microsoft.VisualStudio.TestPlatform.PlatformAbstractions.PlatformAssemblyResolver.AssemblyResolverEvent(Object sender, Object eventArgs)
   at System.AppDomain.OnAssemblyResolveEvent(RuntimeAssembly assembly, String assemblyFullName)

WRN: Assembly binding logging is turned OFF.
To enable assembly bind failure logging, set the registry value [HKLM\Software\Microsoft\Fusion!EnableLog] (DWORD) to 1.
Note: There is some performance penalty associated with assembly bind failure logging.
To turn this feature off, remove the registry value [HKLM\Software\Microsoft\Fusion!EnableLog].

   at System.Reflection.RuntimeAssembly._nLoad(AssemblyName fileName, String codeBase, Evidence assemblySecurity, RuntimeAssembly locationHint, StackCrawlMark& stackMark, IntPtr pPrivHostBinder, Boolean throwOnFileNotFound, Boolean forIntrospection, Boolean suppressSecurityChecks)
   at System.Reflection.RuntimeAssembly.nLoad(AssemblyName fileName, String codeBase, Evidence assemblySecurity, RuntimeAssembly locationHint, StackCrawlMark& stackMark, IntPtr pPrivHostBinder, Boolean throwOnFileNotFound, Boolean forIntrospection, Boolean suppressSecurityChecks)
   at System.Reflection.RuntimeAssembly.InternalLoadAssemblyName(AssemblyName assemblyRef, Evidence assemblySecurity, RuntimeAssembly reqAssembly, StackCrawlMark& stackMark, IntPtr pPrivHostBinder, Boolean throwOnFileNotFound, Boolean forIntrospection, Boolean suppressSecurityChecks)
   at System.Reflection.Assembly.Load(AssemblyName assemblyRef)
   at Microsoft.VisualStudio.TestPlatform.Common.ExtensionFramework.TestPluginDiscoverer.GetTestExtensionsFromFiles[TPluginInfo,TExtension](String[] files, Dictionary`2 pluginInfos)


TpTrace Information: 0 : 19152, 3, 2021/11/26, 06:16:05.928, 5905910572449, testhost.net48.x86.exe, AssemblyResolver.OnResolve: Microsoft.VisualStudio.TestPlatform.Extensions.Html.TestLogger: Resolving assembly.
TpTrace Information: 0 : 19152, 3, 2021/11/26, 06:16:05.928, 5905910573186, testhost.net48.x86.exe, AssemblyResolver.OnResolve: Microsoft.VisualStudio.TestPlatform.Extensions.Html.TestLogger: Searching in: 'C:\Program Files\dotnet\sdk\5.0.402\Extensions'.
TpTrace Information: 0 : 19152, 3, 2021/11/26, 06:16:05.929, 5905910581327, testhost.net48.x86.exe, AssemblyResolver.OnResolve: Microsoft.VisualStudio.TestPlatform.Extensions.Html.TestLogger: Loading assembly 'C:\Program Files\dotnet\sdk\5.0.402\Extensions\Microsoft.VisualStudio.TestPlatform.Extensions.Html.TestLogger.dll'.
TpTrace Information: 0 : 19152, 3, 2021/11/26, 06:16:05.931, 5905910601380, testhost.net48.x86.exe, AssemblyResolver.OnResolve: Microsoft.VisualStudio.TestPlatform.Extensions.Html.TestLogger: Failed to load assembly. Reason:System.BadImageFormatException: Could not load file or assembly 'Microsoft.VisualStudio.TestPlatform.Extensions.Html.TestLogger, Version=15.0.0.0, Culture=neutral, PublicKeyToken=b03f5f7f11d50a3a' or one of its dependencies. An attempt was made to load a program with an incorrect format.
File name: 'Microsoft.VisualStudio.TestPlatform.Extensions.Html.TestLogger, Version=15.0.0.0, Culture=neutral, PublicKeyToken=b03f5f7f11d50a3a'
   at System.Reflection.RuntimeAssembly._nLoad(AssemblyName fileName, String codeBase, Evidence assemblySecurity, RuntimeAssembly locationHint, StackCrawlMark& stackMark, IntPtr pPrivHostBinder, Boolean throwOnFileNotFound, Boolean forIntrospection, Boolean suppressSecurityChecks)
   at System.Reflection.RuntimeAssembly.nLoad(AssemblyName fileName, String codeBase, Evidence assemblySecurity, RuntimeAssembly locationHint, StackCrawlMark& stackMark, IntPtr pPrivHostBinder, Boolean throwOnFileNotFound, Boolean forIntrospection, Boolean suppressSecurityChecks)
   at System.Reflection.RuntimeAssembly.InternalLoadAssemblyName(AssemblyName assemblyRef, Evidence assemblySecurity, RuntimeAssembly reqAssembly, StackCrawlMark& stackMark, IntPtr pPrivHostBinder, Boolean throwOnFileNotFound, Boolean forIntrospection, Boolean suppressSecurityChecks)
   at System.Reflection.RuntimeAssembly.InternalLoadFrom(String assemblyFile, Evidence securityEvidence, Byte[] hashValue, AssemblyHashAlgorithm hashAlgorithm, Boolean forIntrospection, Boolean suppressSecurityChecks, StackCrawlMark& stackMark)
   at System.Reflection.Assembly.LoadFrom(String assemblyFile)
   at Microsoft.VisualStudio.TestPlatform.PlatformAbstractions.PlatformAssemblyLoadContext.LoadAssemblyFromPath(String assemblyPath)
   at Microsoft.VisualStudio.TestPlatform.Common.Utilities.AssemblyResolver.OnResolve(Object sender, AssemblyResolveEventArgs args)

 
TpTrace Information: 0 : 19152, 3, 2021/11/26, 06:16:05.931, 5905910603155, testhost.net48.x86.exe, AssemblyResolver.OnResolve: Microsoft.VisualStudio.TestPlatform.Extensions.Html.TestLogger: Assembly path does not exist: 'C:\Program Files\dotnet\sdk\5.0.402\Extensions\Microsoft.VisualStudio.TestPlatform.Extensions.Html.TestLogger.exe', returning.
TpTrace Information: 0 : 19152, 3, 2021/11/26, 06:16:05.931, 5905910603949, testhost.net48.x86.exe, AssemblyResolver.OnResolve: Microsoft.VisualStudio.TestPlatform.Extensions.Html.TestLogger: Searching in: 'C:\Users\weiya\source\repos\AVENSYSTRG\AvensysTRG\FinalProj\SmartBasket\unittesting\bin\Debug\net48\fine-code-coverage\build-output'.
TpTrace Information: 0 : 19152, 3, 2021/11/26, 06:16:05.932, 5905910605402, testhost.net48.x86.exe, AssemblyResolver.OnResolve: Microsoft.VisualStudio.TestPlatform.Extensions.Html.TestLogger: Assembly path does not exist: 'C:\Users\weiya\source\repos\AVENSYSTRG\AvensysTRG\FinalProj\SmartBasket\unittesting\bin\Debug\net48\fine-code-coverage\build-output\Microsoft.VisualStudio.TestPlatform.Extensions.Html.TestLogger.dll', returning.
TpTrace Information: 0 : 19152, 3, 2021/11/26, 06:16:05.932, 5905910606743, testhost.net48.x86.exe, AssemblyResolver.OnResolve: Microsoft.VisualStudio.TestPlatform.Extensions.Html.TestLogger: Assembly path does not exist: 'C:\Users\weiya\source\repos\AVENSYSTRG\AvensysTRG\FinalProj\SmartBasket\unittesting\bin\Debug\net48\fine-code-coverage\build-output\Microsoft.VisualStudio.TestPlatform.Extensions.Html.TestLogger.exe', returning.
TpTrace Information: 0 : 19152, 3, 2021/11/26, 06:16:05.932, 5905910607340, testhost.net48.x86.exe, AssemblyResolver.OnResolve: Microsoft.VisualStudio.TestPlatform.Extensions.Html.TestLogger: Searching in: 'C:\Program Files\dotnet\sdk\5.0.402\TestHost'.
TpTrace Information: 0 : 19152, 3, 2021/11/26, 06:16:05.932, 5905910608460, testhost.net48.x86.exe, AssemblyResolver.OnResolve: Microsoft.VisualStudio.TestPlatform.Extensions.Html.TestLogger: Assembly path does not exist: 'C:\Program Files\dotnet\sdk\5.0.402\TestHost\Microsoft.VisualStudio.TestPlatform.Extensions.Html.TestLogger.dll', returning.
TpTrace Information: 0 : 19152, 3, 2021/11/26, 06:16:05.932, 5905910609372, testhost.net48.x86.exe, AssemblyResolver.OnResolve: Microsoft.VisualStudio.TestPlatform.Extensions.Html.TestLogger: Assembly path does not exist: 'C:\Program Files\dotnet\sdk\5.0.402\TestHost\Microsoft.VisualStudio.TestPlatform.Extensions.Html.TestLogger.exe', returning.
TpTrace Information: 0 : 19152, 3, 2021/11/26, 06:16:05.932, 5905910609919, testhost.net48.x86.exe, AssemblyResolver.OnResolve: Microsoft.VisualStudio.TestPlatform.Extensions.Html.TestLogger: Failed to load assembly.
TpTrace Verbose: 0 : 19152, 3, 2021/11/26, 06:16:05.932, 5905910610495, testhost.net48.x86.exe, CurrentDomainAssemblyResolve: Resolving assembly 'Microsoft.VisualStudio.TestPlatform.Extensions.Html.TestLogger'.
TpTrace Information: 0 : 19152, 3, 2021/11/26, 06:16:05.932, 5905910612275, testhost.net48.x86.exe, AssemblyResolver.OnResolve: Microsoft.VisualStudio.TestPlatform.Extensions.Html.TestLogger: Resolving assembly.
TpTrace Information: 0 : 19152, 3, 2021/11/26, 06:16:05.932, 5905910612801, testhost.net48.x86.exe, AssemblyResolver.OnResolve: Microsoft.VisualStudio.TestPlatform.Extensions.Html.TestLogger: Resolved from cache.
TpTrace Verbose: 0 : 19152, 3, 2021/11/26, 06:16:05.932, 5905910613312, testhost.net48.x86.exe, CurrentDomainAssemblyResolve: Resolving assembly 'Microsoft.VisualStudio.TestPlatform.Extensions.Html.TestLogger'.
TpTrace Verbose: 0 : 19152, 3, 2021/11/26, 06:16:05.933, 5905910613863, testhost.net48.x86.exe, CurrentDomainAssemblyResolve: Failed to resolve assembly 'Microsoft.VisualStudio.TestPlatform.Extensions.Html.TestLogger'.
TpTrace Verbose: 0 : 19152, 3, 2021/11/26, 06:16:05.933, 5905910614988, testhost.net48.x86.exe, CurrentDomainAssemblyResolve: Failed to resolve assembly 'Microsoft.VisualStudio.TestPlatform.Extensions.Html.TestLogger'.
TpTrace Warning: 0 : 19152, 3, 2021/11/26, 06:16:05.933, 5905910618012, testhost.net48.x86.exe, TestPluginDiscoverer: Failed to load extensions from file 'C:\Program Files\dotnet\sdk\5.0.402\Extensions\Microsoft.VisualStudio.TestPlatform.Extensions.Html.TestLogger.dll'.  Skipping test extension scan for this file.  Error: System.IO.FileNotFoundException: Could not load file or assembly 'Microsoft.VisualStudio.TestPlatform.Extensions.Html.TestLogger' or one of its dependencies. The system cannot find the file specified.
File name: 'Microsoft.VisualStudio.TestPlatform.Extensions.Html.TestLogger' ---> System.IO.FileNotFoundException: Could not load file or assembly 'Microsoft.VisualStudio.TestPlatform.Extensions.Html.TestLogger' or one of its dependencies. The system cannot find the file specified.
File name: 'Microsoft.VisualStudio.TestPlatform.Extensions.Html.TestLogger'
   at System.Reflection.RuntimeAssembly._nLoad(AssemblyName fileName, String codeBase, Evidence assemblySecurity, RuntimeAssembly locationHint, StackCrawlMark& stackMark, IntPtr pPrivHostBinder, Boolean throwOnFileNotFound, Boolean forIntrospection, Boolean suppressSecurityChecks)
   at System.Reflection.RuntimeAssembly.nLoad(AssemblyName fileName, String codeBase, Evidence assemblySecurity, RuntimeAssembly locationHint, StackCrawlMark& stackMark, IntPtr pPrivHostBinder, Boolean throwOnFileNotFound, Boolean forIntrospection, Boolean suppressSecurityChecks)
   at System.Reflection.RuntimeAssembly.InternalLoadAssemblyName(AssemblyName assemblyRef, Evidence assemblySecurity, RuntimeAssembly reqAssembly, StackCrawlMark& stackMark, IntPtr pPrivHostBinder, Boolean throwOnFileNotFound, Boolean forIntrospection, Boolean suppressSecurityChecks)
   at System.Reflection.Assembly.Load(AssemblyName assemblyRef)
   at Microsoft.VisualStudio.TestPlatform.Common.ExtensionFramework.TestPluginCache.CurrentDomainAssemblyResolve(Object sender, AssemblyResolveEventArgs args)
   at Microsoft.VisualStudio.TestPlatform.PlatformAbstractions.PlatformAssemblyResolver.AssemblyResolverEvent(Object sender, Object eventArgs)
   at System.AppDomain.OnAssemblyResolveEvent(RuntimeAssembly assembly, String assemblyFullName)

WRN: Assembly binding logging is turned OFF.
To enable assembly bind failure logging, set the registry value [HKLM\Software\Microsoft\Fusion!EnableLog] (DWORD) to 1.
Note: There is some performance penalty associated with assembly bind failure logging.
To turn this feature off, remove the registry value [HKLM\Software\Microsoft\Fusion!EnableLog].

   at System.Reflection.RuntimeAssembly._nLoad(AssemblyName fileName, String codeBase, Evidence assemblySecurity, RuntimeAssembly locationHint, StackCrawlMark& stackMark, IntPtr pPrivHostBinder, Boolean throwOnFileNotFound, Boolean forIntrospection, Boolean suppressSecurityChecks)
   at System.Reflection.RuntimeAssembly.nLoad(AssemblyName fileName, String codeBase, Evidence assemblySecurity, RuntimeAssembly locationHint, StackCrawlMark& stackMark, IntPtr pPrivHostBinder, Boolean throwOnFileNotFound, Boolean forIntrospection, Boolean suppressSecurityChecks)
   at System.Reflection.RuntimeAssembly.InternalLoadAssemblyName(AssemblyName assemblyRef, Evidence assemblySecurity, RuntimeAssembly reqAssembly, StackCrawlMark& stackMark, IntPtr pPrivHostBinder, Boolean throwOnFileNotFound, Boolean forIntrospection, Boolean suppressSecurityChecks)
   at System.Reflection.Assembly.Load(AssemblyName assemblyRef)
   at Microsoft.VisualStudio.TestPlatform.Common.ExtensionFramework.TestPluginDiscoverer.GetTestExtensionsFromFiles[TPluginInfo,TExtension](String[] files, Dictionary`2 pluginInfos)


TpTrace Information: 0 : 19152, 3, 2021/11/26, 06:16:05.934, 5905910626808, testhost.net48.x86.exe, AssemblyResolver.OnResolve: Microsoft.VisualStudio.TestPlatform.Extensions.Trx.TestLogger: Resolving assembly.
TpTrace Information: 0 : 19152, 3, 2021/11/26, 06:16:05.934, 5905910627748, testhost.net48.x86.exe, AssemblyResolver.OnResolve: Microsoft.VisualStudio.TestPlatform.Extensions.Trx.TestLogger: Searching in: 'C:\Program Files\dotnet\sdk\5.0.402\Extensions'.
TpTrace Information: 0 : 19152, 3, 2021/11/26, 06:16:05.935, 5905910637841, testhost.net48.x86.exe, AssemblyResolver.OnResolve: Microsoft.VisualStudio.TestPlatform.Extensions.Trx.TestLogger: Loading assembly 'C:\Program Files\dotnet\sdk\5.0.402\Extensions\Microsoft.VisualStudio.TestPlatform.Extensions.Trx.TestLogger.dll'.
TpTrace Information: 0 : 19152, 3, 2021/11/26, 06:16:05.937, 5905910660046, testhost.net48.x86.exe, AssemblyResolver.OnResolve: Microsoft.VisualStudio.TestPlatform.Extensions.Trx.TestLogger: Failed to load assembly. Reason:System.BadImageFormatException: Could not load file or assembly 'Microsoft.VisualStudio.TestPlatform.Extensions.Trx.TestLogger, Version=15.0.0.0, Culture=neutral, PublicKeyToken=b03f5f7f11d50a3a' or one of its dependencies. An attempt was made to load a program with an incorrect format.
File name: 'Microsoft.VisualStudio.TestPlatform.Extensions.Trx.TestLogger, Version=15.0.0.0, Culture=neutral, PublicKeyToken=b03f5f7f11d50a3a'
   at System.Reflection.RuntimeAssembly._nLoad(AssemblyName fileName, String codeBase, Evidence assemblySecurity, RuntimeAssembly locationHint, StackCrawlMark& stackMark, IntPtr pPrivHostBinder, Boolean throwOnFileNotFound, Boolean forIntrospection, Boolean suppressSecurityChecks)
   at System.Reflection.RuntimeAssembly.nLoad(AssemblyName fileName, String codeBase, Evidence assemblySecurity, RuntimeAssembly locationHint, StackCrawlMark& stackMark, IntPtr pPrivHostBinder, Boolean throwOnFileNotFound, Boolean forIntrospection, Boolean suppressSecurityChecks)
   at System.Reflection.RuntimeAssembly.InternalLoadAssemblyName(AssemblyName assemblyRef, Evidence assemblySecurity, RuntimeAssembly reqAssembly, StackCrawlMark& stackMark, IntPtr pPrivHostBinder, Boolean throwOnFileNotFound, Boolean forIntrospection, Boolean suppressSecurityChecks)
   at System.Reflection.RuntimeAssembly.InternalLoadFrom(String assemblyFile, Evidence securityEvidence, Byte[] hashValue, AssemblyHashAlgorithm hashAlgorithm, Boolean forIntrospection, Boolean suppressSecurityChecks, StackCrawlMark& stackMark)
   at System.Reflection.Assembly.LoadFrom(String assemblyFile)
   at Microsoft.VisualStudio.TestPlatform.PlatformAbstractions.PlatformAssemblyLoadContext.LoadAssemblyFromPath(String assemblyPath)
   at Microsoft.VisualStudio.TestPlatform.Common.Utilities.AssemblyResolver.OnResolve(Object sender, AssemblyResolveEventArgs args)

 
TpTrace Information: 0 : 19152, 3, 2021/11/26, 06:16:05.937, 5905910661633, testhost.net48.x86.exe, AssemblyResolver.OnResolve: Microsoft.VisualStudio.TestPlatform.Extensions.Trx.TestLogger: Assembly path does not exist: 'C:\Program Files\dotnet\sdk\5.0.402\Extensions\Microsoft.VisualStudio.TestPlatform.Extensions.Trx.TestLogger.exe', returning.
TpTrace Information: 0 : 19152, 3, 2021/11/26, 06:16:05.937, 5905910662490, testhost.net48.x86.exe, AssemblyResolver.OnResolve: Microsoft.VisualStudio.TestPlatform.Extensions.Trx.TestLogger: Searching in: 'C:\Users\weiya\source\repos\AVENSYSTRG\AvensysTRG\FinalProj\SmartBasket\unittesting\bin\Debug\net48\fine-code-coverage\build-output'.
TpTrace Information: 0 : 19152, 3, 2021/11/26, 06:16:05.937, 5905910663560, testhost.net48.x86.exe, AssemblyResolver.OnResolve: Microsoft.VisualStudio.TestPlatform.Extensions.Trx.TestLogger: Assembly path does not exist: 'C:\Users\weiya\source\repos\AVENSYSTRG\AvensysTRG\FinalProj\SmartBasket\unittesting\bin\Debug\net48\fine-code-coverage\build-output\Microsoft.VisualStudio.TestPlatform.Extensions.Trx.TestLogger.dll', returning.
TpTrace Information: 0 : 19152, 3, 2021/11/26, 06:16:05.938, 5905910664481, testhost.net48.x86.exe, AssemblyResolver.OnResolve: Microsoft.VisualStudio.TestPlatform.Extensions.Trx.TestLogger: Assembly path does not exist: 'C:\Users\weiya\source\repos\AVENSYSTRG\AvensysTRG\FinalProj\SmartBasket\unittesting\bin\Debug\net48\fine-code-coverage\build-output\Microsoft.VisualStudio.TestPlatform.Extensions.Trx.TestLogger.exe', returning.
TpTrace Information: 0 : 19152, 3, 2021/11/26, 06:16:05.938, 5905910665151, testhost.net48.x86.exe, AssemblyResolver.OnResolve: Microsoft.VisualStudio.TestPlatform.Extensions.Trx.TestLogger: Searching in: 'C:\Program Files\dotnet\sdk\5.0.402\TestHost'.
TpTrace Information: 0 : 19152, 3, 2021/11/26, 06:16:05.938, 5905910666131, testhost.net48.x86.exe, AssemblyResolver.OnResolve: Microsoft.VisualStudio.TestPlatform.Extensions.Trx.TestLogger: Assembly path does not exist: 'C:\Program Files\dotnet\sdk\5.0.402\TestHost\Microsoft.VisualStudio.TestPlatform.Extensions.Trx.TestLogger.dll', returning.
TpTrace Information: 0 : 19152, 3, 2021/11/26, 06:16:05.938, 5905910666988, testhost.net48.x86.exe, AssemblyResolver.OnResolve: Microsoft.VisualStudio.TestPlatform.Extensions.Trx.TestLogger: Assembly path does not exist: 'C:\Program Files\dotnet\sdk\5.0.402\TestHost\Microsoft.VisualStudio.TestPlatform.Extensions.Trx.TestLogger.exe', returning.
TpTrace Information: 0 : 19152, 3, 2021/11/26, 06:16:05.938, 5905910667540, testhost.net48.x86.exe, AssemblyResolver.OnResolve: Microsoft.VisualStudio.TestPlatform.Extensions.Trx.TestLogger: Failed to load assembly.
TpTrace Verbose: 0 : 19152, 3, 2021/11/26, 06:16:05.938, 5905910668120, testhost.net48.x86.exe, CurrentDomainAssemblyResolve: Resolving assembly 'Microsoft.VisualStudio.TestPlatform.Extensions.Trx.TestLogger'.
TpTrace Information: 0 : 19152, 3, 2021/11/26, 06:16:05.938, 5905910669849, testhost.net48.x86.exe, AssemblyResolver.OnResolve: Microsoft.VisualStudio.TestPlatform.Extensions.Trx.TestLogger: Resolving assembly.
TpTrace Information: 0 : 19152, 3, 2021/11/26, 06:16:05.938, 5905910670357, testhost.net48.x86.exe, AssemblyResolver.OnResolve: Microsoft.VisualStudio.TestPlatform.Extensions.Trx.TestLogger: Resolved from cache.
TpTrace Verbose: 0 : 19152, 3, 2021/11/26, 06:16:05.938, 5905910670955, testhost.net48.x86.exe, CurrentDomainAssemblyResolve: Resolving assembly 'Microsoft.VisualStudio.TestPlatform.Extensions.Trx.TestLogger'.
TpTrace Verbose: 0 : 19152, 3, 2021/11/26, 06:16:05.938, 5905910671720, testhost.net48.x86.exe, CurrentDomainAssemblyResolve: Failed to resolve assembly 'Microsoft.VisualStudio.TestPlatform.Extensions.Trx.TestLogger'.
TpTrace Verbose: 0 : 19152, 3, 2021/11/26, 06:16:05.938, 5905910673120, testhost.net48.x86.exe, CurrentDomainAssemblyResolve: Failed to resolve assembly 'Microsoft.VisualStudio.TestPlatform.Extensions.Trx.TestLogger'.
TpTrace Warning: 0 : 19152, 3, 2021/11/26, 06:16:05.941, 5905910694070, testhost.net48.x86.exe, TestPluginDiscoverer: Failed to load extensions from file 'C:\Program Files\dotnet\sdk\5.0.402\Extensions\Microsoft.VisualStudio.TestPlatform.Extensions.Trx.TestLogger.dll'.  Skipping test extension scan for this file.  Error: System.IO.FileNotFoundException: Could not load file or assembly 'Microsoft.VisualStudio.TestPlatform.Extensions.Trx.TestLogger' or one of its dependencies. The system cannot find the file specified.
File name: 'Microsoft.VisualStudio.TestPlatform.Extensions.Trx.TestLogger' ---> System.IO.FileNotFoundException: Could not load file or assembly 'Microsoft.VisualStudio.TestPlatform.Extensions.Trx.TestLogger' or one of its dependencies. The system cannot find the file specified.
File name: 'Microsoft.VisualStudio.TestPlatform.Extensions.Trx.TestLogger'
   at System.Reflection.RuntimeAssembly._nLoad(AssemblyName fileName, String codeBase, Evidence assemblySecurity, RuntimeAssembly locationHint, StackCrawlMark& stackMark, IntPtr pPrivHostBinder, Boolean throwOnFileNotFound, Boolean forIntrospection, Boolean suppressSecurityChecks)
   at System.Reflection.RuntimeAssembly.nLoad(AssemblyName fileName, String codeBase, Evidence assemblySecurity, RuntimeAssembly locationHint, StackCrawlMark& stackMark, IntPtr pPrivHostBinder, Boolean throwOnFileNotFound, Boolean forIntrospection, Boolean suppressSecurityChecks)
   at System.Reflection.RuntimeAssembly.InternalLoadAssemblyName(AssemblyName assemblyRef, Evidence assemblySecurity, RuntimeAssembly reqAssembly, StackCrawlMark& stackMark, IntPtr pPrivHostBinder, Boolean throwOnFileNotFound, Boolean forIntrospection, Boolean suppressSecurityChecks)
   at System.Reflection.Assembly.Load(AssemblyName assemblyRef)
   at Microsoft.VisualStudio.TestPlatform.Common.ExtensionFramework.TestPluginCache.CurrentDomainAssemblyResolve(Object sender, AssemblyResolveEventArgs args)
   at Microsoft.VisualStudio.TestPlatform.PlatformAbstractions.PlatformAssemblyResolver.AssemblyResolverEvent(Object sender, Object eventArgs)
   at System.AppDomain.OnAssemblyResolveEvent(RuntimeAssembly assembly, String assemblyFullName)

WRN: Assembly binding logging is turned OFF.
To enable assembly bind failure logging, set the registry value [HKLM\Software\Microsoft\Fusion!EnableLog] (DWORD) to 1.
Note: There is some performance penalty associated with assembly bind failure logging.
To turn this feature off, remove the registry value [HKLM\Software\Microsoft\Fusion!EnableLog].

   at System.Reflection.RuntimeAssembly._nLoad(AssemblyName fileName, String codeBase, Evidence assemblySecurity, RuntimeAssembly locationHint, StackCrawlMark& stackMark, IntPtr pPrivHostBinder, Boolean throwOnFileNotFound, Boolean forIntrospection, Boolean suppressSecurityChecks)
   at System.Reflection.RuntimeAssembly.nLoad(AssemblyName fileName, String codeBase, Evidence assemblySecurity, RuntimeAssembly locationHint, StackCrawlMark& stackMark, IntPtr pPrivHostBinder, Boolean throwOnFileNotFound, Boolean forIntrospection, Boolean suppressSecurityChecks)
   at System.Reflection.RuntimeAssembly.InternalLoadAssemblyName(AssemblyName assemblyRef, Evidence assemblySecurity, RuntimeAssembly reqAssembly, StackCrawlMark& stackMark, IntPtr pPrivHostBinder, Boolean throwOnFileNotFound, Boolean forIntrospection, Boolean suppressSecurityChecks)
   at System.Reflection.Assembly.Load(AssemblyName assemblyRef)
   at Microsoft.VisualStudio.TestPlatform.Common.ExtensionFramework.TestPluginDiscoverer.GetTestExtensionsFromFiles[TPluginInfo,TExtension](String[] files, Dictionary`2 pluginInfos)


TpTrace Information: 0 : 19152, 3, 2021/11/26, 06:16:05.941, 5905910701943, testhost.net48.x86.exe, AssemblyResolver.OnResolve: xunit.runner.visualstudio.testadapter: Resolving assembly.
TpTrace Information: 0 : 19152, 3, 2021/11/26, 06:16:05.941, 5905910702705, testhost.net48.x86.exe, AssemblyResolver.OnResolve: xunit.runner.visualstudio.testadapter: Searching in: 'C:\Program Files\dotnet\sdk\5.0.402\Extensions'.
TpTrace Information: 0 : 19152, 3, 2021/11/26, 06:16:05.941, 5905910703586, testhost.net48.x86.exe, AssemblyResolver.OnResolve: xunit.runner.visualstudio.testadapter: Assembly path does not exist: 'C:\Program Files\dotnet\sdk\5.0.402\Extensions\xunit.runner.visualstudio.testadapter.dll', returning.
TpTrace Information: 0 : 19152, 3, 2021/11/26, 06:16:05.942, 5905910704807, testhost.net48.x86.exe, AssemblyResolver.OnResolve: xunit.runner.visualstudio.testadapter: Assembly path does not exist: 'C:\Program Files\dotnet\sdk\5.0.402\Extensions\xunit.runner.visualstudio.testadapter.exe', returning.
TpTrace Information: 0 : 19152, 3, 2021/11/26, 06:16:05.942, 5905910705606, testhost.net48.x86.exe, AssemblyResolver.OnResolve: xunit.runner.visualstudio.testadapter: Searching in: 'C:\Users\weiya\source\repos\AVENSYSTRG\AvensysTRG\FinalProj\SmartBasket\unittesting\bin\Debug\net48\fine-code-coverage\build-output'.
TpTrace Information: 0 : 19152, 3, 2021/11/26, 06:16:05.942, 5905910711753, testhost.net48.x86.exe, AssemblyResolver.OnResolve: xunit.runner.visualstudio.testadapter: Loading assembly 'C:\Users\weiya\source\repos\AVENSYSTRG\AvensysTRG\FinalProj\SmartBasket\unittesting\bin\Debug\net48\fine-code-coverage\build-output\xunit.runner.visualstudio.testadapter.dll'.
TpTrace Information: 0 : 19152, 3, 2021/11/26, 06:16:05.945, 5905910735427, testhost.net48.x86.exe, AssemblyResolver.OnResolve: Resolved assembly: xunit.runner.visualstudio.testadapter, from path: C:\Users\weiya\source\repos\AVENSYSTRG\AvensysTRG\FinalProj\SmartBasket\unittesting\bin\Debug\net48\fine-code-coverage\build-output\xunit.runner.visualstudio.testadapter.dll
TpTrace Verbose: 0 : 19152, 3, 2021/11/26, 06:16:05.957, 5905910859415, testhost.net48.x86.exe, TestPluginCache: Discovered the extensions using extension path ''.
TpTrace Verbose: 0 : 19152, 3, 2021/11/26, 06:16:05.959, 5905910882251, testhost.net48.x86.exe, TestPluginCache: Discoverers are ''.
TpTrace Verbose: 0 : 19152, 3, 2021/11/26, 06:16:05.960, 5905910884213, testhost.net48.x86.exe, TestPluginCache: Executors are 'executor://xunit/VsTestRunner2/net'.
TpTrace Verbose: 0 : 19152, 3, 2021/11/26, 06:16:05.960, 5905910884975, testhost.net48.x86.exe, TestPluginCache: Executors2 are ''.
TpTrace Verbose: 0 : 19152, 3, 2021/11/26, 06:16:05.960, 5905910885676, testhost.net48.x86.exe, TestPluginCache: Setting providers are ''.
TpTrace Verbose: 0 : 19152, 3, 2021/11/26, 06:16:05.960, 5905910886333, testhost.net48.x86.exe, TestPluginCache: Loggers are ''.
TpTrace Verbose: 0 : 19152, 3, 2021/11/26, 06:16:05.965, 5905910942837, testhost.net48.x86.exe, TestPluginCache.DiscoverTestExtensions: finding test extensions in assemblies ends with: TestAdapter.dll TPluginInfo: Microsoft.VisualStudio.TestPlatform.Common.ExtensionFramework.Utilities.TestExecutorPluginInformation2 TExtension: Microsoft.VisualStudio.TestPlatform.ObjectModel.Adapter.ITestExecutor2
TpTrace Verbose: 0 : 19152, 3, 2021/11/26, 06:16:05.966, 5905910947389, testhost.net48.x86.exe, TestPluginCache.GetExtensionPaths: Filtered extension paths: 
TpTrace Verbose: 0 : 19152, 3, 2021/11/26, 06:16:05.966, 5905910948137, testhost.net48.x86.exe, TestPluginCache.GetExtensionPaths: Added default extension paths: C:\Program Files\dotnet\sdk\5.0.402\Extensions\Microsoft.Diagnostics.NETCore.Client.dll
C:\Program Files\dotnet\sdk\5.0.402\Extensions\Microsoft.TestPlatform.Extensions.BlameDataCollector.dll
C:\Program Files\dotnet\sdk\5.0.402\Extensions\Microsoft.TestPlatform.Extensions.EventLogCollector.dll
C:\Program Files\dotnet\sdk\5.0.402\Extensions\Microsoft.TestPlatform.TestHostRuntimeProvider.dll
C:\Program Files\dotnet\sdk\5.0.402\Extensions\Microsoft.VisualStudio.TestPlatform.Extensions.Html.TestLogger.dll
C:\Program Files\dotnet\sdk\5.0.402\Extensions\Microsoft.VisualStudio.TestPlatform.Extensions.Trx.TestLogger.dll
C:\Users\weiya\source\repos\AVENSYSTRG\AvensysTRG\FinalProj\SmartBasket\unittesting\bin\Debug\net48\fine-code-coverage\build-output\xunit.runner.visualstudio.testadapter.dll
TpTrace Verbose: 0 : 19152, 3, 2021/11/26, 06:16:05.966, 5905910948667, testhost.net48.x86.exe, TestPluginCache.GetExtensionPaths: Added unfilterableExtensionPaths: 
TpTrace Information: 0 : 19152, 3, 2021/11/26, 06:16:05.966, 5905910950360, testhost.net48.x86.exe, AssemblyResolver.AddSearchDirectories: Adding more searchDirectories C:\Program Files\dotnet\sdk\5.0.402\Extensions,C:\Users\weiya\source\repos\AVENSYSTRG\AvensysTRG\FinalProj\SmartBasket\unittesting\bin\Debug\net48\fine-code-coverage\build-output,C:\Program Files\dotnet\sdk\5.0.402\TestHost
TpTrace Verbose: 0 : 19152, 3, 2021/11/26, 06:16:05.966, 5905910950933, testhost.net48.x86.exe, TestPluginCache.DiscoverTestExtensions: Discovering the extensions using extension path.
TpTrace Verbose: 0 : 19152, 3, 2021/11/26, 06:16:05.966, 5905910951397, testhost.net48.x86.exe, TestPluginCache.GetExtensionPaths: Filtered extension paths: 
TpTrace Verbose: 0 : 19152, 3, 2021/11/26, 06:16:05.966, 5905910951845, testhost.net48.x86.exe, TestPluginCache.GetExtensionPaths: Added default extension paths: C:\Program Files\dotnet\sdk\5.0.402\Extensions\Microsoft.Diagnostics.NETCore.Client.dll
C:\Program Files\dotnet\sdk\5.0.402\Extensions\Microsoft.TestPlatform.Extensions.BlameDataCollector.dll
C:\Program Files\dotnet\sdk\5.0.402\Extensions\Microsoft.TestPlatform.Extensions.EventLogCollector.dll
C:\Program Files\dotnet\sdk\5.0.402\Extensions\Microsoft.TestPlatform.TestHostRuntimeProvider.dll
C:\Program Files\dotnet\sdk\5.0.402\Extensions\Microsoft.VisualStudio.TestPlatform.Extensions.Html.TestLogger.dll
C:\Program Files\dotnet\sdk\5.0.402\Extensions\Microsoft.VisualStudio.TestPlatform.Extensions.Trx.TestLogger.dll
C:\Users\weiya\source\repos\AVENSYSTRG\AvensysTRG\FinalProj\SmartBasket\unittesting\bin\Debug\net48\fine-code-coverage\build-output\xunit.runner.visualstudio.testadapter.dll
TpTrace Verbose: 0 : 19152, 3, 2021/11/26, 06:16:05.966, 5905910952325, testhost.net48.x86.exe, TestPluginCache.GetExtensionPaths: Added unfilterableExtensionPaths: 
TpTrace Verbose: 0 : 19152, 3, 2021/11/26, 06:16:05.966, 5905910952800, testhost.net48.x86.exe, TestPluginCache.DiscoverTestExtensions: Discovering the extensions using allExtensionPaths: C:\Program Files\dotnet\sdk\5.0.402\Extensions\Microsoft.Diagnostics.NETCore.Client.dll
C:\Program Files\dotnet\sdk\5.0.402\Extensions\Microsoft.TestPlatform.Extensions.BlameDataCollector.dll
C:\Program Files\dotnet\sdk\5.0.402\Extensions\Microsoft.TestPlatform.Extensions.EventLogCollector.dll
C:\Program Files\dotnet\sdk\5.0.402\Extensions\Microsoft.TestPlatform.TestHostRuntimeProvider.dll
C:\Program Files\dotnet\sdk\5.0.402\Extensions\Microsoft.VisualStudio.TestPlatform.Extensions.Html.TestLogger.dll
C:\Program Files\dotnet\sdk\5.0.402\Extensions\Microsoft.VisualStudio.TestPlatform.Extensions.Trx.TestLogger.dll
C:\Users\weiya\source\repos\AVENSYSTRG\AvensysTRG\FinalProj\SmartBasket\unittesting\bin\Debug\net48\fine-code-coverage\build-output\xunit.runner.visualstudio.testadapter.dll
TpTrace Information: 0 : 19152, 3, 2021/11/26, 06:16:05.967, 5905910954020, testhost.net48.x86.exe, AssemblyResolver.AddSearchDirectories: Adding more searchDirectories C:\Program Files\dotnet\sdk\5.0.402\Extensions,C:\Program Files\dotnet\sdk\5.0.402\TestHost
TpTrace Information: 0 : 19152, 3, 2021/11/26, 06:16:05.967, 5905910954636, testhost.net48.x86.exe, AssemblyResolver.AddSearchDirectories: Adding more searchDirectories C:\Program Files\dotnet\sdk\5.0.402\Extensions,C:\Program Files\dotnet\sdk\5.0.402\TestHost
TpTrace Information: 0 : 19152, 3, 2021/11/26, 06:16:05.967, 5905910955174, testhost.net48.x86.exe, AssemblyResolver.AddSearchDirectories: Adding more searchDirectories C:\Program Files\dotnet\sdk\5.0.402\Extensions,C:\Program Files\dotnet\sdk\5.0.402\TestHost
TpTrace Information: 0 : 19152, 3, 2021/11/26, 06:16:05.967, 5905910955705, testhost.net48.x86.exe, AssemblyResolver.AddSearchDirectories: Adding more searchDirectories C:\Program Files\dotnet\sdk\5.0.402\Extensions,C:\Program Files\dotnet\sdk\5.0.402\TestHost
TpTrace Information: 0 : 19152, 3, 2021/11/26, 06:16:05.967, 5905910956226, testhost.net48.x86.exe, AssemblyResolver.AddSearchDirectories: Adding more searchDirectories C:\Program Files\dotnet\sdk\5.0.402\Extensions,C:\Program Files\dotnet\sdk\5.0.402\TestHost
TpTrace Information: 0 : 19152, 3, 2021/11/26, 06:16:05.967, 5905910956755, testhost.net48.x86.exe, AssemblyResolver.AddSearchDirectories: Adding more searchDirectories C:\Program Files\dotnet\sdk\5.0.402\Extensions,C:\Program Files\dotnet\sdk\5.0.402\TestHost
TpTrace Information: 0 : 19152, 3, 2021/11/26, 06:16:05.967, 5905910957299, testhost.net48.x86.exe, AssemblyResolver.AddSearchDirectories: Adding more searchDirectories C:\Users\weiya\source\repos\AVENSYSTRG\AvensysTRG\FinalProj\SmartBasket\unittesting\bin\Debug\net48\fine-code-coverage\build-output,C:\Program Files\dotnet\sdk\5.0.402\TestHost
TpTrace Warning: 0 : 19152, 3, 2021/11/26, 06:16:05.967, 5905910960186, testhost.net48.x86.exe, TestPluginDiscoverer: Failed to load extensions from file 'C:\Program Files\dotnet\sdk\5.0.402\Extensions\Microsoft.Diagnostics.NETCore.Client.dll'.  Skipping test extension scan for this file.  Error: System.IO.FileNotFoundException: Could not load file or assembly 'Microsoft.Diagnostics.NETCore.Client' or one of its dependencies. The system cannot find the file specified.
File name: 'Microsoft.Diagnostics.NETCore.Client'
   at System.Reflection.RuntimeAssembly._nLoad(AssemblyName fileName, String codeBase, Evidence assemblySecurity, RuntimeAssembly locationHint, StackCrawlMark& stackMark, IntPtr pPrivHostBinder, Boolean throwOnFileNotFound, Boolean forIntrospection, Boolean suppressSecurityChecks)
   at System.Reflection.RuntimeAssembly.nLoad(AssemblyName fileName, String codeBase, Evidence assemblySecurity, RuntimeAssembly locationHint, StackCrawlMark& stackMark, IntPtr pPrivHostBinder, Boolean throwOnFileNotFound, Boolean forIntrospection, Boolean suppressSecurityChecks)
   at System.Reflection.RuntimeAssembly.InternalLoadAssemblyName(AssemblyName assemblyRef, Evidence assemblySecurity, RuntimeAssembly reqAssembly, StackCrawlMark& stackMark, IntPtr pPrivHostBinder, Boolean throwOnFileNotFound, Boolean forIntrospection, Boolean suppressSecurityChecks)
   at System.Reflection.Assembly.Load(AssemblyName assemblyRef)
   at Microsoft.VisualStudio.TestPlatform.Common.ExtensionFramework.TestPluginDiscoverer.GetTestExtensionsFromFiles[TPluginInfo,TExtension](String[] files, Dictionary`2 pluginInfos)

WRN: Assembly binding logging is turned OFF.
To enable assembly bind failure logging, set the registry value [HKLM\Software\Microsoft\Fusion!EnableLog] (DWORD) to 1.
Note: There is some performance penalty associated with assembly bind failure logging.
To turn this feature off, remove the registry value [HKLM\Software\Microsoft\Fusion!EnableLog].

TpTrace Warning: 0 : 19152, 3, 2021/11/26, 06:16:05.967, 5905910961958, testhost.net48.x86.exe, TestPluginDiscoverer: Failed to load extensions from file 'C:\Program Files\dotnet\sdk\5.0.402\Extensions\Microsoft.TestPlatform.Extensions.BlameDataCollector.dll'.  Skipping test extension scan for this file.  Error: System.IO.FileNotFoundException: Could not load file or assembly 'Microsoft.TestPlatform.Extensions.BlameDataCollector' or one of its dependencies. The system cannot find the file specified.
File name: 'Microsoft.TestPlatform.Extensions.BlameDataCollector'
   at System.Reflection.RuntimeAssembly._nLoad(AssemblyName fileName, String codeBase, Evidence assemblySecurity, RuntimeAssembly locationHint, StackCrawlMark& stackMark, IntPtr pPrivHostBinder, Boolean throwOnFileNotFound, Boolean forIntrospection, Boolean suppressSecurityChecks)
   at System.Reflection.RuntimeAssembly.nLoad(AssemblyName fileName, String codeBase, Evidence assemblySecurity, RuntimeAssembly locationHint, StackCrawlMark& stackMark, IntPtr pPrivHostBinder, Boolean throwOnFileNotFound, Boolean forIntrospection, Boolean suppressSecurityChecks)
   at System.Reflection.RuntimeAssembly.InternalLoadAssemblyName(AssemblyName assemblyRef, Evidence assemblySecurity, RuntimeAssembly reqAssembly, StackCrawlMark& stackMark, IntPtr pPrivHostBinder, Boolean throwOnFileNotFound, Boolean forIntrospection, Boolean suppressSecurityChecks)
   at System.Reflection.Assembly.Load(AssemblyName assemblyRef)
   at Microsoft.VisualStudio.TestPlatform.Common.ExtensionFramework.TestPluginDiscoverer.GetTestExtensionsFromFiles[TPluginInfo,TExtension](String[] files, Dictionary`2 pluginInfos)

WRN: Assembly binding logging is turned OFF.
To enable assembly bind failure logging, set the registry value [HKLM\Software\Microsoft\Fusion!EnableLog] (DWORD) to 1.
Note: There is some performance penalty associated with assembly bind failure logging.
To turn this feature off, remove the registry value [HKLM\Software\Microsoft\Fusion!EnableLog].

TpTrace Warning: 0 : 19152, 3, 2021/11/26, 06:16:05.968, 5905910964665, testhost.net48.x86.exe, TestPluginDiscoverer: Failed to load extensions from file 'C:\Program Files\dotnet\sdk\5.0.402\Extensions\Microsoft.TestPlatform.TestHostRuntimeProvider.dll'.  Skipping test extension scan for this file.  Error: System.IO.FileNotFoundException: Could not load file or assembly 'Microsoft.TestPlatform.TestHostRuntimeProvider' or one of its dependencies. The system cannot find the file specified.
File name: 'Microsoft.TestPlatform.TestHostRuntimeProvider'
   at System.Reflection.RuntimeAssembly._nLoad(AssemblyName fileName, String codeBase, Evidence assemblySecurity, RuntimeAssembly locationHint, StackCrawlMark& stackMark, IntPtr pPrivHostBinder, Boolean throwOnFileNotFound, Boolean forIntrospection, Boolean suppressSecurityChecks)
   at System.Reflection.RuntimeAssembly.nLoad(AssemblyName fileName, String codeBase, Evidence assemblySecurity, RuntimeAssembly locationHint, StackCrawlMark& stackMark, IntPtr pPrivHostBinder, Boolean throwOnFileNotFound, Boolean forIntrospection, Boolean suppressSecurityChecks)
   at System.Reflection.RuntimeAssembly.InternalLoadAssemblyName(AssemblyName assemblyRef, Evidence assemblySecurity, RuntimeAssembly reqAssembly, StackCrawlMark& stackMark, IntPtr pPrivHostBinder, Boolean throwOnFileNotFound, Boolean forIntrospection, Boolean suppressSecurityChecks)
   at System.Reflection.Assembly.Load(AssemblyName assemblyRef)
   at Microsoft.VisualStudio.TestPlatform.Common.ExtensionFramework.TestPluginDiscoverer.GetTestExtensionsFromFiles[TPluginInfo,TExtension](String[] files, Dictionary`2 pluginInfos)

WRN: Assembly binding logging is turned OFF.
To enable assembly bind failure logging, set the registry value [HKLM\Software\Microsoft\Fusion!EnableLog] (DWORD) to 1.
Note: There is some performance penalty associated with assembly bind failure logging.
To turn this feature off, remove the registry value [HKLM\Software\Microsoft\Fusion!EnableLog].

TpTrace Warning: 0 : 19152, 3, 2021/11/26, 06:16:05.968, 5905910966298, testhost.net48.x86.exe, TestPluginDiscoverer: Failed to load extensions from file 'C:\Program Files\dotnet\sdk\5.0.402\Extensions\Microsoft.VisualStudio.TestPlatform.Extensions.Html.TestLogger.dll'.  Skipping test extension scan for this file.  Error: System.IO.FileNotFoundException: Could not load file or assembly 'Microsoft.VisualStudio.TestPlatform.Extensions.Html.TestLogger' or one of its dependencies. The system cannot find the file specified.
File name: 'Microsoft.VisualStudio.TestPlatform.Extensions.Html.TestLogger'
   at System.Reflection.RuntimeAssembly._nLoad(AssemblyName fileName, String codeBase, Evidence assemblySecurity, RuntimeAssembly locationHint, StackCrawlMark& stackMark, IntPtr pPrivHostBinder, Boolean throwOnFileNotFound, Boolean forIntrospection, Boolean suppressSecurityChecks)
   at System.Reflection.RuntimeAssembly.nLoad(AssemblyName fileName, String codeBase, Evidence assemblySecurity, RuntimeAssembly locationHint, StackCrawlMark& stackMark, IntPtr pPrivHostBinder, Boolean throwOnFileNotFound, Boolean forIntrospection, Boolean suppressSecurityChecks)
   at System.Reflection.RuntimeAssembly.InternalLoadAssemblyName(AssemblyName assemblyRef, Evidence assemblySecurity, RuntimeAssembly reqAssembly, StackCrawlMark& stackMark, IntPtr pPrivHostBinder, Boolean throwOnFileNotFound, Boolean forIntrospection, Boolean suppressSecurityChecks)
   at System.Reflection.Assembly.Load(AssemblyName assemblyRef)
   at Microsoft.VisualStudio.TestPlatform.Common.ExtensionFramework.TestPluginDiscoverer.GetTestExtensionsFromFiles[TPluginInfo,TExtension](String[] files, Dictionary`2 pluginInfos)

WRN: Assembly binding logging is turned OFF.
To enable assembly bind failure logging, set the registry value [HKLM\Software\Microsoft\Fusion!EnableLog] (DWORD) to 1.
Note: There is some performance penalty associated with assembly bind failure logging.
To turn this feature off, remove the registry value [HKLM\Software\Microsoft\Fusion!EnableLog].

TpTrace Warning: 0 : 19152, 3, 2021/11/26, 06:16:05.968, 5905910967864, testhost.net48.x86.exe, TestPluginDiscoverer: Failed to load extensions from file 'C:\Program Files\dotnet\sdk\5.0.402\Extensions\Microsoft.VisualStudio.TestPlatform.Extensions.Trx.TestLogger.dll'.  Skipping test extension scan for this file.  Error: System.IO.FileNotFoundException: Could not load file or assembly 'Microsoft.VisualStudio.TestPlatform.Extensions.Trx.TestLogger' or one of its dependencies. The system cannot find the file specified.
File name: 'Microsoft.VisualStudio.TestPlatform.Extensions.Trx.TestLogger'
   at System.Reflection.RuntimeAssembly._nLoad(AssemblyName fileName, String codeBase, Evidence assemblySecurity, RuntimeAssembly locationHint, StackCrawlMark& stackMark, IntPtr pPrivHostBinder, Boolean throwOnFileNotFound, Boolean forIntrospection, Boolean suppressSecurityChecks)
   at System.Reflection.RuntimeAssembly.nLoad(AssemblyName fileName, String codeBase, Evidence assemblySecurity, RuntimeAssembly locationHint, StackCrawlMark& stackMark, IntPtr pPrivHostBinder, Boolean throwOnFileNotFound, Boolean forIntrospection, Boolean suppressSecurityChecks)
   at System.Reflection.RuntimeAssembly.InternalLoadAssemblyName(AssemblyName assemblyRef, Evidence assemblySecurity, RuntimeAssembly reqAssembly, StackCrawlMark& stackMark, IntPtr pPrivHostBinder, Boolean throwOnFileNotFound, Boolean forIntrospection, Boolean suppressSecurityChecks)
   at System.Reflection.Assembly.Load(AssemblyName assemblyRef)
   at Microsoft.VisualStudio.TestPlatform.Common.ExtensionFramework.TestPluginDiscoverer.GetTestExtensionsFromFiles[TPluginInfo,TExtension](String[] files, Dictionary`2 pluginInfos)

WRN: Assembly binding logging is turned OFF.
To enable assembly bind failure logging, set the registry value [HKLM\Software\Microsoft\Fusion!EnableLog] (DWORD) to 1.
Note: There is some performance penalty associated with assembly bind failure logging.
To turn this feature off, remove the registry value [HKLM\Software\Microsoft\Fusion!EnableLog].

TpTrace Verbose: 0 : 19152, 3, 2021/11/26, 06:16:05.968, 5905910970591, testhost.net48.x86.exe, TestPluginCache: Discovered the extensions using extension path ''.
TpTrace Verbose: 0 : 19152, 3, 2021/11/26, 06:16:05.968, 5905910971168, testhost.net48.x86.exe, TestPluginCache: Discoverers are ''.
TpTrace Verbose: 0 : 19152, 3, 2021/11/26, 06:16:05.968, 5905910971634, testhost.net48.x86.exe, TestPluginCache: Executors are 'executor://xunit/VsTestRunner2/net'.
TpTrace Verbose: 0 : 19152, 3, 2021/11/26, 06:16:05.968, 5905910972114, testhost.net48.x86.exe, TestPluginCache: Executors2 are ''.
TpTrace Verbose: 0 : 19152, 3, 2021/11/26, 06:16:05.968, 5905910972553, testhost.net48.x86.exe, TestPluginCache: Setting providers are ''.
TpTrace Verbose: 0 : 19152, 3, 2021/11/26, 06:16:05.969, 5905910972992, testhost.net48.x86.exe, TestPluginCache: Loggers are ''.
TpTrace Information: 0 : 19152, 3, 2021/11/26, 06:16:06.004, 5905911331543, testhost.net48.x86.exe, AssemblyResolver.OnResolve: xunit.runner.visualstudio.testadapter, Version=2.4.0.0, Culture=neutral, PublicKeyToken=8d05b1bb7a6fdb6c: Resolving assembly.
TpTrace Information: 0 : 19152, 3, 2021/11/26, 06:16:06.005, 5905911333524, testhost.net48.x86.exe, AssemblyResolver.OnResolve: xunit.runner.visualstudio.testadapter, Version=2.4.0.0, Culture=neutral, PublicKeyToken=8d05b1bb7a6fdb6c: Searching in: 'C:\Program Files\dotnet\sdk\5.0.402\Extensions'.
TpTrace Information: 0 : 19152, 3, 2021/11/26, 06:16:06.005, 5905911335336, testhost.net48.x86.exe, AssemblyResolver.OnResolve: xunit.runner.visualstudio.testadapter, Version=2.4.0.0, Culture=neutral, PublicKeyToken=8d05b1bb7a6fdb6c: Assembly path does not exist: 'C:\Program Files\dotnet\sdk\5.0.402\Extensions\xunit.runner.visualstudio.testadapter.dll', returning.
TpTrace Information: 0 : 19152, 3, 2021/11/26, 06:16:06.005, 5905911336731, testhost.net48.x86.exe, AssemblyResolver.OnResolve: xunit.runner.visualstudio.testadapter, Version=2.4.0.0, Culture=neutral, PublicKeyToken=8d05b1bb7a6fdb6c: Assembly path does not exist: 'C:\Program Files\dotnet\sdk\5.0.402\Extensions\xunit.runner.visualstudio.testadapter.exe', returning.
TpTrace Information: 0 : 19152, 3, 2021/11/26, 06:16:06.005, 5905911337586, testhost.net48.x86.exe, AssemblyResolver.OnResolve: xunit.runner.visualstudio.testadapter, Version=2.4.0.0, Culture=neutral, PublicKeyToken=8d05b1bb7a6fdb6c: Searching in: 'C:\Users\weiya\source\repos\AVENSYSTRG\AvensysTRG\FinalProj\SmartBasket\unittesting\bin\Debug\net48\fine-code-coverage\build-output'.
TpTrace Information: 0 : 19152, 3, 2021/11/26, 06:16:06.006, 5905911344349, testhost.net48.x86.exe, AssemblyResolver.OnResolve: xunit.runner.visualstudio.testadapter, Version=2.4.0.0, Culture=neutral, PublicKeyToken=8d05b1bb7a6fdb6c: Loading assembly 'C:\Users\weiya\source\repos\AVENSYSTRG\AvensysTRG\FinalProj\SmartBasket\unittesting\bin\Debug\net48\fine-code-coverage\build-output\xunit.runner.visualstudio.testadapter.dll'.
TpTrace Information: 0 : 19152, 3, 2021/11/26, 06:16:06.006, 5905911346268, testhost.net48.x86.exe, AssemblyResolver.OnResolve: Resolved assembly: xunit.runner.visualstudio.testadapter, Version=2.4.0.0, Culture=neutral, PublicKeyToken=8d05b1bb7a6fdb6c, from path: C:\Users\weiya\source\repos\AVENSYSTRG\AvensysTRG\FinalProj\SmartBasket\unittesting\bin\Debug\net48\fine-code-coverage\build-output\xunit.runner.visualstudio.testadapter.dll
TpTrace Information: 0 : 19152, 3, 2021/11/26, 06:16:06.007, 5905911354595, testhost.net48.x86.exe, TestPluginManager.CreateTestExtension: Attempting to load test extension: Xunit.Runner.VisualStudio.VsTestRunner
TpTrace Verbose: 0 : 19152, 3, 2021/11/26, 06:16:06.007, 5905911356269, testhost.net48.x86.exe, TestExecutorExtensionManager: Loading executor Xunit.Runner.VisualStudio.VsTestRunner
TpTrace Verbose: 0 : 19152, 3, 2021/11/26, 06:16:06.007, 5905911356907, testhost.net48.x86.exe, TestExecutorService: Loaded the executors
TpTrace Verbose: 0 : 19152, 3, 2021/11/26, 06:16:06.008, 5905911367649, testhost.net48.x86.exe, TestPluginCache.DiscoverTestExtensions: finding test extensions in assemblies ends with: TestAdapter.dll TPluginInfo: Microsoft.VisualStudio.TestPlatform.Common.ExtensionFramework.Utilities.TestSettingsProviderPluginInformation TExtension: Microsoft.VisualStudio.TestPlatform.ObjectModel.Adapter.ISettingsProvider
TpTrace Verbose: 0 : 19152, 3, 2021/11/26, 06:16:06.008, 5905911368548, testhost.net48.x86.exe, TestPluginCache.GetExtensionPaths: Filtered extension paths: 
TpTrace Verbose: 0 : 19152, 3, 2021/11/26, 06:16:06.008, 5905911369082, testhost.net48.x86.exe, TestPluginCache.GetExtensionPaths: Added default extension paths: C:\Program Files\dotnet\sdk\5.0.402\Extensions\Microsoft.Diagnostics.NETCore.Client.dll
C:\Program Files\dotnet\sdk\5.0.402\Extensions\Microsoft.TestPlatform.Extensions.BlameDataCollector.dll
C:\Program Files\dotnet\sdk\5.0.402\Extensions\Microsoft.TestPlatform.Extensions.EventLogCollector.dll
C:\Program Files\dotnet\sdk\5.0.402\Extensions\Microsoft.TestPlatform.TestHostRuntimeProvider.dll
C:\Program Files\dotnet\sdk\5.0.402\Extensions\Microsoft.VisualStudio.TestPlatform.Extensions.Html.TestLogger.dll
C:\Program Files\dotnet\sdk\5.0.402\Extensions\Microsoft.VisualStudio.TestPlatform.Extensions.Trx.TestLogger.dll
C:\Users\weiya\source\repos\AVENSYSTRG\AvensysTRG\FinalProj\SmartBasket\unittesting\bin\Debug\net48\fine-code-coverage\build-output\xunit.runner.visualstudio.testadapter.dll
TpTrace Verbose: 0 : 19152, 3, 2021/11/26, 06:16:06.008, 5905911369582, testhost.net48.x86.exe, TestPluginCache.GetExtensionPaths: Added unfilterableExtensionPaths: 
TpTrace Information: 0 : 19152, 3, 2021/11/26, 06:16:06.008, 5905911371435, testhost.net48.x86.exe, AssemblyResolver.AddSearchDirectories: Adding more searchDirectories C:\Program Files\dotnet\sdk\5.0.402\Extensions,C:\Users\weiya\source\repos\AVENSYSTRG\AvensysTRG\FinalProj\SmartBasket\unittesting\bin\Debug\net48\fine-code-coverage\build-output,C:\Program Files\dotnet\sdk\5.0.402\TestHost
TpTrace Verbose: 0 : 19152, 3, 2021/11/26, 06:16:06.009, 5905911372037, testhost.net48.x86.exe, TestPluginCache.DiscoverTestExtensions: Discovering the extensions using extension path.
TpTrace Verbose: 0 : 19152, 3, 2021/11/26, 06:16:06.009, 5905911372568, testhost.net48.x86.exe, TestPluginCache.GetExtensionPaths: Filtered extension paths: 
TpTrace Verbose: 0 : 19152, 3, 2021/11/26, 06:16:06.009, 5905911373666, testhost.net48.x86.exe, TestPluginCache.GetExtensionPaths: Added default extension paths: C:\Program Files\dotnet\sdk\5.0.402\Extensions\Microsoft.Diagnostics.NETCore.Client.dll
C:\Program Files\dotnet\sdk\5.0.402\Extensions\Microsoft.TestPlatform.Extensions.BlameDataCollector.dll
C:\Program Files\dotnet\sdk\5.0.402\Extensions\Microsoft.TestPlatform.Extensions.EventLogCollector.dll
C:\Program Files\dotnet\sdk\5.0.402\Extensions\Microsoft.TestPlatform.TestHostRuntimeProvider.dll
C:\Program Files\dotnet\sdk\5.0.402\Extensions\Microsoft.VisualStudio.TestPlatform.Extensions.Html.TestLogger.dll
C:\Program Files\dotnet\sdk\5.0.402\Extensions\Microsoft.VisualStudio.TestPlatform.Extensions.Trx.TestLogger.dll
C:\Users\weiya\source\repos\AVENSYSTRG\AvensysTRG\FinalProj\SmartBasket\unittesting\bin\Debug\net48\fine-code-coverage\build-output\xunit.runner.visualstudio.testadapter.dll
TpTrace Verbose: 0 : 19152, 3, 2021/11/26, 06:16:06.009, 5905911374277, testhost.net48.x86.exe, TestPluginCache.GetExtensionPaths: Added unfilterableExtensionPaths: 
TpTrace Verbose: 0 : 19152, 3, 2021/11/26, 06:16:06.009, 5905911374947, testhost.net48.x86.exe, TestPluginCache.DiscoverTestExtensions: Discovering the extensions using allExtensionPaths: C:\Program Files\dotnet\sdk\5.0.402\Extensions\Microsoft.Diagnostics.NETCore.Client.dll
C:\Program Files\dotnet\sdk\5.0.402\Extensions\Microsoft.TestPlatform.Extensions.BlameDataCollector.dll
C:\Program Files\dotnet\sdk\5.0.402\Extensions\Microsoft.TestPlatform.Extensions.EventLogCollector.dll
C:\Program Files\dotnet\sdk\5.0.402\Extensions\Microsoft.TestPlatform.TestHostRuntimeProvider.dll
C:\Program Files\dotnet\sdk\5.0.402\Extensions\Microsoft.VisualStudio.TestPlatform.Extensions.Html.TestLogger.dll
C:\Program Files\dotnet\sdk\5.0.402\Extensions\Microsoft.VisualStudio.TestPlatform.Extensions.Trx.TestLogger.dll
C:\Users\weiya\source\repos\AVENSYSTRG\AvensysTRG\FinalProj\SmartBasket\unittesting\bin\Debug\net48\fine-code-coverage\build-output\xunit.runner.visualstudio.testadapter.dll
TpTrace Information: 0 : 19152, 3, 2021/11/26, 06:16:06.009, 5905911375899, testhost.net48.x86.exe, AssemblyResolver.AddSearchDirectories: Adding more searchDirectories C:\Program Files\dotnet\sdk\5.0.402\Extensions,C:\Program Files\dotnet\sdk\5.0.402\TestHost
TpTrace Information: 0 : 19152, 3, 2021/11/26, 06:16:06.009, 5905911376726, testhost.net48.x86.exe, AssemblyResolver.AddSearchDirectories: Adding more searchDirectories C:\Program Files\dotnet\sdk\5.0.402\Extensions,C:\Program Files\dotnet\sdk\5.0.402\TestHost
TpTrace Information: 0 : 19152, 3, 2021/11/26, 06:16:06.009, 5905911377427, testhost.net48.x86.exe, AssemblyResolver.AddSearchDirectories: Adding more searchDirectories C:\Program Files\dotnet\sdk\5.0.402\Extensions,C:\Program Files\dotnet\sdk\5.0.402\TestHost
TpTrace Information: 0 : 19152, 3, 2021/11/26, 06:16:06.009, 5905911378074, testhost.net48.x86.exe, AssemblyResolver.AddSearchDirectories: Adding more searchDirectories C:\Program Files\dotnet\sdk\5.0.402\Extensions,C:\Program Files\dotnet\sdk\5.0.402\TestHost
TpTrace Information: 0 : 19152, 3, 2021/11/26, 06:16:06.009, 5905911378647, testhost.net48.x86.exe, AssemblyResolver.AddSearchDirectories: Adding more searchDirectories C:\Program Files\dotnet\sdk\5.0.402\Extensions,C:\Program Files\dotnet\sdk\5.0.402\TestHost
TpTrace Information: 0 : 19152, 3, 2021/11/26, 06:16:06.009, 5905911379299, testhost.net48.x86.exe, AssemblyResolver.AddSearchDirectories: Adding more searchDirectories C:\Program Files\dotnet\sdk\5.0.402\Extensions,C:\Program Files\dotnet\sdk\5.0.402\TestHost
TpTrace Information: 0 : 19152, 3, 2021/11/26, 06:16:06.009, 5905911380125, testhost.net48.x86.exe, AssemblyResolver.AddSearchDirectories: Adding more searchDirectories C:\Users\weiya\source\repos\AVENSYSTRG\AvensysTRG\FinalProj\SmartBasket\unittesting\bin\Debug\net48\fine-code-coverage\build-output,C:\Program Files\dotnet\sdk\5.0.402\TestHost
TpTrace Warning: 0 : 19152, 3, 2021/11/26, 06:16:06.010, 5905911382452, testhost.net48.x86.exe, TestPluginDiscoverer: Failed to load extensions from file 'C:\Program Files\dotnet\sdk\5.0.402\Extensions\Microsoft.Diagnostics.NETCore.Client.dll'.  Skipping test extension scan for this file.  Error: System.IO.FileNotFoundException: Could not load file or assembly 'Microsoft.Diagnostics.NETCore.Client' or one of its dependencies. The system cannot find the file specified.
File name: 'Microsoft.Diagnostics.NETCore.Client'
   at System.Reflection.RuntimeAssembly._nLoad(AssemblyName fileName, String codeBase, Evidence assemblySecurity, RuntimeAssembly locationHint, StackCrawlMark& stackMark, IntPtr pPrivHostBinder, Boolean throwOnFileNotFound, Boolean forIntrospection, Boolean suppressSecurityChecks)
   at System.Reflection.RuntimeAssembly.nLoad(AssemblyName fileName, String codeBase, Evidence assemblySecurity, RuntimeAssembly locationHint, StackCrawlMark& stackMark, IntPtr pPrivHostBinder, Boolean throwOnFileNotFound, Boolean forIntrospection, Boolean suppressSecurityChecks)
   at System.Reflection.RuntimeAssembly.InternalLoadAssemblyName(AssemblyName assemblyRef, Evidence assemblySecurity, RuntimeAssembly reqAssembly, StackCrawlMark& stackMark, IntPtr pPrivHostBinder, Boolean throwOnFileNotFound, Boolean forIntrospection, Boolean suppressSecurityChecks)
   at System.Reflection.Assembly.Load(AssemblyName assemblyRef)
   at Microsoft.VisualStudio.TestPlatform.Common.ExtensionFramework.TestPluginDiscoverer.GetTestExtensionsFromFiles[TPluginInfo,TExtension](String[] files, Dictionary`2 pluginInfos)

WRN: Assembly binding logging is turned OFF.
To enable assembly bind failure logging, set the registry value [HKLM\Software\Microsoft\Fusion!EnableLog] (DWORD) to 1.
Note: There is some performance penalty associated with assembly bind failure logging.
To turn this feature off, remove the registry value [HKLM\Software\Microsoft\Fusion!EnableLog].

TpTrace Warning: 0 : 19152, 3, 2021/11/26, 06:16:06.010, 5905911384167, testhost.net48.x86.exe, TestPluginDiscoverer: Failed to load extensions from file 'C:\Program Files\dotnet\sdk\5.0.402\Extensions\Microsoft.TestPlatform.Extensions.BlameDataCollector.dll'.  Skipping test extension scan for this file.  Error: System.IO.FileNotFoundException: Could not load file or assembly 'Microsoft.TestPlatform.Extensions.BlameDataCollector' or one of its dependencies. The system cannot find the file specified.
File name: 'Microsoft.TestPlatform.Extensions.BlameDataCollector'
   at System.Reflection.RuntimeAssembly._nLoad(AssemblyName fileName, String codeBase, Evidence assemblySecurity, RuntimeAssembly locationHint, StackCrawlMark& stackMark, IntPtr pPrivHostBinder, Boolean throwOnFileNotFound, Boolean forIntrospection, Boolean suppressSecurityChecks)
   at System.Reflection.RuntimeAssembly.nLoad(AssemblyName fileName, String codeBase, Evidence assemblySecurity, RuntimeAssembly locationHint, StackCrawlMark& stackMark, IntPtr pPrivHostBinder, Boolean throwOnFileNotFound, Boolean forIntrospection, Boolean suppressSecurityChecks)
   at System.Reflection.RuntimeAssembly.InternalLoadAssemblyName(AssemblyName assemblyRef, Evidence assemblySecurity, RuntimeAssembly reqAssembly, StackCrawlMark& stackMark, IntPtr pPrivHostBinder, Boolean throwOnFileNotFound, Boolean forIntrospection, Boolean suppressSecurityChecks)
   at System.Reflection.Assembly.Load(AssemblyName assemblyRef)
   at Microsoft.VisualStudio.TestPlatform.Common.ExtensionFramework.TestPluginDiscoverer.GetTestExtensionsFromFiles[TPluginInfo,TExtension](String[] files, Dictionary`2 pluginInfos)

WRN: Assembly binding logging is turned OFF.
To enable assembly bind failure logging, set the registry value [HKLM\Software\Microsoft\Fusion!EnableLog] (DWORD) to 1.
Note: There is some performance penalty associated with assembly bind failure logging.
To turn this feature off, remove the registry value [HKLM\Software\Microsoft\Fusion!EnableLog].

TpTrace Warning: 0 : 19152, 3, 2021/11/26, 06:16:06.010, 5905911387030, testhost.net48.x86.exe, TestPluginDiscoverer: Failed to load extensions from file 'C:\Program Files\dotnet\sdk\5.0.402\Extensions\Microsoft.TestPlatform.TestHostRuntimeProvider.dll'.  Skipping test extension scan for this file.  Error: System.IO.FileNotFoundException: Could not load file or assembly 'Microsoft.TestPlatform.TestHostRuntimeProvider' or one of its dependencies. The system cannot find the file specified.
File name: 'Microsoft.TestPlatform.TestHostRuntimeProvider'
   at System.Reflection.RuntimeAssembly._nLoad(AssemblyName fileName, String codeBase, Evidence assemblySecurity, RuntimeAssembly locationHint, StackCrawlMark& stackMark, IntPtr pPrivHostBinder, Boolean throwOnFileNotFound, Boolean forIntrospection, Boolean suppressSecurityChecks)
   at System.Reflection.RuntimeAssembly.nLoad(AssemblyName fileName, String codeBase, Evidence assemblySecurity, RuntimeAssembly locationHint, StackCrawlMark& stackMark, IntPtr pPrivHostBinder, Boolean throwOnFileNotFound, Boolean forIntrospection, Boolean suppressSecurityChecks)
   at System.Reflection.RuntimeAssembly.InternalLoadAssemblyName(AssemblyName assemblyRef, Evidence assemblySecurity, RuntimeAssembly reqAssembly, StackCrawlMark& stackMark, IntPtr pPrivHostBinder, Boolean throwOnFileNotFound, Boolean forIntrospection, Boolean suppressSecurityChecks)
   at System.Reflection.Assembly.Load(AssemblyName assemblyRef)
   at Microsoft.VisualStudio.TestPlatform.Common.ExtensionFramework.TestPluginDiscoverer.GetTestExtensionsFromFiles[TPluginInfo,TExtension](String[] files, Dictionary`2 pluginInfos)

WRN: Assembly binding logging is turned OFF.
To enable assembly bind failure logging, set the registry value [HKLM\Software\Microsoft\Fusion!EnableLog] (DWORD) to 1.
Note: There is some performance penalty associated with assembly bind failure logging.
To turn this feature off, remove the registry value [HKLM\Software\Microsoft\Fusion!EnableLog].

TpTrace Warning: 0 : 19152, 3, 2021/11/26, 06:16:06.010, 5905911388709, testhost.net48.x86.exe, TestPluginDiscoverer: Failed to load extensions from file 'C:\Program Files\dotnet\sdk\5.0.402\Extensions\Microsoft.VisualStudio.TestPlatform.Extensions.Html.TestLogger.dll'.  Skipping test extension scan for this file.  Error: System.IO.FileNotFoundException: Could not load file or assembly 'Microsoft.VisualStudio.TestPlatform.Extensions.Html.TestLogger' or one of its dependencies. The system cannot find the file specified.
File name: 'Microsoft.VisualStudio.TestPlatform.Extensions.Html.TestLogger'
   at System.Reflection.RuntimeAssembly._nLoad(AssemblyName fileName, String codeBase, Evidence assemblySecurity, RuntimeAssembly locationHint, StackCrawlMark& stackMark, IntPtr pPrivHostBinder, Boolean throwOnFileNotFound, Boolean forIntrospection, Boolean suppressSecurityChecks)
   at System.Reflection.RuntimeAssembly.nLoad(AssemblyName fileName, String codeBase, Evidence assemblySecurity, RuntimeAssembly locationHint, StackCrawlMark& stackMark, IntPtr pPrivHostBinder, Boolean throwOnFileNotFound, Boolean forIntrospection, Boolean suppressSecurityChecks)
   at System.Reflection.RuntimeAssembly.InternalLoadAssemblyName(AssemblyName assemblyRef, Evidence assemblySecurity, RuntimeAssembly reqAssembly, StackCrawlMark& stackMark, IntPtr pPrivHostBinder, Boolean throwOnFileNotFound, Boolean forIntrospection, Boolean suppressSecurityChecks)
   at System.Reflection.Assembly.Load(AssemblyName assemblyRef)
   at Microsoft.VisualStudio.TestPlatform.Common.ExtensionFramework.TestPluginDiscoverer.GetTestExtensionsFromFiles[TPluginInfo,TExtension](String[] files, Dictionary`2 pluginInfos)

WRN: Assembly binding logging is turned OFF.
To enable assembly bind failure logging, set the registry value [HKLM\Software\Microsoft\Fusion!EnableLog] (DWORD) to 1.
Note: There is some performance penalty associated with assembly bind failure logging.
To turn this feature off, remove the registry value [HKLM\Software\Microsoft\Fusion!EnableLog].

TpTrace Warning: 0 : 19152, 3, 2021/11/26, 06:16:06.010, 5905911390287, testhost.net48.x86.exe, TestPluginDiscoverer: Failed to load extensions from file 'C:\Program Files\dotnet\sdk\5.0.402\Extensions\Microsoft.VisualStudio.TestPlatform.Extensions.Trx.TestLogger.dll'.  Skipping test extension scan for this file.  Error: System.IO.FileNotFoundException: Could not load file or assembly 'Microsoft.VisualStudio.TestPlatform.Extensions.Trx.TestLogger' or one of its dependencies. The system cannot find the file specified.
File name: 'Microsoft.VisualStudio.TestPlatform.Extensions.Trx.TestLogger'
   at System.Reflection.RuntimeAssembly._nLoad(AssemblyName fileName, String codeBase, Evidence assemblySecurity, RuntimeAssembly locationHint, StackCrawlMark& stackMark, IntPtr pPrivHostBinder, Boolean throwOnFileNotFound, Boolean forIntrospection, Boolean suppressSecurityChecks)
   at System.Reflection.RuntimeAssembly.nLoad(AssemblyName fileName, String codeBase, Evidence assemblySecurity, RuntimeAssembly locationHint, StackCrawlMark& stackMark, IntPtr pPrivHostBinder, Boolean throwOnFileNotFound, Boolean forIntrospection, Boolean suppressSecurityChecks)
   at System.Reflection.RuntimeAssembly.InternalLoadAssemblyName(AssemblyName assemblyRef, Evidence assemblySecurity, RuntimeAssembly reqAssembly, StackCrawlMark& stackMark, IntPtr pPrivHostBinder, Boolean throwOnFileNotFound, Boolean forIntrospection, Boolean suppressSecurityChecks)
   at System.Reflection.Assembly.Load(AssemblyName assemblyRef)
   at Microsoft.VisualStudio.TestPlatform.Common.ExtensionFramework.TestPluginDiscoverer.GetTestExtensionsFromFiles[TPluginInfo,TExtension](String[] files, Dictionary`2 pluginInfos)

WRN: Assembly binding logging is turned OFF.
To enable assembly bind failure logging, set the registry value [HKLM\Software\Microsoft\Fusion!EnableLog] (DWORD) to 1.
Note: There is some performance penalty associated with assembly bind failure logging.
To turn this feature off, remove the registry value [HKLM\Software\Microsoft\Fusion!EnableLog].

TpTrace Verbose: 0 : 19152, 3, 2021/11/26, 06:16:06.011, 5905911392941, testhost.net48.x86.exe, TestPluginCache: Discovered the extensions using extension path ''.
TpTrace Verbose: 0 : 19152, 3, 2021/11/26, 06:16:06.011, 5905911393551, testhost.net48.x86.exe, TestPluginCache: Discoverers are ''.
TpTrace Verbose: 0 : 19152, 3, 2021/11/26, 06:16:06.011, 5905911394021, testhost.net48.x86.exe, TestPluginCache: Executors are 'executor://xunit/VsTestRunner2/net'.
TpTrace Verbose: 0 : 19152, 3, 2021/11/26, 06:16:06.011, 5905911394445, testhost.net48.x86.exe, TestPluginCache: Executors2 are ''.
TpTrace Verbose: 0 : 19152, 3, 2021/11/26, 06:16:06.011, 5905911394921, testhost.net48.x86.exe, TestPluginCache: Setting providers are ''.
TpTrace Verbose: 0 : 19152, 3, 2021/11/26, 06:16:06.011, 5905911395386, testhost.net48.x86.exe, TestPluginCache: Loggers are ''.
TpTrace Verbose: 0 : 19152, 3, 2021/11/26, 06:16:06.012, 5905911404222, testhost.net48.x86.exe, TestExecutorService: Loaded the settings providers
TpTrace Information: 0 : 19152, 3, 2021/11/26, 06:16:06.012, 5905911405011, testhost.net48.x86.exe, TestExecutorService: Loaded the extensions
TpTrace Information: 0 : 19152, 3, 2021/11/26, 06:16:06.012, 5905911410516, testhost.net48.x86.exe, TestRequestHandler.OnMessageReceived: Running job 'TestExecution.StartWithSources'.
TpTrace Information: 0 : 19152, 3, 2021/11/26, 06:16:06.092, 5905912201433, testhost.net48.x86.exe, TestDiscoveryManager: Discovering tests from sources C:\Users\weiya\source\repos\AVENSYSTRG\AvensysTRG\FinalProj\SmartBasket\unittesting\bin\Debug\net48\fine-code-coverage\build-output\unittesting.dll
TpTrace Verbose: 0 : 19152, 3, 2021/11/26, 06:16:06.094, 5905912219779, testhost.net48.x86.exe, TestPluginCache.DiscoverTestExtensions: finding test extensions in assemblies ends with: TestAdapter.dll TPluginInfo: Microsoft.VisualStudio.TestPlatform.Common.ExtensionFramework.Utilities.TestDiscovererPluginInformation TExtension: Microsoft.VisualStudio.TestPlatform.ObjectModel.Adapter.ITestDiscoverer
TpTrace Verbose: 0 : 19152, 3, 2021/11/26, 06:16:06.094, 5905912220648, testhost.net48.x86.exe, TestPluginCache.GetExtensionPaths: Filtered extension paths: 
TpTrace Verbose: 0 : 19152, 3, 2021/11/26, 06:16:06.094, 5905912221179, testhost.net48.x86.exe, TestPluginCache.GetExtensionPaths: Added default extension paths: C:\Program Files\dotnet\sdk\5.0.402\Extensions\Microsoft.Diagnostics.NETCore.Client.dll
C:\Program Files\dotnet\sdk\5.0.402\Extensions\Microsoft.TestPlatform.Extensions.BlameDataCollector.dll
C:\Program Files\dotnet\sdk\5.0.402\Extensions\Microsoft.TestPlatform.Extensions.EventLogCollector.dll
C:\Program Files\dotnet\sdk\5.0.402\Extensions\Microsoft.TestPlatform.TestHostRuntimeProvider.dll
C:\Program Files\dotnet\sdk\5.0.402\Extensions\Microsoft.VisualStudio.TestPlatform.Extensions.Html.TestLogger.dll
C:\Program Files\dotnet\sdk\5.0.402\Extensions\Microsoft.VisualStudio.TestPlatform.Extensions.Trx.TestLogger.dll
C:\Users\weiya\source\repos\AVENSYSTRG\AvensysTRG\FinalProj\SmartBasket\unittesting\bin\Debug\net48\fine-code-coverage\build-output\xunit.runner.visualstudio.testadapter.dll
TpTrace Verbose: 0 : 19152, 3, 2021/11/26, 06:16:06.094, 5905912221674, testhost.net48.x86.exe, TestPluginCache.GetExtensionPaths: Added unfilterableExtensionPaths: 
TpTrace Information: 0 : 19152, 3, 2021/11/26, 06:16:06.094, 5905912223149, testhost.net48.x86.exe, AssemblyResolver.AddSearchDirectories: Adding more searchDirectories C:\Program Files\dotnet\sdk\5.0.402\Extensions,C:\Users\weiya\source\repos\AVENSYSTRG\AvensysTRG\FinalProj\SmartBasket\unittesting\bin\Debug\net48\fine-code-coverage\build-output,C:\Program Files\dotnet\sdk\5.0.402\TestHost
TpTrace Verbose: 0 : 19152, 3, 2021/11/26, 06:16:06.094, 5905912223786, testhost.net48.x86.exe, TestPluginCache.DiscoverTestExtensions: Discovering the extensions using extension path.
TpTrace Verbose: 0 : 19152, 3, 2021/11/26, 06:16:06.094, 5905912224266, testhost.net48.x86.exe, TestPluginCache.GetExtensionPaths: Filtered extension paths: 
TpTrace Verbose: 0 : 19152, 3, 2021/11/26, 06:16:06.094, 5905912224721, testhost.net48.x86.exe, TestPluginCache.GetExtensionPaths: Added default extension paths: C:\Program Files\dotnet\sdk\5.0.402\Extensions\Microsoft.Diagnostics.NETCore.Client.dll
C:\Program Files\dotnet\sdk\5.0.402\Extensions\Microsoft.TestPlatform.Extensions.BlameDataCollector.dll
C:\Program Files\dotnet\sdk\5.0.402\Extensions\Microsoft.TestPlatform.Extensions.EventLogCollector.dll
C:\Program Files\dotnet\sdk\5.0.402\Extensions\Microsoft.TestPlatform.TestHostRuntimeProvider.dll
C:\Program Files\dotnet\sdk\5.0.402\Extensions\Microsoft.VisualStudio.TestPlatform.Extensions.Html.TestLogger.dll
C:\Program Files\dotnet\sdk\5.0.402\Extensions\Microsoft.VisualStudio.TestPlatform.Extensions.Trx.TestLogger.dll
C:\Users\weiya\source\repos\AVENSYSTRG\AvensysTRG\FinalProj\SmartBasket\unittesting\bin\Debug\net48\fine-code-coverage\build-output\xunit.runner.visualstudio.testadapter.dll
TpTrace Verbose: 0 : 19152, 3, 2021/11/26, 06:16:06.094, 5905912225202, testhost.net48.x86.exe, TestPluginCache.GetExtensionPaths: Added unfilterableExtensionPaths: 
TpTrace Verbose: 0 : 19152, 3, 2021/11/26, 06:16:06.094, 5905912225673, testhost.net48.x86.exe, TestPluginCache.DiscoverTestExtensions: Discovering the extensions using allExtensionPaths: C:\Program Files\dotnet\sdk\5.0.402\Extensions\Microsoft.Diagnostics.NETCore.Client.dll
C:\Program Files\dotnet\sdk\5.0.402\Extensions\Microsoft.TestPlatform.Extensions.BlameDataCollector.dll
C:\Program Files\dotnet\sdk\5.0.402\Extensions\Microsoft.TestPlatform.Extensions.EventLogCollector.dll
C:\Program Files\dotnet\sdk\5.0.402\Extensions\Microsoft.TestPlatform.TestHostRuntimeProvider.dll
C:\Program Files\dotnet\sdk\5.0.402\Extensions\Microsoft.VisualStudio.TestPlatform.Extensions.Html.TestLogger.dll
C:\Program Files\dotnet\sdk\5.0.402\Extensions\Microsoft.VisualStudio.TestPlatform.Extensions.Trx.TestLogger.dll
C:\Users\weiya\source\repos\AVENSYSTRG\AvensysTRG\FinalProj\SmartBasket\unittesting\bin\Debug\net48\fine-code-coverage\build-output\xunit.runner.visualstudio.testadapter.dll
TpTrace Information: 0 : 19152, 3, 2021/11/26, 06:16:06.094, 5905912226402, testhost.net48.x86.exe, AssemblyResolver.AddSearchDirectories: Adding more searchDirectories C:\Program Files\dotnet\sdk\5.0.402\Extensions,C:\Program Files\dotnet\sdk\5.0.402\TestHost
TpTrace Information: 0 : 19152, 3, 2021/11/26, 06:16:06.094, 5905912226979, testhost.net48.x86.exe, AssemblyResolver.AddSearchDirectories: Adding more searchDirectories C:\Program Files\dotnet\sdk\5.0.402\Extensions,C:\Program Files\dotnet\sdk\5.0.402\TestHost
TpTrace Information: 0 : 19152, 3, 2021/11/26, 06:16:06.094, 5905912227504, testhost.net48.x86.exe, AssemblyResolver.AddSearchDirectories: Adding more searchDirectories C:\Program Files\dotnet\sdk\5.0.402\Extensions,C:\Program Files\dotnet\sdk\5.0.402\TestHost
TpTrace Information: 0 : 19152, 3, 2021/11/26, 06:16:06.094, 5905912228035, testhost.net48.x86.exe, AssemblyResolver.AddSearchDirectories: Adding more searchDirectories C:\Program Files\dotnet\sdk\5.0.402\Extensions,C:\Program Files\dotnet\sdk\5.0.402\TestHost
TpTrace Information: 0 : 19152, 3, 2021/11/26, 06:16:06.094, 5905912228552, testhost.net48.x86.exe, AssemblyResolver.AddSearchDirectories: Adding more searchDirectories C:\Program Files\dotnet\sdk\5.0.402\Extensions,C:\Program Files\dotnet\sdk\5.0.402\TestHost
TpTrace Information: 0 : 19152, 3, 2021/11/26, 06:16:06.094, 5905912229079, testhost.net48.x86.exe, AssemblyResolver.AddSearchDirectories: Adding more searchDirectories C:\Program Files\dotnet\sdk\5.0.402\Extensions,C:\Program Files\dotnet\sdk\5.0.402\TestHost
TpTrace Information: 0 : 19152, 3, 2021/11/26, 06:16:06.095, 5905912229649, testhost.net48.x86.exe, AssemblyResolver.AddSearchDirectories: Adding more searchDirectories C:\Users\weiya\source\repos\AVENSYSTRG\AvensysTRG\FinalProj\SmartBasket\unittesting\bin\Debug\net48\fine-code-coverage\build-output,C:\Program Files\dotnet\sdk\5.0.402\TestHost
TpTrace Warning: 0 : 19152, 3, 2021/11/26, 06:16:06.095, 5905912231664, testhost.net48.x86.exe, TestPluginDiscoverer: Failed to load extensions from file 'C:\Program Files\dotnet\sdk\5.0.402\Extensions\Microsoft.Diagnostics.NETCore.Client.dll'.  Skipping test extension scan for this file.  Error: System.IO.FileNotFoundException: Could not load file or assembly 'Microsoft.Diagnostics.NETCore.Client' or one of its dependencies. The system cannot find the file specified.
File name: 'Microsoft.Diagnostics.NETCore.Client'
   at System.Reflection.RuntimeAssembly._nLoad(AssemblyName fileName, String codeBase, Evidence assemblySecurity, RuntimeAssembly locationHint, StackCrawlMark& stackMark, IntPtr pPrivHostBinder, Boolean throwOnFileNotFound, Boolean forIntrospection, Boolean suppressSecurityChecks)
   at System.Reflection.RuntimeAssembly.nLoad(AssemblyName fileName, String codeBase, Evidence assemblySecurity, RuntimeAssembly locationHint, StackCrawlMark& stackMark, IntPtr pPrivHostBinder, Boolean throwOnFileNotFound, Boolean forIntrospection, Boolean suppressSecurityChecks)
   at System.Reflection.RuntimeAssembly.InternalLoadAssemblyName(AssemblyName assemblyRef, Evidence assemblySecurity, RuntimeAssembly reqAssembly, StackCrawlMark& stackMark, IntPtr pPrivHostBinder, Boolean throwOnFileNotFound, Boolean forIntrospection, Boolean suppressSecurityChecks)
   at System.Reflection.Assembly.Load(AssemblyName assemblyRef)
   at Microsoft.VisualStudio.TestPlatform.Common.ExtensionFramework.TestPluginDiscoverer.GetTestExtensionsFromFiles[TPluginInfo,TExtension](String[] files, Dictionary`2 pluginInfos)

WRN: Assembly binding logging is turned OFF.
To enable assembly bind failure logging, set the registry value [HKLM\Software\Microsoft\Fusion!EnableLog] (DWORD) to 1.
Note: There is some performance penalty associated with assembly bind failure logging.
To turn this feature off, remove the registry value [HKLM\Software\Microsoft\Fusion!EnableLog].

TpTrace Warning: 0 : 19152, 3, 2021/11/26, 06:16:06.095, 5905912233266, testhost.net48.x86.exe, TestPluginDiscoverer: Failed to load extensions from file 'C:\Program Files\dotnet\sdk\5.0.402\Extensions\Microsoft.TestPlatform.Extensions.BlameDataCollector.dll'.  Skipping test extension scan for this file.  Error: System.IO.FileNotFoundException: Could not load file or assembly 'Microsoft.TestPlatform.Extensions.BlameDataCollector' or one of its dependencies. The system cannot find the file specified.
File name: 'Microsoft.TestPlatform.Extensions.BlameDataCollector'
   at System.Reflection.RuntimeAssembly._nLoad(AssemblyName fileName, String codeBase, Evidence assemblySecurity, RuntimeAssembly locationHint, StackCrawlMark& stackMark, IntPtr pPrivHostBinder, Boolean throwOnFileNotFound, Boolean forIntrospection, Boolean suppressSecurityChecks)
   at System.Reflection.RuntimeAssembly.nLoad(AssemblyName fileName, String codeBase, Evidence assemblySecurity, RuntimeAssembly locationHint, StackCrawlMark& stackMark, IntPtr pPrivHostBinder, Boolean throwOnFileNotFound, Boolean forIntrospection, Boolean suppressSecurityChecks)
   at System.Reflection.RuntimeAssembly.InternalLoadAssemblyName(AssemblyName assemblyRef, Evidence assemblySecurity, RuntimeAssembly reqAssembly, StackCrawlMark& stackMark, IntPtr pPrivHostBinder, Boolean throwOnFileNotFound, Boolean forIntrospection, Boolean suppressSecurityChecks)
   at System.Reflection.Assembly.Load(AssemblyName assemblyRef)
   at Microsoft.VisualStudio.TestPlatform.Common.ExtensionFramework.TestPluginDiscoverer.GetTestExtensionsFromFiles[TPluginInfo,TExtension](String[] files, Dictionary`2 pluginInfos)

WRN: Assembly binding logging is turned OFF.
To enable assembly bind failure logging, set the registry value [HKLM\Software\Microsoft\Fusion!EnableLog] (DWORD) to 1.
Note: There is some performance penalty associated with assembly bind failure logging.
To turn this feature off, remove the registry value [HKLM\Software\Microsoft\Fusion!EnableLog].

TpTrace Warning: 0 : 19152, 3, 2021/11/26, 06:16:06.095, 5905912235577, testhost.net48.x86.exe, TestPluginDiscoverer: Failed to load extensions from file 'C:\Program Files\dotnet\sdk\5.0.402\Extensions\Microsoft.TestPlatform.TestHostRuntimeProvider.dll'.  Skipping test extension scan for this file.  Error: System.IO.FileNotFoundException: Could not load file or assembly 'Microsoft.TestPlatform.TestHostRuntimeProvider' or one of its dependencies. The system cannot find the file specified.
File name: 'Microsoft.TestPlatform.TestHostRuntimeProvider'
   at System.Reflection.RuntimeAssembly._nLoad(AssemblyName fileName, String codeBase, Evidence assemblySecurity, RuntimeAssembly locationHint, StackCrawlMark& stackMark, IntPtr pPrivHostBinder, Boolean throwOnFileNotFound, Boolean forIntrospection, Boolean suppressSecurityChecks)
   at System.Reflection.RuntimeAssembly.nLoad(AssemblyName fileName, String codeBase, Evidence assemblySecurity, RuntimeAssembly locationHint, StackCrawlMark& stackMark, IntPtr pPrivHostBinder, Boolean throwOnFileNotFound, Boolean forIntrospection, Boolean suppressSecurityChecks)
   at System.Reflection.RuntimeAssembly.InternalLoadAssemblyName(AssemblyName assemblyRef, Evidence assemblySecurity, RuntimeAssembly reqAssembly, StackCrawlMark& stackMark, IntPtr pPrivHostBinder, Boolean throwOnFileNotFound, Boolean forIntrospection, Boolean suppressSecurityChecks)
   at System.Reflection.Assembly.Load(AssemblyName assemblyRef)
   at Microsoft.VisualStudio.TestPlatform.Common.ExtensionFramework.TestPluginDiscoverer.GetTestExtensionsFromFiles[TPluginInfo,TExtension](String[] files, Dictionary`2 pluginInfos)

WRN: Assembly binding logging is turned OFF.
To enable assembly bind failure logging, set the registry value [HKLM\Software\Microsoft\Fusion!EnableLog] (DWORD) to 1.
Note: There is some performance penalty associated with assembly bind failure logging.
To turn this feature off, remove the registry value [HKLM\Software\Microsoft\Fusion!EnableLog].

TpTrace Warning: 0 : 19152, 3, 2021/11/26, 06:16:06.095, 5905912237173, testhost.net48.x86.exe, TestPluginDiscoverer: Failed to load extensions from file 'C:\Program Files\dotnet\sdk\5.0.402\Extensions\Microsoft.VisualStudio.TestPlatform.Extensions.Html.TestLogger.dll'.  Skipping test extension scan for this file.  Error: System.IO.FileNotFoundException: Could not load file or assembly 'Microsoft.VisualStudio.TestPlatform.Extensions.Html.TestLogger' or one of its dependencies. The system cannot find the file specified.
File name: 'Microsoft.VisualStudio.TestPlatform.Extensions.Html.TestLogger'
   at System.Reflection.RuntimeAssembly._nLoad(AssemblyName fileName, String codeBase, Evidence assemblySecurity, RuntimeAssembly locationHint, StackCrawlMark& stackMark, IntPtr pPrivHostBinder, Boolean throwOnFileNotFound, Boolean forIntrospection, Boolean suppressSecurityChecks)
   at System.Reflection.RuntimeAssembly.nLoad(AssemblyName fileName, String codeBase, Evidence assemblySecurity, RuntimeAssembly locationHint, StackCrawlMark& stackMark, IntPtr pPrivHostBinder, Boolean throwOnFileNotFound, Boolean forIntrospection, Boolean suppressSecurityChecks)
   at System.Reflection.RuntimeAssembly.InternalLoadAssemblyName(AssemblyName assemblyRef, Evidence assemblySecurity, RuntimeAssembly reqAssembly, StackCrawlMark& stackMark, IntPtr pPrivHostBinder, Boolean throwOnFileNotFound, Boolean forIntrospection, Boolean suppressSecurityChecks)
   at System.Reflection.Assembly.Load(AssemblyName assemblyRef)
   at Microsoft.VisualStudio.TestPlatform.Common.ExtensionFramework.TestPluginDiscoverer.GetTestExtensionsFromFiles[TPluginInfo,TExtension](String[] files, Dictionary`2 pluginInfos)

WRN: Assembly binding logging is turned OFF.
To enable assembly bind failure logging, set the registry value [HKLM\Software\Microsoft\Fusion!EnableLog] (DWORD) to 1.
Note: There is some performance penalty associated with assembly bind failure logging.
To turn this feature off, remove the registry value [HKLM\Software\Microsoft\Fusion!EnableLog].

TpTrace Warning: 0 : 19152, 3, 2021/11/26, 06:16:06.095, 5905912238721, testhost.net48.x86.exe, TestPluginDiscoverer: Failed to load extensions from file 'C:\Program Files\dotnet\sdk\5.0.402\Extensions\Microsoft.VisualStudio.TestPlatform.Extensions.Trx.TestLogger.dll'.  Skipping test extension scan for this file.  Error: System.IO.FileNotFoundException: Could not load file or assembly 'Microsoft.VisualStudio.TestPlatform.Extensions.Trx.TestLogger' or one of its dependencies. The system cannot find the file specified.
File name: 'Microsoft.VisualStudio.TestPlatform.Extensions.Trx.TestLogger'
   at System.Reflection.RuntimeAssembly._nLoad(AssemblyName fileName, String codeBase, Evidence assemblySecurity, RuntimeAssembly locationHint, StackCrawlMark& stackMark, IntPtr pPrivHostBinder, Boolean throwOnFileNotFound, Boolean forIntrospection, Boolean suppressSecurityChecks)
   at System.Reflection.RuntimeAssembly.nLoad(AssemblyName fileName, String codeBase, Evidence assemblySecurity, RuntimeAssembly locationHint, StackCrawlMark& stackMark, IntPtr pPrivHostBinder, Boolean throwOnFileNotFound, Boolean forIntrospection, Boolean suppressSecurityChecks)
   at System.Reflection.RuntimeAssembly.InternalLoadAssemblyName(AssemblyName assemblyRef, Evidence assemblySecurity, RuntimeAssembly reqAssembly, StackCrawlMark& stackMark, IntPtr pPrivHostBinder, Boolean throwOnFileNotFound, Boolean forIntrospection, Boolean suppressSecurityChecks)
   at System.Reflection.Assembly.Load(AssemblyName assemblyRef)
   at Microsoft.VisualStudio.TestPlatform.Common.ExtensionFramework.TestPluginDiscoverer.GetTestExtensionsFromFiles[TPluginInfo,TExtension](String[] files, Dictionary`2 pluginInfos)

WRN: Assembly binding logging is turned OFF.
To enable assembly bind failure logging, set the registry value [HKLM\Software\Microsoft\Fusion!EnableLog] (DWORD) to 1.
Note: There is some performance penalty associated with assembly bind failure logging.
To turn this feature off, remove the registry value [HKLM\Software\Microsoft\Fusion!EnableLog].

TpTrace Verbose: 0 : 19152, 3, 2021/11/26, 06:16:06.097, 5905912254283, testhost.net48.x86.exe, TestPluginCache: Discovered the extensions using extension path ''.
TpTrace Verbose: 0 : 19152, 3, 2021/11/26, 06:16:06.097, 5905912255122, testhost.net48.x86.exe, TestPluginCache: Discoverers are 'Xunit.Runner.VisualStudio.VsTestRunner, xunit.runner.visualstudio.testadapter, Version=2.4.0.0, Culture=neutral, PublicKeyToken=8d05b1bb7a6fdb6c'.
TpTrace Verbose: 0 : 19152, 3, 2021/11/26, 06:16:06.097, 5905912255622, testhost.net48.x86.exe, TestPluginCache: Executors are 'executor://xunit/VsTestRunner2/net'.
TpTrace Verbose: 0 : 19152, 3, 2021/11/26, 06:16:06.097, 5905912256057, testhost.net48.x86.exe, TestPluginCache: Executors2 are ''.
TpTrace Verbose: 0 : 19152, 3, 2021/11/26, 06:16:06.097, 5905912256507, testhost.net48.x86.exe, TestPluginCache: Setting providers are ''.
TpTrace Verbose: 0 : 19152, 3, 2021/11/26, 06:16:06.097, 5905912256935, testhost.net48.x86.exe, TestPluginCache: Loggers are ''.
TpTrace Information: 0 : 19152, 3, 2021/11/26, 06:16:06.129, 5905912572995, testhost.net48.x86.exe, PEReaderHelper.GetAssemblyType: Determined assemblyType:'Managed' for source: 'C:\Users\weiya\source\repos\AVENSYSTRG\AvensysTRG\FinalProj\SmartBasket\unittesting\bin\Debug\net48\fine-code-coverage\build-output\unittesting.dll'
TpTrace Verbose: 0 : 19152, 3, 2021/11/26, 06:16:06.134, 5905912623833, testhost.net48.x86.exe, BaseRunTests.RunTestInternalWithExecutors: Running tests for executor://xunit/VsTestRunner2/net
TpTrace Verbose: 0 : 19152, 3, 2021/11/26, 06:16:06.135, 5905912628796, testhost.net48.x86.exe, BaseRunTests.TryToRunInSTAThread: Using STA thread to call adapter API.
TpTrace Information: 0 : 19152, 13, 2021/11/26, 06:16:06.148, 5905912758140, testhost.net48.x86.exe, [xUnit.net 00:00:00.00] xUnit.net VSTest Adapter v2.4.3+1b45f5407b (32-bit Desktop .NET 4.0.30319.42000)
TpTrace Verbose: 0 : 19152, 13, 2021/11/26, 06:16:06.148, 5905912761170, testhost.net48.x86.exe, TestRequestHandler.SendData:  sending data from testhost: {"Version":5,"MessageType":"TestSession.Message","Payload":{"MessageLevel":0,"Message":"[xUnit.net 00:00:00.00] xUnit.net VSTest Adapter v2.4.3+1b45f5407b (32-bit Desktop .NET 4.0.30319.42000)"}}
TpTrace Information: 0 : 19152, 13, 2021/11/26, 06:16:06.272, 5905914012225, testhost.net48.x86.exe, AssemblyResolver.OnResolve: xunit.runner.utility.net452, Version=2.4.1.0, Culture=neutral, PublicKeyToken=8d05b1bb7a6fdb6c: Resolving assembly.
TpTrace Information: 0 : 19152, 13, 2021/11/26, 06:16:06.272, 5905914013454, testhost.net48.x86.exe, AssemblyResolver.OnResolve: xunit.runner.utility.net452, Version=2.4.1.0, Culture=neutral, PublicKeyToken=8d05b1bb7a6fdb6c: Searching in: 'C:\Program Files\dotnet\sdk\5.0.402\Extensions'.
TpTrace Information: 0 : 19152, 13, 2021/11/26, 06:16:06.272, 5905914014402, testhost.net48.x86.exe, AssemblyResolver.OnResolve: xunit.runner.utility.net452, Version=2.4.1.0, Culture=neutral, PublicKeyToken=8d05b1bb7a6fdb6c: Assembly path does not exist: 'C:\Program Files\dotnet\sdk\5.0.402\Extensions\xunit.runner.utility.net452.dll', returning.
TpTrace Information: 0 : 19152, 13, 2021/11/26, 06:16:06.273, 5905914015331, testhost.net48.x86.exe, AssemblyResolver.OnResolve: xunit.runner.utility.net452, Version=2.4.1.0, Culture=neutral, PublicKeyToken=8d05b1bb7a6fdb6c: Assembly path does not exist: 'C:\Program Files\dotnet\sdk\5.0.402\Extensions\xunit.runner.utility.net452.exe', returning.
TpTrace Information: 0 : 19152, 13, 2021/11/26, 06:16:06.273, 5905914015824, testhost.net48.x86.exe, AssemblyResolver.OnResolve: xunit.runner.utility.net452, Version=2.4.1.0, Culture=neutral, PublicKeyToken=8d05b1bb7a6fdb6c: Searching in: 'C:\Users\weiya\source\repos\AVENSYSTRG\AvensysTRG\FinalProj\SmartBasket\unittesting\bin\Debug\net48\fine-code-coverage\build-output'.
TpTrace Information: 0 : 19152, 13, 2021/11/26, 06:16:06.273, 5905914019732, testhost.net48.x86.exe, AssemblyResolver.OnResolve: xunit.runner.utility.net452, Version=2.4.1.0, Culture=neutral, PublicKeyToken=8d05b1bb7a6fdb6c: Loading assembly 'C:\Users\weiya\source\repos\AVENSYSTRG\AvensysTRG\FinalProj\SmartBasket\unittesting\bin\Debug\net48\fine-code-coverage\build-output\xunit.runner.utility.net452.dll'.
TpTrace Information: 0 : 19152, 13, 2021/11/26, 06:16:06.274, 5905914027619, testhost.net48.x86.exe, AssemblyResolver.OnResolve: Resolved assembly: xunit.runner.utility.net452, Version=2.4.1.0, Culture=neutral, PublicKeyToken=8d05b1bb7a6fdb6c, from path: C:\Users\weiya\source\repos\AVENSYSTRG\AvensysTRG\FinalProj\SmartBasket\unittesting\bin\Debug\net48\fine-code-coverage\build-output\xunit.runner.utility.net452.dll
TpTrace Information: 0 : 19152, 13, 2021/11/26, 06:16:06.274, 5905914030775, testhost.net48.x86.exe, AssemblyResolver.OnResolve: xunit.abstractions, Version=2.0.0.0, Culture=neutral, PublicKeyToken=8d05b1bb7a6fdb6c: Resolving assembly.
TpTrace Information: 0 : 19152, 13, 2021/11/26, 06:16:06.274, 5905914031777, testhost.net48.x86.exe, AssemblyResolver.OnResolve: xunit.abstractions, Version=2.0.0.0, Culture=neutral, PublicKeyToken=8d05b1bb7a6fdb6c: Searching in: 'C:\Program Files\dotnet\sdk\5.0.402\Extensions'.
TpTrace Information: 0 : 19152, 13, 2021/11/26, 06:16:06.274, 5905914032894, testhost.net48.x86.exe, AssemblyResolver.OnResolve: xunit.abstractions, Version=2.0.0.0, Culture=neutral, PublicKeyToken=8d05b1bb7a6fdb6c: Assembly path does not exist: 'C:\Program Files\dotnet\sdk\5.0.402\Extensions\xunit.abstractions.dll', returning.
TpTrace Information: 0 : 19152, 13, 2021/11/26, 06:16:06.274, 5905914033719, testhost.net48.x86.exe, AssemblyResolver.OnResolve: xunit.abstractions, Version=2.0.0.0, Culture=neutral, PublicKeyToken=8d05b1bb7a6fdb6c: Assembly path does not exist: 'C:\Program Files\dotnet\sdk\5.0.402\Extensions\xunit.abstractions.exe', returning.
TpTrace Information: 0 : 19152, 13, 2021/11/26, 06:16:06.275, 5905914034888, testhost.net48.x86.exe, AssemblyResolver.OnResolve: xunit.abstractions, Version=2.0.0.0, Culture=neutral, PublicKeyToken=8d05b1bb7a6fdb6c: Searching in: 'C:\Users\weiya\source\repos\AVENSYSTRG\AvensysTRG\FinalProj\SmartBasket\unittesting\bin\Debug\net48\fine-code-coverage\build-output'.
TpTrace Information: 0 : 19152, 13, 2021/11/26, 06:16:06.275, 5905914039003, testhost.net48.x86.exe, AssemblyResolver.OnResolve: xunit.abstractions, Version=2.0.0.0, Culture=neutral, PublicKeyToken=8d05b1bb7a6fdb6c: Loading assembly 'C:\Users\weiya\source\repos\AVENSYSTRG\AvensysTRG\FinalProj\SmartBasket\unittesting\bin\Debug\net48\fine-code-coverage\build-output\xunit.abstractions.dll'.
TpTrace Information: 0 : 19152, 13, 2021/11/26, 06:16:06.275, 5905914044389, testhost.net48.x86.exe, AssemblyResolver.OnResolve: Resolved assembly: xunit.abstractions, Version=2.0.0.0, Culture=neutral, PublicKeyToken=8d05b1bb7a6fdb6c, from path: C:\Users\weiya\source\repos\AVENSYSTRG\AvensysTRG\FinalProj\SmartBasket\unittesting\bin\Debug\net48\fine-code-coverage\build-output\xunit.abstractions.dll
TpTrace Verbose: 0 : 19152, 8, 2021/11/26, 06:16:06.883, 5905920108807, testhost.net48.x86.exe, TcpClientExtensions.MessageLoopAsync: Polling on remoteEndPoint: 127.0.0.1:55049 localEndPoint: 127.0.0.1:55050
TpTrace Information: 0 : 19152, 13, 2021/11/26, 06:16:06.941, 5905920698644, testhost.net48.x86.exe, [xUnit.net 00:00:00.80]   Discovering: unittesting
TpTrace Verbose: 0 : 19152, 13, 2021/11/26, 06:16:06.941, 5905920700490, testhost.net48.x86.exe, TestRequestHandler.SendData:  sending data from testhost: {"Version":5,"MessageType":"TestSession.Message","Payload":{"MessageLevel":0,"Message":"[xUnit.net 00:00:00.80]   Discovering: unittesting"}}
TpTrace Information: 0 : 19152, 13, 2021/11/26, 06:16:07.025, 5905921537516, testhost.net48.x86.exe, [xUnit.net 00:00:00.88]   Discovered:  unittesting
TpTrace Verbose: 0 : 19152, 13, 2021/11/26, 06:16:07.025, 5905921538895, testhost.net48.x86.exe, TestRequestHandler.SendData:  sending data from testhost: {"Version":5,"MessageType":"TestSession.Message","Payload":{"MessageLevel":0,"Message":"[xUnit.net 00:00:00.88]   Discovered:  unittesting"}}
TpTrace Information: 0 : 19152, 13, 2021/11/26, 06:16:07.028, 5905921570905, testhost.net48.x86.exe, [xUnit.net 00:00:00.88]   Starting:    unittesting
TpTrace Verbose: 0 : 19152, 13, 2021/11/26, 06:16:07.028, 5905921572061, testhost.net48.x86.exe, TestRequestHandler.SendData:  sending data from testhost: {"Version":5,"MessageType":"TestSession.Message","Payload":{"MessageLevel":0,"Message":"[xUnit.net 00:00:00.88]   Starting:    unittesting"}}
TpTrace Information: 0 : 19152, 13, 2021/11/26, 06:16:07.031, 5905921600340, testhost.net48.x86.exe, AssemblyResolver.OnResolve: xunit.execution.desktop, Version=2.4.1.0, Culture=neutral, PublicKeyToken=8d05b1bb7a6fdb6c: Resolving assembly.
TpTrace Information: 0 : 19152, 13, 2021/11/26, 06:16:07.031, 5905921601362, testhost.net48.x86.exe, AssemblyResolver.OnResolve: xunit.execution.desktop, Version=2.4.1.0, Culture=neutral, PublicKeyToken=8d05b1bb7a6fdb6c: Searching in: 'C:\Program Files\dotnet\sdk\5.0.402\Extensions'.
TpTrace Information: 0 : 19152, 13, 2021/11/26, 06:16:07.031, 5905921602613, testhost.net48.x86.exe, AssemblyResolver.OnResolve: xunit.execution.desktop, Version=2.4.1.0, Culture=neutral, PublicKeyToken=8d05b1bb7a6fdb6c: Assembly path does not exist: 'C:\Program Files\dotnet\sdk\5.0.402\Extensions\xunit.execution.desktop.dll', returning.
TpTrace Information: 0 : 19152, 13, 2021/11/26, 06:16:07.031, 5905921603469, testhost.net48.x86.exe, AssemblyResolver.OnResolve: xunit.execution.desktop, Version=2.4.1.0, Culture=neutral, PublicKeyToken=8d05b1bb7a6fdb6c: Assembly path does not exist: 'C:\Program Files\dotnet\sdk\5.0.402\Extensions\xunit.execution.desktop.exe', returning.
TpTrace Information: 0 : 19152, 13, 2021/11/26, 06:16:07.031, 5905921604490, testhost.net48.x86.exe, AssemblyResolver.OnResolve: xunit.execution.desktop, Version=2.4.1.0, Culture=neutral, PublicKeyToken=8d05b1bb7a6fdb6c: Searching in: 'C:\Users\weiya\source\repos\AVENSYSTRG\AvensysTRG\FinalProj\SmartBasket\unittesting\bin\Debug\net48\fine-code-coverage\build-output'.
TpTrace Information: 0 : 19152, 13, 2021/11/26, 06:16:07.032, 5905921610284, testhost.net48.x86.exe, AssemblyResolver.OnResolve: xunit.execution.desktop, Version=2.4.1.0, Culture=neutral, PublicKeyToken=8d05b1bb7a6fdb6c: Loading assembly 'C:\Users\weiya\source\repos\AVENSYSTRG\AvensysTRG\FinalProj\SmartBasket\unittesting\bin\Debug\net48\fine-code-coverage\build-output\xunit.execution.desktop.dll'.
TpTrace Information: 0 : 19152, 13, 2021/11/26, 06:16:07.033, 5905921616267, testhost.net48.x86.exe, AssemblyResolver.OnResolve: Resolved assembly: xunit.execution.desktop, Version=2.4.1.0, Culture=neutral, PublicKeyToken=8d05b1bb7a6fdb6c, from path: C:\Users\weiya\source\repos\AVENSYSTRG\AvensysTRG\FinalProj\SmartBasket\unittesting\bin\Debug\net48\fine-code-coverage\build-output\xunit.execution.desktop.dll
TpTrace Information: 0 : 19152, 13, 2021/11/26, 06:16:07.033, 5905921617881, testhost.net48.x86.exe, AssemblyResolver.OnResolve: xunit.execution.desktop, Version=2.4.1.0, Culture=neutral, PublicKeyToken=8d05b1bb7a6fdb6c: Resolving assembly.
TpTrace Information: 0 : 19152, 13, 2021/11/26, 06:16:07.033, 5905921618433, testhost.net48.x86.exe, AssemblyResolver.OnResolve: xunit.execution.desktop, Version=2.4.1.0, Culture=neutral, PublicKeyToken=8d05b1bb7a6fdb6c: Resolved from cache.
TpTrace Information: 0 : 19152, 13, 2021/11/26, 06:16:07.033, 5905921621290, testhost.net48.x86.exe, AssemblyResolver.OnResolve: xunit.abstractions, Version=2.0.0.0, Culture=neutral, PublicKeyToken=8d05b1bb7a6fdb6c: Resolving assembly.
TpTrace Information: 0 : 19152, 13, 2021/11/26, 06:16:07.033, 5905921621858, testhost.net48.x86.exe, AssemblyResolver.OnResolve: xunit.abstractions, Version=2.0.0.0, Culture=neutral, PublicKeyToken=8d05b1bb7a6fdb6c: Resolved from cache.
TpTrace Information: 0 : 19152, 13, 2021/11/26, 06:16:07.034, 5905921624963, testhost.net48.x86.exe, AssemblyResolver.OnResolve: xunit.core, Version=2.4.1.0, Culture=neutral, PublicKeyToken=8d05b1bb7a6fdb6c: Resolving assembly.
TpTrace Information: 0 : 19152, 13, 2021/11/26, 06:16:07.034, 5905921625910, testhost.net48.x86.exe, AssemblyResolver.OnResolve: xunit.core, Version=2.4.1.0, Culture=neutral, PublicKeyToken=8d05b1bb7a6fdb6c: Searching in: 'C:\Program Files\dotnet\sdk\5.0.402\Extensions'.
TpTrace Information: 0 : 19152, 13, 2021/11/26, 06:16:07.034, 5905921627054, testhost.net48.x86.exe, AssemblyResolver.OnResolve: xunit.core, Version=2.4.1.0, Culture=neutral, PublicKeyToken=8d05b1bb7a6fdb6c: Assembly path does not exist: 'C:\Program Files\dotnet\sdk\5.0.402\Extensions\xunit.core.dll', returning.
TpTrace Information: 0 : 19152, 13, 2021/11/26, 06:16:07.034, 5905921627881, testhost.net48.x86.exe, AssemblyResolver.OnResolve: xunit.core, Version=2.4.1.0, Culture=neutral, PublicKeyToken=8d05b1bb7a6fdb6c: Assembly path does not exist: 'C:\Program Files\dotnet\sdk\5.0.402\Extensions\xunit.core.exe', returning.
TpTrace Information: 0 : 19152, 13, 2021/11/26, 06:16:07.034, 5905921628383, testhost.net48.x86.exe, AssemblyResolver.OnResolve: xunit.core, Version=2.4.1.0, Culture=neutral, PublicKeyToken=8d05b1bb7a6fdb6c: Searching in: 'C:\Users\weiya\source\repos\AVENSYSTRG\AvensysTRG\FinalProj\SmartBasket\unittesting\bin\Debug\net48\fine-code-coverage\build-output'.
TpTrace Information: 0 : 19152, 13, 2021/11/26, 06:16:07.034, 5905921633702, testhost.net48.x86.exe, AssemblyResolver.OnResolve: xunit.core, Version=2.4.1.0, Culture=neutral, PublicKeyToken=8d05b1bb7a6fdb6c: Loading assembly 'C:\Users\weiya\source\repos\AVENSYSTRG\AvensysTRG\FinalProj\SmartBasket\unittesting\bin\Debug\net48\fine-code-coverage\build-output\xunit.core.dll'.
TpTrace Information: 0 : 19152, 13, 2021/11/26, 06:16:07.035, 5905921639220, testhost.net48.x86.exe, AssemblyResolver.OnResolve: Resolved assembly: xunit.core, Version=2.4.1.0, Culture=neutral, PublicKeyToken=8d05b1bb7a6fdb6c, from path: C:\Users\weiya\source\repos\AVENSYSTRG\AvensysTRG\FinalProj\SmartBasket\unittesting\bin\Debug\net48\fine-code-coverage\build-output\xunit.core.dll
TpTrace Information: 0 : 19152, 13, 2021/11/26, 06:16:07.035, 5905921643394, testhost.net48.x86.exe, AssemblyResolver.OnResolve: xunit.abstractions, Version=2.0.0.0, Culture=neutral, PublicKeyToken=8d05b1bb7a6fdb6c: Resolving assembly.
TpTrace Information: 0 : 19152, 13, 2021/11/26, 06:16:07.035, 5905921644011, testhost.net48.x86.exe, AssemblyResolver.OnResolve: xunit.abstractions, Version=2.0.0.0, Culture=neutral, PublicKeyToken=8d05b1bb7a6fdb6c: Resolved from cache.
TpTrace Verbose: 0 : 19152, 16, 2021/11/26, 06:16:07.095, 5905922242710, testhost.net48.x86.exe, TestExecutionRecorder.RecordStart: Starting test: unittesting.UnitTest1.succesfulRemoveProduct.
TpTrace Information: 0 : 19152, 10, 2021/11/26, 06:16:07.541, 5905926695710, testhost.net48.x86.exe, Sending test run statistics
TpTrace Verbose: 0 : 19152, 10, 2021/11/26, 06:16:07.553, 5905926818702, testhost.net48.x86.exe, TestRequestHandler.SendData:  sending data from testhost: {"Version":5,"MessageType":"TestExecution.StatsChange","Payload":{"NewTestResults":[],"TestRunStatistics":{"ExecutedTests":0,"Stats":{}},"ActiveTests":[{"Id":"19d04a83-62f7-32a8-b0b8-4220b1982093","FullyQualifiedName":"unittesting.UnitTest1.succesfulRemoveProduct","DisplayName":"unittesting.UnitTest1.succesfulRemoveProduct","ExecutorUri":"executor://xunit/VsTestRunner2/net","Source":"C:\\Users\\weiya\\source\\repos\\AVENSYSTRG\\AvensysTRG\\FinalProj\\SmartBasket\\unittesting\\bin\\Debug\\net48\\fine-code-coverage\\build-output\\unittesting.dll","CodeFilePath":null,"LineNumber":0,"Properties":[]}]}}
TpTrace Verbose: 0 : 19152, 10, 2021/11/26, 06:16:07.554, 5905926822874, testhost.net48.x86.exe, TestRunCache: OnNewTestResult: Notified the onCacheHit callback.
TpTrace Verbose: 0 : 19152, 8, 2021/11/26, 06:16:07.883, 5905930112447, testhost.net48.x86.exe, TcpClientExtensions.MessageLoopAsync: Polling on remoteEndPoint: 127.0.0.1:55049 localEndPoint: 127.0.0.1:55050
TpTrace Verbose: 0 : 19152, 16, 2021/11/26, 06:16:08.187, 5905933157406, testhost.net48.x86.exe, TestExecutionRecorder.RecordResult: Received result for test: unittesting.UnitTest1.succesfulRemoveProduct.
TpTrace Warning: 0 : 19152, 16, 2021/11/26, 06:16:08.202, 5905933306417, testhost.net48.x86.exe, TestRunCache: InProgressTests is null
TpTrace Warning: 0 : 19152, 16, 2021/11/26, 06:16:08.202, 5905933307446, testhost.net48.x86.exe, TestRunCache: No test found corresponding to testResult 'unittesting.UnitTest1.succesfulRemoveProduct' in inProgress list.
TpTrace Verbose: 0 : 19152, 16, 2021/11/26, 06:16:08.204, 5905933326218, testhost.net48.x86.exe, TestExecutionRecorder.RecordEnd: test: unittesting.UnitTest1.succesfulRemoveProduct execution completed.
TpTrace Warning: 0 : 19152, 16, 2021/11/26, 06:16:08.204, 5905933327254, testhost.net48.x86.exe, TestRunCache: InProgressTests is null
TpTrace Verbose: 0 : 19152, 16, 2021/11/26, 06:16:08.204, 5905933332726, testhost.net48.x86.exe, TestExecutionRecorder.RecordStart: Starting test: unittesting.UnitTest1.unsuccesfulViewPurchaseHistoryEmptyPurchaseHistory.
TpTrace Verbose: 0 : 19152, 16, 2021/11/26, 06:16:08.206, 5905933347997, testhost.net48.x86.exe, TestExecutionRecorder.RecordResult: Received result for test: unittesting.UnitTest1.unsuccesfulViewPurchaseHistoryEmptyPurchaseHistory.
TpTrace Verbose: 0 : 19152, 16, 2021/11/26, 06:16:08.207, 5905933362994, testhost.net48.x86.exe, TestExecutionRecorder.RecordEnd: test: unittesting.UnitTest1.unsuccesfulViewPurchaseHistoryEmptyPurchaseHistory execution completed.
TpTrace Warning: 0 : 19152, 16, 2021/11/26, 06:16:08.208, 5905933363892, testhost.net48.x86.exe, TestRunCache: InProgressTests is null
TpTrace Verbose: 0 : 19152, 16, 2021/11/26, 06:16:08.208, 5905933368116, testhost.net48.x86.exe, TestExecutionRecorder.RecordStart: Starting test: unittesting.UnitTest1.unSuccesfulViewMostPurchasedItemItemNoItemsInPsuedoList.
TpTrace Verbose: 0 : 19152, 16, 2021/11/26, 06:16:08.396, 5905935246818, testhost.net48.x86.exe, TestExecutionRecorder.RecordResult: Received result for test: unittesting.UnitTest1.unSuccesfulViewMostPurchasedItemItemNoItemsInPsuedoList.
TpTrace Verbose: 0 : 19152, 16, 2021/11/26, 06:16:08.398, 5905935258870, testhost.net48.x86.exe, TestExecutionRecorder.RecordEnd: test: unittesting.UnitTest1.unSuccesfulViewMostPurchasedItemItemNoItemsInPsuedoList execution completed.
TpTrace Warning: 0 : 19152, 16, 2021/11/26, 06:16:08.398, 5905935259648, testhost.net48.x86.exe, TestRunCache: InProgressTests is null
TpTrace Verbose: 0 : 19152, 16, 2021/11/26, 06:16:08.398, 5905935264110, testhost.net48.x86.exe, TestExecutionRecorder.RecordStart: Starting test: unittesting.UnitTest1.unsuccesfulCheckingOutEmptyBasket.
TpTrace Verbose: 0 : 19152, 16, 2021/11/26, 06:16:08.401, 5905935291955, testhost.net48.x86.exe, TestExecutionRecorder.RecordResult: Received result for test: unittesting.UnitTest1.unsuccesfulCheckingOutEmptyBasket.
TpTrace Verbose: 0 : 19152, 16, 2021/11/26, 06:16:08.403, 5905935309235, testhost.net48.x86.exe, TestExecutionRecorder.RecordEnd: test: unittesting.UnitTest1.unsuccesfulCheckingOutEmptyBasket execution completed.
TpTrace Warning: 0 : 19152, 16, 2021/11/26, 06:16:08.403, 5905935310706, testhost.net48.x86.exe, TestRunCache: InProgressTests is null
TpTrace Verbose: 0 : 19152, 16, 2021/11/26, 06:16:08.403, 5905935316379, testhost.net48.x86.exe, TestExecutionRecorder.RecordStart: Starting test: unittesting.UnitTest1.LoginSuccessfully.
TpTrace Verbose: 0 : 19152, 16, 2021/11/26, 06:16:08.418, 5905935461203, testhost.net48.x86.exe, TestExecutionRecorder.RecordResult: Received result for test: unittesting.UnitTest1.LoginSuccessfully.
TpTrace Verbose: 0 : 19152, 16, 2021/11/26, 06:16:08.424, 5905935533831, testhost.net48.x86.exe, TestExecutionRecorder.RecordEnd: test: unittesting.UnitTest1.LoginSuccessfully execution completed.
TpTrace Warning: 0 : 19152, 16, 2021/11/26, 06:16:08.424, 5905935534779, testhost.net48.x86.exe, TestRunCache: InProgressTests is null
TpTrace Verbose: 0 : 19152, 16, 2021/11/26, 06:16:08.425, 5905935538941, testhost.net48.x86.exe, TestExecutionRecorder.RecordStart: Starting test: unittesting.UnitTest1.unsuccesfulViewPurchaseHistorytEmptyList.
TpTrace Verbose: 0 : 19152, 16, 2021/11/26, 06:16:08.426, 5905935551985, testhost.net48.x86.exe, TestExecutionRecorder.RecordResult: Received result for test: unittesting.UnitTest1.unsuccesfulViewPurchaseHistorytEmptyList.
TpTrace Verbose: 0 : 19152, 16, 2021/11/26, 06:16:08.427, 5905935566023, testhost.net48.x86.exe, TestExecutionRecorder.RecordEnd: test: unittesting.UnitTest1.unsuccesfulViewPurchaseHistorytEmptyList execution completed.
TpTrace Warning: 0 : 19152, 16, 2021/11/26, 06:16:08.427, 5905935566889, testhost.net48.x86.exe, TestRunCache: InProgressTests is null
TpTrace Verbose: 0 : 19152, 16, 2021/11/26, 06:16:08.428, 5905935571395, testhost.net48.x86.exe, TestExecutionRecorder.RecordStart: Starting test: unittesting.UnitTest1.succesfulViewMostPurchasedItem.
TpTrace Verbose: 0 : 19152, 16, 2021/11/26, 06:16:08.429, 5905935584630, testhost.net48.x86.exe, TestExecutionRecorder.RecordResult: Received result for test: unittesting.UnitTest1.succesfulViewMostPurchasedItem.
TpTrace Verbose: 0 : 19152, 16, 2021/11/26, 06:16:08.430, 5905935594287, testhost.net48.x86.exe, TestExecutionRecorder.RecordEnd: test: unittesting.UnitTest1.succesfulViewMostPurchasedItem execution completed.
TpTrace Warning: 0 : 19152, 16, 2021/11/26, 06:16:08.430, 5905935594978, testhost.net48.x86.exe, TestRunCache: InProgressTests is null
TpTrace Verbose: 0 : 19152, 16, 2021/11/26, 06:16:08.431, 5905935599396, testhost.net48.x86.exe, TestExecutionRecorder.RecordStart: Starting test: unittesting.UnitTest1.LoginFailed.
TpTrace Verbose: 0 : 19152, 16, 2021/11/26, 06:16:08.432, 5905935611701, testhost.net48.x86.exe, TestExecutionRecorder.RecordResult: Received result for test: unittesting.UnitTest1.LoginFailed.
TpTrace Verbose: 0 : 19152, 16, 2021/11/26, 06:16:08.433, 5905935620880, testhost.net48.x86.exe, TestExecutionRecorder.RecordEnd: test: unittesting.UnitTest1.LoginFailed execution completed.
TpTrace Warning: 0 : 19152, 16, 2021/11/26, 06:16:08.433, 5905935621621, testhost.net48.x86.exe, TestRunCache: InProgressTests is null
TpTrace Verbose: 0 : 19152, 16, 2021/11/26, 06:16:08.433, 5905935625695, testhost.net48.x86.exe, TestExecutionRecorder.RecordStart: Starting test: unittesting.UnitTest1.unsuccesfulCalculateTotalEmptyPsueProductList.
TpTrace Verbose: 0 : 19152, 16, 2021/11/26, 06:16:08.438, 5905935665887, testhost.net48.x86.exe, TestExecutionRecorder.RecordResult: Received result for test: unittesting.UnitTest1.unsuccesfulCalculateTotalEmptyPsueProductList.
TpTrace Verbose: 0 : 19152, 16, 2021/11/26, 06:16:08.439, 5905935678050, testhost.net48.x86.exe, TestExecutionRecorder.RecordEnd: test: unittesting.UnitTest1.unsuccesfulCalculateTotalEmptyPsueProductList execution completed.
TpTrace Warning: 0 : 19152, 16, 2021/11/26, 06:16:08.439, 5905935678830, testhost.net48.x86.exe, TestRunCache: InProgressTests is null
TpTrace Verbose: 0 : 19152, 16, 2021/11/26, 06:16:08.439, 5905935682975, testhost.net48.x86.exe, TestExecutionRecorder.RecordStart: Starting test: unittesting.UnitTest1.SuccessfullRemoveProduct.
TpTrace Information: 0 : 19152, 16, 2021/11/26, 06:16:08.439, 5905935684305, testhost.net48.x86.exe, Sending test run statistics
TpTrace Verbose: 0 : 19152, 16, 2021/11/26, 06:16:08.443, 5905935723714, testhost.net48.x86.exe, TestRequestHandler.SendData:  sending data from testhost: {"Version":5,"MessageType":"TestExecution.StatsChange","Payload":{"NewTestResults":[{"TestCase":{"Id":"19d04a83-62f7-32a8-b0b8-4220b1982093","FullyQualifiedName":"unittesting.UnitTest1.succesfulRemoveProduct","DisplayName":"unittesting.UnitTest1.succesfulRemoveProduct","ExecutorUri":"executor://xunit/VsTestRunner2/net","Source":"C:\\Users\\weiya\\source\\repos\\AVENSYSTRG\\AvensysTRG\\FinalProj\\SmartBasket\\unittesting\\bin\\Debug\\net48\\fine-code-coverage\\build-output\\unittesting.dll","CodeFilePath":null,"LineNumber":0,"Properties":[]},"Attachments":[],"Outcome":1,"ErrorMessage":null,"ErrorStackTrace":null,"DisplayName":"unittesting.UnitTest1.succesfulRemoveProduct","Messages":[],"ComputerName":"DESKTOP-URQND8D","Duration":"00:00:01.0630000","StartTime":"2021-11-25T22:16:08.1876292+00:00","EndTime":"2021-11-25T22:16:08.1876292+00:00","Properties":[]},{"TestCase":{"Id":"aff25314-c2a5-5893-b130-b42cdf76d7f0","FullyQualifiedName":"unittesting.UnitTest1.unsuccesfulViewPurchaseHistoryEmptyPurchaseHistory","DisplayName":"unittesting.UnitTest1.unsuccesfulViewPurchaseHistoryEmptyPurchaseHistory","ExecutorUri":"executor://xunit/VsTestRunner2/net","Source":"C:\\Users\\weiya\\source\\repos\\AVENSYSTRG\\AvensysTRG\\FinalProj\\SmartBasket\\unittesting\\bin\\Debug\\net48\\fine-code-coverage\\build-output\\unittesting.dll","CodeFilePath":null,"LineNumber":0,"Properties":[]},"Attachments":[],"Outcome":1,"ErrorMessage":null,"ErrorStackTrace":null,"DisplayName":"unittesting.UnitTest1.unsuccesfulViewPurchaseHistoryEmptyPurchaseHistory","Messages":[],"ComputerName":"DESKTOP-URQND8D","Duration":"00:00:00.0080000","StartTime":"2021-11-25T22:16:08.2065835+00:00","EndTime":"2021-11-25T22:16:08.2065835+00:00","Properties":[]},{"TestCase":{"Id":"a2e112eb-343f-31a2-8e84-994f2bf54f25","FullyQualifiedName":"unittesting.UnitTest1.unSuccesfulViewMostPurchasedItemItemNoItemsInPsuedoList","DisplayName":"unittesting.UnitTest1.unSuccesfulViewMostPurchasedItemItemNoItemsInPsuedoList","ExecutorUri":"executor://xunit/VsTestRunner2/net","Source":"C:\\Users\\weiya\\source\\repos\\AVENSYSTRG\\AvensysTRG\\FinalProj\\SmartBasket\\unittesting\\bin\\Debug\\net48\\fine-code-coverage\\build-output\\unittesting.dll","CodeFilePath":null,"LineNumber":0,"Properties":[]},"Attachments":[],"Outcome":1,"ErrorMessage":null,"ErrorStackTrace":null,"DisplayName":"unittesting.UnitTest1.unSuccesfulViewMostPurchasedItemItemNoItemsInPsuedoList","Messages":[],"ComputerName":"DESKTOP-URQND8D","Duration":"00:00:00.2030000","StartTime":"2021-11-25T22:16:08.3960726+00:00","EndTime":"2021-11-25T22:16:08.3960726+00:00","Properties":[]},{"TestCase":{"Id":"9acd3122-520e-a1b4-7e39-c489ce94b035","FullyQualifiedName":"unittesting.UnitTest1.unsuccesfulCheckingOutEmptyBasket","DisplayName":"unittesting.UnitTest1.unsuccesfulCheckingOutEmptyBasket","ExecutorUri":"executor://xunit/VsTestRunner2/net","Source":"C:\\Users\\weiya\\source\\repos\\AVENSYSTRG\\AvensysTRG\\FinalProj\\SmartBasket\\unittesting\\bin\\Debug\\net48\\fine-code-coverage\\build-output\\unittesting.dll","CodeFilePath":null,"LineNumber":0,"Properties":[]},"Attachments":[],"Outcome":1,"ErrorMessage":null,"ErrorStackTrace":null,"DisplayName":"unittesting.UnitTest1.unsuccesfulCheckingOutEmptyBasket","Messages":[],"ComputerName":"DESKTOP-URQND8D","Duration":"00:00:00.0040000","StartTime":"2021-11-25T22:16:08.4010861+00:00","EndTime":"2021-11-25T22:16:08.4010861+00:00","Properties":[]},{"TestCase":{"Id":"7d76b519-d26e-5057-8376-cada077dcc77","FullyQualifiedName":"unittesting.UnitTest1.LoginSuccessfully","DisplayName":"unittesting.UnitTest1.LoginSuccessfully","ExecutorUri":"executor://xunit/VsTestRunner2/net","Source":"C:\\Users\\weiya\\source\\repos\\AVENSYSTRG\\AvensysTRG\\FinalProj\\SmartBasket\\unittesting\\bin\\Debug\\net48\\fine-code-coverage\\build-output\\unittesting.dll","CodeFilePath":null,"LineNumber":0,"Properties":[]},"Attachments":[],"Outcome":1,"ErrorMessage":null,"ErrorStackTrace":null,"DisplayName":"unittesting.UnitTest1.LoginSuccessfully","Messages":[],"ComputerName":"DESKTOP-URQND8D","Duration":"00:00:00.0170000","StartTime":"2021-11-25T22:16:08.418015+00:00","EndTime":"2021-11-25T22:16:08.418015+00:00","Properties":[]},{"TestCase":{"Id":"66f59ac7-f1c7-d5dc-2cf0-5675569e4b14","FullyQualifiedName":"unittesting.UnitTest1.unsuccesfulViewPurchaseHistorytEmptyList","DisplayName":"unittesting.UnitTest1.unsuccesfulViewPurchaseHistorytEmptyList","ExecutorUri":"executor://xunit/VsTestRunner2/net","Source":"C:\\Users\\weiya\\source\\repos\\AVENSYSTRG\\AvensysTRG\\FinalProj\\SmartBasket\\unittesting\\bin\\Debug\\net48\\fine-code-coverage\\build-output\\unittesting.dll","CodeFilePath":null,"LineNumber":0,"Properties":[]},"Attachments":[],"Outcome":1,"ErrorMessage":null,"ErrorStackTrace":null,"DisplayName":"unittesting.UnitTest1.unsuccesfulViewPurchaseHistorytEmptyList","Messages":[],"ComputerName":"DESKTOP-URQND8D","Duration":"00:00:00.0020000","StartTime":"2021-11-25T22:16:08.4269922+00:00","EndTime":"2021-11-25T22:16:08.4269922+00:00","Properties":[]},{"TestCase":{"Id":"8d003dd8-29b8-23f5-c6ab-88354787b4d5","FullyQualifiedName":"unittesting.UnitTest1.succesfulViewMostPurchasedItem","DisplayName":"unittesting.UnitTest1.succesfulViewMostPurchasedItem","ExecutorUri":"executor://xunit/VsTestRunner2/net","Source":"C:\\Users\\weiya\\source\\repos\\AVENSYSTRG\\AvensysTRG\\FinalProj\\SmartBasket\\unittesting\\bin\\Debug\\net48\\fine-code-coverage\\build-output\\unittesting.dll","CodeFilePath":null,"LineNumber":0,"Properties":[]},"Attachments":[],"Outcome":1,"ErrorMessage":null,"ErrorStackTrace":null,"DisplayName":"unittesting.UnitTest1.succesfulViewMostPurchasedItem","Messages":[],"ComputerName":"DESKTOP-URQND8D","Duration":"00:00:00.0060000","StartTime":"2021-11-25T22:16:08.4299838+00:00","EndTime":"2021-11-25T22:16:08.4299838+00:00","Properties":[]},{"TestCase":{"Id":"3dd147c1-ad72-b70b-750f-db59f2ac56c9","FullyQualifiedName":"unittesting.UnitTest1.LoginFailed","DisplayName":"unittesting.UnitTest1.LoginFailed","ExecutorUri":"executor://xunit/VsTestRunner2/net","Source":"C:\\Users\\weiya\\source\\repos\\AVENSYSTRG\\AvensysTRG\\FinalProj\\SmartBasket\\unittesting\\bin\\Debug\\net48\\fine-code-coverage\\build-output\\unittesting.dll","CodeFilePath":null,"LineNumber":0,"Properties":[]},"Attachments":[],"Outcome":1,"ErrorMessage":null,"ErrorStackTrace":null,"DisplayName":"unittesting.UnitTest1.LoginFailed","Messages":[],"ComputerName":"DESKTOP-URQND8D","Duration":"00:00:00.0060000","StartTime":"2021-11-25T22:16:08.4329753+00:00","EndTime":"2021-11-25T22:16:08.4329753+00:00","Properties":[]},{"TestCase":{"Id":"12d5110b-9d5e-38bb-def5-2047216604d3","FullyQualifiedName":"unittesting.UnitTest1.unsuccesfulCalculateTotalEmptyPsueProductList","DisplayName":"unittesting.UnitTest1.unsuccesfulCalculateTotalEmptyPsueProductList","ExecutorUri":"executor://xunit/VsTestRunner2/net","Source":"C:\\Users\\weiya\\source\\repos\\AVENSYSTRG\\AvensysTRG\\FinalProj\\SmartBasket\\unittesting\\bin\\Debug\\net48\\fine-code-coverage\\build-output\\unittesting.dll","CodeFilePath":null,"LineNumber":0,"Properties":[]},"Attachments":[],"Outcome":1,"ErrorMessage":null,"ErrorStackTrace":null,"DisplayName":"unittesting.UnitTest1.unsuccesfulCalculateTotalEmptyPsueProductList","Messages":[],"ComputerName":"DESKTOP-URQND8D","Duration":"00:00:00.0070000","StartTime":"2021-11-25T22:16:08.4380031+00:00","EndTime":"2021-11-25T22:16:08.4380031+00:00","Properties":[]}],"TestRunStatistics":{"ExecutedTests":9,"Stats":{"Passed":9}},"ActiveTests":[{"Id":"3ae6a30e-df93-7a8f-1d2a-f3809db19d4f","FullyQualifiedName":"unittesting.UnitTest1.SuccessfullRemoveProduct","DisplayName":"unittesting.UnitTest1.SuccessfullRemoveProduct","ExecutorUri":"executor://xunit/VsTestRunner2/net","Source":"C:\\Users\\weiya\\source\\repos\\AVENSYSTRG\\AvensysTRG\\FinalProj\\SmartBasket\\unittesting\\bin\\Debug\\net48\\fine-code-coverage\\build-output\\unittesting.dll","CodeFilePath":null,"LineNumber":0,"Properties":[]}]}}
TpTrace Verbose: 0 : 19152, 16, 2021/11/26, 06:16:08.443, 5905935725902, testhost.net48.x86.exe, TestRunCache: OnNewTestResult: Notified the onCacheHit callback.
TpTrace Verbose: 0 : 19152, 16, 2021/11/26, 06:16:08.445, 5905935745382, testhost.net48.x86.exe, TestExecutionRecorder.RecordResult: Received result for test: unittesting.UnitTest1.SuccessfullRemoveProduct.
TpTrace Warning: 0 : 19152, 16, 2021/11/26, 06:16:08.447, 5905935757482, testhost.net48.x86.exe, TestRunCache: InProgressTests is null
TpTrace Warning: 0 : 19152, 16, 2021/11/26, 06:16:08.447, 5905935758414, testhost.net48.x86.exe, TestRunCache: No test found corresponding to testResult 'unittesting.UnitTest1.SuccessfullRemoveProduct' in inProgress list.
TpTrace Verbose: 0 : 19152, 16, 2021/11/26, 06:16:08.447, 5905935762485, testhost.net48.x86.exe, TestExecutionRecorder.RecordEnd: test: unittesting.UnitTest1.SuccessfullRemoveProduct execution completed.
TpTrace Warning: 0 : 19152, 16, 2021/11/26, 06:16:08.447, 5905935763076, testhost.net48.x86.exe, TestRunCache: InProgressTests is null
TpTrace Verbose: 0 : 19152, 16, 2021/11/26, 06:16:08.448, 5905935767127, testhost.net48.x86.exe, TestExecutionRecorder.RecordStart: Starting test: unittesting.UnitTest1.unsuccesfulCheckOutInvalidID.
TpTrace Verbose: 0 : 19152, 16, 2021/11/26, 06:16:08.449, 5905935781282, testhost.net48.x86.exe, TestExecutionRecorder.RecordResult: Received result for test: unittesting.UnitTest1.unsuccesfulCheckOutInvalidID.
TpTrace Verbose: 0 : 19152, 16, 2021/11/26, 06:16:08.450, 5905935792827, testhost.net48.x86.exe, TestExecutionRecorder.RecordEnd: test: unittesting.UnitTest1.unsuccesfulCheckOutInvalidID execution completed.
TpTrace Warning: 0 : 19152, 16, 2021/11/26, 06:16:08.450, 5905935794325, testhost.net48.x86.exe, TestRunCache: InProgressTests is null
TpTrace Verbose: 0 : 19152, 16, 2021/11/26, 06:16:08.451, 5905935799886, testhost.net48.x86.exe, TestExecutionRecorder.RecordStart: Starting test: unittesting.UnitTest1.unsuccesfulViewBasketInvalidID.
TpTrace Verbose: 0 : 19152, 16, 2021/11/26, 06:16:08.453, 5905935821586, testhost.net48.x86.exe, TestExecutionRecorder.RecordResult: Received result for test: unittesting.UnitTest1.unsuccesfulViewBasketInvalidID.
TpTrace Verbose: 0 : 19152, 16, 2021/11/26, 06:16:08.454, 5905935833848, testhost.net48.x86.exe, TestExecutionRecorder.RecordEnd: test: unittesting.UnitTest1.unsuccesfulViewBasketInvalidID execution completed.
TpTrace Warning: 0 : 19152, 16, 2021/11/26, 06:16:08.454, 5905935834773, testhost.net48.x86.exe, TestRunCache: InProgressTests is null
TpTrace Verbose: 0 : 19152, 16, 2021/11/26, 06:16:08.455, 5905935840115, testhost.net48.x86.exe, TestExecutionRecorder.RecordStart: Starting test: unittesting.UnitTest1.succesfulViewPurchaseHistory.
TpTrace Verbose: 0 : 19152, 16, 2021/11/26, 06:16:08.456, 5905935853486, testhost.net48.x86.exe, TestExecutionRecorder.RecordResult: Received result for test: unittesting.UnitTest1.succesfulViewPurchaseHistory.
TpTrace Verbose: 0 : 19152, 16, 2021/11/26, 06:16:08.457, 5905935866511, testhost.net48.x86.exe, TestExecutionRecorder.RecordEnd: test: unittesting.UnitTest1.succesfulViewPurchaseHistory execution completed.
TpTrace Warning: 0 : 19152, 16, 2021/11/26, 06:16:08.458, 5905935868083, testhost.net48.x86.exe, TestRunCache: InProgressTests is null
TpTrace Verbose: 0 : 19152, 16, 2021/11/26, 06:16:08.458, 5905935874659, testhost.net48.x86.exe, TestExecutionRecorder.RecordStart: Starting test: unittesting.UnitTest1.UnsuccessfulCreationOfProduct.
TpTrace Verbose: 0 : 19152, 8, 2021/11/26, 06:16:08.898, 5905940264933, testhost.net48.x86.exe, TcpClientExtensions.MessageLoopAsync: Polling on remoteEndPoint: 127.0.0.1:55049 localEndPoint: 127.0.0.1:55050
TpTrace Verbose: 0 : 19152, 8, 2021/11/26, 06:16:09.914, 5905950418305, testhost.net48.x86.exe, TcpClientExtensions.MessageLoopAsync: Polling on remoteEndPoint: 127.0.0.1:55049 localEndPoint: 127.0.0.1:55050
TpTrace Information: 0 : 19152, 9, 2021/11/26, 06:16:09.944, 5905950728566, testhost.net48.x86.exe, Sending test run statistics
TpTrace Verbose: 0 : 19152, 9, 2021/11/26, 06:16:09.944, 5905950733434, testhost.net48.x86.exe, TestRequestHandler.SendData:  sending data from testhost: {"Version":5,"MessageType":"TestExecution.StatsChange","Payload":{"NewTestResults":[{"TestCase":{"Id":"3ae6a30e-df93-7a8f-1d2a-f3809db19d4f","FullyQualifiedName":"unittesting.UnitTest1.SuccessfullRemoveProduct","DisplayName":"unittesting.UnitTest1.SuccessfullRemoveProduct","ExecutorUri":"executor://xunit/VsTestRunner2/net","Source":"C:\\Users\\weiya\\source\\repos\\AVENSYSTRG\\AvensysTRG\\FinalProj\\SmartBasket\\unittesting\\bin\\Debug\\net48\\fine-code-coverage\\build-output\\unittesting.dll","CodeFilePath":null,"LineNumber":0,"Properties":[]},"Attachments":[],"Outcome":1,"ErrorMessage":null,"ErrorStackTrace":null,"DisplayName":"unittesting.UnitTest1.SuccessfullRemoveProduct","Messages":[],"ComputerName":"DESKTOP-URQND8D","Duration":"00:00:00.0030000","StartTime":"2021-11-25T22:16:08.4459415+00:00","EndTime":"2021-11-25T22:16:08.4459415+00:00","Properties":[]},{"TestCase":{"Id":"cb1dc2c1-afcf-0c8a-6475-3803d0d09af4","FullyQualifiedName":"unittesting.UnitTest1.unsuccesfulCheckOutInvalidID","DisplayName":"unittesting.UnitTest1.unsuccesfulCheckOutInvalidID","ExecutorUri":"executor://xunit/VsTestRunner2/net","Source":"C:\\Users\\weiya\\source\\repos\\AVENSYSTRG\\AvensysTRG\\FinalProj\\SmartBasket\\unittesting\\bin\\Debug\\net48\\fine-code-coverage\\build-output\\unittesting.dll","CodeFilePath":null,"LineNumber":0,"Properties":[]},"Attachments":[],"Outcome":1,"ErrorMessage":null,"ErrorStackTrace":null,"DisplayName":"unittesting.UnitTest1.unsuccesfulCheckOutInvalidID","Messages":[],"ComputerName":"DESKTOP-URQND8D","Duration":"00:00:00.0020000","StartTime":"2021-11-25T22:16:08.4499316+00:00","EndTime":"2021-11-25T22:16:08.4499316+00:00","Properties":[]},{"TestCase":{"Id":"a9704eac-5e4b-a402-69a7-5fb6a7976ed0","FullyQualifiedName":"unittesting.UnitTest1.unsuccesfulViewBasketInvalidID","DisplayName":"unittesting.UnitTest1.unsuccesfulViewBasketInvalidID","ExecutorUri":"executor://xunit/VsTestRunner2/net","Source":"C:\\Users\\weiya\\source\\repos\\AVENSYSTRG\\AvensysTRG\\FinalProj\\SmartBasket\\unittesting\\bin\\Debug\\net48\\fine-code-coverage\\build-output\\unittesting.dll","CodeFilePath":null,"LineNumber":0,"Properties":[]},"Attachments":[],"Outcome":1,"ErrorMessage":null,"ErrorStackTrace":null,"DisplayName":"unittesting.UnitTest1.unsuccesfulViewBasketInvalidID","Messages":[],"ComputerName":"DESKTOP-URQND8D","Duration":"00:00:00.0030000","StartTime":"2021-11-25T22:16:08.4539187+00:00","EndTime":"2021-11-25T22:16:08.4539187+00:00","Properties":[]},{"TestCase":{"Id":"e514f9a2-2a60-cc92-f106-8cbbf6fb3d57","FullyQualifiedName":"unittesting.UnitTest1.succesfulViewPurchaseHistory","DisplayName":"unittesting.UnitTest1.succesfulViewPurchaseHistory","ExecutorUri":"executor://xunit/VsTestRunner2/net","Source":"C:\\Users\\weiya\\source\\repos\\AVENSYSTRG\\AvensysTRG\\FinalProj\\SmartBasket\\unittesting\\bin\\Debug\\net48\\fine-code-coverage\\build-output\\unittesting.dll","CodeFilePath":null,"LineNumber":0,"Properties":[]},"Attachments":[],"Outcome":1,"ErrorMessage":null,"ErrorStackTrace":null,"DisplayName":"unittesting.UnitTest1.succesfulViewPurchaseHistory","Messages":[],"ComputerName":"DESKTOP-URQND8D","Duration":"00:00:00.0100000","StartTime":"2021-11-25T22:16:08.4569101+00:00","EndTime":"2021-11-25T22:16:08.4569101+00:00","Properties":[]}],"TestRunStatistics":{"ExecutedTests":13,"Stats":{"Passed":13}},"ActiveTests":[{"Id":"43200ac2-21a9-2c9d-8a8e-fa69eddd9c63","FullyQualifiedName":"unittesting.UnitTest1.UnsuccessfulCreationOfProduct","DisplayName":"unittesting.UnitTest1.UnsuccessfulCreationOfProduct","ExecutorUri":"executor://xunit/VsTestRunner2/net","Source":"C:\\Users\\weiya\\source\\repos\\AVENSYSTRG\\AvensysTRG\\FinalProj\\SmartBasket\\unittesting\\bin\\Debug\\net48\\fine-code-coverage\\build-output\\unittesting.dll","CodeFilePath":null,"LineNumber":0,"Properties":[]}]}}
TpTrace Verbose: 0 : 19152, 9, 2021/11/26, 06:16:09.944, 5905950736328, testhost.net48.x86.exe, TestRunCache: OnNewTestResult: Notified the onCacheHit callback.
TpTrace Verbose: 0 : 19152, 8, 2021/11/26, 06:16:10.929, 5905960570505, testhost.net48.x86.exe, TcpClientExtensions.MessageLoopAsync: Polling on remoteEndPoint: 127.0.0.1:55049 localEndPoint: 127.0.0.1:55050
TpTrace Verbose: 0 : 19152, 16, 2021/11/26, 06:16:10.996, 5905961241211, testhost.net48.x86.exe, TestExecutionRecorder.RecordResult: Received result for test: unittesting.UnitTest1.UnsuccessfulCreationOfProduct.
TpTrace Warning: 0 : 19152, 16, 2021/11/26, 06:16:10.997, 5905961248597, testhost.net48.x86.exe, TestRunCache: InProgressTests is null
TpTrace Warning: 0 : 19152, 16, 2021/11/26, 06:16:10.997, 5905961249530, testhost.net48.x86.exe, TestRunCache: No test found corresponding to testResult 'unittesting.UnitTest1.UnsuccessfulCreationOfProduct' in inProgress list.
TpTrace Verbose: 0 : 19152, 16, 2021/11/26, 06:16:10.997, 5905961253914, testhost.net48.x86.exe, TestExecutionRecorder.RecordEnd: test: unittesting.UnitTest1.UnsuccessfulCreationOfProduct execution completed.
TpTrace Warning: 0 : 19152, 16, 2021/11/26, 06:16:10.997, 5905961254502, testhost.net48.x86.exe, TestRunCache: InProgressTests is null
TpTrace Verbose: 0 : 19152, 16, 2021/11/26, 06:16:10.998, 5905961259968, testhost.net48.x86.exe, TestExecutionRecorder.RecordStart: Starting test: unittesting.UnitTest1.unsuccesfulCheckingOutEmptyPsuedoList.
TpTrace Verbose: 0 : 19152, 16, 2021/11/26, 06:16:11.000, 5905961279949, testhost.net48.x86.exe, TestExecutionRecorder.RecordResult: Received result for test: unittesting.UnitTest1.unsuccesfulCheckingOutEmptyPsuedoList.
TpTrace Verbose: 0 : 19152, 16, 2021/11/26, 06:16:11.001, 5905961295253, testhost.net48.x86.exe, TestExecutionRecorder.RecordEnd: test: unittesting.UnitTest1.unsuccesfulCheckingOutEmptyPsuedoList execution completed.
TpTrace Warning: 0 : 19152, 16, 2021/11/26, 06:16:11.001, 5905961296432, testhost.net48.x86.exe, TestRunCache: InProgressTests is null
TpTrace Verbose: 0 : 19152, 16, 2021/11/26, 06:16:11.002, 5905961304133, testhost.net48.x86.exe, TestExecutionRecorder.RecordStart: Starting test: unittesting.UnitTest1.unsuccesfulCalculateTotal.
TpTrace Verbose: 0 : 19152, 16, 2021/11/26, 06:16:11.004, 5905961323119, testhost.net48.x86.exe, TestExecutionRecorder.RecordResult: Received result for test: unittesting.UnitTest1.unsuccesfulCalculateTotal.
TpTrace Verbose: 0 : 19152, 16, 2021/11/26, 06:16:11.005, 5905961337313, testhost.net48.x86.exe, TestExecutionRecorder.RecordEnd: test: unittesting.UnitTest1.unsuccesfulCalculateTotal execution completed.
TpTrace Warning: 0 : 19152, 16, 2021/11/26, 06:16:11.006, 5905961338686, testhost.net48.x86.exe, TestRunCache: InProgressTests is null
TpTrace Verbose: 0 : 19152, 16, 2021/11/26, 06:16:11.006, 5905961346199, testhost.net48.x86.exe, TestExecutionRecorder.RecordStart: Starting test: unittesting.UnitTest1.unsuccesfulGenerateSalesReport.
TpTrace Verbose: 0 : 19152, 16, 2021/11/26, 06:16:11.008, 5905961361855, testhost.net48.x86.exe, TestExecutionRecorder.RecordResult: Received result for test: unittesting.UnitTest1.unsuccesfulGenerateSalesReport.
TpTrace Verbose: 0 : 19152, 16, 2021/11/26, 06:16:11.009, 5905961371640, testhost.net48.x86.exe, TestExecutionRecorder.RecordEnd: test: unittesting.UnitTest1.unsuccesfulGenerateSalesReport execution completed.
TpTrace Warning: 0 : 19152, 16, 2021/11/26, 06:16:11.009, 5905961372474, testhost.net48.x86.exe, TestRunCache: InProgressTests is null
TpTrace Verbose: 0 : 19152, 16, 2021/11/26, 06:16:11.009, 5905961377061, testhost.net48.x86.exe, TestExecutionRecorder.RecordStart: Starting test: unittesting.UnitTest1.succesfulViewBasket.
TpTrace Verbose: 0 : 19152, 16, 2021/11/26, 06:16:11.011, 5905961389914, testhost.net48.x86.exe, TestExecutionRecorder.RecordResult: Received result for test: unittesting.UnitTest1.succesfulViewBasket.
TpTrace Verbose: 0 : 19152, 16, 2021/11/26, 06:16:11.018, 5905961465414, testhost.net48.x86.exe, TestExecutionRecorder.RecordEnd: test: unittesting.UnitTest1.succesfulViewBasket execution completed.
TpTrace Warning: 0 : 19152, 16, 2021/11/26, 06:16:11.018, 5905961466557, testhost.net48.x86.exe, TestRunCache: InProgressTests is null
TpTrace Verbose: 0 : 19152, 16, 2021/11/26, 06:16:11.019, 5905961471344, testhost.net48.x86.exe, TestExecutionRecorder.RecordStart: Starting test: unittesting.UnitTest1.SuccessfullCreatCustomer.
TpTrace Verbose: 0 : 19152, 16, 2021/11/26, 06:16:11.021, 5905961496692, testhost.net48.x86.exe, TestExecutionRecorder.RecordResult: Received result for test: unittesting.UnitTest1.SuccessfullCreatCustomer.
TpTrace Verbose: 0 : 19152, 16, 2021/11/26, 06:16:11.023, 5905961508782, testhost.net48.x86.exe, TestExecutionRecorder.RecordEnd: test: unittesting.UnitTest1.SuccessfullCreatCustomer execution completed.
TpTrace Warning: 0 : 19152, 16, 2021/11/26, 06:16:11.023, 5905961509632, testhost.net48.x86.exe, TestRunCache: InProgressTests is null
TpTrace Verbose: 0 : 19152, 16, 2021/11/26, 06:16:11.023, 5905961513731, testhost.net48.x86.exe, TestExecutionRecorder.RecordStart: Starting test: unittesting.UnitTest1.succesfulAddToBasketSameItemFound.
TpTrace Verbose: 0 : 19152, 16, 2021/11/26, 06:16:11.031, 5905961588773, testhost.net48.x86.exe, TestExecutionRecorder.RecordResult: Received result for test: unittesting.UnitTest1.succesfulAddToBasketSameItemFound.
TpTrace Verbose: 0 : 19152, 16, 2021/11/26, 06:16:11.032, 5905961600681, testhost.net48.x86.exe, TestExecutionRecorder.RecordEnd: test: unittesting.UnitTest1.succesfulAddToBasketSameItemFound execution completed.
TpTrace Warning: 0 : 19152, 16, 2021/11/26, 06:16:11.032, 5905961601507, testhost.net48.x86.exe, TestRunCache: InProgressTests is null
TpTrace Verbose: 0 : 19152, 16, 2021/11/26, 06:16:11.032, 5905961605636, testhost.net48.x86.exe, TestExecutionRecorder.RecordStart: Starting test: unittesting.UnitTest1.succesfulCheckingOut.
TpTrace Verbose: 0 : 19152, 16, 2021/11/26, 06:16:11.039, 5905961669598, testhost.net48.x86.exe, TestExecutionRecorder.RecordResult: Received result for test: unittesting.UnitTest1.succesfulCheckingOut.
TpTrace Verbose: 0 : 19152, 16, 2021/11/26, 06:16:11.040, 5905961681343, testhost.net48.x86.exe, TestExecutionRecorder.RecordEnd: test: unittesting.UnitTest1.succesfulCheckingOut execution completed.
TpTrace Warning: 0 : 19152, 16, 2021/11/26, 06:16:11.040, 5905961682233, testhost.net48.x86.exe, TestRunCache: InProgressTests is null
TpTrace Verbose: 0 : 19152, 16, 2021/11/26, 06:16:11.040, 5905961686834, testhost.net48.x86.exe, TestExecutionRecorder.RecordStart: Starting test: unittesting.UnitTest1.unsuccesfulRemoveFromBasketItemNotFound.
TpTrace Verbose: 0 : 19152, 16, 2021/11/26, 06:16:11.041, 5905961701012, testhost.net48.x86.exe, TestExecutionRecorder.RecordResult: Received result for test: unittesting.UnitTest1.unsuccesfulRemoveFromBasketItemNotFound.
TpTrace Verbose: 0 : 19152, 16, 2021/11/26, 06:16:11.042, 5905961713144, testhost.net48.x86.exe, TestExecutionRecorder.RecordEnd: test: unittesting.UnitTest1.unsuccesfulRemoveFromBasketItemNotFound execution completed.
TpTrace Warning: 0 : 19152, 16, 2021/11/26, 06:16:11.042, 5905961714359, testhost.net48.x86.exe, TestRunCache: InProgressTests is null
TpTrace Verbose: 0 : 19152, 16, 2021/11/26, 06:16:11.044, 5905961721348, testhost.net48.x86.exe, TestExecutionRecorder.RecordStart: Starting test: unittesting.UnitTest1.SuccessfullCreateProduct.
TpTrace Information: 0 : 19152, 16, 2021/11/26, 06:16:11.044, 5905961722286, testhost.net48.x86.exe, Sending test run statistics
TpTrace Verbose: 0 : 19152, 16, 2021/11/26, 06:16:11.044, 5905961727307, testhost.net48.x86.exe, TestRequestHandler.SendData:  sending data from testhost: {"Version":5,"MessageType":"TestExecution.StatsChange","Payload":{"NewTestResults":[{"TestCase":{"Id":"43200ac2-21a9-2c9d-8a8e-fa69eddd9c63","FullyQualifiedName":"unittesting.UnitTest1.UnsuccessfulCreationOfProduct","DisplayName":"unittesting.UnitTest1.UnsuccessfulCreationOfProduct","ExecutorUri":"executor://xunit/VsTestRunner2/net","Source":"C:\\Users\\weiya\\source\\repos\\AVENSYSTRG\\AvensysTRG\\FinalProj\\SmartBasket\\unittesting\\bin\\Debug\\net48\\fine-code-coverage\\build-output\\unittesting.dll","CodeFilePath":null,"LineNumber":0,"Properties":[]},"Attachments":[],"Outcome":1,"ErrorMessage":null,"ErrorStackTrace":null,"DisplayName":"unittesting.UnitTest1.UnsuccessfulCreationOfProduct","Messages":[],"ComputerName":"DESKTOP-URQND8D","Duration":"00:00:02.5390000","StartTime":"2021-11-25T22:16:10.9961158+00:00","EndTime":"2021-11-25T22:16:10.9961158+00:00","Properties":[]},{"TestCase":{"Id":"91c434b5-b4e5-51d8-d244-1179d0e07d98","FullyQualifiedName":"unittesting.UnitTest1.unsuccesfulCheckingOutEmptyPsuedoList","DisplayName":"unittesting.UnitTest1.unsuccesfulCheckingOutEmptyPsuedoList","ExecutorUri":"executor://xunit/VsTestRunner2/net","Source":"C:\\Users\\weiya\\source\\repos\\AVENSYSTRG\\AvensysTRG\\FinalProj\\SmartBasket\\unittesting\\bin\\Debug\\net48\\fine-code-coverage\\build-output\\unittesting.dll","CodeFilePath":null,"LineNumber":0,"Properties":[]},"Attachments":[],"Outcome":1,"ErrorMessage":null,"ErrorStackTrace":null,"DisplayName":"unittesting.UnitTest1.unsuccesfulCheckingOutEmptyPsuedoList","Messages":[],"ComputerName":"DESKTOP-URQND8D","Duration":"00:00:00.0020000","StartTime":"2021-11-25T22:16:11.0001055+00:00","EndTime":"2021-11-25T22:16:11.0001055+00:00","Properties":[]},{"TestCase":{"Id":"5397944e-2c27-d863-3060-638e935279c9","FullyQualifiedName":"unittesting.UnitTest1.unsuccesfulCalculateTotal","DisplayName":"unittesting.UnitTest1.unsuccesfulCalculateTotal","ExecutorUri":"executor://xunit/VsTestRunner2/net","Source":"C:\\Users\\weiya\\source\\repos\\AVENSYSTRG\\AvensysTRG\\FinalProj\\SmartBasket\\unittesting\\bin\\Debug\\net48\\fine-code-coverage\\build-output\\unittesting.dll","CodeFilePath":null,"LineNumber":0,"Properties":[]},"Attachments":[],"Outcome":1,"ErrorMessage":null,"ErrorStackTrace":null,"DisplayName":"unittesting.UnitTest1.unsuccesfulCalculateTotal","Messages":[],"ComputerName":"DESKTOP-URQND8D","Duration":"00:00:00.0030000","StartTime":"2021-11-25T22:16:11.0040951+00:00","EndTime":"2021-11-25T22:16:11.0040951+00:00","Properties":[]},{"TestCase":{"Id":"cc410e70-c5f7-a0f3-51c7-0aa4578e51ec","FullyQualifiedName":"unittesting.UnitTest1.unsuccesfulGenerateSalesReport","DisplayName":"unittesting.UnitTest1.unsuccesfulGenerateSalesReport","ExecutorUri":"executor://xunit/VsTestRunner2/net","Source":"C:\\Users\\weiya\\source\\repos\\AVENSYSTRG\\AvensysTRG\\FinalProj\\SmartBasket\\unittesting\\bin\\Debug\\net48\\fine-code-coverage\\build-output\\unittesting.dll","CodeFilePath":null,"LineNumber":0,"Properties":[]},"Attachments":[],"Outcome":1,"ErrorMessage":null,"ErrorStackTrace":null,"DisplayName":"unittesting.UnitTest1.unsuccesfulGenerateSalesReport","Messages":[],"ComputerName":"DESKTOP-URQND8D","Duration":"00:00:00.0040000","StartTime":"2021-11-25T22:16:11.0080869+00:00","EndTime":"2021-11-25T22:16:11.0080869+00:00","Properties":[]},{"TestCase":{"Id":"ef23d756-b496-7545-5188-6f9321e984e7","FullyQualifiedName":"unittesting.UnitTest1.succesfulViewBasket","DisplayName":"unittesting.UnitTest1.succesfulViewBasket","ExecutorUri":"executor://xunit/VsTestRunner2/net","Source":"C:\\Users\\weiya\\source\\repos\\AVENSYSTRG\\AvensysTRG\\FinalProj\\SmartBasket\\unittesting\\bin\\Debug\\net48\\fine-code-coverage\\build-output\\unittesting.dll","CodeFilePath":null,"LineNumber":0,"Properties":[]},"Attachments":[],"Outcome":1,"ErrorMessage":null,"ErrorStackTrace":null,"DisplayName":"unittesting.UnitTest1.succesfulViewBasket","Messages":[],"ComputerName":"DESKTOP-URQND8D","Duration":"00:00:00.0050000","StartTime":"2021-11-25T22:16:11.0110801+00:00","EndTime":"2021-11-25T22:16:11.0110801+00:00","Properties":[]},{"TestCase":{"Id":"5d44f103-ab76-f9a6-59c6-29c26ad13e03","FullyQualifiedName":"unittesting.UnitTest1.SuccessfullCreatCustomer","DisplayName":"unittesting.UnitTest1.SuccessfullCreatCustomer","ExecutorUri":"executor://xunit/VsTestRunner2/net","Source":"C:\\Users\\weiya\\source\\repos\\AVENSYSTRG\\AvensysTRG\\FinalProj\\SmartBasket\\unittesting\\bin\\Debug\\net48\\fine-code-coverage\\build-output\\unittesting.dll","CodeFilePath":null,"LineNumber":0,"Properties":[]},"Attachments":[],"Outcome":1,"ErrorMessage":null,"ErrorStackTrace":null,"DisplayName":"unittesting.UnitTest1.SuccessfullCreatCustomer","Messages":[],"ComputerName":"DESKTOP-URQND8D","Duration":"00:00:00.0110000","StartTime":"2021-11-25T22:16:11.021052+00:00","EndTime":"2021-11-25T22:16:11.021052+00:00","Properties":[]},{"TestCase":{"Id":"9164a181-55d2-858c-a1a7-b0c27902663d","FullyQualifiedName":"unittesting.UnitTest1.succesfulAddToBasketSameItemFound","DisplayName":"unittesting.UnitTest1.succesfulAddToBasketSameItemFound","ExecutorUri":"executor://xunit/VsTestRunner2/net","Source":"C:\\Users\\weiya\\source\\repos\\AVENSYSTRG\\AvensysTRG\\FinalProj\\SmartBasket\\unittesting\\bin\\Debug\\net48\\fine-code-coverage\\build-output\\unittesting.dll","CodeFilePath":null,"LineNumber":0,"Properties":[]},"Attachments":[],"Outcome":1,"ErrorMessage":null,"ErrorStackTrace":null,"DisplayName":"unittesting.UnitTest1.succesfulAddToBasketSameItemFound","Messages":[],"ComputerName":"DESKTOP-URQND8D","Duration":"00:00:00.0090000","StartTime":"2021-11-25T22:16:11.0310253+00:00","EndTime":"2021-11-25T22:16:11.0310253+00:00","Properties":[]},{"TestCase":{"Id":"4b8a6fa0-1af4-6034-47bc-49578b5a8e4a","FullyQualifiedName":"unittesting.UnitTest1.succesfulCheckingOut","DisplayName":"unittesting.UnitTest1.succesfulCheckingOut","ExecutorUri":"executor://xunit/VsTestRunner2/net","Source":"C:\\Users\\weiya\\source\\repos\\AVENSYSTRG\\AvensysTRG\\FinalProj\\SmartBasket\\unittesting\\bin\\Debug\\net48\\fine-code-coverage\\build-output\\unittesting.dll","CodeFilePath":null,"LineNumber":0,"Properties":[]},"Attachments":[],"Outcome":1,"ErrorMessage":null,"ErrorStackTrace":null,"DisplayName":"unittesting.UnitTest1.succesfulCheckingOut","Messages":[],"ComputerName":"DESKTOP-URQND8D","Duration":"00:00:00.0080000","StartTime":"2021-11-25T22:16:11.0390047+00:00","EndTime":"2021-11-25T22:16:11.0390047+00:00","Properties":[]},{"TestCase":{"Id":"f8728d47-95cc-fe03-bbd5-08ea920feee0","FullyQualifiedName":"unittesting.UnitTest1.unsuccesfulRemoveFromBasketItemNotFound","DisplayName":"unittesting.UnitTest1.unsuccesfulRemoveFromBasketItemNotFound","ExecutorUri":"executor://xunit/VsTestRunner2/net","Source":"C:\\Users\\weiya\\source\\repos\\AVENSYSTRG\\AvensysTRG\\FinalProj\\SmartBasket\\unittesting\\bin\\Debug\\net48\\fine-code-coverage\\build-output\\unittesting.dll","CodeFilePath":null,"LineNumber":0,"Properties":[]},"Attachments":[],"Outcome":1,"ErrorMessage":null,"ErrorStackTrace":null,"DisplayName":"unittesting.UnitTest1.unsuccesfulRemoveFromBasketItemNotFound","Messages":[],"ComputerName":"DESKTOP-URQND8D","Duration":"00:00:00.0030000","StartTime":"2021-11-25T22:16:11.0419967+00:00","EndTime":"2021-11-25T22:16:11.0419967+00:00","Properties":[]}],"TestRunStatistics":{"ExecutedTests":22,"Stats":{"Passed":22}},"ActiveTests":[{"Id":"45a0cc74-5cf1-f4d5-47ce-230a6efb7301","FullyQualifiedName":"unittesting.UnitTest1.SuccessfullCreateProduct","DisplayName":"unittesting.UnitTest1.SuccessfullCreateProduct","ExecutorUri":"executor://xunit/VsTestRunner2/net","Source":"C:\\Users\\weiya\\source\\repos\\AVENSYSTRG\\AvensysTRG\\FinalProj\\SmartBasket\\unittesting\\bin\\Debug\\net48\\fine-code-coverage\\build-output\\unittesting.dll","CodeFilePath":null,"LineNumber":0,"Properties":[]}]}}
TpTrace Verbose: 0 : 19152, 16, 2021/11/26, 06:16:11.045, 5905961730290, testhost.net48.x86.exe, TestRunCache: OnNewTestResult: Notified the onCacheHit callback.
TpTrace Verbose: 0 : 19152, 16, 2021/11/26, 06:16:11.046, 5905961749439, testhost.net48.x86.exe, TestExecutionRecorder.RecordResult: Received result for test: unittesting.UnitTest1.SuccessfullCreateProduct.
TpTrace Warning: 0 : 19152, 16, 2021/11/26, 06:16:11.047, 5905961759059, testhost.net48.x86.exe, TestRunCache: InProgressTests is null
TpTrace Warning: 0 : 19152, 16, 2021/11/26, 06:16:11.047, 5905961760433, testhost.net48.x86.exe, TestRunCache: No test found corresponding to testResult 'unittesting.UnitTest1.SuccessfullCreateProduct' in inProgress list.
TpTrace Verbose: 0 : 19152, 16, 2021/11/26, 06:16:11.048, 5905961767088, testhost.net48.x86.exe, TestExecutionRecorder.RecordEnd: test: unittesting.UnitTest1.SuccessfullCreateProduct execution completed.
TpTrace Warning: 0 : 19152, 16, 2021/11/26, 06:16:11.048, 5905961768448, testhost.net48.x86.exe, TestRunCache: InProgressTests is null
TpTrace Verbose: 0 : 19152, 16, 2021/11/26, 06:16:11.048, 5905961776190, testhost.net48.x86.exe, TestExecutionRecorder.RecordStart: Starting test: unittesting.UnitTest1.succesfulAddToBasket.
TpTrace Verbose: 0 : 19152, 16, 2021/11/26, 06:16:11.050, 5905961792903, testhost.net48.x86.exe, TestExecutionRecorder.RecordResult: Received result for test: unittesting.UnitTest1.succesfulAddToBasket.
TpTrace Verbose: 0 : 19152, 16, 2021/11/26, 06:16:11.052, 5905961807058, testhost.net48.x86.exe, TestExecutionRecorder.RecordEnd: test: unittesting.UnitTest1.succesfulAddToBasket execution completed.
TpTrace Warning: 0 : 19152, 16, 2021/11/26, 06:16:11.052, 5905961808346, testhost.net48.x86.exe, TestRunCache: InProgressTests is null
TpTrace Verbose: 0 : 19152, 16, 2021/11/26, 06:16:11.052, 5905961815153, testhost.net48.x86.exe, TestExecutionRecorder.RecordStart: Starting test: unittesting.UnitTest1.unsuccesfulCalculateTotal0Totalprice.
TpTrace Verbose: 0 : 19152, 16, 2021/11/26, 06:16:11.054, 5905961831310, testhost.net48.x86.exe, TestExecutionRecorder.RecordResult: Received result for test: unittesting.UnitTest1.unsuccesfulCalculateTotal0Totalprice.
TpTrace Verbose: 0 : 19152, 16, 2021/11/26, 06:16:11.055, 5905961842814, testhost.net48.x86.exe, TestExecutionRecorder.RecordEnd: test: unittesting.UnitTest1.unsuccesfulCalculateTotal0Totalprice execution completed.
TpTrace Warning: 0 : 19152, 16, 2021/11/26, 06:16:11.055, 5905961843734, testhost.net48.x86.exe, TestRunCache: InProgressTests is null
TpTrace Verbose: 0 : 19152, 16, 2021/11/26, 06:16:11.056, 5905961848353, testhost.net48.x86.exe, TestExecutionRecorder.RecordStart: Starting test: unittesting.UnitTest1.unsuccessfulReturnCustomerList.
TpTrace Verbose: 0 : 19152, 16, 2021/11/26, 06:16:11.057, 5905961862253, testhost.net48.x86.exe, TestExecutionRecorder.RecordResult: Received result for test: unittesting.UnitTest1.unsuccessfulReturnCustomerList.
TpTrace Verbose: 0 : 19152, 16, 2021/11/26, 06:16:11.058, 5905961873917, testhost.net48.x86.exe, TestExecutionRecorder.RecordEnd: test: unittesting.UnitTest1.unsuccessfulReturnCustomerList execution completed.
TpTrace Warning: 0 : 19152, 16, 2021/11/26, 06:16:11.058, 5905961874783, testhost.net48.x86.exe, TestRunCache: InProgressTests is null
TpTrace Verbose: 0 : 19152, 16, 2021/11/26, 06:16:11.059, 5905961879412, testhost.net48.x86.exe, TestExecutionRecorder.RecordStart: Starting test: unittesting.UnitTest1.unsuccesfulRemoveFromBasketInvalidCustomerID.
TpTrace Verbose: 0 : 19152, 16, 2021/11/26, 06:16:11.062, 5905961916470, testhost.net48.x86.exe, TestExecutionRecorder.RecordResult: Received result for test: unittesting.UnitTest1.unsuccesfulRemoveFromBasketInvalidCustomerID.
TpTrace Verbose: 0 : 19152, 16, 2021/11/26, 06:16:11.064, 5905961927950, testhost.net48.x86.exe, TestExecutionRecorder.RecordEnd: test: unittesting.UnitTest1.unsuccesfulRemoveFromBasketInvalidCustomerID execution completed.
TpTrace Warning: 0 : 19152, 16, 2021/11/26, 06:16:11.064, 5905961928847, testhost.net48.x86.exe, TestRunCache: InProgressTests is null
TpTrace Verbose: 0 : 19152, 16, 2021/11/26, 06:16:11.064, 5905961933231, testhost.net48.x86.exe, TestExecutionRecorder.RecordStart: Starting test: unittesting.UnitTest1.unsuccesfulViewBasketEmptyPsuedoList.
TpTrace Verbose: 0 : 19152, 16, 2021/11/26, 06:16:11.066, 5905961948296, testhost.net48.x86.exe, TestExecutionRecorder.RecordResult: Received result for test: unittesting.UnitTest1.unsuccesfulViewBasketEmptyPsuedoList.
TpTrace Verbose: 0 : 19152, 16, 2021/11/26, 06:16:11.067, 5905961958411, testhost.net48.x86.exe, TestExecutionRecorder.RecordEnd: test: unittesting.UnitTest1.unsuccesfulViewBasketEmptyPsuedoList execution completed.
TpTrace Warning: 0 : 19152, 16, 2021/11/26, 06:16:11.067, 5905961959167, testhost.net48.x86.exe, TestRunCache: InProgressTests is null
TpTrace Verbose: 0 : 19152, 16, 2021/11/26, 06:16:11.067, 5905961963341, testhost.net48.x86.exe, TestExecutionRecorder.RecordStart: Starting test: unittesting.UnitTest1.unSuccesfulViewMostPurchasedItemItemQuantityis0.
TpTrace Verbose: 0 : 19152, 16, 2021/11/26, 06:16:11.068, 5905961975211, testhost.net48.x86.exe, TestExecutionRecorder.RecordResult: Received result for test: unittesting.UnitTest1.unSuccesfulViewMostPurchasedItemItemQuantityis0.
TpTrace Verbose: 0 : 19152, 16, 2021/11/26, 06:16:11.070, 5905961987906, testhost.net48.x86.exe, TestExecutionRecorder.RecordEnd: test: unittesting.UnitTest1.unSuccesfulViewMostPurchasedItemItemQuantityis0 execution completed.
TpTrace Warning: 0 : 19152, 16, 2021/11/26, 06:16:11.070, 5905961988798, testhost.net48.x86.exe, TestRunCache: InProgressTests is null
TpTrace Verbose: 0 : 19152, 16, 2021/11/26, 06:16:11.070, 5905961993125, testhost.net48.x86.exe, TestExecutionRecorder.RecordStart: Starting test: unittesting.UnitTest1.unsuccesfulCalculateTotalEmptyBasket.
TpTrace Verbose: 0 : 19152, 16, 2021/11/26, 06:16:11.072, 5905962007172, testhost.net48.x86.exe, TestExecutionRecorder.RecordResult: Received result for test: unittesting.UnitTest1.unsuccesfulCalculateTotalEmptyBasket.
TpTrace Verbose: 0 : 19152, 16, 2021/11/26, 06:16:11.073, 5905962018285, testhost.net48.x86.exe, TestExecutionRecorder.RecordEnd: test: unittesting.UnitTest1.unsuccesfulCalculateTotalEmptyBasket execution completed.
TpTrace Warning: 0 : 19152, 16, 2021/11/26, 06:16:11.073, 5905962019312, testhost.net48.x86.exe, TestRunCache: InProgressTests is null
TpTrace Verbose: 0 : 19152, 16, 2021/11/26, 06:16:11.073, 5905962024312, testhost.net48.x86.exe, TestExecutionRecorder.RecordStart: Starting test: unittesting.UnitTest1.UnsuccessfulRemoveProduct.
TpTrace Verbose: 0 : 19152, 16, 2021/11/26, 06:16:11.075, 5905962038010, testhost.net48.x86.exe, TestExecutionRecorder.RecordResult: Received result for test: unittesting.UnitTest1.UnsuccessfulRemoveProduct.
TpTrace Verbose: 0 : 19152, 16, 2021/11/26, 06:16:11.076, 5905962048932, testhost.net48.x86.exe, TestExecutionRecorder.RecordEnd: test: unittesting.UnitTest1.UnsuccessfulRemoveProduct execution completed.
TpTrace Warning: 0 : 19152, 16, 2021/11/26, 06:16:11.076, 5905962049798, testhost.net48.x86.exe, TestRunCache: InProgressTests is null
TpTrace Verbose: 0 : 19152, 16, 2021/11/26, 06:16:11.076, 5905962054148, testhost.net48.x86.exe, TestExecutionRecorder.RecordStart: Starting test: unittesting.UnitTest1.succesfulViewProducts.
TpTrace Information: 0 : 19152, 16, 2021/11/26, 06:16:11.076, 5905962054814, testhost.net48.x86.exe, Sending test run statistics
TpTrace Verbose: 0 : 19152, 16, 2021/11/26, 06:16:11.077, 5905962058254, testhost.net48.x86.exe, TestRequestHandler.SendData:  sending data from testhost: {"Version":5,"MessageType":"TestExecution.StatsChange","Payload":{"NewTestResults":[{"TestCase":{"Id":"45a0cc74-5cf1-f4d5-47ce-230a6efb7301","FullyQualifiedName":"unittesting.UnitTest1.SuccessfullCreateProduct","DisplayName":"unittesting.UnitTest1.SuccessfullCreateProduct","ExecutorUri":"executor://xunit/VsTestRunner2/net","Source":"C:\\Users\\weiya\\source\\repos\\AVENSYSTRG\\AvensysTRG\\FinalProj\\SmartBasket\\unittesting\\bin\\Debug\\net48\\fine-code-coverage\\build-output\\unittesting.dll","CodeFilePath":null,"LineNumber":0,"Properties":[]},"Attachments":[],"Outcome":1,"ErrorMessage":null,"ErrorStackTrace":null,"DisplayName":"unittesting.UnitTest1.SuccessfullCreateProduct","Messages":[],"ComputerName":"DESKTOP-URQND8D","Duration":"00:00:00.0020000","StartTime":"2021-11-25T22:16:11.0469815+00:00","EndTime":"2021-11-25T22:16:11.0469815+00:00","Properties":[]},{"TestCase":{"Id":"0e25fc87-f604-4e71-bc0f-5f9a3078a3c3","FullyQualifiedName":"unittesting.UnitTest1.succesfulAddToBasket","DisplayName":"unittesting.UnitTest1.succesfulAddToBasket","ExecutorUri":"executor://xunit/VsTestRunner2/net","Source":"C:\\Users\\weiya\\source\\repos\\AVENSYSTRG\\AvensysTRG\\FinalProj\\SmartBasket\\unittesting\\bin\\Debug\\net48\\fine-code-coverage\\build-output\\unittesting.dll","CodeFilePath":null,"LineNumber":0,"Properties":[]},"Attachments":[],"Outcome":1,"ErrorMessage":null,"ErrorStackTrace":null,"DisplayName":"unittesting.UnitTest1.succesfulAddToBasket","Messages":[],"ComputerName":"DESKTOP-URQND8D","Duration":"00:00:00.0040000","StartTime":"2021-11-25T22:16:11.0509721+00:00","EndTime":"2021-11-25T22:16:11.0509721+00:00","Properties":[]},{"TestCase":{"Id":"3cbfbca3-b148-99f3-f790-3458dffb4333","FullyQualifiedName":"unittesting.UnitTest1.unsuccesfulCalculateTotal0Totalprice","DisplayName":"unittesting.UnitTest1.unsuccesfulCalculateTotal0Totalprice","ExecutorUri":"executor://xunit/VsTestRunner2/net","Source":"C:\\Users\\weiya\\source\\repos\\AVENSYSTRG\\AvensysTRG\\FinalProj\\SmartBasket\\unittesting\\bin\\Debug\\net48\\fine-code-coverage\\build-output\\unittesting.dll","CodeFilePath":null,"LineNumber":0,"Properties":[]},"Attachments":[],"Outcome":1,"ErrorMessage":null,"ErrorStackTrace":null,"DisplayName":"unittesting.UnitTest1.unsuccesfulCalculateTotal0Totalprice","Messages":[],"ComputerName":"DESKTOP-URQND8D","Duration":"00:00:00.0060000","StartTime":"2021-11-25T22:16:11.0549625+00:00","EndTime":"2021-11-25T22:16:11.0549625+00:00","Properties":[]},{"TestCase":{"Id":"870f6456-0f3f-c4d7-ccfa-b59184c0a8f3","FullyQualifiedName":"unittesting.UnitTest1.unsuccessfulReturnCustomerList","DisplayName":"unittesting.UnitTest1.unsuccessfulReturnCustomerList","ExecutorUri":"executor://xunit/VsTestRunner2/net","Source":"C:\\Users\\weiya\\source\\repos\\AVENSYSTRG\\AvensysTRG\\FinalProj\\SmartBasket\\unittesting\\bin\\Debug\\net48\\fine-code-coverage\\build-output\\unittesting.dll","CodeFilePath":null,"LineNumber":0,"Properties":[]},"Attachments":[],"Outcome":1,"ErrorMessage":null,"ErrorStackTrace":null,"DisplayName":"unittesting.UnitTest1.unsuccessfulReturnCustomerList","Messages":[],"ComputerName":"DESKTOP-URQND8D","Duration":"00:00:00.0020000","StartTime":"2021-11-25T22:16:11.0579533+00:00","EndTime":"2021-11-25T22:16:11.0579533+00:00","Properties":[]},{"TestCase":{"Id":"b8d5a2db-ed08-02da-9c93-96f11a9f39db","FullyQualifiedName":"unittesting.UnitTest1.unsuccesfulRemoveFromBasketInvalidCustomerID","DisplayName":"unittesting.UnitTest1.unsuccesfulRemoveFromBasketInvalidCustomerID","ExecutorUri":"executor://xunit/VsTestRunner2/net","Source":"C:\\Users\\weiya\\source\\repos\\AVENSYSTRG\\AvensysTRG\\FinalProj\\SmartBasket\\unittesting\\bin\\Debug\\net48\\fine-code-coverage\\build-output\\unittesting.dll","CodeFilePath":null,"LineNumber":0,"Properties":[]},"Attachments":[],"Outcome":1,"ErrorMessage":null,"ErrorStackTrace":null,"DisplayName":"unittesting.UnitTest1.unsuccesfulRemoveFromBasketInvalidCustomerID","Messages":[],"ComputerName":"DESKTOP-URQND8D","Duration":"00:00:00.0020000","StartTime":"2021-11-25T22:16:11.0629377+00:00","EndTime":"2021-11-25T22:16:11.0629377+00:00","Properties":[]},{"TestCase":{"Id":"963f979c-5060-c4dd-f6bb-d6569b5f3dca","FullyQualifiedName":"unittesting.UnitTest1.unsuccesfulViewBasketEmptyPsuedoList","DisplayName":"unittesting.UnitTest1.unsuccesfulViewBasketEmptyPsuedoList","ExecutorUri":"executor://xunit/VsTestRunner2/net","Source":"C:\\Users\\weiya\\source\\repos\\AVENSYSTRG\\AvensysTRG\\FinalProj\\SmartBasket\\unittesting\\bin\\Debug\\net48\\fine-code-coverage\\build-output\\unittesting.dll","CodeFilePath":null,"LineNumber":0,"Properties":[]},"Attachments":[],"Outcome":1,"ErrorMessage":null,"ErrorStackTrace":null,"DisplayName":"unittesting.UnitTest1.unsuccesfulViewBasketEmptyPsuedoList","Messages":[],"ComputerName":"DESKTOP-URQND8D","Duration":"00:00:00.0020000","StartTime":"2021-11-25T22:16:11.0669293+00:00","EndTime":"2021-11-25T22:16:11.0669293+00:00","Properties":[]},{"TestCase":{"Id":"1fd808d0-cee3-4349-8fe8-84a8b7b6f9ba","FullyQualifiedName":"unittesting.UnitTest1.unSuccesfulViewMostPurchasedItemItemQuantityis0","DisplayName":"unittesting.UnitTest1.unSuccesfulViewMostPurchasedItemItemQuantityis0","ExecutorUri":"executor://xunit/VsTestRunner2/net","Source":"C:\\Users\\weiya\\source\\repos\\AVENSYSTRG\\AvensysTRG\\FinalProj\\SmartBasket\\unittesting\\bin\\Debug\\net48\\fine-code-coverage\\build-output\\unittesting.dll","CodeFilePath":null,"LineNumber":0,"Properties":[]},"Attachments":[],"Outcome":1,"ErrorMessage":null,"ErrorStackTrace":null,"DisplayName":"unittesting.UnitTest1.unSuccesfulViewMostPurchasedItemItemQuantityis0","Messages":[],"ComputerName":"DESKTOP-URQND8D","Duration":"00:00:00.0050000","StartTime":"2021-11-25T22:16:11.0689237+00:00","EndTime":"2021-11-25T22:16:11.0689237+00:00","Properties":[]},{"TestCase":{"Id":"54b0eb02-1863-86e9-9f50-860063c6057f","FullyQualifiedName":"unittesting.UnitTest1.unsuccesfulCalculateTotalEmptyBasket","DisplayName":"unittesting.UnitTest1.unsuccesfulCalculateTotalEmptyBasket","ExecutorUri":"executor://xunit/VsTestRunner2/net","Source":"C:\\Users\\weiya\\source\\repos\\AVENSYSTRG\\AvensysTRG\\FinalProj\\SmartBasket\\unittesting\\bin\\Debug\\net48\\fine-code-coverage\\build-output\\unittesting.dll","CodeFilePath":null,"LineNumber":0,"Properties":[]},"Attachments":[],"Outcome":1,"ErrorMessage":null,"ErrorStackTrace":null,"DisplayName":"unittesting.UnitTest1.unsuccesfulCalculateTotalEmptyBasket","Messages":[],"ComputerName":"DESKTOP-URQND8D","Duration":"00:00:00.0030000","StartTime":"2021-11-25T22:16:11.0729117+00:00","EndTime":"2021-11-25T22:16:11.0729117+00:00","Properties":[]},{"TestCase":{"Id":"bce93ac9-4974-3bfe-e234-6f7c22359de1","FullyQualifiedName":"unittesting.UnitTest1.UnsuccessfulRemoveProduct","DisplayName":"unittesting.UnitTest1.UnsuccessfulRemoveProduct","ExecutorUri":"executor://xunit/VsTestRunner2/net","Source":"C:\\Users\\weiya\\source\\repos\\AVENSYSTRG\\AvensysTRG\\FinalProj\\SmartBasket\\unittesting\\bin\\Debug\\net48\\fine-code-coverage\\build-output\\unittesting.dll","CodeFilePath":null,"LineNumber":0,"Properties":[]},"Attachments":[],"Outcome":1,"ErrorMessage":null,"ErrorStackTrace":null,"DisplayName":"unittesting.UnitTest1.UnsuccessfulRemoveProduct","Messages":[],"ComputerName":"DESKTOP-URQND8D","Duration":"00:00:00.0030000","StartTime":"2021-11-25T22:16:11.0759039+00:00","EndTime":"2021-11-25T22:16:11.0759039+00:00","Properties":[]}],"TestRunStatistics":{"ExecutedTests":31,"Stats":{"Passed":31}},"ActiveTests":[{"Id":"0bb78b33-9afe-c64f-fde9-32581fb3c585","FullyQualifiedName":"unittesting.UnitTest1.succesfulViewProducts","DisplayName":"unittesting.UnitTest1.succesfulViewProducts","ExecutorUri":"executor://xunit/VsTestRunner2/net","Source":"C:\\Users\\weiya\\source\\repos\\AVENSYSTRG\\AvensysTRG\\FinalProj\\SmartBasket\\unittesting\\bin\\Debug\\net48\\fine-code-coverage\\build-output\\unittesting.dll","CodeFilePath":null,"LineNumber":0,"Properties":[]}]}}
TpTrace Verbose: 0 : 19152, 16, 2021/11/26, 06:16:11.077, 5905962060090, testhost.net48.x86.exe, TestRunCache: OnNewTestResult: Notified the onCacheHit callback.
TpTrace Verbose: 0 : 19152, 16, 2021/11/26, 06:16:11.085, 5905962137683, testhost.net48.x86.exe, TestExecutionRecorder.RecordResult: Received result for test: unittesting.UnitTest1.succesfulViewProducts.
TpTrace Warning: 0 : 19152, 16, 2021/11/26, 06:16:11.086, 5905962148881, testhost.net48.x86.exe, TestRunCache: InProgressTests is null
TpTrace Warning: 0 : 19152, 16, 2021/11/26, 06:16:11.086, 5905962150042, testhost.net48.x86.exe, TestRunCache: No test found corresponding to testResult 'unittesting.UnitTest1.succesfulViewProducts' in inProgress list.
TpTrace Verbose: 0 : 19152, 16, 2021/11/26, 06:16:11.087, 5905962157194, testhost.net48.x86.exe, TestExecutionRecorder.RecordEnd: test: unittesting.UnitTest1.succesfulViewProducts execution completed.
TpTrace Warning: 0 : 19152, 16, 2021/11/26, 06:16:11.087, 5905962158365, testhost.net48.x86.exe, TestRunCache: InProgressTests is null
TpTrace Verbose: 0 : 19152, 16, 2021/11/26, 06:16:11.087, 5905962165858, testhost.net48.x86.exe, TestExecutionRecorder.RecordStart: Starting test: unittesting.UnitTest1.succesfulAddToBasketInvalidProductID.
TpTrace Verbose: 0 : 19152, 16, 2021/11/26, 06:16:11.089, 5905962185242, testhost.net48.x86.exe, TestExecutionRecorder.RecordResult: Received result for test: unittesting.UnitTest1.succesfulAddToBasketInvalidProductID.
TpTrace Verbose: 0 : 19152, 16, 2021/11/26, 06:16:11.091, 5905962202751, testhost.net48.x86.exe, TestExecutionRecorder.RecordEnd: test: unittesting.UnitTest1.succesfulAddToBasketInvalidProductID execution completed.
TpTrace Warning: 0 : 19152, 16, 2021/11/26, 06:16:11.091, 5905962204118, testhost.net48.x86.exe, TestRunCache: InProgressTests is null
TpTrace Verbose: 0 : 19152, 16, 2021/11/26, 06:16:11.092, 5905962212549, testhost.net48.x86.exe, TestExecutionRecorder.RecordStart: Starting test: unittesting.UnitTest1.UnsuccessfulCreationOfCustomer.
TpTrace Verbose: 0 : 19152, 16, 2021/11/26, 06:16:11.094, 5905962232672, testhost.net48.x86.exe, TestExecutionRecorder.RecordResult: Received result for test: unittesting.UnitTest1.UnsuccessfulCreationOfCustomer.
TpTrace Verbose: 0 : 19152, 16, 2021/11/26, 06:16:11.096, 5905962250608, testhost.net48.x86.exe, TestExecutionRecorder.RecordEnd: test: unittesting.UnitTest1.UnsuccessfulCreationOfCustomer execution completed.
TpTrace Warning: 0 : 19152, 16, 2021/11/26, 06:16:11.096, 5905962251897, testhost.net48.x86.exe, TestRunCache: InProgressTests is null
TpTrace Verbose: 0 : 19152, 16, 2021/11/26, 06:16:11.097, 5905962260186, testhost.net48.x86.exe, TestExecutionRecorder.RecordStart: Starting test: unittesting.UnitTest1.successfulReturnCustomerList.
TpTrace Verbose: 0 : 19152, 16, 2021/11/26, 06:16:11.099, 5905962282352, testhost.net48.x86.exe, TestExecutionRecorder.RecordResult: Received result for test: unittesting.UnitTest1.successfulReturnCustomerList.
TpTrace Verbose: 0 : 19152, 16, 2021/11/26, 06:16:11.101, 5905962298618, testhost.net48.x86.exe, TestExecutionRecorder.RecordEnd: test: unittesting.UnitTest1.successfulReturnCustomerList execution completed.
TpTrace Warning: 0 : 19152, 16, 2021/11/26, 06:16:11.101, 5905962299617, testhost.net48.x86.exe, TestRunCache: InProgressTests is null
TpTrace Verbose: 0 : 19152, 16, 2021/11/26, 06:16:11.101, 5905962305094, testhost.net48.x86.exe, TestExecutionRecorder.RecordStart: Starting test: unittesting.UnitTest1.unsuccesfulAddToBasketMoreThanStock.
TpTrace Verbose: 0 : 19152, 16, 2021/11/26, 06:16:11.116, 5905962453799, testhost.net48.x86.exe, TestExecutionRecorder.RecordResult: Received result for test: unittesting.UnitTest1.unsuccesfulAddToBasketMoreThanStock.
TpTrace Verbose: 0 : 19152, 16, 2021/11/26, 06:16:11.118, 5905962466242, testhost.net48.x86.exe, TestExecutionRecorder.RecordEnd: test: unittesting.UnitTest1.unsuccesfulAddToBasketMoreThanStock execution completed.
TpTrace Warning: 0 : 19152, 16, 2021/11/26, 06:16:11.118, 5905962467203, testhost.net48.x86.exe, TestRunCache: InProgressTests is null
TpTrace Verbose: 0 : 19152, 16, 2021/11/26, 06:16:11.118, 5905962471760, testhost.net48.x86.exe, TestExecutionRecorder.RecordStart: Starting test: unittesting.UnitTest1.unsuccesfulViewProducts.
TpTrace Verbose: 0 : 19152, 16, 2021/11/26, 06:16:11.119, 5905962484297, testhost.net48.x86.exe, TestExecutionRecorder.RecordResult: Received result for test: unittesting.UnitTest1.unsuccesfulViewProducts.
TpTrace Verbose: 0 : 19152, 16, 2021/11/26, 06:16:11.120, 5905962493453, testhost.net48.x86.exe, TestExecutionRecorder.RecordEnd: test: unittesting.UnitTest1.unsuccesfulViewProducts execution completed.
TpTrace Warning: 0 : 19152, 16, 2021/11/26, 06:16:11.120, 5905962494304, testhost.net48.x86.exe, TestRunCache: InProgressTests is null
TpTrace Verbose: 0 : 19152, 16, 2021/11/26, 06:16:11.121, 5905962498905, testhost.net48.x86.exe, TestExecutionRecorder.RecordStart: Starting test: unittesting.UnitTest1.succesfulCalculateTotal.
TpTrace Verbose: 0 : 19152, 16, 2021/11/26, 06:16:11.122, 5905962510157, testhost.net48.x86.exe, TestExecutionRecorder.RecordResult: Received result for test: unittesting.UnitTest1.succesfulCalculateTotal.
TpTrace Verbose: 0 : 19152, 16, 2021/11/26, 06:16:11.123, 5905962521223, testhost.net48.x86.exe, TestExecutionRecorder.RecordEnd: test: unittesting.UnitTest1.succesfulCalculateTotal execution completed.
TpTrace Warning: 0 : 19152, 16, 2021/11/26, 06:16:11.123, 5905962522672, testhost.net48.x86.exe, TestRunCache: InProgressTests is null
TpTrace Verbose: 0 : 19152, 16, 2021/11/26, 06:16:11.124, 5905962528553, testhost.net48.x86.exe, TestExecutionRecorder.RecordStart: Starting test: unittesting.UnitTest1.unsuccesfulAddToBasketInvalidCustomerID.
TpTrace Verbose: 0 : 19152, 16, 2021/11/26, 06:16:11.126, 5905962547083, testhost.net48.x86.exe, TestExecutionRecorder.RecordResult: Received result for test: unittesting.UnitTest1.unsuccesfulAddToBasketInvalidCustomerID.
TpTrace Verbose: 0 : 19152, 16, 2021/11/26, 06:16:11.127, 5905962561060, testhost.net48.x86.exe, TestExecutionRecorder.RecordEnd: test: unittesting.UnitTest1.unsuccesfulAddToBasketInvalidCustomerID execution completed.
TpTrace Warning: 0 : 19152, 16, 2021/11/26, 06:16:11.127, 5905962562010, testhost.net48.x86.exe, TestRunCache: InProgressTests is null
TpTrace Verbose: 0 : 19152, 16, 2021/11/26, 06:16:11.128, 5905962566343, testhost.net48.x86.exe, TestExecutionRecorder.RecordStart: Starting test: unittesting.UnitTest1.unsuccesfulViewPurchaseHistoryInvalidID.
TpTrace Verbose: 0 : 19152, 16, 2021/11/26, 06:16:11.129, 5905962577296, testhost.net48.x86.exe, TestExecutionRecorder.RecordResult: Received result for test: unittesting.UnitTest1.unsuccesfulViewPurchaseHistoryInvalidID.
TpTrace Verbose: 0 : 19152, 16, 2021/11/26, 06:16:11.130, 5905962585442, testhost.net48.x86.exe, TestExecutionRecorder.RecordEnd: test: unittesting.UnitTest1.unsuccesfulViewPurchaseHistoryInvalidID execution completed.
TpTrace Warning: 0 : 19152, 16, 2021/11/26, 06:16:11.130, 5905962586166, testhost.net48.x86.exe, TestRunCache: InProgressTests is null
TpTrace Verbose: 0 : 19152, 16, 2021/11/26, 06:16:11.130, 5905962590373, testhost.net48.x86.exe, TestExecutionRecorder.RecordStart: Starting test: unittesting.UnitTest1.SuccesfulGenerateSalesReport.
TpTrace Information: 0 : 19152, 16, 2021/11/26, 06:16:11.130, 5905962591011, testhost.net48.x86.exe, Sending test run statistics
TpTrace Verbose: 0 : 19152, 16, 2021/11/26, 06:16:11.130, 5905962594139, testhost.net48.x86.exe, TestRequestHandler.SendData:  sending data from testhost: {"Version":5,"MessageType":"TestExecution.StatsChange","Payload":{"NewTestResults":[{"TestCase":{"Id":"0bb78b33-9afe-c64f-fde9-32581fb3c585","FullyQualifiedName":"unittesting.UnitTest1.succesfulViewProducts","DisplayName":"unittesting.UnitTest1.succesfulViewProducts","ExecutorUri":"executor://xunit/VsTestRunner2/net","Source":"C:\\Users\\weiya\\source\\repos\\AVENSYSTRG\\AvensysTRG\\FinalProj\\SmartBasket\\unittesting\\bin\\Debug\\net48\\fine-code-coverage\\build-output\\unittesting.dll","CodeFilePath":null,"LineNumber":0,"Properties":[]},"Attachments":[],"Outcome":1,"ErrorMessage":null,"ErrorStackTrace":null,"DisplayName":"unittesting.UnitTest1.succesfulViewProducts","Messages":[],"ComputerName":"DESKTOP-URQND8D","Duration":"00:00:00.0130000","StartTime":"2021-11-25T22:16:11.0858763+00:00","EndTime":"2021-11-25T22:16:11.0858763+00:00","Properties":[]},{"TestCase":{"Id":"1a910f91-9f46-d25f-5c26-321c6e320a78","FullyQualifiedName":"unittesting.UnitTest1.succesfulAddToBasketInvalidProductID","DisplayName":"unittesting.UnitTest1.succesfulAddToBasketInvalidProductID","ExecutorUri":"executor://xunit/VsTestRunner2/net","Source":"C:\\Users\\weiya\\source\\repos\\AVENSYSTRG\\AvensysTRG\\FinalProj\\SmartBasket\\unittesting\\bin\\Debug\\net48\\fine-code-coverage\\build-output\\unittesting.dll","CodeFilePath":null,"LineNumber":0,"Properties":[]},"Attachments":[],"Outcome":1,"ErrorMessage":null,"ErrorStackTrace":null,"DisplayName":"unittesting.UnitTest1.succesfulAddToBasketInvalidProductID","Messages":[],"ComputerName":"DESKTOP-URQND8D","Duration":"00:00:00.0040000","StartTime":"2021-11-25T22:16:11.089866+00:00","EndTime":"2021-11-25T22:16:11.089866+00:00","Properties":[]},{"TestCase":{"Id":"a3c0cd86-2043-545e-e08e-69cacb461e85","FullyQualifiedName":"unittesting.UnitTest1.UnsuccessfulCreationOfCustomer","DisplayName":"unittesting.UnitTest1.UnsuccessfulCreationOfCustomer","ExecutorUri":"executor://xunit/VsTestRunner2/net","Source":"C:\\Users\\weiya\\source\\repos\\AVENSYSTRG\\AvensysTRG\\FinalProj\\SmartBasket\\unittesting\\bin\\Debug\\net48\\fine-code-coverage\\build-output\\unittesting.dll","CodeFilePath":null,"LineNumber":0,"Properties":[]},"Attachments":[],"Outcome":1,"ErrorMessage":null,"ErrorStackTrace":null,"DisplayName":"unittesting.UnitTest1.UnsuccessfulCreationOfCustomer","Messages":[],"ComputerName":"DESKTOP-URQND8D","Duration":"00:00:00.0020000","StartTime":"2021-11-25T22:16:11.0948527+00:00","EndTime":"2021-11-25T22:16:11.0948527+00:00","Properties":[]},{"TestCase":{"Id":"53e6a5a2-dbec-f095-e1d1-474c16e67787","FullyQualifiedName":"unittesting.UnitTest1.successfulReturnCustomerList","DisplayName":"unittesting.UnitTest1.successfulReturnCustomerList","ExecutorUri":"executor://xunit/VsTestRunner2/net","Source":"C:\\Users\\weiya\\source\\repos\\AVENSYSTRG\\AvensysTRG\\FinalProj\\SmartBasket\\unittesting\\bin\\Debug\\net48\\fine-code-coverage\\build-output\\unittesting.dll","CodeFilePath":null,"LineNumber":0,"Properties":[]},"Attachments":[],"Outcome":1,"ErrorMessage":null,"ErrorStackTrace":null,"DisplayName":"unittesting.UnitTest1.successfulReturnCustomerList","Messages":[],"ComputerName":"DESKTOP-URQND8D","Duration":"00:00:00.0030000","StartTime":"2021-11-25T22:16:11.09984+00:00","EndTime":"2021-11-25T22:16:11.09984+00:00","Properties":[]},{"TestCase":{"Id":"5697fc6d-a2f9-e223-d24c-0476d9e7cd31","FullyQualifiedName":"unittesting.UnitTest1.unsuccesfulAddToBasketMoreThanStock","DisplayName":"unittesting.UnitTest1.unsuccesfulAddToBasketMoreThanStock","ExecutorUri":"executor://xunit/VsTestRunner2/net","Source":"C:\\Users\\weiya\\source\\repos\\AVENSYSTRG\\AvensysTRG\\FinalProj\\SmartBasket\\unittesting\\bin\\Debug\\net48\\fine-code-coverage\\build-output\\unittesting.dll","CodeFilePath":null,"LineNumber":0,"Properties":[]},"Attachments":[],"Outcome":1,"ErrorMessage":null,"ErrorStackTrace":null,"DisplayName":"unittesting.UnitTest1.unsuccesfulAddToBasketMoreThanStock","Messages":[],"ComputerName":"DESKTOP-URQND8D","Duration":"00:00:00.0040000","StartTime":"2021-11-25T22:16:11.1167938+00:00","EndTime":"2021-11-25T22:16:11.1167938+00:00","Properties":[]},{"TestCase":{"Id":"45d9c83e-cec7-f4fe-e1a4-0f479e535f00","FullyQualifiedName":"unittesting.UnitTest1.unsuccesfulViewProducts","DisplayName":"unittesting.UnitTest1.unsuccesfulViewProducts","ExecutorUri":"executor://xunit/VsTestRunner2/net","Source":"C:\\Users\\weiya\\source\\repos\\AVENSYSTRG\\AvensysTRG\\FinalProj\\SmartBasket\\unittesting\\bin\\Debug\\net48\\fine-code-coverage\\build-output\\unittesting.dll","CodeFilePath":null,"LineNumber":0,"Properties":[]},"Attachments":[],"Outcome":1,"ErrorMessage":null,"ErrorStackTrace":null,"DisplayName":"unittesting.UnitTest1.unsuccesfulViewProducts","Messages":[],"ComputerName":"DESKTOP-URQND8D","Duration":"00:00:00.0020000","StartTime":"2021-11-25T22:16:11.1197863+00:00","EndTime":"2021-11-25T22:16:11.1197863+00:00","Properties":[]},{"TestCase":{"Id":"57c1955f-f15c-eb6b-4747-b2c333eb8b72","FullyQualifiedName":"unittesting.UnitTest1.succesfulCalculateTotal","DisplayName":"unittesting.UnitTest1.succesfulCalculateTotal","ExecutorUri":"executor://xunit/VsTestRunner2/net","Source":"C:\\Users\\weiya\\source\\repos\\AVENSYSTRG\\AvensysTRG\\FinalProj\\SmartBasket\\unittesting\\bin\\Debug\\net48\\fine-code-coverage\\build-output\\unittesting.dll","CodeFilePath":null,"LineNumber":0,"Properties":[]},"Attachments":[],"Outcome":1,"ErrorMessage":null,"ErrorStackTrace":null,"DisplayName":"unittesting.UnitTest1.succesfulCalculateTotal","Messages":[],"ComputerName":"DESKTOP-URQND8D","Duration":"00:00:00.0190000","StartTime":"2021-11-25T22:16:11.122778+00:00","EndTime":"2021-11-25T22:16:11.122778+00:00","Properties":[]},{"TestCase":{"Id":"b6ca542e-105c-147b-25de-2676683c33d5","FullyQualifiedName":"unittesting.UnitTest1.unsuccesfulAddToBasketInvalidCustomerID","DisplayName":"unittesting.UnitTest1.unsuccesfulAddToBasketInvalidCustomerID","ExecutorUri":"executor://xunit/VsTestRunner2/net","Source":"C:\\Users\\weiya\\source\\repos\\AVENSYSTRG\\AvensysTRG\\FinalProj\\SmartBasket\\unittesting\\bin\\Debug\\net48\\fine-code-coverage\\build-output\\unittesting.dll","CodeFilePath":null,"LineNumber":0,"Properties":[]},"Attachments":[],"Outcome":1,"ErrorMessage":null,"ErrorStackTrace":null,"DisplayName":"unittesting.UnitTest1.unsuccesfulAddToBasketInvalidCustomerID","Messages":[],"ComputerName":"DESKTOP-URQND8D","Duration":"00:00:00.0050000","StartTime":"2021-11-25T22:16:11.1267686+00:00","EndTime":"2021-11-25T22:16:11.1267686+00:00","Properties":[]},{"TestCase":{"Id":"b7dc2ad6-dbf4-342b-1a14-71ca1997fbc4","FullyQualifiedName":"unittesting.UnitTest1.unsuccesfulViewPurchaseHistoryInvalidID","DisplayName":"unittesting.UnitTest1.unsuccesfulViewPurchaseHistoryInvalidID","ExecutorUri":"executor://xunit/VsTestRunner2/net","Source":"C:\\Users\\weiya\\source\\repos\\AVENSYSTRG\\AvensysTRG\\FinalProj\\SmartBasket\\unittesting\\bin\\Debug\\net48\\fine-code-coverage\\build-output\\unittesting.dll","CodeFilePath":null,"LineNumber":0,"Properties":[]},"Attachments":[],"Outcome":1,"ErrorMessage":null,"ErrorStackTrace":null,"DisplayName":"unittesting.UnitTest1.unsuccesfulViewPurchaseHistoryInvalidID","Messages":[],"ComputerName":"DESKTOP-URQND8D","Duration":"00:00:00.0020000","StartTime":"2021-11-25T22:16:11.1297586+00:00","EndTime":"2021-11-25T22:16:11.1297586+00:00","Properties":[]}],"TestRunStatistics":{"ExecutedTests":40,"Stats":{"Passed":40}},"ActiveTests":[{"Id":"2cfdfea4-eda5-d14e-bd35-a4cb2329a8d6","FullyQualifiedName":"unittesting.UnitTest1.SuccesfulGenerateSalesReport","DisplayName":"unittesting.UnitTest1.SuccesfulGenerateSalesReport","ExecutorUri":"executor://xunit/VsTestRunner2/net","Source":"C:\\Users\\weiya\\source\\repos\\AVENSYSTRG\\AvensysTRG\\FinalProj\\SmartBasket\\unittesting\\bin\\Debug\\net48\\fine-code-coverage\\build-output\\unittesting.dll","CodeFilePath":null,"LineNumber":0,"Properties":[]}]}}
TpTrace Verbose: 0 : 19152, 16, 2021/11/26, 06:16:11.131, 5905962596151, testhost.net48.x86.exe, TestRunCache: OnNewTestResult: Notified the onCacheHit callback.
TpTrace Verbose: 0 : 19152, 16, 2021/11/26, 06:16:11.132, 5905962609727, testhost.net48.x86.exe, TestExecutionRecorder.RecordResult: Received result for test: unittesting.UnitTest1.SuccesfulGenerateSalesReport.
TpTrace Warning: 0 : 19152, 16, 2021/11/26, 06:16:11.133, 5905962619276, testhost.net48.x86.exe, TestRunCache: InProgressTests is null
TpTrace Warning: 0 : 19152, 16, 2021/11/26, 06:16:11.133, 5905962620473, testhost.net48.x86.exe, TestRunCache: No test found corresponding to testResult 'unittesting.UnitTest1.SuccesfulGenerateSalesReport' in inProgress list.
TpTrace Verbose: 0 : 19152, 16, 2021/11/26, 06:16:11.134, 5905962625611, testhost.net48.x86.exe, TestExecutionRecorder.RecordEnd: test: unittesting.UnitTest1.SuccesfulGenerateSalesReport execution completed.
TpTrace Warning: 0 : 19152, 16, 2021/11/26, 06:16:11.134, 5905962626338, testhost.net48.x86.exe, TestRunCache: InProgressTests is null
TpTrace Verbose: 0 : 19152, 16, 2021/11/26, 06:16:11.134, 5905962630735, testhost.net48.x86.exe, TestExecutionRecorder.RecordStart: Starting test: unittesting.UnitTest1.unSuccesfulViewMostPurchasedItemNoPurchaseHistory.
TpTrace Verbose: 0 : 19152, 16, 2021/11/26, 06:16:11.136, 5905962647010, testhost.net48.x86.exe, TestExecutionRecorder.RecordResult: Received result for test: unittesting.UnitTest1.unSuccesfulViewMostPurchasedItemNoPurchaseHistory.
TpTrace Verbose: 0 : 19152, 16, 2021/11/26, 06:16:11.137, 5905962658006, testhost.net48.x86.exe, TestExecutionRecorder.RecordEnd: test: unittesting.UnitTest1.unSuccesfulViewMostPurchasedItemNoPurchaseHistory execution completed.
TpTrace Warning: 0 : 19152, 16, 2021/11/26, 06:16:11.137, 5905962658890, testhost.net48.x86.exe, TestRunCache: InProgressTests is null
TpTrace Verbose: 0 : 19152, 16, 2021/11/26, 06:16:11.137, 5905962663195, testhost.net48.x86.exe, TestExecutionRecorder.RecordStart: Starting test: unittesting.UnitTest1.UnsuccessfulCreationOfCustomerEmptyInputs.
TpTrace Verbose: 0 : 19152, 16, 2021/11/26, 06:16:11.139, 5905962675809, testhost.net48.x86.exe, TestExecutionRecorder.RecordResult: Received result for test: unittesting.UnitTest1.UnsuccessfulCreationOfCustomerEmptyInputs.
TpTrace Verbose: 0 : 19152, 16, 2021/11/26, 06:16:11.140, 5905962686742, testhost.net48.x86.exe, TestExecutionRecorder.RecordEnd: test: unittesting.UnitTest1.UnsuccessfulCreationOfCustomerEmptyInputs execution completed.
TpTrace Warning: 0 : 19152, 16, 2021/11/26, 06:16:11.140, 5905962688105, testhost.net48.x86.exe, TestRunCache: InProgressTests is null
TpTrace Verbose: 0 : 19152, 16, 2021/11/26, 06:16:11.140, 5905962694509, testhost.net48.x86.exe, TestExecutionRecorder.RecordStart: Starting test: unittesting.UnitTest1.unsuccesfulViewBasketEmptyBasket.
TpTrace Verbose: 0 : 19152, 16, 2021/11/26, 06:16:11.142, 5905962708446, testhost.net48.x86.exe, TestExecutionRecorder.RecordResult: Received result for test: unittesting.UnitTest1.unsuccesfulViewBasketEmptyBasket.
TpTrace Verbose: 0 : 19152, 16, 2021/11/26, 06:16:11.143, 5905962718783, testhost.net48.x86.exe, TestExecutionRecorder.RecordEnd: test: unittesting.UnitTest1.unsuccesfulViewBasketEmptyBasket execution completed.
TpTrace Warning: 0 : 19152, 16, 2021/11/26, 06:16:11.143, 5905962719629, testhost.net48.x86.exe, TestRunCache: InProgressTests is null
TpTrace Information: 0 : 19152, 13, 2021/11/26, 06:16:11.147, 5905962759922, testhost.net48.x86.exe, [xUnit.net 00:00:05.00]   Finished:    unittesting
TpTrace Verbose: 0 : 19152, 13, 2021/11/26, 06:16:11.147, 5905962761663, testhost.net48.x86.exe, TestRequestHandler.SendData:  sending data from testhost: {"Version":5,"MessageType":"TestSession.Message","Payload":{"MessageLevel":0,"Message":"[xUnit.net 00:00:05.00]   Finished:    unittesting"}}
TpTrace Verbose: 0 : 19152, 3, 2021/11/26, 06:16:11.189, 5905963179395, testhost.net48.x86.exe, BaseRunTests.RunTestInternalWithExecutors: Completed running tests for executor://xunit/VsTestRunner2/net
TpTrace Information: 0 : 19152, 3, 2021/11/26, 06:16:11.192, 5905963208169, testhost.net48.x86.exe, Sending test run complete
TpTrace Verbose: 0 : 19152, 3, 2021/11/26, 06:16:11.199, 5905963278242, testhost.net48.x86.exe, TestRequestHandler.SendData:  sending data from testhost: {"Version":5,"MessageType":"TestExecution.Completed","Payload":{"TestRunCompleteArgs":{"TestRunStatistics":{"ExecutedTests":44,"Stats":{"Passed":44}},"IsCanceled":false,"IsAborted":false,"Error":null,"AttachmentSets":[],"ElapsedTimeInRunningTests":"00:00:05.0597258","Metrics":{}},"LastRunTests":{"NewTestResults":[{"TestCase":{"Id":"2cfdfea4-eda5-d14e-bd35-a4cb2329a8d6","FullyQualifiedName":"unittesting.UnitTest1.SuccesfulGenerateSalesReport","DisplayName":"unittesting.UnitTest1.SuccesfulGenerateSalesReport","ExecutorUri":"executor://xunit/VsTestRunner2/net","Source":"C:\\Users\\weiya\\source\\repos\\AVENSYSTRG\\AvensysTRG\\FinalProj\\SmartBasket\\unittesting\\bin\\Debug\\net48\\fine-code-coverage\\build-output\\unittesting.dll","CodeFilePath":null,"LineNumber":0,"Properties":[]},"Attachments":[],"Outcome":1,"ErrorMessage":null,"ErrorStackTrace":null,"DisplayName":"unittesting.UnitTest1.SuccesfulGenerateSalesReport","Messages":[],"ComputerName":"DESKTOP-URQND8D","Duration":"00:00:00.0030000","StartTime":"2021-11-25T22:16:11.1327514+00:00","EndTime":"2021-11-25T22:16:11.1327514+00:00","Properties":[]},{"TestCase":{"Id":"c08a7a5f-ec99-77f2-fb97-4154c5a3f9a4","FullyQualifiedName":"unittesting.UnitTest1.unSuccesfulViewMostPurchasedItemNoPurchaseHistory","DisplayName":"unittesting.UnitTest1.unSuccesfulViewMostPurchasedItemNoPurchaseHistory","ExecutorUri":"executor://xunit/VsTestRunner2/net","Source":"C:\\Users\\weiya\\source\\repos\\AVENSYSTRG\\AvensysTRG\\FinalProj\\SmartBasket\\unittesting\\bin\\Debug\\net48\\fine-code-coverage\\build-output\\unittesting.dll","CodeFilePath":null,"LineNumber":0,"Properties":[]},"Attachments":[],"Outcome":1,"ErrorMessage":null,"ErrorStackTrace":null,"DisplayName":"unittesting.UnitTest1.unSuccesfulViewMostPurchasedItemNoPurchaseHistory","Messages":[],"ComputerName":"DESKTOP-URQND8D","Duration":"00:00:00.0040000","StartTime":"2021-11-25T22:16:11.136741+00:00","EndTime":"2021-11-25T22:16:11.136741+00:00","Properties":[]},{"TestCase":{"Id":"9c30de60-a03e-ba3a-5997-dc73a063e4fe","FullyQualifiedName":"unittesting.UnitTest1.UnsuccessfulCreationOfCustomerEmptyInputs","DisplayName":"unittesting.UnitTest1.UnsuccessfulCreationOfCustomerEmptyInputs","ExecutorUri":"executor://xunit/VsTestRunner2/net","Source":"C:\\Users\\weiya\\source\\repos\\AVENSYSTRG\\AvensysTRG\\FinalProj\\SmartBasket\\unittesting\\bin\\Debug\\net48\\fine-code-coverage\\build-output\\unittesting.dll","CodeFilePath":null,"LineNumber":0,"Properties":[]},"Attachments":[],"Outcome":1,"ErrorMessage":null,"ErrorStackTrace":null,"DisplayName":"unittesting.UnitTest1.UnsuccessfulCreationOfCustomerEmptyInputs","Messages":[],"ComputerName":"DESKTOP-URQND8D","Duration":"00:00:00.0020000","StartTime":"2021-11-25T22:16:11.1397342+00:00","EndTime":"2021-11-25T22:16:11.1397342+00:00","Properties":[]},{"TestCase":{"Id":"41a8534c-9c18-cc86-c420-fbf1d0a8172d","FullyQualifiedName":"unittesting.UnitTest1.unsuccesfulViewBasketEmptyBasket","DisplayName":"unittesting.UnitTest1.unsuccesfulViewBasketEmptyBasket","ExecutorUri":"executor://xunit/VsTestRunner2/net","Source":"C:\\Users\\weiya\\source\\repos\\AVENSYSTRG\\AvensysTRG\\FinalProj\\SmartBasket\\unittesting\\bin\\Debug\\net48\\fine-code-coverage\\build-output\\unittesting.dll","CodeFilePath":null,"LineNumber":0,"Properties":[]},"Attachments":[],"Outcome":1,"ErrorMessage":null,"ErrorStackTrace":null,"DisplayName":"unittesting.UnitTest1.unsuccesfulViewBasketEmptyBasket","Messages":[],"ComputerName":"DESKTOP-URQND8D","Duration":"00:00:00.0030000","StartTime":"2021-11-25T22:16:11.1427265+00:00","EndTime":"2021-11-25T22:16:11.1427265+00:00","Properties":[]}],"TestRunStatistics":{"ExecutedTests":44,"Stats":{"Passed":44}},"ActiveTests":[]},"RunAttachments":[],"ExecutorUris":["executor://xunit/VsTestRunner2/net"]}}
TpTrace Verbose: 0 : 19152, 3, 2021/11/26, 06:16:11.199, 5905963281947, testhost.net48.x86.exe, BaseRunTests.RunTests: Run is complete.
TpTrace Verbose: 0 : 19152, 8, 2021/11/26, 06:16:11.200, 5905963284767, testhost.net48.x86.exe, TcpClientExtensions.MessageLoopAsync: NotifyDataAvailable remoteEndPoint: 127.0.0.1:55049 localEndPoint: 127.0.0.1:55050
TpTrace Information: 0 : 19152, 8, 2021/11/26, 06:16:11.200, 5905963285980, testhost.net48.x86.exe, TestRequestHandler.OnMessageReceived: received message: (TestSession.Terminate) -> null
TpTrace Information: 0 : 19152, 8, 2021/11/26, 06:16:11.200, 5905963286529, testhost.net48.x86.exe, Session End message received from server. Closing the connection.
TpTrace Information: 0 : 19152, 8, 2021/11/26, 06:16:11.200, 5905963289663, testhost.net48.x86.exe, SocketClient.Stop: Stop communication from server endpoint: 127.0.0.1:055049
TpTrace Information: 0 : 19152, 8, 2021/11/26, 06:16:11.200, 5905963290355, testhost.net48.x86.exe, SocketClient: Stop: Cancellation requested. Stopping message loop.
TpTrace Information: 0 : 19152, 1, 2021/11/26, 06:16:11.200, 5905963291511, testhost.net48.x86.exe, Closing the connection !
TpTrace Information: 0 : 19152, 1, 2021/11/26, 06:16:11.200, 5905963292280, testhost.net48.x86.exe, SocketClient.Stop: Stop communication from server endpoint: 127.0.0.1:055049
TpTrace Information: 0 : 19152, 1, 2021/11/26, 06:16:11.200, 5905963292746, testhost.net48.x86.exe, SocketClient: Stop: Cancellation requested. Stopping message loop.
TpTrace Verbose: 0 : 19152, 1, 2021/11/26, 06:16:11.201, 5905963293213, testhost.net48.x86.exe, LengthPrefixCommunicationChannel.Dispose: Dispose reader and writer.
TpTrace Information: 0 : 19152, 1, 2021/11/26, 06:16:11.201, 5905963294130, testhost.net48.x86.exe, Testhost process exiting.
