<?xml version="1.0" encoding="utf-8"?>
<coverage line-rate="0.965" branch-rate="1" version="1.9" timestamp="1637180530" lines-covered="1355" lines-valid="1404" branches-covered="104" branches-valid="104">
  <sources>
    <source>C:\Users\weiya\source\repos\AVENSYSTRG\AvensysTRG\FinalProj\SmartBasket\</source>
  </sources>
  <packages>
    <package name="unittesting" line-rate="1" branch-rate="1" complexity="39">
      <classes>
        <class name="unittesting.UnitTest1" filename="unittesting\UnitTest1.cs" line-rate="1" branch-rate="1" complexity="39">
          <methods>
            <method name="LoginSuccessfully" signature="()" line-rate="1" branch-rate="1" complexity="1">
              <lines>
                <line number="21" hits="1" branch="False" />
                <line number="22" hits="1" branch="False" />
                <line number="23" hits="1" branch="False" />
                <line number="24" hits="1" branch="False" />
                <line number="25" hits="1" branch="False" />
                <line number="26" hits="1" branch="False" />
                <line number="28" hits="1" branch="False" />
                <line number="29" hits="1" branch="False" />
                <line number="30" hits="1" branch="False" />
                <line number="31" hits="1" branch="False" />
                <line number="32" hits="1" branch="False" />
                <line number="34" hits="1" branch="False" />
                <line number="35" hits="1" branch="False" />
                <line number="37" hits="1" branch="False" />
                <line number="38" hits="1" branch="False" />
                <line number="40" hits="1" branch="False" />
                <line number="42" hits="1" branch="False" />
                <line number="43" hits="1" branch="False" />
              </lines>
            </method>
            <method name="LoginFailed" signature="()" line-rate="1" branch-rate="1" complexity="1">
              <lines>
                <line number="46" hits="1" branch="False" />
                <line number="47" hits="1" branch="False" />
                <line number="48" hits="1" branch="False" />
                <line number="49" hits="1" branch="False" />
                <line number="50" hits="1" branch="False" />
                <line number="51" hits="1" branch="False" />
                <line number="53" hits="1" branch="False" />
                <line number="54" hits="1" branch="False" />
                <line number="55" hits="1" branch="False" />
                <line number="56" hits="1" branch="False" />
                <line number="57" hits="1" branch="False" />
                <line number="59" hits="1" branch="False" />
                <line number="60" hits="1" branch="False" />
                <line number="62" hits="1" branch="False" />
                <line number="63" hits="1" branch="False" />
                <line number="65" hits="1" branch="False" />
                <line number="67" hits="1" branch="False" />
                <line number="68" hits="1" branch="False" />
              </lines>
            </method>
            <method name="SuccessfullCreatCustomer" signature="()" line-rate="1" branch-rate="1" complexity="1">
              <lines>
                <line number="71" hits="1" branch="False" />
                <line number="72" hits="1" branch="False" />
                <line number="73" hits="1" branch="False" />
                <line number="74" hits="1" branch="False" />
                <line number="75" hits="1" branch="False" />
                <line number="76" hits="1" branch="False" />
                <line number="78" hits="1" branch="False" />
                <line number="79" hits="1" branch="False" />
                <line number="80" hits="1" branch="False" />
                <line number="81" hits="1" branch="False" />
                <line number="82" hits="1" branch="False" />
                <line number="84" hits="1" branch="False" />
                <line number="85" hits="1" branch="False" />
                <line number="87" hits="1" branch="False" />
                <line number="88" hits="1" branch="False" />
                <line number="90" hits="1" branch="False" />
                <line number="92" hits="1" branch="False" />
                <line number="93" hits="1" branch="False" />
              </lines>
            </method>
            <method name="UnsuccessfulCreationOfCustomer" signature="()" line-rate="1" branch-rate="1" complexity="1">
              <lines>
                <line number="96" hits="1" branch="False" />
                <line number="97" hits="1" branch="False" />
                <line number="98" hits="1" branch="False" />
                <line number="99" hits="1" branch="False" />
                <line number="100" hits="1" branch="False" />
                <line number="101" hits="1" branch="False" />
                <line number="103" hits="1" branch="False" />
                <line number="104" hits="1" branch="False" />
                <line number="105" hits="1" branch="False" />
                <line number="106" hits="1" branch="False" />
                <line number="107" hits="1" branch="False" />
                <line number="109" hits="1" branch="False" />
                <line number="110" hits="1" branch="False" />
                <line number="112" hits="1" branch="False" />
                <line number="114" hits="1" branch="False" />
                <line number="117" hits="1" branch="False" />
                <line number="119" hits="1" branch="False" />
              </lines>
            </method>
            <method name="SuccessfullCreateProduct" signature="()" line-rate="1" branch-rate="1" complexity="1">
              <lines>
                <line number="123" hits="1" branch="False" />
                <line number="124" hits="1" branch="False" />
                <line number="125" hits="1" branch="False" />
                <line number="126" hits="1" branch="False" />
                <line number="127" hits="1" branch="False" />
                <line number="128" hits="1" branch="False" />
                <line number="131" hits="1" branch="False" />
                <line number="132" hits="1" branch="False" />
                <line number="133" hits="1" branch="False" />
                <line number="134" hits="1" branch="False" />
                <line number="135" hits="1" branch="False" />
                <line number="137" hits="1" branch="False" />
                <line number="138" hits="1" branch="False" />
                <line number="140" hits="1" branch="False" />
                <line number="141" hits="1" branch="False" />
                <line number="143" hits="1" branch="False" />
                <line number="145" hits="1" branch="False" />
                <line number="146" hits="1" branch="False" />
              </lines>
            </method>
            <method name="UnsuccessfulCreationOfProduct" signature="()" line-rate="1" branch-rate="1" complexity="1">
              <lines>
                <line number="149" hits="1" branch="False" />
                <line number="150" hits="1" branch="False" />
                <line number="151" hits="1" branch="False" />
                <line number="152" hits="1" branch="False" />
                <line number="153" hits="1" branch="False" />
                <line number="154" hits="1" branch="False" />
                <line number="157" hits="1" branch="False" />
                <line number="158" hits="1" branch="False" />
                <line number="159" hits="1" branch="False" />
                <line number="160" hits="1" branch="False" />
                <line number="161" hits="1" branch="False" />
                <line number="163" hits="1" branch="False" />
                <line number="164" hits="1" branch="False" />
                <line number="166" hits="1" branch="False" />
                <line number="167" hits="1" branch="False" />
                <line number="169" hits="1" branch="False" />
                <line number="171" hits="1" branch="False" />
                <line number="172" hits="1" branch="False" />
              </lines>
            </method>
            <method name="SuccesfulGenerateSalesReport" signature="()" line-rate="1" branch-rate="1" complexity="1">
              <lines>
                <line number="175" hits="1" branch="False" />
                <line number="176" hits="1" branch="False" />
                <line number="177" hits="1" branch="False" />
                <line number="178" hits="1" branch="False" />
                <line number="179" hits="1" branch="False" />
                <line number="180" hits="1" branch="False" />
                <line number="181" hits="1" branch="False" />
                <line number="182" hits="1" branch="False" />
                <line number="183" hits="1" branch="False" />
                <line number="184" hits="1" branch="False" />
                <line number="185" hits="1" branch="False" />
                <line number="186" hits="1" branch="False" />
                <line number="189" hits="1" branch="False" />
                <line number="190" hits="1" branch="False" />
                <line number="191" hits="1" branch="False" />
                <line number="192" hits="1" branch="False" />
                <line number="193" hits="1" branch="False" />
                <line number="194" hits="1" branch="False" />
                <line number="195" hits="1" branch="False" />
                <line number="196" hits="1" branch="False" />
                <line number="197" hits="1" branch="False" />
                <line number="200" hits="1" branch="False" />
                <line number="201" hits="1" branch="False" />
                <line number="202" hits="1" branch="False" />
                <line number="203" hits="1" branch="False" />
                <line number="204" hits="1" branch="False" />
                <line number="206" hits="1" branch="False" />
                <line number="207" hits="1" branch="False" />
                <line number="208" hits="1" branch="False" />
                <line number="211" hits="1" branch="False" />
                <line number="212" hits="1" branch="False" />
                <line number="214" hits="1" branch="False" />
                <line number="215" hits="1" branch="False" />
                <line number="216" hits="1" branch="False" />
                <line number="217" hits="1" branch="False" />
                <line number="218" hits="1" branch="False" />
                <line number="220" hits="1" branch="False" />
              </lines>
            </method>
            <method name="unsuccesfulGenerateSalesReport" signature="()" line-rate="1" branch-rate="1" complexity="1">
              <lines>
                <line number="223" hits="1" branch="False" />
                <line number="225" hits="1" branch="False" />
                <line number="226" hits="1" branch="False" />
                <line number="227" hits="1" branch="False" />
                <line number="230" hits="1" branch="False" />
                <line number="231" hits="1" branch="False" />
                <line number="232" hits="1" branch="False" />
                <line number="233" hits="1" branch="False" />
                <line number="234" hits="1" branch="False" />
                <line number="235" hits="1" branch="False" />
                <line number="236" hits="1" branch="False" />
                <line number="237" hits="1" branch="False" />
                <line number="238" hits="1" branch="False" />
                <line number="241" hits="1" branch="False" />
                <line number="242" hits="1" branch="False" />
                <line number="243" hits="1" branch="False" />
                <line number="244" hits="1" branch="False" />
                <line number="245" hits="1" branch="False" />
                <line number="247" hits="1" branch="False" />
                <line number="248" hits="1" branch="False" />
                <line number="249" hits="1" branch="False" />
                <line number="252" hits="1" branch="False" />
                <line number="253" hits="1" branch="False" />
                <line number="256" hits="1" branch="False" />
                <line number="258" hits="1" branch="False" />
              </lines>
            </method>
            <method name="successfulReturnCustomerList" signature="()" line-rate="1" branch-rate="1" complexity="1">
              <lines>
                <line number="262" hits="1" branch="False" />
                <line number="263" hits="1" branch="False" />
                <line number="264" hits="1" branch="False" />
                <line number="266" hits="1" branch="False" />
                <line number="267" hits="1" branch="False" />
                <line number="268" hits="1" branch="False" />
                <line number="269" hits="1" branch="False" />
                <line number="270" hits="1" branch="False" />
                <line number="271" hits="1" branch="False" />
                <line number="273" hits="1" branch="False" />
                <line number="274" hits="1" branch="False" />
                <line number="275" hits="1" branch="False" />
                <line number="276" hits="1" branch="False" />
                <line number="277" hits="1" branch="False" />
                <line number="279" hits="1" branch="False" />
                <line number="280" hits="1" branch="False" />
                <line number="282" hits="1" branch="False" />
                <line number="283" hits="1" branch="False" />
                <line number="285" hits="1" branch="False" />
                <line number="287" hits="1" branch="False" />
                <line number="288" hits="1" branch="False" />
                <line number="289" hits="1" branch="False" />
                <line number="291" hits="1" branch="False" />
                <line number="295" hits="1" branch="False" />
              </lines>
            </method>
            <method name="unsuccessfulReturnCustomerList" signature="()" line-rate="1" branch-rate="1" complexity="1">
              <lines>
                <line number="298" hits="1" branch="False" />
                <line number="300" hits="1" branch="False" />
                <line number="301" hits="1" branch="False" />
                <line number="302" hits="1" branch="False" />
                <line number="303" hits="1" branch="False" />
                <line number="305" hits="1" branch="False" />
                <line number="306" hits="1" branch="False" />
                <line number="307" hits="1" branch="False" />
                <line number="308" hits="1" branch="False" />
                <line number="309" hits="1" branch="False" />
                <line number="311" hits="1" branch="False" />
                <line number="312" hits="1" branch="False" />
                <line number="314" hits="1" branch="False" />
                <line number="315" hits="1" branch="False" />
                <line number="317" hits="1" branch="False" />
                <line number="321" hits="1" branch="False" />
                <line number="323" hits="1" branch="False" />
              </lines>
            </method>
            <method name="SuccessfullRemoveProduct" signature="()" line-rate="1" branch-rate="1" complexity="1">
              <lines>
                <line number="327" hits="1" branch="False" />
                <line number="328" hits="1" branch="False" />
                <line number="329" hits="1" branch="False" />
                <line number="330" hits="1" branch="False" />
                <line number="331" hits="1" branch="False" />
                <line number="332" hits="1" branch="False" />
                <line number="335" hits="1" branch="False" />
                <line number="336" hits="1" branch="False" />
                <line number="337" hits="1" branch="False" />
                <line number="338" hits="1" branch="False" />
                <line number="339" hits="1" branch="False" />
                <line number="341" hits="1" branch="False" />
                <line number="342" hits="1" branch="False" />
                <line number="344" hits="1" branch="False" />
                <line number="345" hits="1" branch="False" />
                <line number="347" hits="1" branch="False" />
                <line number="349" hits="1" branch="False" />
                <line number="350" hits="1" branch="False" />
              </lines>
            </method>
            <method name="UnsuccessfulRemoveProduct" signature="()" line-rate="1" branch-rate="1" complexity="1">
              <lines>
                <line number="353" hits="1" branch="False" />
                <line number="355" hits="1" branch="False" />
                <line number="356" hits="1" branch="False" />
                <line number="357" hits="1" branch="False" />
                <line number="358" hits="1" branch="False" />
                <line number="361" hits="1" branch="False" />
                <line number="362" hits="1" branch="False" />
                <line number="363" hits="1" branch="False" />
                <line number="364" hits="1" branch="False" />
                <line number="365" hits="1" branch="False" />
                <line number="367" hits="1" branch="False" />
                <line number="368" hits="1" branch="False" />
                <line number="370" hits="1" branch="False" />
                <line number="371" hits="1" branch="False" />
                <line number="373" hits="1" branch="False" />
                <line number="375" hits="1" branch="False" />
                <line number="376" hits="1" branch="False" />
              </lines>
            </method>
            <method name="succesfulCalculateTotal" signature="()" line-rate="1" branch-rate="1" complexity="1">
              <lines>
                <line number="380" hits="1" branch="False" />
                <line number="381" hits="1" branch="False" />
                <line number="382" hits="1" branch="False" />
                <line number="383" hits="1" branch="False" />
                <line number="384" hits="1" branch="False" />
                <line number="385" hits="1" branch="False" />
                <line number="386" hits="1" branch="False" />
                <line number="387" hits="1" branch="False" />
                <line number="388" hits="1" branch="False" />
                <line number="390" hits="1" branch="False" />
                <line number="391" hits="1" branch="False" />
                <line number="392" hits="1" branch="False" />
                <line number="393" hits="1" branch="False" />
                <line number="394" hits="1" branch="False" />
                <line number="397" hits="1" branch="False" />
                <line number="398" hits="1" branch="False" />
                <line number="399" hits="1" branch="False" />
                <line number="400" hits="1" branch="False" />
                <line number="401" hits="1" branch="False" />
                <line number="402" hits="1" branch="False" />
                <line number="403" hits="1" branch="False" />
                <line number="404" hits="1" branch="False" />
                <line number="405" hits="1" branch="False" />
                <line number="406" hits="1" branch="False" />
                <line number="409" hits="1" branch="False" />
                <line number="410" hits="1" branch="False" />
                <line number="411" hits="1" branch="False" />
                <line number="412" hits="1" branch="False" />
                <line number="413" hits="1" branch="False" />
                <line number="415" hits="1" branch="False" />
                <line number="416" hits="1" branch="False" />
                <line number="417" hits="1" branch="False" />
                <line number="420" hits="1" branch="False" />
                <line number="421" hits="1" branch="False" />
                <line number="423" hits="1" branch="False" />
                <line number="424" hits="1" branch="False" />
                <line number="425" hits="1" branch="False" />
                <line number="426" hits="1" branch="False" />
                <line number="428" hits="1" branch="False" />
                <line number="429" hits="1" branch="False" />
                <line number="431" hits="1" branch="False" />
              </lines>
            </method>
            <method name="unsuccesfulCalculateTotal" signature="()" line-rate="1" branch-rate="1" complexity="1">
              <lines>
                <line number="434" hits="1" branch="False" />
                <line number="436" hits="1" branch="False" />
                <line number="437" hits="1" branch="False" />
                <line number="438" hits="1" branch="False" />
                <line number="441" hits="1" branch="False" />
                <line number="442" hits="1" branch="False" />
                <line number="443" hits="1" branch="False" />
                <line number="444" hits="1" branch="False" />
                <line number="445" hits="1" branch="False" />
                <line number="446" hits="1" branch="False" />
                <line number="447" hits="1" branch="False" />
                <line number="448" hits="1" branch="False" />
                <line number="449" hits="1" branch="False" />
                <line number="452" hits="1" branch="False" />
                <line number="453" hits="1" branch="False" />
                <line number="454" hits="1" branch="False" />
                <line number="455" hits="1" branch="False" />
                <line number="456" hits="1" branch="False" />
                <line number="458" hits="1" branch="False" />
                <line number="459" hits="1" branch="False" />
                <line number="460" hits="1" branch="False" />
                <line number="463" hits="1" branch="False" />
                <line number="464" hits="1" branch="False" />
                <line number="467" hits="1" branch="False" />
                <line number="469" hits="1" branch="False" />
              </lines>
            </method>
            <method name="unsuccesfulCalculateTotalEmptyBasket" signature="()" line-rate="1" branch-rate="1" complexity="1">
              <lines>
                <line number="472" hits="1" branch="False" />
                <line number="473" hits="1" branch="False" />
                <line number="474" hits="1" branch="False" />
                <line number="475" hits="1" branch="False" />
                <line number="476" hits="1" branch="False" />
                <line number="477" hits="1" branch="False" />
                <line number="478" hits="1" branch="False" />
                <line number="479" hits="1" branch="False" />
                <line number="480" hits="1" branch="False" />
                <line number="482" hits="1" branch="False" />
                <line number="483" hits="1" branch="False" />
                <line number="484" hits="1" branch="False" />
                <line number="485" hits="1" branch="False" />
                <line number="486" hits="1" branch="False" />
                <line number="489" hits="1" branch="False" />
                <line number="490" hits="1" branch="False" />
                <line number="491" hits="1" branch="False" />
                <line number="492" hits="1" branch="False" />
                <line number="493" hits="1" branch="False" />
                <line number="494" hits="1" branch="False" />
                <line number="495" hits="1" branch="False" />
                <line number="496" hits="1" branch="False" />
                <line number="497" hits="1" branch="False" />
                <line number="498" hits="1" branch="False" />
                <line number="501" hits="1" branch="False" />
                <line number="502" hits="1" branch="False" />
                <line number="503" hits="1" branch="False" />
                <line number="504" hits="1" branch="False" />
                <line number="505" hits="1" branch="False" />
                <line number="507" hits="1" branch="False" />
                <line number="508" hits="1" branch="False" />
                <line number="509" hits="1" branch="False" />
                <line number="512" hits="1" branch="False" />
                <line number="513" hits="1" branch="False" />
                <line number="515" hits="1" branch="False" />
                <line number="516" hits="1" branch="False" />
                <line number="518" hits="1" branch="False" />
              </lines>
            </method>
            <method name="unsuccesfulCalculateTotal0Totalprice" signature="()" line-rate="1" branch-rate="1" complexity="1">
              <lines>
                <line number="521" hits="1" branch="False" />
                <line number="522" hits="1" branch="False" />
                <line number="523" hits="1" branch="False" />
                <line number="524" hits="1" branch="False" />
                <line number="525" hits="1" branch="False" />
                <line number="526" hits="1" branch="False" />
                <line number="527" hits="1" branch="False" />
                <line number="528" hits="1" branch="False" />
                <line number="529" hits="1" branch="False" />
                <line number="531" hits="1" branch="False" />
                <line number="532" hits="1" branch="False" />
                <line number="533" hits="1" branch="False" />
                <line number="534" hits="1" branch="False" />
                <line number="535" hits="1" branch="False" />
                <line number="538" hits="1" branch="False" />
                <line number="539" hits="1" branch="False" />
                <line number="540" hits="1" branch="False" />
                <line number="541" hits="1" branch="False" />
                <line number="542" hits="1" branch="False" />
                <line number="543" hits="1" branch="False" />
                <line number="544" hits="1" branch="False" />
                <line number="545" hits="1" branch="False" />
                <line number="546" hits="1" branch="False" />
                <line number="547" hits="1" branch="False" />
                <line number="550" hits="1" branch="False" />
                <line number="551" hits="1" branch="False" />
                <line number="552" hits="1" branch="False" />
                <line number="553" hits="1" branch="False" />
                <line number="554" hits="1" branch="False" />
                <line number="556" hits="1" branch="False" />
                <line number="557" hits="1" branch="False" />
                <line number="558" hits="1" branch="False" />
                <line number="561" hits="1" branch="False" />
                <line number="562" hits="1" branch="False" />
                <line number="564" hits="1" branch="False" />
                <line number="565" hits="1" branch="False" />
                <line number="567" hits="1" branch="False" />
              </lines>
            </method>
            <method name="unsuccesfulCalculateTotalEmptyPsueProductList" signature="()" line-rate="1" branch-rate="1" complexity="1">
              <lines>
                <line number="570" hits="1" branch="False" />
                <line number="571" hits="1" branch="False" />
                <line number="572" hits="1" branch="False" />
                <line number="573" hits="1" branch="False" />
                <line number="574" hits="1" branch="False" />
                <line number="575" hits="1" branch="False" />
                <line number="576" hits="1" branch="False" />
                <line number="578" hits="1" branch="False" />
                <line number="579" hits="1" branch="False" />
                <line number="580" hits="1" branch="False" />
                <line number="581" hits="1" branch="False" />
                <line number="582" hits="1" branch="False" />
                <line number="585" hits="1" branch="False" />
                <line number="586" hits="1" branch="False" />
                <line number="587" hits="1" branch="False" />
                <line number="588" hits="1" branch="False" />
                <line number="589" hits="1" branch="False" />
                <line number="590" hits="1" branch="False" />
                <line number="591" hits="1" branch="False" />
                <line number="592" hits="1" branch="False" />
                <line number="593" hits="1" branch="False" />
                <line number="594" hits="1" branch="False" />
                <line number="597" hits="1" branch="False" />
                <line number="598" hits="1" branch="False" />
                <line number="599" hits="1" branch="False" />
                <line number="600" hits="1" branch="False" />
                <line number="601" hits="1" branch="False" />
                <line number="603" hits="1" branch="False" />
                <line number="604" hits="1" branch="False" />
                <line number="605" hits="1" branch="False" />
                <line number="608" hits="1" branch="False" />
                <line number="609" hits="1" branch="False" />
                <line number="611" hits="1" branch="False" />
                <line number="612" hits="1" branch="False" />
                <line number="614" hits="1" branch="False" />
              </lines>
            </method>
            <method name="succesfulAddToBasket" signature="()" line-rate="1" branch-rate="1" complexity="1">
              <lines>
                <line number="617" hits="1" branch="False" />
                <line number="618" hits="1" branch="False" />
                <line number="622" hits="1" branch="False" />
                <line number="624" hits="1" branch="False" />
                <line number="626" hits="1" branch="False" />
                <line number="627" hits="1" branch="False" />
                <line number="628" hits="1" branch="False" />
                <line number="629" hits="1" branch="False" />
                <line number="630" hits="1" branch="False" />
                <line number="633" hits="1" branch="False" />
                <line number="634" hits="1" branch="False" />
                <line number="635" hits="1" branch="False" />
                <line number="636" hits="1" branch="False" />
                <line number="637" hits="1" branch="False" />
                <line number="638" hits="1" branch="False" />
                <line number="639" hits="1" branch="False" />
                <line number="640" hits="1" branch="False" />
                <line number="641" hits="1" branch="False" />
                <line number="642" hits="1" branch="False" />
                <line number="645" hits="1" branch="False" />
                <line number="646" hits="1" branch="False" />
                <line number="647" hits="1" branch="False" />
                <line number="648" hits="1" branch="False" />
                <line number="649" hits="1" branch="False" />
                <line number="651" hits="1" branch="False" />
                <line number="652" hits="1" branch="False" />
                <line number="653" hits="1" branch="False" />
                <line number="656" hits="1" branch="False" />
                <line number="657" hits="1" branch="False" />
                <line number="659" hits="1" branch="False" />
                <line number="661" hits="1" branch="False" />
                <line number="662" hits="1" branch="False" />
              </lines>
            </method>
            <method name="succesfulAddToBasketSameItemFound" signature="()" line-rate="1" branch-rate="1" complexity="1">
              <lines>
                <line number="665" hits="1" branch="False" />
                <line number="666" hits="1" branch="False" />
                <line number="668" hits="1" branch="False" />
                <line number="670" hits="1" branch="False" />
                <line number="671" hits="1" branch="False" />
                <line number="672" hits="1" branch="False" />
                <line number="674" hits="1" branch="False" />
                <line number="675" hits="1" branch="False" />
                <line number="676" hits="1" branch="False" />
                <line number="677" hits="1" branch="False" />
                <line number="678" hits="1" branch="False" />
                <line number="681" hits="1" branch="False" />
                <line number="682" hits="1" branch="False" />
                <line number="683" hits="1" branch="False" />
                <line number="684" hits="1" branch="False" />
                <line number="685" hits="1" branch="False" />
                <line number="686" hits="1" branch="False" />
                <line number="687" hits="1" branch="False" />
                <line number="688" hits="1" branch="False" />
                <line number="689" hits="1" branch="False" />
                <line number="690" hits="1" branch="False" />
                <line number="693" hits="1" branch="False" />
                <line number="694" hits="1" branch="False" />
                <line number="695" hits="1" branch="False" />
                <line number="696" hits="1" branch="False" />
                <line number="697" hits="1" branch="False" />
                <line number="699" hits="1" branch="False" />
                <line number="700" hits="1" branch="False" />
                <line number="701" hits="1" branch="False" />
                <line number="704" hits="1" branch="False" />
                <line number="705" hits="1" branch="False" />
                <line number="707" hits="1" branch="False" />
                <line number="709" hits="1" branch="False" />
                <line number="710" hits="1" branch="False" />
              </lines>
            </method>
            <method name="unsuccesfulAddToBasketMoreThanStock" signature="()" line-rate="1" branch-rate="1" complexity="1">
              <lines>
                <line number="713" hits="1" branch="False" />
                <line number="714" hits="1" branch="False" />
                <line number="718" hits="1" branch="False" />
                <line number="720" hits="1" branch="False" />
                <line number="722" hits="1" branch="False" />
                <line number="723" hits="1" branch="False" />
                <line number="724" hits="1" branch="False" />
                <line number="725" hits="1" branch="False" />
                <line number="726" hits="1" branch="False" />
                <line number="729" hits="1" branch="False" />
                <line number="730" hits="1" branch="False" />
                <line number="731" hits="1" branch="False" />
                <line number="732" hits="1" branch="False" />
                <line number="733" hits="1" branch="False" />
                <line number="734" hits="1" branch="False" />
                <line number="735" hits="1" branch="False" />
                <line number="736" hits="1" branch="False" />
                <line number="737" hits="1" branch="False" />
                <line number="738" hits="1" branch="False" />
                <line number="741" hits="1" branch="False" />
                <line number="742" hits="1" branch="False" />
                <line number="743" hits="1" branch="False" />
                <line number="744" hits="1" branch="False" />
                <line number="745" hits="1" branch="False" />
                <line number="747" hits="1" branch="False" />
                <line number="748" hits="1" branch="False" />
                <line number="749" hits="1" branch="False" />
                <line number="752" hits="1" branch="False" />
                <line number="753" hits="1" branch="False" />
                <line number="755" hits="1" branch="False" />
                <line number="756" hits="1" branch="False" />
                <line number="758" hits="1" branch="False" />
              </lines>
            </method>
            <method name="unsuccesfulAddToBasketInvalidCustomerID" signature="()" line-rate="1" branch-rate="1" complexity="1">
              <lines>
                <line number="761" hits="1" branch="False" />
                <line number="762" hits="1" branch="False" />
                <line number="763" hits="1" branch="False" />
                <line number="764" hits="1" branch="False" />
                <line number="765" hits="1" branch="False" />
                <line number="768" hits="1" branch="False" />
                <line number="769" hits="1" branch="False" />
                <line number="770" hits="1" branch="False" />
                <line number="771" hits="1" branch="False" />
                <line number="772" hits="1" branch="False" />
                <line number="773" hits="1" branch="False" />
                <line number="774" hits="1" branch="False" />
                <line number="775" hits="1" branch="False" />
                <line number="776" hits="1" branch="False" />
                <line number="777" hits="1" branch="False" />
                <line number="780" hits="1" branch="False" />
                <line number="781" hits="1" branch="False" />
                <line number="782" hits="1" branch="False" />
                <line number="783" hits="1" branch="False" />
                <line number="784" hits="1" branch="False" />
                <line number="786" hits="1" branch="False" />
                <line number="787" hits="1" branch="False" />
                <line number="788" hits="1" branch="False" />
                <line number="791" hits="1" branch="False" />
                <line number="792" hits="1" branch="False" />
                <line number="794" hits="1" branch="False" />
                <line number="795" hits="1" branch="False" />
                <line number="797" hits="1" branch="False" />
              </lines>
            </method>
            <method name="succesfulAddToBasketInvalidProductID" signature="()" line-rate="1" branch-rate="1" complexity="1">
              <lines>
                <line number="800" hits="1" branch="False" />
                <line number="801" hits="1" branch="False" />
                <line number="805" hits="1" branch="False" />
                <line number="807" hits="1" branch="False" />
                <line number="809" hits="1" branch="False" />
                <line number="810" hits="1" branch="False" />
                <line number="811" hits="1" branch="False" />
                <line number="812" hits="1" branch="False" />
                <line number="813" hits="1" branch="False" />
                <line number="816" hits="1" branch="False" />
                <line number="817" hits="1" branch="False" />
                <line number="818" hits="1" branch="False" />
                <line number="819" hits="1" branch="False" />
                <line number="820" hits="1" branch="False" />
                <line number="821" hits="1" branch="False" />
                <line number="822" hits="1" branch="False" />
                <line number="823" hits="1" branch="False" />
                <line number="824" hits="1" branch="False" />
                <line number="825" hits="1" branch="False" />
                <line number="828" hits="1" branch="False" />
                <line number="829" hits="1" branch="False" />
                <line number="830" hits="1" branch="False" />
                <line number="831" hits="1" branch="False" />
                <line number="832" hits="1" branch="False" />
                <line number="834" hits="1" branch="False" />
                <line number="835" hits="1" branch="False" />
                <line number="836" hits="1" branch="False" />
                <line number="839" hits="1" branch="False" />
                <line number="840" hits="1" branch="False" />
                <line number="842" hits="1" branch="False" />
                <line number="843" hits="1" branch="False" />
                <line number="845" hits="1" branch="False" />
              </lines>
            </method>
            <method name="succesfulRemoveProduct" signature="()" line-rate="1" branch-rate="1" complexity="1">
              <lines>
                <line number="848" hits="1" branch="False" />
                <line number="849" hits="1" branch="False" />
                <line number="850" hits="1" branch="False" />
                <line number="853" hits="1" branch="False" />
                <line number="854" hits="1" branch="False" />
                <line number="855" hits="1" branch="False" />
                <line number="856" hits="1" branch="False" />
                <line number="857" hits="1" branch="False" />
                <line number="858" hits="1" branch="False" />
                <line number="860" hits="1" branch="False" />
                <line number="861" hits="1" branch="False" />
                <line number="862" hits="1" branch="False" />
                <line number="863" hits="1" branch="False" />
                <line number="864" hits="1" branch="False" />
                <line number="867" hits="1" branch="False" />
                <line number="868" hits="1" branch="False" />
                <line number="869" hits="1" branch="False" />
                <line number="870" hits="1" branch="False" />
                <line number="871" hits="1" branch="False" />
                <line number="872" hits="1" branch="False" />
                <line number="873" hits="1" branch="False" />
                <line number="874" hits="1" branch="False" />
                <line number="875" hits="1" branch="False" />
                <line number="876" hits="1" branch="False" />
                <line number="879" hits="1" branch="False" />
                <line number="880" hits="1" branch="False" />
                <line number="881" hits="1" branch="False" />
                <line number="882" hits="1" branch="False" />
                <line number="883" hits="1" branch="False" />
                <line number="885" hits="1" branch="False" />
                <line number="886" hits="1" branch="False" />
                <line number="887" hits="1" branch="False" />
                <line number="890" hits="1" branch="False" />
                <line number="891" hits="1" branch="False" />
                <line number="893" hits="1" branch="False" />
                <line number="895" hits="1" branch="False" />
                <line number="896" hits="1" branch="False" />
              </lines>
            </method>
            <method name="unsuccesfulRemoveFromBasketItemNotFound" signature="()" line-rate="1" branch-rate="1" complexity="1">
              <lines>
                <line number="899" hits="1" branch="False" />
                <line number="903" hits="1" branch="False" />
                <line number="905" hits="1" branch="False" />
                <line number="907" hits="1" branch="False" />
                <line number="908" hits="1" branch="False" />
                <line number="909" hits="1" branch="False" />
                <line number="910" hits="1" branch="False" />
                <line number="911" hits="1" branch="False" />
                <line number="914" hits="1" branch="False" />
                <line number="915" hits="1" branch="False" />
                <line number="916" hits="1" branch="False" />
                <line number="917" hits="1" branch="False" />
                <line number="918" hits="1" branch="False" />
                <line number="920" hits="1" branch="False" />
                <line number="921" hits="1" branch="False" />
                <line number="924" hits="1" branch="False" />
                <line number="925" hits="1" branch="False" />
                <line number="927" hits="1" branch="False" />
                <line number="928" hits="1" branch="False" />
                <line number="930" hits="1" branch="False" />
              </lines>
            </method>
            <method name="unsuccesfulRemoveFromBasketInvalidCustomerID" signature="()" line-rate="1" branch-rate="1" complexity="1">
              <lines>
                <line number="933" hits="1" branch="False" />
                <line number="934" hits="1" branch="False" />
                <line number="936" hits="1" branch="False" />
                <line number="938" hits="1" branch="False" />
                <line number="939" hits="1" branch="False" />
                <line number="940" hits="1" branch="False" />
                <line number="941" hits="1" branch="False" />
                <line number="942" hits="1" branch="False" />
                <line number="945" hits="1" branch="False" />
                <line number="946" hits="1" branch="False" />
                <line number="947" hits="1" branch="False" />
                <line number="948" hits="1" branch="False" />
                <line number="949" hits="1" branch="False" />
                <line number="954" hits="1" branch="False" />
                <line number="955" hits="1" branch="False" />
                <line number="958" hits="1" branch="False" />
                <line number="959" hits="1" branch="False" />
                <line number="961" hits="1" branch="False" />
                <line number="962" hits="1" branch="False" />
                <line number="964" hits="1" branch="False" />
              </lines>
            </method>
            <method name="succesfulViewBasket" signature="()" line-rate="1" branch-rate="1" complexity="1">
              <lines>
                <line number="967" hits="1" branch="False" />
                <line number="970" hits="1" branch="False" />
                <line number="971" hits="1" branch="False" />
                <line number="974" hits="1" branch="False" />
                <line number="975" hits="1" branch="False" />
                <line number="976" hits="1" branch="False" />
                <line number="977" hits="1" branch="False" />
                <line number="978" hits="1" branch="False" />
                <line number="979" hits="1" branch="False" />
                <line number="981" hits="1" branch="False" />
                <line number="982" hits="1" branch="False" />
                <line number="983" hits="1" branch="False" />
                <line number="984" hits="1" branch="False" />
                <line number="985" hits="1" branch="False" />
                <line number="988" hits="1" branch="False" />
                <line number="989" hits="1" branch="False" />
                <line number="990" hits="1" branch="False" />
                <line number="991" hits="1" branch="False" />
                <line number="992" hits="1" branch="False" />
                <line number="993" hits="1" branch="False" />
                <line number="994" hits="1" branch="False" />
                <line number="995" hits="1" branch="False" />
                <line number="996" hits="1" branch="False" />
                <line number="997" hits="1" branch="False" />
                <line number="998" hits="1" branch="False" />
                <line number="1001" hits="1" branch="False" />
                <line number="1002" hits="1" branch="False" />
                <line number="1003" hits="1" branch="False" />
                <line number="1004" hits="1" branch="False" />
                <line number="1005" hits="1" branch="False" />
                <line number="1007" hits="1" branch="False" />
                <line number="1008" hits="1" branch="False" />
                <line number="1009" hits="1" branch="False" />
                <line number="1012" hits="1" branch="False" />
                <line number="1013" hits="1" branch="False" />
                <line number="1015" hits="1" branch="False" />
                <line number="1019" hits="1" branch="False" />
                <line number="1020" hits="1" branch="False" />
                <line number="1021" hits="1" branch="False" />
                <line number="1022" hits="1" branch="False" />
                <line number="1023" hits="1" branch="False" />
              </lines>
            </method>
            <method name="unsuccesfulViewBasketEmptyBasket" signature="()" line-rate="1" branch-rate="1" complexity="1">
              <lines>
                <line number="1026" hits="1" branch="False" />
                <line number="1029" hits="1" branch="False" />
                <line number="1030" hits="1" branch="False" />
                <line number="1033" hits="1" branch="False" />
                <line number="1034" hits="1" branch="False" />
                <line number="1035" hits="1" branch="False" />
                <line number="1036" hits="1" branch="False" />
                <line number="1037" hits="1" branch="False" />
                <line number="1038" hits="1" branch="False" />
                <line number="1040" hits="1" branch="False" />
                <line number="1041" hits="1" branch="False" />
                <line number="1042" hits="1" branch="False" />
                <line number="1043" hits="1" branch="False" />
                <line number="1044" hits="1" branch="False" />
                <line number="1047" hits="1" branch="False" />
                <line number="1048" hits="1" branch="False" />
                <line number="1049" hits="1" branch="False" />
                <line number="1050" hits="1" branch="False" />
                <line number="1051" hits="1" branch="False" />
                <line number="1052" hits="1" branch="False" />
                <line number="1053" hits="1" branch="False" />
                <line number="1054" hits="1" branch="False" />
                <line number="1055" hits="1" branch="False" />
                <line number="1056" hits="1" branch="False" />
                <line number="1057" hits="1" branch="False" />
                <line number="1060" hits="1" branch="False" />
                <line number="1061" hits="1" branch="False" />
                <line number="1062" hits="1" branch="False" />
                <line number="1063" hits="1" branch="False" />
                <line number="1064" hits="1" branch="False" />
                <line number="1066" hits="1" branch="False" />
                <line number="1067" hits="1" branch="False" />
                <line number="1068" hits="1" branch="False" />
                <line number="1071" hits="1" branch="False" />
                <line number="1072" hits="1" branch="False" />
                <line number="1074" hits="1" branch="False" />
                <line number="1075" hits="1" branch="False" />
                <line number="1078" hits="1" branch="False" />
              </lines>
            </method>
            <method name="unsuccesfulViewBasketEmptyPsuedoList" signature="()" line-rate="1" branch-rate="1" complexity="1">
              <lines>
                <line number="1081" hits="1" branch="False" />
                <line number="1085" hits="1" branch="False" />
                <line number="1087" hits="1" branch="False" />
                <line number="1089" hits="1" branch="False" />
                <line number="1090" hits="1" branch="False" />
                <line number="1091" hits="1" branch="False" />
                <line number="1092" hits="1" branch="False" />
                <line number="1093" hits="1" branch="False" />
                <line number="1096" hits="1" branch="False" />
                <line number="1097" hits="1" branch="False" />
                <line number="1098" hits="1" branch="False" />
                <line number="1099" hits="1" branch="False" />
                <line number="1100" hits="1" branch="False" />
                <line number="1102" hits="1" branch="False" />
                <line number="1103" hits="1" branch="False" />
                <line number="1107" hits="1" branch="False" />
                <line number="1108" hits="1" branch="False" />
                <line number="1110" hits="1" branch="False" />
                <line number="1111" hits="1" branch="False" />
                <line number="1114" hits="1" branch="False" />
              </lines>
            </method>
            <method name="unsuccesfulViewBasketInvalidID" signature="()" line-rate="1" branch-rate="1" complexity="1">
              <lines>
                <line number="1117" hits="1" branch="False" />
                <line number="1121" hits="1" branch="False" />
                <line number="1123" hits="1" branch="False" />
                <line number="1125" hits="1" branch="False" />
                <line number="1126" hits="1" branch="False" />
                <line number="1127" hits="1" branch="False" />
                <line number="1128" hits="1" branch="False" />
                <line number="1129" hits="1" branch="False" />
                <line number="1132" hits="1" branch="False" />
                <line number="1133" hits="1" branch="False" />
                <line number="1134" hits="1" branch="False" />
                <line number="1135" hits="1" branch="False" />
                <line number="1136" hits="1" branch="False" />
                <line number="1138" hits="1" branch="False" />
                <line number="1139" hits="1" branch="False" />
                <line number="1143" hits="1" branch="False" />
                <line number="1144" hits="1" branch="False" />
                <line number="1146" hits="1" branch="False" />
                <line number="1147" hits="1" branch="False" />
                <line number="1150" hits="1" branch="False" />
              </lines>
            </method>
            <method name="succesfulCheckingOut" signature="()" line-rate="1" branch-rate="1" complexity="1">
              <lines>
                <line number="1153" hits="1" branch="False" />
                <line number="1156" hits="1" branch="False" />
                <line number="1157" hits="1" branch="False" />
                <line number="1160" hits="1" branch="False" />
                <line number="1161" hits="1" branch="False" />
                <line number="1162" hits="1" branch="False" />
                <line number="1163" hits="1" branch="False" />
                <line number="1164" hits="1" branch="False" />
                <line number="1165" hits="1" branch="False" />
                <line number="1167" hits="1" branch="False" />
                <line number="1168" hits="1" branch="False" />
                <line number="1169" hits="1" branch="False" />
                <line number="1170" hits="1" branch="False" />
                <line number="1171" hits="1" branch="False" />
                <line number="1174" hits="1" branch="False" />
                <line number="1175" hits="1" branch="False" />
                <line number="1176" hits="1" branch="False" />
                <line number="1177" hits="1" branch="False" />
                <line number="1178" hits="1" branch="False" />
                <line number="1179" hits="1" branch="False" />
                <line number="1180" hits="1" branch="False" />
                <line number="1181" hits="1" branch="False" />
                <line number="1182" hits="1" branch="False" />
                <line number="1183" hits="1" branch="False" />
                <line number="1184" hits="1" branch="False" />
                <line number="1187" hits="1" branch="False" />
                <line number="1188" hits="1" branch="False" />
                <line number="1189" hits="1" branch="False" />
                <line number="1190" hits="1" branch="False" />
                <line number="1191" hits="1" branch="False" />
                <line number="1193" hits="1" branch="False" />
                <line number="1194" hits="1" branch="False" />
                <line number="1195" hits="1" branch="False" />
                <line number="1198" hits="1" branch="False" />
                <line number="1199" hits="1" branch="False" />
                <line number="1201" hits="1" branch="False" />
                <line number="1206" hits="1" branch="False" />
                <line number="1207" hits="1" branch="False" />
              </lines>
            </method>
            <method name="unsuccesfulCheckingOutEmptyBasket" signature="()" line-rate="1" branch-rate="1" complexity="1">
              <lines>
                <line number="1210" hits="1" branch="False" />
                <line number="1213" hits="1" branch="False" />
                <line number="1214" hits="1" branch="False" />
                <line number="1217" hits="1" branch="False" />
                <line number="1218" hits="1" branch="False" />
                <line number="1219" hits="1" branch="False" />
                <line number="1220" hits="1" branch="False" />
                <line number="1221" hits="1" branch="False" />
                <line number="1222" hits="1" branch="False" />
                <line number="1224" hits="1" branch="False" />
                <line number="1225" hits="1" branch="False" />
                <line number="1226" hits="1" branch="False" />
                <line number="1227" hits="1" branch="False" />
                <line number="1228" hits="1" branch="False" />
                <line number="1231" hits="1" branch="False" />
                <line number="1232" hits="1" branch="False" />
                <line number="1233" hits="1" branch="False" />
                <line number="1234" hits="1" branch="False" />
                <line number="1235" hits="1" branch="False" />
                <line number="1236" hits="1" branch="False" />
                <line number="1237" hits="1" branch="False" />
                <line number="1238" hits="1" branch="False" />
                <line number="1239" hits="1" branch="False" />
                <line number="1240" hits="1" branch="False" />
                <line number="1241" hits="1" branch="False" />
                <line number="1244" hits="1" branch="False" />
                <line number="1245" hits="1" branch="False" />
                <line number="1246" hits="1" branch="False" />
                <line number="1247" hits="1" branch="False" />
                <line number="1248" hits="1" branch="False" />
                <line number="1250" hits="1" branch="False" />
                <line number="1251" hits="1" branch="False" />
                <line number="1252" hits="1" branch="False" />
                <line number="1255" hits="1" branch="False" />
                <line number="1256" hits="1" branch="False" />
                <line number="1258" hits="1" branch="False" />
                <line number="1259" hits="1" branch="False" />
                <line number="1262" hits="1" branch="False" />
              </lines>
            </method>
            <method name="unsuccesfulCheckingOutEmptyPsuedoList" signature="()" line-rate="1" branch-rate="1" complexity="1">
              <lines>
                <line number="1265" hits="1" branch="False" />
                <line number="1269" hits="1" branch="False" />
                <line number="1271" hits="1" branch="False" />
                <line number="1273" hits="1" branch="False" />
                <line number="1274" hits="1" branch="False" />
                <line number="1275" hits="1" branch="False" />
                <line number="1276" hits="1" branch="False" />
                <line number="1277" hits="1" branch="False" />
                <line number="1280" hits="1" branch="False" />
                <line number="1281" hits="1" branch="False" />
                <line number="1282" hits="1" branch="False" />
                <line number="1283" hits="1" branch="False" />
                <line number="1284" hits="1" branch="False" />
                <line number="1286" hits="1" branch="False" />
                <line number="1287" hits="1" branch="False" />
                <line number="1291" hits="1" branch="False" />
                <line number="1292" hits="1" branch="False" />
                <line number="1294" hits="1" branch="False" />
                <line number="1295" hits="1" branch="False" />
                <line number="1298" hits="1" branch="False" />
              </lines>
            </method>
            <method name="unsuccesfulCheckOutInvalidID" signature="()" line-rate="1" branch-rate="1" complexity="1">
              <lines>
                <line number="1301" hits="1" branch="False" />
                <line number="1305" hits="1" branch="False" />
                <line number="1307" hits="1" branch="False" />
                <line number="1309" hits="1" branch="False" />
                <line number="1310" hits="1" branch="False" />
                <line number="1311" hits="1" branch="False" />
                <line number="1312" hits="1" branch="False" />
                <line number="1313" hits="1" branch="False" />
                <line number="1316" hits="1" branch="False" />
                <line number="1317" hits="1" branch="False" />
                <line number="1318" hits="1" branch="False" />
                <line number="1319" hits="1" branch="False" />
                <line number="1320" hits="1" branch="False" />
                <line number="1322" hits="1" branch="False" />
                <line number="1323" hits="1" branch="False" />
                <line number="1327" hits="1" branch="False" />
                <line number="1328" hits="1" branch="False" />
                <line number="1330" hits="1" branch="False" />
                <line number="1331" hits="1" branch="False" />
                <line number="1334" hits="1" branch="False" />
              </lines>
            </method>
            <method name="succesfulViewPurchaseHistory" signature="()" line-rate="1" branch-rate="1" complexity="1">
              <lines>
                <line number="1337" hits="1" branch="False" />
                <line number="1340" hits="1" branch="False" />
                <line number="1343" hits="1" branch="False" />
                <line number="1345" hits="1" branch="False" />
                <line number="1346" hits="1" branch="False" />
                <line number="1348" hits="1" branch="False" />
                <line number="1350" hits="1" branch="False" />
                <line number="1351" hits="1" branch="False" />
                <line number="1352" hits="1" branch="False" />
                <line number="1353" hits="1" branch="False" />
                <line number="1354" hits="1" branch="False" />
                <line number="1357" hits="1" branch="False" />
                <line number="1358" hits="1" branch="False" />
                <line number="1359" hits="1" branch="False" />
                <line number="1360" hits="1" branch="False" />
                <line number="1361" hits="1" branch="False" />
                <line number="1362" hits="1" branch="False" />
                <line number="1363" hits="1" branch="False" />
                <line number="1364" hits="1" branch="False" />
                <line number="1365" hits="1" branch="False" />
                <line number="1366" hits="1" branch="False" />
                <line number="1369" hits="1" branch="False" />
                <line number="1370" hits="1" branch="False" />
                <line number="1371" hits="1" branch="False" />
                <line number="1372" hits="1" branch="False" />
                <line number="1373" hits="1" branch="False" />
                <line number="1375" hits="1" branch="False" />
                <line number="1376" hits="1" branch="False" />
                <line number="1377" hits="1" branch="False" />
                <line number="1380" hits="1" branch="False" />
                <line number="1381" hits="1" branch="False" />
                <line number="1383" hits="1" branch="False" />
                <line number="1387" hits="1" branch="False" />
                <line number="1388" hits="1" branch="False" />
                <line number="1389" hits="1" branch="False" />
                <line number="1390" hits="1" branch="False" />
              </lines>
            </method>
            <method name="unsuccesfulViewPurchaseHistorytEmptyList" signature="()" line-rate="1" branch-rate="1" complexity="1">
              <lines>
                <line number="1393" hits="1" branch="False" />
                <line number="1394" hits="1" branch="False" />
                <line number="1395" hits="1" branch="False" />
                <line number="1396" hits="1" branch="False" />
                <line number="1397" hits="1" branch="False" />
                <line number="1398" hits="1" branch="False" />
                <line number="1399" hits="1" branch="False" />
                <line number="1401" hits="1" branch="False" />
                <line number="1402" hits="1" branch="False" />
                <line number="1403" hits="1" branch="False" />
                <line number="1404" hits="1" branch="False" />
                <line number="1405" hits="1" branch="False" />
                <line number="1408" hits="1" branch="False" />
                <line number="1409" hits="1" branch="False" />
                <line number="1410" hits="1" branch="False" />
                <line number="1411" hits="1" branch="False" />
                <line number="1412" hits="1" branch="False" />
                <line number="1415" hits="1" branch="False" />
                <line number="1416" hits="1" branch="False" />
                <line number="1419" hits="1" branch="False" />
                <line number="1420" hits="1" branch="False" />
                <line number="1422" hits="1" branch="False" />
                <line number="1423" hits="1" branch="False" />
                <line number="1426" hits="1" branch="False" />
              </lines>
            </method>
            <method name="unsuccesfulViewPurchaseHistoryEmptyPurchaseHistory" signature="()" line-rate="1" branch-rate="1" complexity="1">
              <lines>
                <line number="1429" hits="1" branch="False" />
                <line number="1433" hits="1" branch="False" />
                <line number="1435" hits="1" branch="False" />
                <line number="1437" hits="1" branch="False" />
                <line number="1438" hits="1" branch="False" />
                <line number="1439" hits="1" branch="False" />
                <line number="1440" hits="1" branch="False" />
                <line number="1441" hits="1" branch="False" />
                <line number="1444" hits="1" branch="False" />
                <line number="1445" hits="1" branch="False" />
                <line number="1446" hits="1" branch="False" />
                <line number="1447" hits="1" branch="False" />
                <line number="1448" hits="1" branch="False" />
                <line number="1450" hits="1" branch="False" />
                <line number="1451" hits="1" branch="False" />
                <line number="1455" hits="1" branch="False" />
                <line number="1456" hits="1" branch="False" />
                <line number="1458" hits="1" branch="False" />
                <line number="1459" hits="1" branch="False" />
                <line number="1462" hits="1" branch="False" />
              </lines>
            </method>
            <method name="unsuccesfulViewPurchaseHistoryInvalidID" signature="()" line-rate="1" branch-rate="1" complexity="1">
              <lines>
                <line number="1465" hits="1" branch="False" />
                <line number="1469" hits="1" branch="False" />
                <line number="1471" hits="1" branch="False" />
                <line number="1473" hits="1" branch="False" />
                <line number="1474" hits="1" branch="False" />
                <line number="1475" hits="1" branch="False" />
                <line number="1476" hits="1" branch="False" />
                <line number="1477" hits="1" branch="False" />
                <line number="1480" hits="1" branch="False" />
                <line number="1481" hits="1" branch="False" />
                <line number="1482" hits="1" branch="False" />
                <line number="1483" hits="1" branch="False" />
                <line number="1484" hits="1" branch="False" />
                <line number="1486" hits="1" branch="False" />
                <line number="1487" hits="1" branch="False" />
                <line number="1491" hits="1" branch="False" />
                <line number="1492" hits="1" branch="False" />
                <line number="1494" hits="1" branch="False" />
                <line number="1495" hits="1" branch="False" />
                <line number="1498" hits="1" branch="False" />
              </lines>
            </method>
            <method name="succesfulViewProducts" signature="()" line-rate="1" branch-rate="1" complexity="1">
              <lines>
                <line number="1501" hits="1" branch="False" />
                <line number="1504" hits="1" branch="False" />
                <line number="1505" hits="1" branch="False" />
                <line number="1509" hits="1" branch="False" />
                <line number="1510" hits="1" branch="False" />
                <line number="1511" hits="1" branch="False" />
                <line number="1512" hits="1" branch="False" />
                <line number="1513" hits="1" branch="False" />
                <line number="1514" hits="1" branch="False" />
                <line number="1517" hits="1" branch="False" />
                <line number="1518" hits="1" branch="False" />
                <line number="1519" hits="1" branch="False" />
                <line number="1520" hits="1" branch="False" />
                <line number="1521" hits="1" branch="False" />
                <line number="1523" hits="1" branch="False" />
                <line number="1525" hits="1" branch="False" />
                <line number="1528" hits="1" branch="False" />
                <line number="1529" hits="1" branch="False" />
                <line number="1531" hits="1" branch="False" />
                <line number="1535" hits="1" branch="False" />
                <line number="1536" hits="1" branch="False" />
                <line number="1537" hits="1" branch="False" />
                <line number="1538" hits="1" branch="False" />
                <line number="1539" hits="1" branch="False" />
              </lines>
            </method>
            <method name="unsuccesfulViewProducts" signature="()" line-rate="1" branch-rate="1" complexity="1">
              <lines>
                <line number="1542" hits="1" branch="False" />
                <line number="1546" hits="1" branch="False" />
                <line number="1547" hits="1" branch="False" />
                <line number="1548" hits="1" branch="False" />
                <line number="1549" hits="1" branch="False" />
                <line number="1550" hits="1" branch="False" />
                <line number="1553" hits="1" branch="False" />
                <line number="1554" hits="1" branch="False" />
                <line number="1555" hits="1" branch="False" />
                <line number="1556" hits="1" branch="False" />
                <line number="1557" hits="1" branch="False" />
                <line number="1559" hits="1" branch="False" />
                <line number="1561" hits="1" branch="False" />
                <line number="1564" hits="1" branch="False" />
                <line number="1565" hits="1" branch="False" />
                <line number="1567" hits="1" branch="False" />
                <line number="1573" hits="1" branch="False" />
                <line number="1576" hits="1" branch="False" />
              </lines>
            </method>
          </methods>
          <lines>
            <line number="21" hits="1" branch="False" />
            <line number="22" hits="1" branch="False" />
            <line number="23" hits="1" branch="False" />
            <line number="24" hits="1" branch="False" />
            <line number="25" hits="1" branch="False" />
            <line number="26" hits="1" branch="False" />
            <line number="28" hits="1" branch="False" />
            <line number="29" hits="1" branch="False" />
            <line number="30" hits="1" branch="False" />
            <line number="31" hits="1" branch="False" />
            <line number="32" hits="1" branch="False" />
            <line number="34" hits="1" branch="False" />
            <line number="35" hits="1" branch="False" />
            <line number="37" hits="1" branch="False" />
            <line number="38" hits="1" branch="False" />
            <line number="40" hits="1" branch="False" />
            <line number="42" hits="1" branch="False" />
            <line number="43" hits="1" branch="False" />
            <line number="46" hits="1" branch="False" />
            <line number="47" hits="1" branch="False" />
            <line number="48" hits="1" branch="False" />
            <line number="49" hits="1" branch="False" />
            <line number="50" hits="1" branch="False" />
            <line number="51" hits="1" branch="False" />
            <line number="53" hits="1" branch="False" />
            <line number="54" hits="1" branch="False" />
            <line number="55" hits="1" branch="False" />
            <line number="56" hits="1" branch="False" />
            <line number="57" hits="1" branch="False" />
            <line number="59" hits="1" branch="False" />
            <line number="60" hits="1" branch="False" />
            <line number="62" hits="1" branch="False" />
            <line number="63" hits="1" branch="False" />
            <line number="65" hits="1" branch="False" />
            <line number="67" hits="1" branch="False" />
            <line number="68" hits="1" branch="False" />
            <line number="71" hits="1" branch="False" />
            <line number="72" hits="1" branch="False" />
            <line number="73" hits="1" branch="False" />
            <line number="74" hits="1" branch="False" />
            <line number="75" hits="1" branch="False" />
            <line number="76" hits="1" branch="False" />
            <line number="78" hits="1" branch="False" />
            <line number="79" hits="1" branch="False" />
            <line number="80" hits="1" branch="False" />
            <line number="81" hits="1" branch="False" />
            <line number="82" hits="1" branch="False" />
            <line number="84" hits="1" branch="False" />
            <line number="85" hits="1" branch="False" />
            <line number="87" hits="1" branch="False" />
            <line number="88" hits="1" branch="False" />
            <line number="90" hits="1" branch="False" />
            <line number="92" hits="1" branch="False" />
            <line number="93" hits="1" branch="False" />
            <line number="96" hits="1" branch="False" />
            <line number="97" hits="1" branch="False" />
            <line number="98" hits="1" branch="False" />
            <line number="99" hits="1" branch="False" />
            <line number="100" hits="1" branch="False" />
            <line number="101" hits="1" branch="False" />
            <line number="103" hits="1" branch="False" />
            <line number="104" hits="1" branch="False" />
            <line number="105" hits="1" branch="False" />
            <line number="106" hits="1" branch="False" />
            <line number="107" hits="1" branch="False" />
            <line number="109" hits="1" branch="False" />
            <line number="110" hits="1" branch="False" />
            <line number="112" hits="1" branch="False" />
            <line number="114" hits="1" branch="False" />
            <line number="117" hits="1" branch="False" />
            <line number="119" hits="1" branch="False" />
            <line number="123" hits="1" branch="False" />
            <line number="124" hits="1" branch="False" />
            <line number="125" hits="1" branch="False" />
            <line number="126" hits="1" branch="False" />
            <line number="127" hits="1" branch="False" />
            <line number="128" hits="1" branch="False" />
            <line number="131" hits="1" branch="False" />
            <line number="132" hits="1" branch="False" />
            <line number="133" hits="1" branch="False" />
            <line number="134" hits="1" branch="False" />
            <line number="135" hits="1" branch="False" />
            <line number="137" hits="1" branch="False" />
            <line number="138" hits="1" branch="False" />
            <line number="140" hits="1" branch="False" />
            <line number="141" hits="1" branch="False" />
            <line number="143" hits="1" branch="False" />
            <line number="145" hits="1" branch="False" />
            <line number="146" hits="1" branch="False" />
            <line number="149" hits="1" branch="False" />
            <line number="150" hits="1" branch="False" />
            <line number="151" hits="1" branch="False" />
            <line number="152" hits="1" branch="False" />
            <line number="153" hits="1" branch="False" />
            <line number="154" hits="1" branch="False" />
            <line number="157" hits="1" branch="False" />
            <line number="158" hits="1" branch="False" />
            <line number="159" hits="1" branch="False" />
            <line number="160" hits="1" branch="False" />
            <line number="161" hits="1" branch="False" />
            <line number="163" hits="1" branch="False" />
            <line number="164" hits="1" branch="False" />
            <line number="166" hits="1" branch="False" />
            <line number="167" hits="1" branch="False" />
            <line number="169" hits="1" branch="False" />
            <line number="171" hits="1" branch="False" />
            <line number="172" hits="1" branch="False" />
            <line number="175" hits="1" branch="False" />
            <line number="176" hits="1" branch="False" />
            <line number="177" hits="1" branch="False" />
            <line number="178" hits="1" branch="False" />
            <line number="179" hits="1" branch="False" />
            <line number="180" hits="1" branch="False" />
            <line number="181" hits="1" branch="False" />
            <line number="182" hits="1" branch="False" />
            <line number="183" hits="1" branch="False" />
            <line number="184" hits="1" branch="False" />
            <line number="185" hits="1" branch="False" />
            <line number="186" hits="1" branch="False" />
            <line number="189" hits="1" branch="False" />
            <line number="190" hits="1" branch="False" />
            <line number="191" hits="1" branch="False" />
            <line number="192" hits="1" branch="False" />
            <line number="193" hits="1" branch="False" />
            <line number="194" hits="1" branch="False" />
            <line number="195" hits="1" branch="False" />
            <line number="196" hits="1" branch="False" />
            <line number="197" hits="1" branch="False" />
            <line number="200" hits="1" branch="False" />
            <line number="201" hits="1" branch="False" />
            <line number="202" hits="1" branch="False" />
            <line number="203" hits="1" branch="False" />
            <line number="204" hits="1" branch="False" />
            <line number="206" hits="1" branch="False" />
            <line number="207" hits="1" branch="False" />
            <line number="208" hits="1" branch="False" />
[...]
              <conditions>
                <condition number="167" type="jump" coverage="100%" />
              </conditions>
            </line>
            <line number="290" hits="2" branch="False" />
            <line number="291" hits="12" branch="True" condition-coverage="100% (2/2)">
              <conditions>
                <condition number="474" type="jump" coverage="100%" />
              </conditions>
            </line>
            <line number="292" hits="3" branch="False" />
            <line number="293" hits="3" branch="True" condition-coverage="100% (2/2)">
              <conditions>
                <condition number="230" type="jump" coverage="100%" />
              </conditions>
            </line>
            <line number="294" hits="1" branch="False" />
            <line number="295" hits="1" branch="False" />
            <line number="296" hits="1" branch="False" />
            <line number="297" hits="1" branch="False" />
            <line number="298" hits="1" branch="False" />
            <line number="299" hits="3" branch="False" />
            <line number="300" hits="2" branch="True" condition-coverage="100% (2/2)">
              <conditions>
                <condition number="507" type="jump" coverage="100%" />
              </conditions>
            </line>
            <line number="301" hits="1" branch="False" />
            <line number="302" hits="1" branch="False" />
            <line number="305" hits="1" branch="False" />
            <line number="306" hits="1" branch="False" />
            <line number="310" hits="1" branch="False" />
            <line number="311" hits="1" branch="False" />
            <line number="316" hits="1" branch="False" />
            <line number="317" hits="1" branch="False" />
            <line number="319" hits="4" branch="False" />
            <line number="323" hits="2" branch="False" />
            <line number="324" hits="2" branch="False" />
            <line number="325" hits="10" branch="True" condition-coverage="100% (2/2)">
              <conditions>
                <condition number="65" type="jump" coverage="100%" />
              </conditions>
            </line>
            <line number="326" hits="2" branch="False" />
            <line number="327" hits="2" branch="True" condition-coverage="100% (2/2)">
              <conditions>
                <condition number="46" type="jump" coverage="100%" />
              </conditions>
            </line>
            <line number="328" hits="2" branch="False" />
            <line number="329" hits="2" branch="False" />
            <line number="330" hits="2" branch="False" />
            <line number="331" hits="2" branch="False" />
            <line number="332" hits="2" branch="True" condition-coverage="100% (2/2)">
              <conditions>
                <condition number="93" type="jump" coverage="100%" />
              </conditions>
            </line>
            <line number="333" hits="1" branch="False" />
            <line number="334" hits="1" branch="False" />
            <line number="337" hits="1" branch="False" />
            <line number="338" hits="1" branch="False" />
            <line number="340" hits="2" branch="False" />
            <line number="20" hits="27" branch="False" />
            <line number="21" hits="27" branch="False" />
            <line number="22" hits="27" branch="False" />
            <line number="23" hits="27" branch="False" />
            <line number="24" hits="0" branch="False" />
            <line number="25" hits="0" branch="False" />
            <line number="26" hits="0" branch="False" />
            <line number="27" hits="0" branch="False" />
          </lines>
        </class>
        <class name="WebAPI.Controllers.ManagerServicesController" filename="WebAPI\Controllers\ManagerServicesController.cs" line-rate="0.9529000000000001" branch-rate="1" complexity="28">
          <methods>
            <method name="AddingNewProduct" signature="(WebAPI.Product)" line-rate="1" branch-rate="1" complexity="2">
              <lines>
                <line number="32" hits="2" branch="False" />
                <line number="34" hits="2" branch="False" />
                <line number="35" hits="2" branch="True" condition-coverage="100% (2/2)">
                  <conditions>
                    <condition number="155" type="jump" coverage="100%" />
                  </conditions>
                </line>
                <line number="36" hits="1" branch="False" />
                <line number="37" hits="1" branch="False" />
                <line number="39" hits="1" branch="False" />
                <line number="41" hits="1" branch="False" />
                <line number="44" hits="1" branch="False" />
                <line number="45" hits="1" branch="False" />
                <line number="46" hits="1" branch="False" />
                <line number="47" hits="1" branch="False" />
                <line number="48" hits="1" branch="False" />
                <line number="50" hits="2" branch="False" />
              </lines>
            </method>
            <method name="generatesalesreport" signature="()" line-rate="1" branch-rate="1" complexity="18">
              <lines>
                <line number="57" hits="2" branch="False" />
                <line number="58" hits="2" branch="False" />
                <line number="59" hits="2" branch="False" />
                <line number="60" hits="2" branch="False" />
                <line number="61" hits="10" branch="True" condition-coverage="100% (2/2)">
                  <conditions>
                    <condition number="236" type="jump" coverage="100%" />
                  </conditions>
                </line>
                <line number="62" hits="2" branch="False" />
                <line number="64" hits="2" branch="True" condition-coverage="100% (2/2)">
                  <conditions>
                    <condition number="80" type="jump" coverage="100%" />
                  </conditions>
                </line>
                <line number="65" hits="2" branch="False" />
                <line number="66" hits="10" branch="True" condition-coverage="100% (2/2)">
                  <conditions>
                    <condition number="210" type="jump" coverage="100%" />
                  </conditions>
                </line>
                <line number="67" hits="2" branch="False" />
                <line number="68" hits="2" branch="True" condition-coverage="100% (2/2)">
                  <conditions>
                    <condition number="124" type="jump" coverage="100%" />
                  </conditions>
                </line>
                <line number="69" hits="2" branch="False" />
                <line number="71" hits="2" branch="True" condition-coverage="100% (2/2)">
                  <conditions>
                    <condition number="144" type="jump" coverage="100%" />
                  </conditions>
                </line>
                <line number="72" hits="1" branch="False" />
                <line number="73" hits="1" branch="False" />
                <line number="74" hits="1" branch="False" />
                <line number="76" hits="1" branch="False" />
                <line number="77" hits="1" branch="False" />
                <line number="78" hits="1" branch="False" />
                <line number="81" hits="2" branch="False" />
                <line number="82" hits="2" branch="False" />
                <line number="83" hits="2" branch="False" />
                <line number="86" hits="2" branch="False" />
                <line number="87" hits="2" branch="True" condition-coverage="100% (2/2)">
                  <conditions>
                    <condition number="271" type="jump" coverage="100%" />
                  </conditions>
                </line>
                <line number="88" hits="1" branch="False" />
                <line number="89" hits="5" branch="True" condition-coverage="100% (2/2)">
                  <conditions>
                    <condition number="616" type="jump" coverage="100%" />
                  </conditions>
                </line>
                <line number="90" hits="1" branch="False" />
                <line number="91" hits="1" branch="False" />
                <line number="92" hits="1" branch="True" condition-coverage="100% (2/2)">
                  <conditions>
                    <condition number="487" type="jump" coverage="100%" />
                  </conditions>
                </line>
                <line number="93" hits="1" branch="False" />
                <line number="94" hits="1" branch="False" />
                <line number="95" hits="1" branch="False" />
                <line number="96" hits="1" branch="False" />
                <line number="97" hits="1" branch="False" />
                <line number="98" hits="1" branch="False" />
                <line number="99" hits="1" branch="False" />
                <line number="101" hits="2" branch="True" condition-coverage="100% (2/2)">
                  <conditions>
                    <condition number="679" type="jump" coverage="100%" />
                  </conditions>
                </line>
                <line number="102" hits="1" branch="False" />
                <line number="103" hits="1" branch="False" />
                <line number="106" hits="1" branch="False" />
                <line number="107" hits="1" branch="False" />
                <line number="109" hits="2" branch="False" />
              </lines>
            </method>
            <method name="viewallacc" signature="()" line-rate="1" branch-rate="1" complexity="4">
              <lines>
                <line number="122" hits="2" branch="False" />
                <line number="123" hits="2" branch="False" />
                <line number="125" hits="10" branch="True" condition-coverage="100% (2/2)">
                  <conditions>
                    <condition number="50" type="jump" coverage="100%" />
                  </conditions>
                </line>
                <line number="126" hits="2" branch="False" />
                <line number="127" hits="2" branch="False" />
                <line number="128" hits="2" branch="False" />
                <line number="129" hits="2" branch="True" condition-coverage="100% (2/2)">
                  <conditions>
                    <condition number="76" type="jump" coverage="100%" />
                  </conditions>
                </line>
                <line number="130" hits="1" branch="False" />
                <line number="131" hits="1" branch="False" />
                <line number="134" hits="1" branch="False" />
                <line number="135" hits="1" branch="False" />
                <line number="137" hits="2" branch="False" />
              </lines>
            </method>
            <method name="removeproduct" signature="(System.Int32)" line-rate="1" branch-rate="1" complexity="2">
              <lines>
                <line number="141" hits="2" branch="False" />
                <line number="142" hits="2" branch="False" />
                <line number="143" hits="2" branch="True" condition-coverage="100% (2/2)">
                  <conditions>
                    <condition number="135" type="jump" coverage="100%" />
                  </conditions>
                </line>
                <line number="144" hits="1" branch="False" />
                <line number="145" hits="1" branch="False" />
                <line number="146" hits="1" branch="False" />
                <line number="147" hits="1" branch="False" />
                <line number="150" hits="1" branch="False" />
                <line number="151" hits="1" branch="False" />
                <line number="154" hits="2" branch="False" />
              </lines>
            </method>
            <method name=".ctor" signature="(WebAPI.Interface.iContext)" line-rate="1" branch-rate="1" complexity="1">
              <lines>
                <line number="17" hits="8" branch="False" />
                <line number="18" hits="8" branch="False" />
                <line number="19" hits="8" branch="False" />
                <line number="20" hits="8" branch="False" />
              </lines>
            </method>
            <method name=".ctor" signature="()" line-rate="0" branch-rate="1" complexity="1">
              <lines>
                <line number="22" hits="0" branch="False" />
                <line number="23" hits="0" branch="False" />
                <line number="24" hits="0" branch="False" />
                <line number="25" hits="0" branch="False" />
              </lines>
            </method>
          </methods>
          <lines>
            <line number="32" hits="2" branch="False" />
            <line number="34" hits="2" branch="False" />
            <line number="35" hits="2" branch="True" condition-coverage="100% (2/2)">
              <conditions>
                <condition number="155" type="jump" coverage="100%" />
              </conditions>
            </line>
            <line number="36" hits="1" branch="False" />
            <line number="37" hits="1" branch="False" />
            <line number="39" hits="1" branch="False" />
            <line number="41" hits="1" branch="False" />
            <line number="44" hits="1" branch="False" />
            <line number="45" hits="1" branch="False" />
            <line number="46" hits="1" branch="False" />
            <line number="47" hits="1" branch="False" />
            <line number="48" hits="1" branch="False" />
            <line number="50" hits="2" branch="False" />
            <line number="57" hits="2" branch="False" />
            <line number="58" hits="2" branch="False" />
            <line number="59" hits="2" branch="False" />
            <line number="60" hits="2" branch="False" />
            <line number="61" hits="10" branch="True" condition-coverage="100% (2/2)">
              <conditions>
                <condition number="236" type="jump" coverage="100%" />
              </conditions>
            </line>
            <line number="62" hits="2" branch="False" />
            <line number="64" hits="2" branch="True" condition-coverage="100% (2/2)">
              <conditions>
                <condition number="80" type="jump" coverage="100%" />
              </conditions>
            </line>
            <line number="65" hits="2" branch="False" />
            <line number="66" hits="10" branch="True" condition-coverage="100% (2/2)">
              <conditions>
                <condition number="210" type="jump" coverage="100%" />
              </conditions>
            </line>
            <line number="67" hits="2" branch="False" />
            <line number="68" hits="2" branch="True" condition-coverage="100% (2/2)">
              <conditions>
                <condition number="124" type="jump" coverage="100%" />
              </conditions>
            </line>
            <line number="69" hits="2" branch="False" />
            <line number="71" hits="2" branch="True" condition-coverage="100% (2/2)">
              <conditions>
                <condition number="144" type="jump" coverage="100%" />
              </conditions>
            </line>
            <line number="72" hits="1" branch="False" />
            <line number="73" hits="1" branch="False" />
            <line number="74" hits="1" branch="False" />
            <line number="76" hits="1" branch="False" />
            <line number="77" hits="1" branch="False" />
            <line number="78" hits="1" branch="False" />
            <line number="81" hits="2" branch="False" />
            <line number="82" hits="2" branch="False" />
            <line number="83" hits="2" branch="False" />
            <line number="86" hits="2" branch="False" />
            <line number="87" hits="2" branch="True" condition-coverage="100% (2/2)">
              <conditions>
                <condition number="271" type="jump" coverage="100%" />
              </conditions>
            </line>
            <line number="88" hits="1" branch="False" />
            <line number="89" hits="5" branch="True" condition-coverage="100% (2/2)">
              <conditions>
                <condition number="616" type="jump" coverage="100%" />
              </conditions>
            </line>
            <line number="90" hits="1" branch="False" />
            <line number="91" hits="1" branch="False" />
            <line number="92" hits="1" branch="True" condition-coverage="100% (2/2)">
              <conditions>
                <condition number="487" type="jump" coverage="100%" />
              </conditions>
            </line>
            <line number="93" hits="1" branch="False" />
            <line number="94" hits="1" branch="False" />
            <line number="95" hits="1" branch="False" />
            <line number="96" hits="1" branch="False" />
            <line number="97" hits="1" branch="False" />
            <line number="98" hits="1" branch="False" />
            <line number="99" hits="1" branch="False" />
            <line number="101" hits="2" branch="True" condition-coverage="100% (2/2)">
              <conditions>
                <condition number="679" type="jump" coverage="100%" />
              </conditions>
            </line>
            <line number="102" hits="1" branch="False" />
            <line number="103" hits="1" branch="False" />
            <line number="106" hits="1" branch="False" />
            <line number="107" hits="1" branch="False" />
            <line number="109" hits="2" branch="False" />
            <line number="122" hits="2" branch="False" />
            <line number="123" hits="2" branch="False" />
            <line number="125" hits="10" branch="True" condition-coverage="100% (2/2)">
              <conditions>
                <condition number="50" type="jump" coverage="100%" />
              </conditions>
            </line>
            <line number="126" hits="2" branch="False" />
            <line number="127" hits="2" branch="False" />
            <line number="128" hits="2" branch="False" />
            <line number="129" hits="2" branch="True" condition-coverage="100% (2/2)">
              <conditions>
                <condition number="76" type="jump" coverage="100%" />
              </conditions>
            </line>
            <line number="130" hits="1" branch="False" />
            <line number="131" hits="1" branch="False" />
            <line number="134" hits="1" branch="False" />
            <line number="135" hits="1" branch="False" />
            <line number="137" hits="2" branch="False" />
            <line number="141" hits="2" branch="False" />
            <line number="142" hits="2" branch="False" />
            <line number="143" hits="2" branch="True" condition-coverage="100% (2/2)">
              <conditions>
                <condition number="135" type="jump" coverage="100%" />
              </conditions>
            </line>
            <line number="144" hits="1" branch="False" />
            <line number="145" hits="1" branch="False" />
            <line number="146" hits="1" branch="False" />
            <line number="147" hits="1" branch="False" />
            <line number="150" hits="1" branch="False" />
            <line number="151" hits="1" branch="False" />
            <line number="154" hits="2" branch="False" />
            <line number="17" hits="8" branch="False" />
            <line number="18" hits="8" branch="False" />
            <line number="19" hits="8" branch="False" />
            <line number="20" hits="8" branch="False" />
            <line number="22" hits="0" branch="False" />
            <line number="23" hits="0" branch="False" />
            <line number="24" hits="0" branch="False" />
            <line number="25" hits="0" branch="False" />
          </lines>
        </class>
      </classes>
    </package>
  </packages>
</coverage>